Warning: torch.cumprod not supported on MPS, switching to CPU.
Using device: cpu
训练集样本数: 332
[VAE] Epoch 1/10 Train Loss: 0.1559 | Val Loss: 0.1681
Saved new best VAE model at epoch 1 with val loss 0.1681
[VAE] Epoch 2/10 Train Loss: 0.1520 | Val Loss: 0.1523
Saved new best VAE model at epoch 2 with val loss 0.1523
[VAE] Epoch 3/10 Train Loss: 0.1395 | Val Loss: 0.1487
Saved new best VAE model at epoch 3 with val loss 0.1487
[VAE] Epoch 4/10 Train Loss: 0.1303 | Val Loss: 0.1311
Saved new best VAE model at epoch 4 with val loss 0.1311
[VAE] Epoch 5/10 Train Loss: 0.1212 | Val Loss: 0.1239
Saved new best VAE model at epoch 5 with val loss 0.1239
[VAE] Epoch 6/10 Train Loss: 0.1183 | Val Loss: 0.1182
Saved new best VAE model at epoch 6 with val loss 0.1182
[VAE] Epoch 7/10 Train Loss: 0.1128 | Val Loss: 0.1262
[VAE] Epoch 8/10 Train Loss: 0.1163 | Val Loss: 0.1106
Saved new best VAE model at epoch 8 with val loss 0.1106
[VAE] Epoch 9/10 Train Loss: 0.1101 | Val Loss: 0.1100
Saved new best VAE model at epoch 9 with val loss 0.1100
[VAE] Epoch 10/10 Train Loss: 0.1080 | Val Loss: 0.1140
Saved last VAE model to ../checkpoints/vae_last.pth
