Cleaned data: 787920 -> 609679 rows. Saved: v2/results/cleaned.csv
Samples -> train: 10331, val: 1295, test: 1357

Train samples (show 5):
  [0] TurbID=1, start_idx=14, hist=(2020-01-01 16:00:00~2020-01-02 15:00:00), pred=(2020-01-02 16:00:00~2020-01-03 15:00:00)
  [1] TurbID=1, start_idx=19, hist=(2020-01-01 21:00:00~2020-01-02 20:00:00), pred=(2020-01-02 21:00:00~2020-01-03 20:00:00)
  [2] TurbID=1, start_idx=24, hist=(2020-01-02 02:00:00~2020-01-03 01:00:00), pred=(2020-01-03 02:00:00~2020-01-04 01:00:00)
  [3] TurbID=1, start_idx=29, hist=(2020-01-02 07:00:00~2020-01-03 06:00:00), pred=(2020-01-03 07:00:00~2020-01-04 06:00:00)
  [4] TurbID=1, start_idx=34, hist=(2020-01-02 12:00:00~2020-01-03 11:00:00), pred=(2020-01-03 12:00:00~2020-01-04 11:00:00)

Val samples (show 5):
  [0] TurbID=1, start_idx=3788, hist=(2020-07-22 05:00:00~2020-07-23 04:00:00), pred=(2020-07-23 05:00:00~2020-07-24 04:00:00)
  [1] TurbID=1, start_idx=3793, hist=(2020-07-22 10:00:00~2020-07-23 09:00:00), pred=(2020-07-23 10:00:00~2020-07-24 09:00:00)
  [2] TurbID=1, start_idx=3798, hist=(2020-07-22 15:00:00~2020-07-23 14:00:00), pred=(2020-07-23 15:00:00~2020-07-24 14:00:00)
  [3] TurbID=1, start_idx=3803, hist=(2020-07-22 20:00:00~2020-07-23 19:00:00), pred=(2020-07-23 20:00:00~2020-07-24 19:00:00)
  [4] TurbID=1, start_idx=3808, hist=(2020-07-23 01:00:00~2020-07-24 00:00:00), pred=(2020-07-24 01:00:00~2020-07-25 00:00:00)

Test samples (show 5):
  [0] TurbID=1, start_idx=3994, hist=(2020-08-02 07:00:00~2020-08-03 06:00:00), pred=(2020-08-03 07:00:00~2020-08-04 06:00:00)
  [1] TurbID=1, start_idx=3999, hist=(2020-08-02 12:00:00~2020-08-03 11:00:00), pred=(2020-08-03 12:00:00~2020-08-04 11:00:00)
  [2] TurbID=1, start_idx=4004, hist=(2020-08-02 17:00:00~2020-08-03 16:00:00), pred=(2020-08-03 17:00:00~2020-08-04 16:00:00)
  [3] TurbID=1, start_idx=4009, hist=(2020-08-02 22:00:00~2020-08-03 21:00:00), pred=(2020-08-03 22:00:00~2020-08-04 21:00:00)
  [4] TurbID=1, start_idx=4014, hist=(2020-08-03 03:00:00~2020-08-04 02:00:00), pred=(2020-08-04 03:00:00~2020-08-05 02:00:00)
Epoch 1/400 train_mse_scaled=0.227041 val_mae=221.108 val_rmse=279.251 test_mae=236.105 test_rmse=294.904 tf=1.00 lr=0.001
Epoch 2/400 train_mse_scaled=0.065363 val_mae=247.084 val_rmse=320.282 test_mae=346.868 test_rmse=455.236 tf=1.00 lr=0.001
Epoch 3/400 train_mse_scaled=0.042367 val_mae=221.418 val_rmse=291.661 test_mae=283.860 test_rmse=360.962 tf=1.00 lr=0.001
Epoch 4/400 train_mse_scaled=0.037346 val_mae=210.690 val_rmse=280.328 test_mae=256.311 test_rmse=324.333 tf=0.99 lr=0.001
Epoch 5/400 train_mse_scaled=0.035401 val_mae=194.845 val_rmse=261.540 test_mae=244.054 test_rmse=310.440 tf=0.99 lr=0.001
Epoch 6/400 train_mse_scaled=0.033573 val_mae=189.437 val_rmse=252.277 test_mae=231.355 test_rmse=293.994 tf=0.99 lr=0.001
Epoch 7/400 train_mse_scaled=0.031599 val_mae=179.407 val_rmse=242.696 test_mae=229.605 test_rmse=294.919 tf=0.99 lr=0.001
Epoch 8/400 train_mse_scaled=0.031477 val_mae=181.354 val_rmse=243.787 test_mae=215.696 test_rmse=276.178 tf=0.99 lr=0.001
Epoch 9/400 train_mse_scaled=0.030102 val_mae=164.138 val_rmse=223.276 test_mae=203.934 test_rmse=261.751 tf=0.98 lr=0.001
Epoch 10/400 train_mse_scaled=0.029037 val_mae=184.570 val_rmse=247.771 test_mae=214.359 test_rmse=280.989 tf=0.98 lr=0.001
Epoch 11/400 train_mse_scaled=0.028925 val_mae=150.507 val_rmse=205.068 test_mae=185.747 test_rmse=239.989 tf=0.98 lr=0.001
Epoch 12/400 train_mse_scaled=0.028174 val_mae=161.005 val_rmse=221.628 test_mae=186.299 test_rmse=246.889 tf=0.98 lr=0.001
Epoch 13/400 train_mse_scaled=0.027453 val_mae=161.466 val_rmse=220.842 test_mae=188.610 test_rmse=248.095 tf=0.98 lr=0.001
Epoch 14/400 train_mse_scaled=0.026737 val_mae=149.300 val_rmse=206.535 test_mae=181.638 test_rmse=239.356 tf=0.97 lr=0.001
Epoch 15/400 train_mse_scaled=0.025044 val_mae=153.019 val_rmse=213.921 test_mae=178.654 test_rmse=238.898 tf=0.97 lr=0.001
Epoch 16/400 train_mse_scaled=0.024880 val_mae=149.330 val_rmse=209.725 test_mae=180.571 test_rmse=242.269 tf=0.97 lr=0.0005
Epoch 17/400 train_mse_scaled=0.024707 val_mae=138.907 val_rmse=194.111 test_mae=178.477 test_rmse=236.171 tf=0.97 lr=0.0005
Epoch 18/400 train_mse_scaled=0.024897 val_mae=145.703 val_rmse=205.796 test_mae=181.624 test_rmse=244.546 tf=0.97 lr=0.0005
Epoch 19/400 train_mse_scaled=0.024348 val_mae=144.411 val_rmse=203.774 test_mae=174.772 test_rmse=235.417 tf=0.96 lr=0.0005
Epoch 20/400 train_mse_scaled=0.023720 val_mae=134.563 val_rmse=189.357 test_mae=170.459 test_rmse=227.461 tf=0.96 lr=0.0005
Epoch 21/400 train_mse_scaled=0.023875 val_mae=140.510 val_rmse=198.323 test_mae=176.490 test_rmse=235.007 tf=0.96 lr=0.0005
Epoch 22/400 train_mse_scaled=0.024321 val_mae=134.515 val_rmse=192.072 test_mae=172.721 test_rmse=233.883 tf=0.96 lr=0.0005
Epoch 23/400 train_mse_scaled=0.023140 val_mae=128.011 val_rmse=174.165 test_mae=166.280 test_rmse=214.443 tf=0.96 lr=0.0005
Epoch 24/400 train_mse_scaled=0.023584 val_mae=126.541 val_rmse=178.491 test_mae=166.267 test_rmse=222.732 tf=0.95 lr=0.0005
Epoch 25/400 train_mse_scaled=0.023125 val_mae=125.728 val_rmse=175.053 test_mae=158.900 test_rmse=210.820 tf=0.95 lr=0.0005
Epoch 26/400 train_mse_scaled=0.022911 val_mae=128.890 val_rmse=174.645 test_mae=156.031 test_rmse=204.363 tf=0.95 lr=0.0005
Epoch 27/400 train_mse_scaled=0.021802 val_mae=131.030 val_rmse=179.762 test_mae=163.255 test_rmse=214.520 tf=0.95 lr=0.0005
Epoch 28/400 train_mse_scaled=0.023307 val_mae=127.171 val_rmse=171.699 test_mae=159.433 test_rmse=206.403 tf=0.95 lr=0.00025
Epoch 29/400 train_mse_scaled=0.022377 val_mae=127.883 val_rmse=177.093 test_mae=163.198 test_rmse=213.547 tf=0.94 lr=0.00025
Epoch 30/400 train_mse_scaled=0.023058 val_mae=125.931 val_rmse=171.695 test_mae=159.238 test_rmse=206.683 tf=0.94 lr=0.00025
Epoch 31/400 train_mse_scaled=0.022239 val_mae=127.755 val_rmse=173.413 test_mae=160.053 test_rmse=208.408 tf=0.94 lr=0.00025
Epoch 32/400 train_mse_scaled=0.022973 val_mae=125.497 val_rmse=170.823 test_mae=155.507 test_rmse=203.711 tf=0.94 lr=0.00025
Epoch 33/400 train_mse_scaled=0.022697 val_mae=126.790 val_rmse=174.806 test_mae=157.976 test_rmse=208.604 tf=0.94 lr=0.00025
Epoch 34/400 train_mse_scaled=0.022129 val_mae=127.892 val_rmse=175.536 test_mae=155.666 test_rmse=205.014 tf=0.93 lr=0.00025
Epoch 35/400 train_mse_scaled=0.022522 val_mae=126.241 val_rmse=171.899 test_mae=155.217 test_rmse=202.383 tf=0.93 lr=0.00025
Epoch 36/400 train_mse_scaled=0.023032 val_mae=125.999 val_rmse=169.096 test_mae=154.160 test_rmse=199.471 tf=0.93 lr=0.00025
Epoch 37/400 train_mse_scaled=0.021917 val_mae=126.801 val_rmse=171.480 test_mae=154.283 test_rmse=202.496 tf=0.93 lr=0.00025
Epoch 38/400 train_mse_scaled=0.023387 val_mae=125.907 val_rmse=172.548 test_mae=156.317 test_rmse=205.389 tf=0.93 lr=0.00025
Epoch 39/400 train_mse_scaled=0.022377 val_mae=128.767 val_rmse=170.317 test_mae=156.717 test_rmse=200.980 tf=0.92 lr=0.00025
Epoch 40/400 train_mse_scaled=0.022330 val_mae=124.361 val_rmse=167.693 test_mae=157.499 test_rmse=203.686 tf=0.92 lr=0.00025
Epoch 41/400 train_mse_scaled=0.023102 val_mae=125.333 val_rmse=169.739 test_mae=153.984 test_rmse=200.850 tf=0.92 lr=0.00025
Epoch 42/400 train_mse_scaled=0.022551 val_mae=124.387 val_rmse=167.054 test_mae=150.554 test_rmse=195.085 tf=0.92 lr=0.00025
Epoch 43/400 train_mse_scaled=0.022500 val_mae=124.947 val_rmse=170.770 test_mae=153.239 test_rmse=201.534 tf=0.92 lr=0.00025
Epoch 44/400 train_mse_scaled=0.022651 val_mae=124.487 val_rmse=166.855 test_mae=151.262 test_rmse=197.542 tf=0.91 lr=0.00025
Epoch 45/400 train_mse_scaled=0.022751 val_mae=125.974 val_rmse=172.641 test_mae=154.563 test_rmse=204.405 tf=0.91 lr=0.00025
Epoch 46/400 train_mse_scaled=0.022264 val_mae=124.263 val_rmse=169.279 test_mae=151.367 test_rmse=198.759 tf=0.91 lr=0.00025
Epoch 47/400 train_mse_scaled=0.021514 val_mae=124.772 val_rmse=168.568 test_mae=150.013 test_rmse=195.753 tf=0.91 lr=0.00025
Epoch 48/400 train_mse_scaled=0.021949 val_mae=125.784 val_rmse=169.124 test_mae=156.737 test_rmse=204.402 tf=0.91 lr=0.00025
Epoch 49/400 train_mse_scaled=0.022688 val_mae=125.311 val_rmse=168.468 test_mae=151.699 test_rmse=198.122 tf=0.90 lr=0.000125
Epoch 50/400 train_mse_scaled=0.021114 val_mae=126.456 val_rmse=169.969 test_mae=152.952 test_rmse=199.260 tf=0.90 lr=0.000125
Epoch 51/400 train_mse_scaled=0.023196 val_mae=123.246 val_rmse=166.518 test_mae=149.417 test_rmse=195.797 tf=0.90 lr=0.000125
Epoch 52/400 train_mse_scaled=0.022951 val_mae=121.752 val_rmse=164.691 test_mae=154.481 test_rmse=200.543 tf=0.90 lr=0.000125
Epoch 53/400 train_mse_scaled=0.021694 val_mae=125.137 val_rmse=166.628 test_mae=153.224 test_rmse=197.878 tf=0.90 lr=0.000125
Epoch 54/400 train_mse_scaled=0.022955 val_mae=124.742 val_rmse=166.045 test_mae=149.404 test_rmse=193.915 tf=0.89 lr=0.000125
Epoch 55/400 train_mse_scaled=0.023795 val_mae=124.098 val_rmse=164.558 test_mae=148.254 test_rmse=191.492 tf=0.89 lr=0.000125
Epoch 56/400 train_mse_scaled=0.023169 val_mae=123.051 val_rmse=164.548 test_mae=147.164 test_rmse=190.828 tf=0.89 lr=0.000125
Epoch 57/400 train_mse_scaled=0.023533 val_mae=122.296 val_rmse=162.997 test_mae=144.360 test_rmse=186.960 tf=0.89 lr=0.000125
Epoch 58/400 train_mse_scaled=0.022499 val_mae=126.258 val_rmse=166.156 test_mae=149.420 test_rmse=191.757 tf=0.89 lr=0.000125
Epoch 59/400 train_mse_scaled=0.022266 val_mae=124.565 val_rmse=164.686 test_mae=147.020 test_rmse=189.737 tf=0.88 lr=0.000125
Epoch 60/400 train_mse_scaled=0.022820 val_mae=121.738 val_rmse=164.511 test_mae=148.117 test_rmse=193.373 tf=0.88 lr=0.000125
Epoch 61/400 train_mse_scaled=0.023037 val_mae=122.156 val_rmse=162.925 test_mae=146.833 test_rmse=190.672 tf=0.88 lr=0.000125
Epoch 62/400 train_mse_scaled=0.023560 val_mae=121.762 val_rmse=164.282 test_mae=145.859 test_rmse=191.259 tf=0.88 lr=0.000125
Epoch 63/400 train_mse_scaled=0.024160 val_mae=120.902 val_rmse=160.835 test_mae=141.920 test_rmse=185.426 tf=0.88 lr=0.000125
Epoch 64/400 train_mse_scaled=0.022905 val_mae=125.363 val_rmse=165.769 test_mae=151.030 test_rmse=194.862 tf=0.87 lr=0.000125
Epoch 65/400 train_mse_scaled=0.024933 val_mae=124.378 val_rmse=163.079 test_mae=145.655 test_rmse=187.269 tf=0.87 lr=0.000125
Epoch 66/400 train_mse_scaled=0.022905 val_mae=124.259 val_rmse=164.101 test_mae=147.320 test_rmse=190.757 tf=0.87 lr=0.000125
Epoch 67/400 train_mse_scaled=0.024532 val_mae=121.932 val_rmse=161.331 test_mae=143.475 test_rmse=186.438 tf=0.87 lr=0.000125
Epoch 68/400 train_mse_scaled=0.023171 val_mae=124.838 val_rmse=164.193 test_mae=146.980 test_rmse=189.142 tf=0.87 lr=6.25e-05
Epoch 69/400 train_mse_scaled=0.023965 val_mae=122.685 val_rmse=162.499 test_mae=145.336 test_rmse=188.482 tf=0.86 lr=6.25e-05
Epoch 70/400 train_mse_scaled=0.025495 val_mae=122.029 val_rmse=161.555 test_mae=144.955 test_rmse=187.677 tf=0.86 lr=6.25e-05
Epoch 71/400 train_mse_scaled=0.024922 val_mae=120.981 val_rmse=160.390 test_mae=141.849 test_rmse=185.211 tf=0.86 lr=6.25e-05
Epoch 72/400 train_mse_scaled=0.024224 val_mae=121.389 val_rmse=161.493 test_mae=142.894 test_rmse=186.636 tf=0.86 lr=6.25e-05
Epoch 73/400 train_mse_scaled=0.025314 val_mae=122.096 val_rmse=160.796 test_mae=141.209 test_rmse=183.266 tf=0.86 lr=6.25e-05
Epoch 74/400 train_mse_scaled=0.024364 val_mae=122.341 val_rmse=161.957 test_mae=145.076 test_rmse=187.820 tf=0.85 lr=6.25e-05
Epoch 75/400 train_mse_scaled=0.025383 val_mae=124.722 val_rmse=163.015 test_mae=143.156 test_rmse=184.916 tf=0.85 lr=6.25e-05
Epoch 76/400 train_mse_scaled=0.024245 val_mae=121.096 val_rmse=161.336 test_mae=144.286 test_rmse=187.826 tf=0.85 lr=3.125e-05
Epoch 77/400 train_mse_scaled=0.023546 val_mae=121.401 val_rmse=161.269 test_mae=143.533 test_rmse=186.967 tf=0.85 lr=3.125e-05
Epoch 78/400 train_mse_scaled=0.023372 val_mae=121.779 val_rmse=162.783 test_mae=143.991 test_rmse=188.045 tf=0.85 lr=3.125e-05
Epoch 79/400 train_mse_scaled=0.024495 val_mae=122.558 val_rmse=162.032 test_mae=144.057 test_rmse=187.090 tf=0.84 lr=3.125e-05
Epoch 80/400 train_mse_scaled=0.025529 val_mae=122.253 val_rmse=161.905 test_mae=144.696 test_rmse=187.597 tf=0.84 lr=1.5625e-05
Epoch 81/400 train_mse_scaled=0.024987 val_mae=121.909 val_rmse=161.297 test_mae=143.150 test_rmse=186.128 tf=0.84 lr=1.5625e-05
Epoch 82/400 train_mse_scaled=0.024034 val_mae=121.347 val_rmse=161.191 test_mae=142.773 test_rmse=186.279 tf=0.84 lr=1.5625e-05
Epoch 83/400 train_mse_scaled=0.026307 val_mae=122.123 val_rmse=161.354 test_mae=142.656 test_rmse=185.324 tf=0.84 lr=1.5625e-05
Epoch 84/400 train_mse_scaled=0.026472 val_mae=120.590 val_rmse=160.916 test_mae=141.363 test_rmse=185.154 tf=0.83 lr=7.8125e-06
Epoch 85/400 train_mse_scaled=0.025586 val_mae=121.405 val_rmse=161.015 test_mae=142.683 test_rmse=185.752 tf=0.83 lr=7.8125e-06
Epoch 86/400 train_mse_scaled=0.025775 val_mae=121.984 val_rmse=160.972 test_mae=141.927 test_rmse=184.335 tf=0.83 lr=7.8125e-06
Epoch 87/400 train_mse_scaled=0.023867 val_mae=121.548 val_rmse=160.875 test_mae=141.980 test_rmse=184.863 tf=0.83 lr=7.8125e-06
Epoch 88/400 train_mse_scaled=0.027092 val_mae=121.652 val_rmse=160.996 test_mae=141.902 test_rmse=184.939 tf=0.83 lr=3.90625e-06
Epoch 89/400 train_mse_scaled=0.025879 val_mae=121.298 val_rmse=161.046 test_mae=141.872 test_rmse=185.280 tf=0.82 lr=3.90625e-06
Epoch 90/400 train_mse_scaled=0.027145 val_mae=121.013 val_rmse=160.616 test_mae=141.696 test_rmse=184.972 tf=0.82 lr=3.90625e-06
Epoch 91/400 train_mse_scaled=0.027975 val_mae=121.059 val_rmse=160.361 test_mae=141.332 test_rmse=184.271 tf=0.82 lr=3.90625e-06
Epoch 92/400 train_mse_scaled=0.026740 val_mae=120.784 val_rmse=160.426 test_mae=141.283 test_rmse=184.541 tf=0.82 lr=3.90625e-06
Epoch 93/400 train_mse_scaled=0.027755 val_mae=120.699 val_rmse=160.416 test_mae=141.051 test_rmse=184.488 tf=0.82 lr=3.90625e-06
Epoch 94/400 train_mse_scaled=0.025831 val_mae=120.752 val_rmse=160.583 test_mae=141.219 test_rmse=184.746 tf=0.81 lr=3.90625e-06
Epoch 95/400 train_mse_scaled=0.026644 val_mae=120.259 val_rmse=160.238 test_mae=141.224 test_rmse=184.819 tf=0.81 lr=3.90625e-06
Epoch 96/400 train_mse_scaled=0.025954 val_mae=120.389 val_rmse=160.399 test_mae=140.739 test_rmse=184.501 tf=0.81 lr=3.90625e-06
Epoch 97/400 train_mse_scaled=0.028982 val_mae=120.740 val_rmse=160.155 test_mae=141.205 test_rmse=184.317 tf=0.81 lr=3.90625e-06
Epoch 98/400 train_mse_scaled=0.027764 val_mae=120.432 val_rmse=160.224 test_mae=140.869 test_rmse=184.276 tf=0.81 lr=3.90625e-06
Epoch 99/400 train_mse_scaled=0.028105 val_mae=120.329 val_rmse=160.013 test_mae=140.865 test_rmse=184.139 tf=0.80 lr=3.90625e-06
Epoch 100/400 train_mse_scaled=0.027829 val_mae=119.492 val_rmse=159.326 test_mae=140.254 test_rmse=183.750 tf=0.80 lr=3.90625e-06
Epoch 101/400 train_mse_scaled=0.025459 val_mae=120.222 val_rmse=159.912 test_mae=140.729 test_rmse=184.220 tf=0.80 lr=3.90625e-06
Epoch 102/400 train_mse_scaled=0.027499 val_mae=119.798 val_rmse=159.254 test_mae=140.530 test_rmse=183.783 tf=0.80 lr=3.90625e-06
Epoch 103/400 train_mse_scaled=0.027416 val_mae=120.721 val_rmse=160.117 test_mae=141.036 test_rmse=184.162 tf=0.79 lr=3.90625e-06
Epoch 104/400 train_mse_scaled=0.028252 val_mae=119.493 val_rmse=159.475 test_mae=140.074 test_rmse=183.782 tf=0.79 lr=3.90625e-06
Epoch 105/400 train_mse_scaled=0.028654 val_mae=119.804 val_rmse=159.240 test_mae=139.999 test_rmse=183.245 tf=0.79 lr=3.90625e-06
Epoch 106/400 train_mse_scaled=0.029283 val_mae=119.696 val_rmse=159.319 test_mae=139.284 test_rmse=182.673 tf=0.79 lr=3.90625e-06
Epoch 107/400 train_mse_scaled=0.028327 val_mae=119.359 val_rmse=159.157 test_mae=139.322 test_rmse=182.882 tf=0.79 lr=1.95313e-06
Epoch 108/400 train_mse_scaled=0.029343 val_mae=119.583 val_rmse=159.182 test_mae=139.260 test_rmse=182.659 tf=0.78 lr=1.95313e-06
Epoch 109/400 train_mse_scaled=0.030235 val_mae=119.513 val_rmse=159.216 test_mae=138.951 test_rmse=182.461 tf=0.78 lr=1.95313e-06
Epoch 110/400 train_mse_scaled=0.028486 val_mae=119.466 val_rmse=159.086 test_mae=139.148 test_rmse=182.576 tf=0.78 lr=1.95313e-06
Epoch 111/400 train_mse_scaled=0.029964 val_mae=119.366 val_rmse=158.900 test_mae=138.935 test_rmse=182.238 tf=0.78 lr=1.95313e-06
Epoch 112/400 train_mse_scaled=0.028357 val_mae=119.313 val_rmse=159.039 test_mae=138.915 test_rmse=182.470 tf=0.78 lr=1.95313e-06
Epoch 113/400 train_mse_scaled=0.028842 val_mae=119.353 val_rmse=159.074 test_mae=138.963 test_rmse=182.502 tf=0.77 lr=1.95313e-06
Epoch 114/400 train_mse_scaled=0.029252 val_mae=119.155 val_rmse=158.883 test_mae=138.793 test_rmse=182.334 tf=0.77 lr=1.95313e-06
Epoch 115/400 train_mse_scaled=0.029860 val_mae=119.363 val_rmse=158.920 test_mae=138.717 test_rmse=182.121 tf=0.77 lr=1.95313e-06
Epoch 116/400 train_mse_scaled=0.029310 val_mae=118.997 val_rmse=158.726 test_mae=138.525 test_rmse=182.082 tf=0.77 lr=1.95313e-06
Epoch 117/400 train_mse_scaled=0.029435 val_mae=118.937 val_rmse=158.659 test_mae=138.482 test_rmse=182.056 tf=0.77 lr=1.95313e-06
Epoch 118/400 train_mse_scaled=0.030779 val_mae=119.192 val_rmse=158.671 test_mae=138.458 test_rmse=181.798 tf=0.76 lr=1.95313e-06
Epoch 119/400 train_mse_scaled=0.029215 val_mae=118.792 val_rmse=158.676 test_mae=138.175 test_rmse=181.918 tf=0.76 lr=1.95313e-06
Epoch 120/400 train_mse_scaled=0.030505 val_mae=119.146 val_rmse=158.749 test_mae=138.247 test_rmse=181.682 tf=0.76 lr=1.95313e-06
Epoch 121/400 train_mse_scaled=0.030935 val_mae=118.902 val_rmse=158.505 test_mae=138.154 test_rmse=181.573 tf=0.76 lr=1.95313e-06
Epoch 122/400 train_mse_scaled=0.030890 val_mae=118.820 val_rmse=158.539 test_mae=137.718 test_rmse=181.317 tf=0.76 lr=1.95313e-06
Epoch 123/400 train_mse_scaled=0.030098 val_mae=118.585 val_rmse=158.347 test_mae=137.688 test_rmse=181.349 tf=0.75 lr=1.95313e-06
Epoch 124/400 train_mse_scaled=0.030053 val_mae=118.699 val_rmse=158.374 test_mae=137.792 test_rmse=181.348 tf=0.75 lr=1.95313e-06
Epoch 125/400 train_mse_scaled=0.030637 val_mae=118.696 val_rmse=158.386 test_mae=137.660 test_rmse=181.212 tf=0.75 lr=1.95313e-06
Epoch 126/400 train_mse_scaled=0.030115 val_mae=118.454 val_rmse=158.424 test_mae=137.358 test_rmse=181.209 tf=0.75 lr=1.95313e-06
Epoch 127/400 train_mse_scaled=0.031434 val_mae=118.255 val_rmse=158.002 test_mae=137.527 test_rmse=181.161 tf=0.75 lr=1.95313e-06
Epoch 128/400 train_mse_scaled=0.030551 val_mae=118.376 val_rmse=158.046 test_mae=137.390 test_rmse=180.958 tf=0.74 lr=1.95313e-06
Epoch 129/400 train_mse_scaled=0.030781 val_mae=117.925 val_rmse=157.937 test_mae=137.193 test_rmse=181.091 tf=0.74 lr=1.95313e-06
Epoch 130/400 train_mse_scaled=0.031362 val_mae=118.222 val_rmse=157.986 test_mae=137.303 test_rmse=180.961 tf=0.74 lr=1.95313e-06
Epoch 131/400 train_mse_scaled=0.030424 val_mae=118.020 val_rmse=158.060 test_mae=137.138 test_rmse=181.104 tf=0.74 lr=1.95313e-06
Epoch 132/400 train_mse_scaled=0.031291 val_mae=118.029 val_rmse=157.782 test_mae=137.028 test_rmse=180.701 tf=0.74 lr=1.95313e-06
Epoch 133/400 train_mse_scaled=0.031031 val_mae=117.858 val_rmse=157.717 test_mae=136.927 test_rmse=180.719 tf=0.73 lr=1.95313e-06
Epoch 134/400 train_mse_scaled=0.032248 val_mae=118.108 val_rmse=157.793 test_mae=136.792 test_rmse=180.449 tf=0.73 lr=1.95313e-06
Epoch 135/400 train_mse_scaled=0.031560 val_mae=117.836 val_rmse=157.664 test_mae=136.795 test_rmse=180.633 tf=0.73 lr=1.95313e-06
Epoch 136/400 train_mse_scaled=0.032529 val_mae=118.037 val_rmse=157.752 test_mae=136.766 test_rmse=180.435 tf=0.73 lr=1.95313e-06
Epoch 137/400 train_mse_scaled=0.032445 val_mae=117.569 val_rmse=157.462 test_mae=136.503 test_rmse=180.366 tf=0.73 lr=1.95313e-06
Epoch 138/400 train_mse_scaled=0.032257 val_mae=117.570 val_rmse=157.592 test_mae=136.285 test_rmse=180.276 tf=0.72 lr=1.95313e-06
Epoch 139/400 train_mse_scaled=0.033425 val_mae=117.629 val_rmse=157.364 test_mae=136.221 test_rmse=179.949 tf=0.72 lr=1.95313e-06
Epoch 140/400 train_mse_scaled=0.033185 val_mae=117.610 val_rmse=157.218 test_mae=135.993 test_rmse=179.625 tf=0.72 lr=1.95313e-06
Epoch 141/400 train_mse_scaled=0.032196 val_mae=117.305 val_rmse=157.146 test_mae=135.813 test_rmse=179.696 tf=0.72 lr=1.95313e-06
Epoch 142/400 train_mse_scaled=0.032308 val_mae=117.052 val_rmse=156.961 test_mae=135.624 test_rmse=179.579 tf=0.72 lr=1.95313e-06
Epoch 143/400 train_mse_scaled=0.032156 val_mae=116.894 val_rmse=157.089 test_mae=135.761 test_rmse=179.984 tf=0.71 lr=1.95313e-06
Epoch 144/400 train_mse_scaled=0.032933 val_mae=117.178 val_rmse=157.167 test_mae=135.724 test_rmse=179.811 tf=0.71 lr=1.95313e-06
Epoch 145/400 train_mse_scaled=0.033860 val_mae=117.114 val_rmse=157.031 test_mae=135.483 test_rmse=179.525 tf=0.71 lr=1.95313e-06
Epoch 146/400 train_mse_scaled=0.033093 val_mae=117.135 val_rmse=156.904 test_mae=135.723 test_rmse=179.549 tf=0.71 lr=1.95313e-06
Epoch 147/400 train_mse_scaled=0.032315 val_mae=116.908 val_rmse=156.868 test_mae=135.482 test_rmse=179.484 tf=0.71 lr=1.95313e-06
Epoch 148/400 train_mse_scaled=0.034308 val_mae=117.278 val_rmse=156.959 test_mae=135.601 test_rmse=179.335 tf=0.70 lr=1.95313e-06
Epoch 149/400 train_mse_scaled=0.035001 val_mae=116.923 val_rmse=156.814 test_mae=135.269 test_rmse=179.201 tf=0.70 lr=1.95313e-06
Epoch 150/400 train_mse_scaled=0.033505 val_mae=116.557 val_rmse=156.541 test_mae=135.158 test_rmse=179.172 tf=0.70 lr=1.95313e-06
Epoch 151/400 train_mse_scaled=0.034896 val_mae=116.712 val_rmse=156.537 test_mae=135.161 test_rmse=178.975 tf=0.70 lr=1.95313e-06
Epoch 152/400 train_mse_scaled=0.034367 val_mae=116.492 val_rmse=156.442 test_mae=135.014 test_rmse=178.964 tf=0.70 lr=1.95313e-06
Epoch 153/400 train_mse_scaled=0.033860 val_mae=116.428 val_rmse=156.632 test_mae=134.812 test_rmse=179.039 tf=0.69 lr=1.95313e-06
Epoch 154/400 train_mse_scaled=0.034971 val_mae=116.659 val_rmse=156.421 test_mae=134.866 test_rmse=178.693 tf=0.69 lr=1.95313e-06
Epoch 155/400 train_mse_scaled=0.033092 val_mae=116.151 val_rmse=156.167 test_mae=134.454 test_rmse=178.587 tf=0.69 lr=1.95313e-06
Epoch 156/400 train_mse_scaled=0.032863 val_mae=116.271 val_rmse=156.389 test_mae=134.598 test_rmse=178.825 tf=0.69 lr=1.95313e-06
Epoch 157/400 train_mse_scaled=0.032239 val_mae=116.257 val_rmse=156.381 test_mae=134.575 test_rmse=178.807 tf=0.69 lr=1.95313e-06
Epoch 158/400 train_mse_scaled=0.032803 val_mae=116.190 val_rmse=156.446 test_mae=134.555 test_rmse=178.927 tf=0.68 lr=1.95313e-06
Epoch 159/400 train_mse_scaled=0.034516 val_mae=116.434 val_rmse=156.478 test_mae=134.735 test_rmse=178.921 tf=0.68 lr=1.95313e-06
Epoch 160/400 train_mse_scaled=0.034271 val_mae=116.182 val_rmse=156.234 test_mae=134.500 test_rmse=178.684 tf=0.68 lr=9.76563e-07
Epoch 161/400 train_mse_scaled=0.037395 val_mae=116.398 val_rmse=156.244 test_mae=134.438 test_rmse=178.428 tf=0.68 lr=9.76563e-07
Epoch 162/400 train_mse_scaled=0.034861 val_mae=116.168 val_rmse=156.207 test_mae=134.257 test_rmse=178.429 tf=0.68 lr=9.76563e-07
Epoch 163/400 train_mse_scaled=0.034187 val_mae=116.006 val_rmse=156.165 test_mae=134.152 test_rmse=178.466 tf=0.67 lr=9.76563e-07
Epoch 164/400 train_mse_scaled=0.036588 val_mae=116.162 val_rmse=156.130 test_mae=134.220 test_rmse=178.334 tf=0.67 lr=4.88281e-07
Epoch 165/400 train_mse_scaled=0.034468 val_mae=116.072 val_rmse=156.067 test_mae=134.220 test_rmse=178.354 tf=0.67 lr=4.88281e-07
Epoch 166/400 train_mse_scaled=0.038654 val_mae=116.180 val_rmse=156.083 test_mae=134.178 test_rmse=178.222 tf=0.67 lr=4.88281e-07
Epoch 167/400 train_mse_scaled=0.037665 val_mae=116.243 val_rmse=156.040 test_mae=134.111 test_rmse=178.053 tf=0.67 lr=4.88281e-07
Epoch 168/400 train_mse_scaled=0.037482 val_mae=116.198 val_rmse=155.962 test_mae=134.043 test_rmse=177.933 tf=0.66 lr=4.88281e-07
Epoch 169/400 train_mse_scaled=0.038023 val_mae=116.005 val_rmse=155.885 test_mae=133.869 test_rmse=177.881 tf=0.66 lr=4.88281e-07
Epoch 170/400 train_mse_scaled=0.035615 val_mae=115.958 val_rmse=155.865 test_mae=133.771 test_rmse=177.812 tf=0.66 lr=4.88281e-07
Epoch 171/400 train_mse_scaled=0.036274 val_mae=115.911 val_rmse=155.893 test_mae=133.689 test_rmse=177.783 tf=0.66 lr=4.88281e-07
Epoch 172/400 train_mse_scaled=0.037838 val_mae=115.961 val_rmse=155.843 test_mae=133.711 test_rmse=177.701 tf=0.66 lr=4.88281e-07
Epoch 173/400 train_mse_scaled=0.037573 val_mae=115.896 val_rmse=155.745 test_mae=133.653 test_rmse=177.610 tf=0.65 lr=4.88281e-07
Epoch 174/400 train_mse_scaled=0.037192 val_mae=115.863 val_rmse=155.754 test_mae=133.539 test_rmse=177.530 tf=0.65 lr=4.88281e-07
Epoch 175/400 train_mse_scaled=0.037560 val_mae=115.839 val_rmse=155.777 test_mae=133.505 test_rmse=177.551 tf=0.65 lr=4.88281e-07
Epoch 176/400 train_mse_scaled=0.035918 val_mae=115.712 val_rmse=155.720 test_mae=133.469 test_rmse=177.580 tf=0.65 lr=4.88281e-07
Epoch 177/400 train_mse_scaled=0.037417 val_mae=115.596 val_rmse=155.663 test_mae=133.478 test_rmse=177.644 tf=0.65 lr=4.88281e-07
Epoch 178/400 train_mse_scaled=0.037443 val_mae=115.844 val_rmse=155.746 test_mae=133.627 test_rmse=177.619 tf=0.64 lr=4.88281e-07
Epoch 179/400 train_mse_scaled=0.037711 val_mae=115.795 val_rmse=155.766 test_mae=133.544 test_rmse=177.610 tf=0.64 lr=4.88281e-07
Epoch 180/400 train_mse_scaled=0.037410 val_mae=115.814 val_rmse=155.745 test_mae=133.573 test_rmse=177.603 tf=0.64 lr=4.88281e-07
Epoch 181/400 train_mse_scaled=0.039790 val_mae=115.864 val_rmse=155.718 test_mae=133.584 test_rmse=177.527 tf=0.64 lr=4.88281e-07
Epoch 182/400 train_mse_scaled=0.038712 val_mae=115.806 val_rmse=155.641 test_mae=133.524 test_rmse=177.449 tf=0.64 lr=2.44141e-07
Epoch 183/400 train_mse_scaled=0.038377 val_mae=115.749 val_rmse=155.591 test_mae=133.474 test_rmse=177.404 tf=0.63 lr=2.44141e-07
Epoch 184/400 train_mse_scaled=0.038018 val_mae=115.700 val_rmse=155.567 test_mae=133.406 test_rmse=177.360 tf=0.63 lr=2.44141e-07
Epoch 185/400 train_mse_scaled=0.037384 val_mae=115.600 val_rmse=155.540 test_mae=133.341 test_rmse=177.368 tf=0.63 lr=2.44141e-07
Epoch 186/400 train_mse_scaled=0.037031 val_mae=115.544 val_rmse=155.524 test_mae=133.306 test_rmse=177.369 tf=0.63 lr=2.44141e-07
Epoch 187/400 train_mse_scaled=0.039448 val_mae=115.522 val_rmse=155.490 test_mae=133.251 test_rmse=177.303 tf=0.63 lr=2.44141e-07
Epoch 188/400 train_mse_scaled=0.039539 val_mae=115.596 val_rmse=155.540 test_mae=133.267 test_rmse=177.291 tf=0.62 lr=2.44141e-07
Epoch 189/400 train_mse_scaled=0.039230 val_mae=115.541 val_rmse=155.476 test_mae=133.237 test_rmse=177.245 tf=0.62 lr=2.44141e-07
Epoch 190/400 train_mse_scaled=0.041200 val_mae=115.570 val_rmse=155.411 test_mae=133.225 test_rmse=177.135 tf=0.62 lr=2.44141e-07
Epoch 191/400 train_mse_scaled=0.038589 val_mae=115.530 val_rmse=155.398 test_mae=133.201 test_rmse=177.136 tf=0.62 lr=2.44141e-07
Epoch 192/400 train_mse_scaled=0.037878 val_mae=115.480 val_rmse=155.403 test_mae=133.150 test_rmse=177.138 tf=0.62 lr=2.44141e-07
Epoch 193/400 train_mse_scaled=0.038312 val_mae=115.457 val_rmse=155.409 test_mae=133.130 test_rmse=177.143 tf=0.61 lr=2.44141e-07
Epoch 194/400 train_mse_scaled=0.040013 val_mae=115.423 val_rmse=155.362 test_mae=133.094 test_rmse=177.096 tf=0.61 lr=2.44141e-07
Epoch 195/400 train_mse_scaled=0.039902 val_mae=115.440 val_rmse=155.377 test_mae=133.102 test_rmse=177.101 tf=0.61 lr=2.44141e-07
Epoch 196/400 train_mse_scaled=0.040503 val_mae=115.468 val_rmse=155.402 test_mae=133.076 test_rmse=177.076 tf=0.61 lr=2.44141e-07
Epoch 197/400 train_mse_scaled=0.039601 val_mae=115.460 val_rmse=155.380 test_mae=133.045 test_rmse=177.036 tf=0.61 lr=2.44141e-07
Epoch 198/400 train_mse_scaled=0.040032 val_mae=115.451 val_rmse=155.385 test_mae=132.996 test_rmse=177.003 tf=0.60 lr=2.44141e-07
Epoch 199/400 train_mse_scaled=0.042209 val_mae=115.478 val_rmse=155.376 test_mae=132.997 test_rmse=176.968 tf=0.60 lr=1.2207e-07
Epoch 200/400 train_mse_scaled=0.042967 val_mae=115.502 val_rmse=155.368 test_mae=133.002 test_rmse=176.938 tf=0.60 lr=1.2207e-07
Epoch 201/400 train_mse_scaled=0.040742 val_mae=115.485 val_rmse=155.350 test_mae=132.959 test_rmse=176.896 tf=0.60 lr=1.2207e-07
Epoch 202/400 train_mse_scaled=0.039600 val_mae=115.474 val_rmse=155.347 test_mae=132.954 test_rmse=176.899 tf=0.60 lr=1.2207e-07
Epoch 203/400 train_mse_scaled=0.040437 val_mae=115.455 val_rmse=155.333 test_mae=132.942 test_rmse=176.892 tf=0.59 lr=6.10352e-08
Epoch 204/400 train_mse_scaled=0.038732 val_mae=115.440 val_rmse=155.321 test_mae=132.924 test_rmse=176.877 tf=0.59 lr=6.10352e-08
Epoch 205/400 train_mse_scaled=0.043312 val_mae=115.452 val_rmse=155.312 test_mae=132.921 test_rmse=176.852 tf=0.59 lr=6.10352e-08
Epoch 206/400 train_mse_scaled=0.041519 val_mae=115.447 val_rmse=155.297 test_mae=132.920 test_rmse=176.842 tf=0.59 lr=6.10352e-08
Epoch 207/400 train_mse_scaled=0.040470 val_mae=115.453 val_rmse=155.296 test_mae=132.918 test_rmse=176.833 tf=0.59 lr=6.10352e-08
Epoch 208/400 train_mse_scaled=0.041565 val_mae=115.450 val_rmse=155.295 test_mae=132.914 test_rmse=176.829 tf=0.58 lr=6.10352e-08
Epoch 209/400 train_mse_scaled=0.040450 val_mae=115.440 val_rmse=155.283 test_mae=132.909 test_rmse=176.822 tf=0.58 lr=6.10352e-08
Epoch 210/400 train_mse_scaled=0.041763 val_mae=115.431 val_rmse=155.281 test_mae=132.902 test_rmse=176.822 tf=0.58 lr=6.10352e-08
Epoch 211/400 train_mse_scaled=0.043526 val_mae=115.459 val_rmse=155.274 test_mae=132.912 test_rmse=176.795 tf=0.58 lr=6.10352e-08
Epoch 212/400 train_mse_scaled=0.043248 val_mae=115.479 val_rmse=155.280 test_mae=132.912 test_rmse=176.781 tf=0.58 lr=6.10352e-08
Epoch 213/400 train_mse_scaled=0.041903 val_mae=115.497 val_rmse=155.297 test_mae=132.908 test_rmse=176.777 tf=0.57 lr=6.10352e-08
Epoch 214/400 train_mse_scaled=0.043498 val_mae=115.489 val_rmse=155.276 test_mae=132.899 test_rmse=176.754 tf=0.57 lr=6.10352e-08
Epoch 215/400 train_mse_scaled=0.041140 val_mae=115.460 val_rmse=155.254 test_mae=132.881 test_rmse=176.742 tf=0.57 lr=6.10352e-08
Epoch 216/400 train_mse_scaled=0.041996 val_mae=115.460 val_rmse=155.251 test_mae=132.862 test_rmse=176.720 tf=0.57 lr=6.10352e-08
Epoch 217/400 train_mse_scaled=0.042301 val_mae=115.456 val_rmse=155.253 test_mae=132.854 test_rmse=176.717 tf=0.57 lr=6.10352e-08
Epoch 218/400 train_mse_scaled=0.043802 val_mae=115.465 val_rmse=155.250 test_mae=132.848 test_rmse=176.700 tf=0.56 lr=6.10352e-08
Epoch 219/400 train_mse_scaled=0.040659 val_mae=115.434 val_rmse=155.236 test_mae=132.820 test_rmse=176.687 tf=0.56 lr=6.10352e-08
Epoch 220/400 train_mse_scaled=0.042940 val_mae=115.426 val_rmse=155.223 test_mae=132.807 test_rmse=176.669 tf=0.56 lr=6.10352e-08
Epoch 221/400 train_mse_scaled=0.042781 val_mae=115.435 val_rmse=155.226 test_mae=132.810 test_rmse=176.664 tf=0.56 lr=6.10352e-08
Epoch 222/400 train_mse_scaled=0.042474 val_mae=115.440 val_rmse=155.222 test_mae=132.813 test_rmse=176.656 tf=0.56 lr=6.10352e-08
Epoch 223/400 train_mse_scaled=0.044109 val_mae=115.455 val_rmse=155.218 test_mae=132.811 test_rmse=176.634 tf=0.55 lr=6.10352e-08
Epoch 224/400 train_mse_scaled=0.045103 val_mae=115.461 val_rmse=155.215 test_mae=132.808 test_rmse=176.620 tf=0.55 lr=6.10352e-08
Epoch 225/400 train_mse_scaled=0.044774 val_mae=115.482 val_rmse=155.206 test_mae=132.802 test_rmse=176.583 tf=0.55 lr=6.10352e-08
Epoch 226/400 train_mse_scaled=0.043052 val_mae=115.470 val_rmse=155.193 test_mae=132.787 test_rmse=176.566 tf=0.55 lr=6.10352e-08
Epoch 227/400 train_mse_scaled=0.045062 val_mae=115.478 val_rmse=155.187 test_mae=132.781 test_rmse=176.543 tf=0.55 lr=6.10352e-08
Epoch 228/400 train_mse_scaled=0.045578 val_mae=115.483 val_rmse=155.183 test_mae=132.778 test_rmse=176.532 tf=0.54 lr=6.10352e-08
Epoch 229/400 train_mse_scaled=0.045394 val_mae=115.477 val_rmse=155.172 test_mae=132.775 test_rmse=176.520 tf=0.54 lr=6.10352e-08
Epoch 230/400 train_mse_scaled=0.045945 val_mae=115.481 val_rmse=155.169 test_mae=132.769 test_rmse=176.507 tf=0.54 lr=6.10352e-08
Epoch 231/400 train_mse_scaled=0.045742 val_mae=115.482 val_rmse=155.160 test_mae=132.758 test_rmse=176.487 tf=0.54 lr=6.10352e-08
Epoch 232/400 train_mse_scaled=0.044648 val_mae=115.475 val_rmse=155.142 test_mae=132.750 test_rmse=176.463 tf=0.54 lr=6.10352e-08
Epoch 233/400 train_mse_scaled=0.045743 val_mae=115.485 val_rmse=155.139 test_mae=132.743 test_rmse=176.444 tf=0.53 lr=6.10352e-08
Epoch 234/400 train_mse_scaled=0.042965 val_mae=115.462 val_rmse=155.126 test_mae=132.729 test_rmse=176.438 tf=0.53 lr=6.10352e-08
Epoch 235/400 train_mse_scaled=0.045230 val_mae=115.467 val_rmse=155.123 test_mae=132.720 test_rmse=176.420 tf=0.53 lr=6.10352e-08
Epoch 236/400 train_mse_scaled=0.046987 val_mae=115.481 val_rmse=155.122 test_mae=132.720 test_rmse=176.404 tf=0.53 lr=6.10352e-08
Epoch 237/400 train_mse_scaled=0.044500 val_mae=115.466 val_rmse=155.118 test_mae=132.701 test_rmse=176.394 tf=0.53 lr=6.10352e-08
Epoch 238/400 train_mse_scaled=0.044629 val_mae=115.443 val_rmse=155.098 test_mae=132.686 test_rmse=176.380 tf=0.52 lr=6.10352e-08
Epoch 239/400 train_mse_scaled=0.046629 val_mae=115.430 val_rmse=155.077 test_mae=132.670 test_rmse=176.355 tf=0.52 lr=6.10352e-08
Epoch 240/400 train_mse_scaled=0.046489 val_mae=115.429 val_rmse=155.067 test_mae=132.658 test_rmse=176.332 tf=0.52 lr=6.10352e-08
Epoch 241/400 train_mse_scaled=0.048245 val_mae=115.431 val_rmse=155.054 test_mae=132.641 test_rmse=176.299 tf=0.52 lr=6.10352e-08
Epoch 242/400 train_mse_scaled=0.047573 val_mae=115.432 val_rmse=155.047 test_mae=132.627 test_rmse=176.278 tf=0.52 lr=6.10352e-08
Epoch 243/400 train_mse_scaled=0.049403 val_mae=115.451 val_rmse=155.044 test_mae=132.630 test_rmse=176.257 tf=0.51 lr=6.10352e-08
Epoch 244/400 train_mse_scaled=0.046347 val_mae=115.457 val_rmse=155.035 test_mae=132.627 test_rmse=176.236 tf=0.51 lr=6.10352e-08
Epoch 245/400 train_mse_scaled=0.046420 val_mae=115.473 val_rmse=155.047 test_mae=132.622 test_rmse=176.227 tf=0.51 lr=6.10352e-08
Epoch 246/400 train_mse_scaled=0.045209 val_mae=115.462 val_rmse=155.040 test_mae=132.612 test_rmse=176.218 tf=0.51 lr=6.10352e-08
Epoch 247/400 train_mse_scaled=0.046908 val_mae=115.455 val_rmse=155.036 test_mae=132.595 test_rmse=176.206 tf=0.51 lr=6.10352e-08
Epoch 248/400 train_mse_scaled=0.047079 val_mae=115.452 val_rmse=155.039 test_mae=132.580 test_rmse=176.195 tf=0.50 lr=6.10352e-08
Epoch 249/400 train_mse_scaled=0.048476 val_mae=115.457 val_rmse=155.040 test_mae=132.579 test_rmse=176.189 tf=0.50 lr=3.05176e-08
Epoch 250/400 train_mse_scaled=0.047648 val_mae=115.457 val_rmse=155.035 test_mae=132.572 test_rmse=176.177 tf=0.50 lr=3.05176e-08
Epoch 251/400 train_mse_scaled=0.047343 val_mae=115.454 val_rmse=155.027 test_mae=132.566 test_rmse=176.166 tf=0.50 lr=3.05176e-08
Epoch 252/400 train_mse_scaled=0.050017 val_mae=115.456 val_rmse=155.024 test_mae=132.564 test_rmse=176.159 tf=0.50 lr=3.05176e-08
Epoch 253/400 train_mse_scaled=0.046864 val_mae=115.458 val_rmse=155.024 test_mae=132.564 test_rmse=176.156 tf=0.49 lr=1.52588e-08
Epoch 254/400 train_mse_scaled=0.049514 val_mae=115.462 val_rmse=155.024 test_mae=132.564 test_rmse=176.151 tf=0.49 lr=1.52588e-08
Epoch 255/400 train_mse_scaled=0.048519 val_mae=115.464 val_rmse=155.023 test_mae=132.562 test_rmse=176.146 tf=0.49 lr=1.52588e-08
Epoch 256/400 train_mse_scaled=0.048108 val_mae=115.463 val_rmse=155.020 test_mae=132.559 test_rmse=176.142 tf=0.49 lr=1.52588e-08
Epoch 257/400 train_mse_scaled=0.047611 val_mae=115.462 val_rmse=155.019 test_mae=132.556 test_rmse=176.138 tf=0.49 lr=1.52588e-08
Epoch 258/400 train_mse_scaled=0.051448 val_mae=115.466 val_rmse=155.018 test_mae=132.555 test_rmse=176.132 tf=0.48 lr=1.52588e-08
Epoch 259/400 train_mse_scaled=0.049249 val_mae=115.469 val_rmse=155.019 test_mae=132.555 test_rmse=176.129 tf=0.48 lr=1.52588e-08
Epoch 260/400 train_mse_scaled=0.049323 val_mae=115.469 val_rmse=155.016 test_mae=132.551 test_rmse=176.122 tf=0.48 lr=1.52588e-08
Epoch 261/400 train_mse_scaled=0.050445 val_mae=115.473 val_rmse=155.015 test_mae=132.551 test_rmse=176.116 tf=0.48 lr=1.52588e-08
Epoch 262/400 train_mse_scaled=0.050109 val_mae=115.476 val_rmse=155.015 test_mae=132.552 test_rmse=176.114 tf=0.48 lr=1.52588e-08
Epoch 263/400 train_mse_scaled=0.048231 val_mae=115.479 val_rmse=155.013 test_mae=132.551 test_rmse=176.108 tf=0.47 lr=1.52588e-08
Epoch 264/400 train_mse_scaled=0.049916 val_mae=115.480 val_rmse=155.013 test_mae=132.549 test_rmse=176.104 tf=0.47 lr=1.52588e-08
Epoch 265/400 train_mse_scaled=0.051908 val_mae=115.487 val_rmse=155.014 test_mae=132.549 test_rmse=176.098 tf=0.47 lr=1.52588e-08
Epoch 266/400 train_mse_scaled=0.049806 val_mae=115.486 val_rmse=155.010 test_mae=132.548 test_rmse=176.092 tf=0.47 lr=1.52588e-08
Epoch 267/400 train_mse_scaled=0.052203 val_mae=115.489 val_rmse=155.008 test_mae=132.547 test_rmse=176.085 tf=0.47 lr=1.52588e-08
Epoch 268/400 train_mse_scaled=0.049435 val_mae=115.493 val_rmse=155.006 test_mae=132.546 test_rmse=176.080 tf=0.46 lr=1.52588e-08
Epoch 269/400 train_mse_scaled=0.050266 val_mae=115.492 val_rmse=155.006 test_mae=132.544 test_rmse=176.076 tf=0.46 lr=1.52588e-08
Epoch 270/400 train_mse_scaled=0.050532 val_mae=115.497 val_rmse=155.003 test_mae=132.543 test_rmse=176.070 tf=0.46 lr=1.52588e-08
Epoch 271/400 train_mse_scaled=0.052609 val_mae=115.500 val_rmse=155.000 test_mae=132.542 test_rmse=176.061 tf=0.46 lr=1.52588e-08
Epoch 272/400 train_mse_scaled=0.051516 val_mae=115.506 val_rmse=154.999 test_mae=132.542 test_rmse=176.054 tf=0.46 lr=1.52588e-08
Epoch 273/400 train_mse_scaled=0.050595 val_mae=115.505 val_rmse=154.998 test_mae=132.537 test_rmse=176.049 tf=0.45 lr=1.52588e-08
Epoch 274/400 train_mse_scaled=0.052665 val_mae=115.511 val_rmse=154.995 test_mae=132.538 test_rmse=176.041 tf=0.45 lr=1.52588e-08
Epoch 275/400 train_mse_scaled=0.050378 val_mae=115.513 val_rmse=154.991 test_mae=132.536 test_rmse=176.032 tf=0.45 lr=1.52588e-08
Epoch 276/400 train_mse_scaled=0.051571 val_mae=115.516 val_rmse=154.988 test_mae=132.536 test_rmse=176.026 tf=0.45 lr=1.52588e-08
Epoch 277/400 train_mse_scaled=0.051466 val_mae=115.514 val_rmse=154.984 test_mae=132.531 test_rmse=176.019 tf=0.45 lr=1.52588e-08
Epoch 278/400 train_mse_scaled=0.053512 val_mae=115.520 val_rmse=154.985 test_mae=132.530 test_rmse=176.013 tf=0.44 lr=1.52588e-08
Epoch 279/400 train_mse_scaled=0.051123 val_mae=115.525 val_rmse=154.984 test_mae=132.530 test_rmse=176.007 tf=0.44 lr=1.52588e-08
Epoch 280/400 train_mse_scaled=0.052939 val_mae=115.529 val_rmse=154.983 test_mae=132.530 test_rmse=176.001 tf=0.44 lr=1.52588e-08
Epoch 281/400 train_mse_scaled=0.051889 val_mae=115.532 val_rmse=154.983 test_mae=132.529 test_rmse=175.996 tf=0.44 lr=1.52588e-08
Epoch 282/400 train_mse_scaled=0.055149 val_mae=115.535 val_rmse=154.978 test_mae=132.527 test_rmse=175.986 tf=0.44 lr=1.52588e-08
Epoch 283/400 train_mse_scaled=0.050350 val_mae=115.538 val_rmse=154.979 test_mae=132.526 test_rmse=175.982 tf=0.43 lr=1.52588e-08
Epoch 284/400 train_mse_scaled=0.053190 val_mae=115.541 val_rmse=154.978 test_mae=132.525 test_rmse=175.976 tf=0.43 lr=1.52588e-08
Epoch 285/400 train_mse_scaled=0.054281 val_mae=115.549 val_rmse=154.978 test_mae=132.526 test_rmse=175.969 tf=0.43 lr=1.52588e-08
Epoch 286/400 train_mse_scaled=0.054381 val_mae=115.552 val_rmse=154.977 test_mae=132.523 test_rmse=175.961 tf=0.43 lr=1.52588e-08
Epoch 287/400 train_mse_scaled=0.053049 val_mae=115.555 val_rmse=154.972 test_mae=132.522 test_rmse=175.951 tf=0.43 lr=1.52588e-08
Epoch 288/400 train_mse_scaled=0.053807 val_mae=115.567 val_rmse=154.974 test_mae=132.527 test_rmse=175.946 tf=0.42 lr=1.52588e-08
Epoch 289/400 train_mse_scaled=0.053950 val_mae=115.571 val_rmse=154.973 test_mae=132.527 test_rmse=175.941 tf=0.42 lr=1.52588e-08
Epoch 290/400 train_mse_scaled=0.054434 val_mae=115.576 val_rmse=154.973 test_mae=132.527 test_rmse=175.935 tf=0.42 lr=1.52588e-08
Epoch 291/400 train_mse_scaled=0.052575 val_mae=115.582 val_rmse=154.975 test_mae=132.527 test_rmse=175.931 tf=0.42 lr=1.52588e-08
Epoch 292/400 train_mse_scaled=0.053343 val_mae=115.583 val_rmse=154.975 test_mae=132.525 test_rmse=175.927 tf=0.42 lr=1.52588e-08
Epoch 293/400 train_mse_scaled=0.056872 val_mae=115.588 val_rmse=154.972 test_mae=132.522 test_rmse=175.916 tf=0.41 lr=1.52588e-08
Epoch 294/400 train_mse_scaled=0.054924 val_mae=115.592 val_rmse=154.967 test_mae=132.521 test_rmse=175.905 tf=0.41 lr=1.52588e-08
Epoch 295/400 train_mse_scaled=0.057463 val_mae=115.602 val_rmse=154.968 test_mae=132.523 test_rmse=175.897 tf=0.41 lr=1.52588e-08
Epoch 296/400 train_mse_scaled=0.055698 val_mae=115.610 val_rmse=154.968 test_mae=132.521 test_rmse=175.888 tf=0.41 lr=1.52588e-08
Epoch 297/400 train_mse_scaled=0.053845 val_mae=115.613 val_rmse=154.970 test_mae=132.520 test_rmse=175.885 tf=0.41 lr=1.52588e-08
Epoch 298/400 train_mse_scaled=0.055754 val_mae=115.617 val_rmse=154.968 test_mae=132.518 test_rmse=175.876 tf=0.40 lr=1.52588e-08
Epoch 299/400 train_mse_scaled=0.056382 val_mae=115.623 val_rmse=154.970 test_mae=132.518 test_rmse=175.870 tf=0.40 lr=1.52588e-08
Epoch 300/400 train_mse_scaled=0.055695 val_mae=115.632 val_rmse=154.972 test_mae=132.520 test_rmse=175.866 tf=0.40 lr=1.52588e-08
Epoch 301/400 train_mse_scaled=0.056059 val_mae=115.636 val_rmse=154.972 test_mae=132.516 test_rmse=175.858 tf=0.40 lr=1.52588e-08
Epoch 302/400 train_mse_scaled=0.055842 val_mae=115.641 val_rmse=154.971 test_mae=132.515 test_rmse=175.851 tf=0.39 lr=1.52588e-08
Epoch 303/400 train_mse_scaled=0.055622 val_mae=115.644 val_rmse=154.971 test_mae=132.514 test_rmse=175.845 tf=0.39 lr=1.52588e-08
Epoch 304/400 train_mse_scaled=0.055116 val_mae=115.649 val_rmse=154.971 test_mae=132.513 test_rmse=175.840 tf=0.39 lr=1.52588e-08
Epoch 305/400 train_mse_scaled=0.053070 val_mae=115.647 val_rmse=154.968 test_mae=132.510 test_rmse=175.834 tf=0.39 lr=1.52588e-08
Epoch 306/400 train_mse_scaled=0.059086 val_mae=115.651 val_rmse=154.964 test_mae=132.508 test_rmse=175.823 tf=0.39 lr=1.52588e-08
Epoch 307/400 train_mse_scaled=0.057386 val_mae=115.659 val_rmse=154.963 test_mae=132.509 test_rmse=175.816 tf=0.38 lr=1.52588e-08
Epoch 308/400 train_mse_scaled=0.057990 val_mae=115.665 val_rmse=154.964 test_mae=132.508 test_rmse=175.809 tf=0.38 lr=1.52588e-08
Epoch 309/400 train_mse_scaled=0.059108 val_mae=115.671 val_rmse=154.961 test_mae=132.508 test_rmse=175.799 tf=0.38 lr=1.52588e-08
Epoch 310/400 train_mse_scaled=0.059792 val_mae=115.680 val_rmse=154.964 test_mae=132.508 test_rmse=175.792 tf=0.38 lr=1.52588e-08
Epoch 311/400 train_mse_scaled=0.057849 val_mae=115.684 val_rmse=154.957 test_mae=132.509 test_rmse=175.782 tf=0.38 lr=1.52588e-08
Epoch 312/400 train_mse_scaled=0.056953 val_mae=115.688 val_rmse=154.959 test_mae=132.507 test_rmse=175.776 tf=0.37 lr=1.52588e-08
Epoch 313/400 train_mse_scaled=0.057344 val_mae=115.693 val_rmse=154.960 test_mae=132.506 test_rmse=175.771 tf=0.37 lr=1.52588e-08
Epoch 314/400 train_mse_scaled=0.060204 val_mae=115.698 val_rmse=154.960 test_mae=132.507 test_rmse=175.765 tf=0.37 lr=1.52588e-08
Epoch 315/400 train_mse_scaled=0.056531 val_mae=115.700 val_rmse=154.957 test_mae=132.505 test_rmse=175.758 tf=0.37 lr=1.52588e-08
Epoch 316/400 train_mse_scaled=0.056746 val_mae=115.704 val_rmse=154.956 test_mae=132.503 test_rmse=175.750 tf=0.37 lr=1.52588e-08
Epoch 317/400 train_mse_scaled=0.058551 val_mae=115.709 val_rmse=154.953 test_mae=132.501 test_rmse=175.741 tf=0.36 lr=1.52588e-08
Epoch 318/400 train_mse_scaled=0.059475 val_mae=115.714 val_rmse=154.953 test_mae=132.500 test_rmse=175.733 tf=0.36 lr=1.52588e-08
Epoch 319/400 train_mse_scaled=0.059026 val_mae=115.720 val_rmse=154.950 test_mae=132.499 test_rmse=175.724 tf=0.36 lr=1.52588e-08
Epoch 320/400 train_mse_scaled=0.061829 val_mae=115.727 val_rmse=154.948 test_mae=132.500 test_rmse=175.714 tf=0.36 lr=1.52588e-08
Epoch 321/400 train_mse_scaled=0.057049 val_mae=115.730 val_rmse=154.949 test_mae=132.498 test_rmse=175.710 tf=0.36 lr=1.52588e-08
Epoch 322/400 train_mse_scaled=0.059371 val_mae=115.736 val_rmse=154.949 test_mae=132.497 test_rmse=175.703 tf=0.35 lr=1.52588e-08
Epoch 323/400 train_mse_scaled=0.059590 val_mae=115.745 val_rmse=154.952 test_mae=132.499 test_rmse=175.698 tf=0.35 lr=1.52588e-08
Epoch 324/400 train_mse_scaled=0.057775 val_mae=115.752 val_rmse=154.952 test_mae=132.500 test_rmse=175.691 tf=0.35 lr=1.52588e-08
Epoch 325/400 train_mse_scaled=0.062723 val_mae=115.756 val_rmse=154.950 test_mae=132.499 test_rmse=175.683 tf=0.35 lr=1.52588e-08
Epoch 326/400 train_mse_scaled=0.059283 val_mae=115.760 val_rmse=154.948 test_mae=132.498 test_rmse=175.675 tf=0.35 lr=1.52588e-08
Epoch 327/400 train_mse_scaled=0.058529 val_mae=115.761 val_rmse=154.945 test_mae=132.495 test_rmse=175.668 tf=0.34 lr=1.52588e-08
Epoch 328/400 train_mse_scaled=0.060222 val_mae=115.767 val_rmse=154.944 test_mae=132.495 test_rmse=175.660 tf=0.34 lr=1.52588e-08
Epoch 329/400 train_mse_scaled=0.059166 val_mae=115.770 val_rmse=154.942 test_mae=132.495 test_rmse=175.653 tf=0.34 lr=1.52588e-08
Epoch 330/400 train_mse_scaled=0.061392 val_mae=115.778 val_rmse=154.946 test_mae=132.494 test_rmse=175.648 tf=0.34 lr=1.52588e-08
Epoch 331/400 train_mse_scaled=0.059455 val_mae=115.784 val_rmse=154.947 test_mae=132.494 test_rmse=175.642 tf=0.34 lr=1.52588e-08
Epoch 332/400 train_mse_scaled=0.060760 val_mae=115.788 val_rmse=154.945 test_mae=132.493 test_rmse=175.635 tf=0.33 lr=1.52588e-08
Epoch 333/400 train_mse_scaled=0.060064 val_mae=115.794 val_rmse=154.945 test_mae=132.492 test_rmse=175.627 tf=0.33 lr=1.52588e-08
Epoch 334/400 train_mse_scaled=0.063179 val_mae=115.800 val_rmse=154.947 test_mae=132.488 test_rmse=175.619 tf=0.33 lr=1.52588e-08
Epoch 335/400 train_mse_scaled=0.062451 val_mae=115.810 val_rmse=154.946 test_mae=132.489 test_rmse=175.609 tf=0.33 lr=1.52588e-08
Epoch 336/400 train_mse_scaled=0.061965 val_mae=115.817 val_rmse=154.946 test_mae=132.489 test_rmse=175.602 tf=0.33 lr=1.52588e-08
Epoch 337/400 train_mse_scaled=0.062480 val_mae=115.821 val_rmse=154.943 test_mae=132.487 test_rmse=175.592 tf=0.32 lr=1.52588e-08
Epoch 338/400 train_mse_scaled=0.061588 val_mae=115.828 val_rmse=154.943 test_mae=132.486 test_rmse=175.584 tf=0.32 lr=1.52588e-08
Epoch 339/400 train_mse_scaled=0.062082 val_mae=115.834 val_rmse=154.942 test_mae=132.486 test_rmse=175.576 tf=0.32 lr=1.52588e-08
Epoch 340/400 train_mse_scaled=0.062651 val_mae=115.837 val_rmse=154.940 test_mae=132.484 test_rmse=175.569 tf=0.32 lr=1.52588e-08
Epoch 341/400 train_mse_scaled=0.063286 val_mae=115.843 val_rmse=154.938 test_mae=132.486 test_rmse=175.562 tf=0.32 lr=1.52588e-08
Epoch 342/400 train_mse_scaled=0.064048 val_mae=115.850 val_rmse=154.937 test_mae=132.487 test_rmse=175.555 tf=0.31 lr=1.52588e-08
Epoch 343/400 train_mse_scaled=0.061718 val_mae=115.856 val_rmse=154.936 test_mae=132.488 test_rmse=175.546 tf=0.31 lr=1.52588e-08
Epoch 344/400 train_mse_scaled=0.063185 val_mae=115.861 val_rmse=154.935 test_mae=132.487 test_rmse=175.539 tf=0.31 lr=1.52588e-08
Epoch 345/400 train_mse_scaled=0.064322 val_mae=115.870 val_rmse=154.936 test_mae=132.487 test_rmse=175.531 tf=0.31 lr=1.52588e-08
Epoch 346/400 train_mse_scaled=0.064225 val_mae=115.878 val_rmse=154.936 test_mae=132.487 test_rmse=175.522 tf=0.31 lr=1.52588e-08
Epoch 347/400 train_mse_scaled=0.062844 val_mae=115.884 val_rmse=154.936 test_mae=132.486 test_rmse=175.515 tf=0.30 lr=1.52588e-08
Epoch 348/400 train_mse_scaled=0.063993 val_mae=115.889 val_rmse=154.934 test_mae=132.485 test_rmse=175.506 tf=0.30 lr=1.52588e-08
Epoch 349/400 train_mse_scaled=0.065616 val_mae=115.898 val_rmse=154.934 test_mae=132.486 test_rmse=175.497 tf=0.30 lr=1.52588e-08
Epoch 350/400 train_mse_scaled=0.064432 val_mae=115.902 val_rmse=154.930 test_mae=132.485 test_rmse=175.488 tf=0.30 lr=1.52588e-08
Epoch 351/400 train_mse_scaled=0.063177 val_mae=115.907 val_rmse=154.929 test_mae=132.486 test_rmse=175.482 tf=0.30 lr=1.52588e-08
Epoch 352/400 train_mse_scaled=0.063425 val_mae=115.912 val_rmse=154.928 test_mae=132.484 test_rmse=175.473 tf=0.29 lr=1.52588e-08
Epoch 353/400 train_mse_scaled=0.067448 val_mae=115.920 val_rmse=154.927 test_mae=132.483 test_rmse=175.462 tf=0.29 lr=1.52588e-08
Epoch 354/400 train_mse_scaled=0.065435 val_mae=115.929 val_rmse=154.929 test_mae=132.482 test_rmse=175.453 tf=0.29 lr=1.52588e-08
Epoch 355/400 train_mse_scaled=0.064844 val_mae=115.934 val_rmse=154.929 test_mae=132.480 test_rmse=175.445 tf=0.29 lr=1.52588e-08
Epoch 356/400 train_mse_scaled=0.063538 val_mae=115.939 val_rmse=154.929 test_mae=132.479 test_rmse=175.440 tf=0.29 lr=1.52588e-08
Epoch 357/400 train_mse_scaled=0.065939 val_mae=115.946 val_rmse=154.928 test_mae=132.479 test_rmse=175.431 tf=0.28 lr=1.52588e-08
Epoch 358/400 train_mse_scaled=0.064087 val_mae=115.950 val_rmse=154.927 test_mae=132.478 test_rmse=175.424 tf=0.28 lr=1.52588e-08
Epoch 359/400 train_mse_scaled=0.069168 val_mae=115.955 val_rmse=154.925 test_mae=132.477 test_rmse=175.415 tf=0.28 lr=1.52588e-08
Epoch 360/400 train_mse_scaled=0.065905 val_mae=115.965 val_rmse=154.926 test_mae=132.478 test_rmse=175.406 tf=0.28 lr=1.52588e-08
Epoch 361/400 train_mse_scaled=0.064390 val_mae=115.970 val_rmse=154.926 test_mae=132.477 test_rmse=175.400 tf=0.28 lr=1.52588e-08
Epoch 362/400 train_mse_scaled=0.065481 val_mae=115.973 val_rmse=154.927 test_mae=132.475 test_rmse=175.394 tf=0.27 lr=1.52588e-08
Epoch 363/400 train_mse_scaled=0.065924 val_mae=115.979 val_rmse=154.928 test_mae=132.474 test_rmse=175.389 tf=0.27 lr=1.52588e-08
Epoch 364/400 train_mse_scaled=0.066530 val_mae=115.986 val_rmse=154.929 test_mae=132.475 test_rmse=175.382 tf=0.27 lr=1.52588e-08
Epoch 365/400 train_mse_scaled=0.069008 val_mae=115.992 val_rmse=154.928 test_mae=132.473 test_rmse=175.372 tf=0.27 lr=1.52588e-08
Epoch 366/400 train_mse_scaled=0.065955 val_mae=115.998 val_rmse=154.929 test_mae=132.472 test_rmse=175.366 tf=0.27 lr=1.52588e-08
Epoch 367/400 train_mse_scaled=0.067126 val_mae=116.004 val_rmse=154.927 test_mae=132.471 test_rmse=175.356 tf=0.26 lr=1.52588e-08
Epoch 368/400 train_mse_scaled=0.068061 val_mae=116.011 val_rmse=154.926 test_mae=132.469 test_rmse=175.346 tf=0.26 lr=1.52588e-08
Epoch 369/400 train_mse_scaled=0.069788 val_mae=116.022 val_rmse=154.930 test_mae=132.470 test_rmse=175.339 tf=0.26 lr=1.52588e-08
Epoch 370/400 train_mse_scaled=0.068921 val_mae=116.031 val_rmse=154.931 test_mae=132.472 test_rmse=175.332 tf=0.26 lr=1.52588e-08
Epoch 371/400 train_mse_scaled=0.067381 val_mae=116.032 val_rmse=154.929 test_mae=132.469 test_rmse=175.326 tf=0.26 lr=1.52588e-08
Epoch 372/400 train_mse_scaled=0.070858 val_mae=116.039 val_rmse=154.929 test_mae=132.469 test_rmse=175.318 tf=0.25 lr=1.52588e-08
Epoch 373/400 train_mse_scaled=0.068590 val_mae=116.046 val_rmse=154.929 test_mae=132.472 test_rmse=175.312 tf=0.25 lr=1.52588e-08
Epoch 374/400 train_mse_scaled=0.071684 val_mae=116.054 val_rmse=154.927 test_mae=132.471 test_rmse=175.301 tf=0.25 lr=1.52588e-08
Epoch 375/400 train_mse_scaled=0.068728 val_mae=116.064 val_rmse=154.930 test_mae=132.472 test_rmse=175.294 tf=0.25 lr=1.52588e-08
Epoch 376/400 train_mse_scaled=0.067419 val_mae=116.067 val_rmse=154.927 test_mae=132.469 test_rmse=175.285 tf=0.25 lr=1.52588e-08
Epoch 377/400 train_mse_scaled=0.072177 val_mae=116.074 val_rmse=154.925 test_mae=132.469 test_rmse=175.275 tf=0.24 lr=1.52588e-08
Epoch 378/400 train_mse_scaled=0.067653 val_mae=116.080 val_rmse=154.926 test_mae=132.469 test_rmse=175.270 tf=0.24 lr=1.52588e-08
Epoch 379/400 train_mse_scaled=0.070247 val_mae=116.090 val_rmse=154.929 test_mae=132.472 test_rmse=175.265 tf=0.24 lr=1.52588e-08
Epoch 380/400 train_mse_scaled=0.070842 val_mae=116.097 val_rmse=154.930 test_mae=132.471 test_rmse=175.258 tf=0.24 lr=1.52588e-08
Epoch 381/400 train_mse_scaled=0.071488 val_mae=116.104 val_rmse=154.930 test_mae=132.471 test_rmse=175.250 tf=0.24 lr=1.52588e-08
Epoch 382/400 train_mse_scaled=0.069416 val_mae=116.111 val_rmse=154.930 test_mae=132.471 test_rmse=175.242 tf=0.23 lr=1.52588e-08
Epoch 383/400 train_mse_scaled=0.072144 val_mae=116.119 val_rmse=154.929 test_mae=132.471 test_rmse=175.233 tf=0.23 lr=1.52588e-08
Epoch 384/400 train_mse_scaled=0.070525 val_mae=116.126 val_rmse=154.929 test_mae=132.472 test_rmse=175.225 tf=0.23 lr=1.52588e-08
Epoch 385/400 train_mse_scaled=0.069202 val_mae=116.128 val_rmse=154.926 test_mae=132.469 test_rmse=175.216 tf=0.23 lr=1.52588e-08
Epoch 386/400 train_mse_scaled=0.071758 val_mae=116.136 val_rmse=154.926 test_mae=132.467 test_rmse=175.206 tf=0.23 lr=1.52588e-08
Epoch 387/400 train_mse_scaled=0.071992 val_mae=116.143 val_rmse=154.926 test_mae=132.465 test_rmse=175.197 tf=0.22 lr=1.52588e-08
Epoch 388/400 train_mse_scaled=0.073353 val_mae=116.150 val_rmse=154.926 test_mae=132.465 test_rmse=175.190 tf=0.22 lr=1.52588e-08
Epoch 389/400 train_mse_scaled=0.073060 val_mae=116.158 val_rmse=154.927 test_mae=132.466 test_rmse=175.182 tf=0.22 lr=1.52588e-08
Epoch 390/400 train_mse_scaled=0.074882 val_mae=116.166 val_rmse=154.928 test_mae=132.465 test_rmse=175.174 tf=0.22 lr=1.52588e-08
Epoch 391/400 train_mse_scaled=0.072145 val_mae=116.171 val_rmse=154.927 test_mae=132.465 test_rmse=175.167 tf=0.22 lr=1.52588e-08
Epoch 392/400 train_mse_scaled=0.072725 val_mae=116.178 val_rmse=154.926 test_mae=132.464 test_rmse=175.157 tf=0.21 lr=1.52588e-08
Epoch 393/400 train_mse_scaled=0.070024 val_mae=116.182 val_rmse=154.926 test_mae=132.462 test_rmse=175.151 tf=0.21 lr=1.52588e-08
Epoch 394/400 train_mse_scaled=0.071063 val_mae=116.187 val_rmse=154.927 test_mae=132.461 test_rmse=175.145 tf=0.21 lr=1.52588e-08
Epoch 395/400 train_mse_scaled=0.073019 val_mae=116.193 val_rmse=154.925 test_mae=132.460 test_rmse=175.137 tf=0.21 lr=1.52588e-08
Epoch 396/400 train_mse_scaled=0.073138 val_mae=116.199 val_rmse=154.925 test_mae=132.458 test_rmse=175.127 tf=0.21 lr=1.52588e-08
Epoch 397/400 train_mse_scaled=0.070727 val_mae=116.202 val_rmse=154.923 test_mae=132.456 test_rmse=175.120 tf=0.20 lr=1.52588e-08
Epoch 398/400 train_mse_scaled=0.071441 val_mae=116.209 val_rmse=154.924 test_mae=132.455 test_rmse=175.113 tf=0.20 lr=1.52588e-08
Epoch 399/400 train_mse_scaled=0.072099 val_mae=116.211 val_rmse=154.923 test_mae=132.452 test_rmse=175.105 tf=0.20 lr=1.52588e-08
Epoch 400/400 train_mse_scaled=0.072491 val_mae=116.215 val_rmse=154.922 test_mae=132.449 test_rmse=175.098 tf=0.20 lr=1.52588e-08
Training complete. Best checkpoint at: v2/results/checkpoints/seq2seq/best.pth
