Cleaned data: 787920 -> 609679 rows. Saved: v2/results/cleaned.csv
Samples -> train: 16453, val: 2056, test: 2121

Train samples (show 5):
  [0] TurbID=1, start_idx=14, hist=(2020-01-01 16:00:00~2020-01-03 15:00:00), pred=(2020-01-03 16:00:00~2020-01-04 15:00:00)
  [1] TurbID=1, start_idx=15, hist=(2020-01-01 17:00:00~2020-01-03 16:00:00), pred=(2020-01-03 17:00:00~2020-01-04 16:00:00)
  [2] TurbID=1, start_idx=16, hist=(2020-01-01 18:00:00~2020-01-03 17:00:00), pred=(2020-01-03 18:00:00~2020-01-04 17:00:00)
  [3] TurbID=1, start_idx=17, hist=(2020-01-01 19:00:00~2020-01-03 18:00:00), pred=(2020-01-03 19:00:00~2020-01-04 18:00:00)
  [4] TurbID=1, start_idx=18, hist=(2020-01-01 20:00:00~2020-01-03 19:00:00), pred=(2020-01-03 20:00:00~2020-01-04 19:00:00)

Val samples (show 5):
  [0] TurbID=1, start_idx=3770, hist=(2020-07-21 11:00:00~2020-07-23 10:00:00), pred=(2020-07-23 11:00:00~2020-07-24 10:00:00)
  [1] TurbID=1, start_idx=3771, hist=(2020-07-21 12:00:00~2020-07-23 11:00:00), pred=(2020-07-23 12:00:00~2020-07-24 11:00:00)
  [2] TurbID=1, start_idx=3772, hist=(2020-07-21 13:00:00~2020-07-23 12:00:00), pred=(2020-07-23 13:00:00~2020-07-24 12:00:00)
  [3] TurbID=1, start_idx=3773, hist=(2020-07-21 14:00:00~2020-07-23 13:00:00), pred=(2020-07-23 14:00:00~2020-07-24 13:00:00)
  [4] TurbID=1, start_idx=3774, hist=(2020-07-21 15:00:00~2020-07-23 14:00:00), pred=(2020-07-23 15:00:00~2020-07-24 14:00:00)

Test samples (show 5):
  [0] TurbID=1, start_idx=3964, hist=(2020-08-01 01:00:00~2020-08-03 00:00:00), pred=(2020-08-03 01:00:00~2020-08-04 00:00:00)
  [1] TurbID=1, start_idx=3965, hist=(2020-08-01 02:00:00~2020-08-03 01:00:00), pred=(2020-08-03 02:00:00~2020-08-04 01:00:00)
  [2] TurbID=1, start_idx=3966, hist=(2020-08-01 03:00:00~2020-08-03 02:00:00), pred=(2020-08-03 03:00:00~2020-08-04 02:00:00)
  [3] TurbID=1, start_idx=3967, hist=(2020-08-01 04:00:00~2020-08-03 03:00:00), pred=(2020-08-03 04:00:00~2020-08-04 03:00:00)
  [4] TurbID=1, start_idx=3968, hist=(2020-08-01 05:00:00~2020-08-03 04:00:00), pred=(2020-08-03 05:00:00~2020-08-04 04:00:00)
Epoch 1/400 train_mse_scaled=0.332581 val_mae=178.541 val_rmse=227.778 test_mae=162.753 test_rmse=198.375 tf=1.00lr=0.001
Epoch 2/400 train_mse_scaled=0.074676 val_mae=194.628 val_rmse=249.128 test_mae=157.579 test_rmse=202.182 tf=1.00lr=0.001
Epoch 3/400 train_mse_scaled=0.062574 val_mae=185.707 val_rmse=240.409 test_mae=148.091 test_rmse=190.926 tf=1.00lr=0.001
Epoch 4/400 train_mse_scaled=0.057887 val_mae=181.305 val_rmse=237.424 test_mae=152.178 test_rmse=197.467 tf=0.99lr=0.001
Epoch 5/400 train_mse_scaled=0.055319 val_mae=167.706 val_rmse=219.872 test_mae=144.920 test_rmse=186.547 tf=0.99lr=0.001
Epoch 6/400 train_mse_scaled=0.052769 val_mae=158.747 val_rmse=209.896 test_mae=142.325 test_rmse=182.687 tf=0.99lr=0.001
Epoch 7/400 train_mse_scaled=0.050589 val_mae=158.707 val_rmse=210.134 test_mae=147.812 test_rmse=191.523 tf=0.99lr=0.001
Epoch 8/400 train_mse_scaled=0.048625 val_mae=170.566 val_rmse=228.873 test_mae=153.323 test_rmse=201.966 tf=0.99lr=0.001
Epoch 9/400 train_mse_scaled=0.046578 val_mae=140.408 val_rmse=188.778 test_mae=141.425 test_rmse=182.012 tf=0.98lr=0.001
Epoch 10/400 train_mse_scaled=0.042847 val_mae=144.222 val_rmse=195.368 test_mae=142.589 test_rmse=188.924 tf=0.98lr=0.001
Epoch 11/400 train_mse_scaled=0.039934 val_mae=143.985 val_rmse=199.204 test_mae=142.876 test_rmse=189.910 tf=0.98lr=0.001
Epoch 12/400 train_mse_scaled=0.037753 val_mae=142.116 val_rmse=197.226 test_mae=139.731 test_rmse=186.891 tf=0.98lr=0.001
Epoch 13/400 train_mse_scaled=0.034468 val_mae=129.325 val_rmse=171.993 test_mae=131.317 test_rmse=167.377 tf=0.98lr=0.001
Epoch 14/400 train_mse_scaled=0.033851 val_mae=133.159 val_rmse=182.587 test_mae=131.167 test_rmse=174.613 tf=0.97lr=0.001
Epoch 15/400 train_mse_scaled=0.031154 val_mae=122.636 val_rmse=166.690 test_mae=126.250 test_rmse=163.005 tf=0.97lr=0.001
Epoch 16/400 train_mse_scaled=0.030194 val_mae=124.136 val_rmse=165.060 test_mae=131.806 test_rmse=165.921 tf=0.97lr=0.001
Epoch 17/400 train_mse_scaled=0.027467 val_mae=122.923 val_rmse=162.769 test_mae=127.544 test_rmse=162.629 tf=0.97lr=0.001
Epoch 18/400 train_mse_scaled=0.026344 val_mae=121.782 val_rmse=161.494 test_mae=120.143 test_rmse=152.052 tf=0.97lr=0.001
Epoch 19/400 train_mse_scaled=0.024474 val_mae=123.855 val_rmse=165.358 test_mae=124.545 test_rmse=156.938 tf=0.96lr=0.001
Epoch 20/400 train_mse_scaled=0.023904 val_mae=120.255 val_rmse=156.952 test_mae=126.603 test_rmse=156.985 tf=0.96lr=0.001
Epoch 21/400 train_mse_scaled=0.023320 val_mae=118.389 val_rmse=158.488 test_mae=119.404 test_rmse=152.160 tf=0.96lr=0.001
Epoch 22/400 train_mse_scaled=0.021591 val_mae=116.603 val_rmse=152.354 test_mae=118.286 test_rmse=148.057 tf=0.96lr=0.001
Epoch 23/400 train_mse_scaled=0.021093 val_mae=115.768 val_rmse=151.094 test_mae=121.191 test_rmse=150.597 tf=0.96lr=0.001
Epoch 24/400 train_mse_scaled=0.020043 val_mae=115.439 val_rmse=153.051 test_mae=116.874 test_rmse=149.265 tf=0.95lr=0.001
Epoch 25/400 train_mse_scaled=0.019123 val_mae=114.396 val_rmse=146.866 test_mae=119.734 test_rmse=149.061 tf=0.95lr=0.001
Epoch 26/400 train_mse_scaled=0.018144 val_mae=112.405 val_rmse=149.048 test_mae=113.955 test_rmse=145.385 tf=0.95lr=0.001
Epoch 27/400 train_mse_scaled=0.018098 val_mae=115.593 val_rmse=156.746 test_mae=115.635 test_rmse=150.812 tf=0.95lr=0.001
Epoch 28/400 train_mse_scaled=0.018435 val_mae=115.134 val_rmse=155.290 test_mae=119.601 test_rmse=154.192 tf=0.95lr=0.001
Epoch 29/400 train_mse_scaled=0.016666 val_mae=115.970 val_rmse=150.964 test_mae=120.314 test_rmse=150.107 tf=0.94lr=0.001
Epoch 30/400 train_mse_scaled=0.015495 val_mae=113.522 val_rmse=148.123 test_mae=120.803 test_rmse=150.519 tf=0.94lr=0.0005
Epoch 31/400 train_mse_scaled=0.015057 val_mae=111.594 val_rmse=145.115 test_mae=118.160 test_rmse=147.541 tf=0.94lr=0.0005
Epoch 32/400 train_mse_scaled=0.015997 val_mae=110.075 val_rmse=144.035 test_mae=120.804 test_rmse=150.623 tf=0.94lr=0.0005
Epoch 33/400 train_mse_scaled=0.015222 val_mae=111.897 val_rmse=146.646 test_mae=116.400 test_rmse=146.419 tf=0.94lr=0.0005
Epoch 34/400 train_mse_scaled=0.015617 val_mae=108.077 val_rmse=139.853 test_mae=116.145 test_rmse=145.483 tf=0.93lr=0.0005
Epoch 35/400 train_mse_scaled=0.015974 val_mae=106.162 val_rmse=137.914 test_mae=110.356 test_rmse=140.168 tf=0.93lr=0.0005
Epoch 36/400 train_mse_scaled=0.015523 val_mae=108.000 val_rmse=143.659 test_mae=112.639 test_rmse=146.501 tf=0.93lr=0.0005
Epoch 37/400 train_mse_scaled=0.014291 val_mae=109.581 val_rmse=143.498 test_mae=117.510 test_rmse=148.406 tf=0.93lr=0.0005
Epoch 38/400 train_mse_scaled=0.014629 val_mae=109.733 val_rmse=142.801 test_mae=114.455 test_rmse=142.438 tf=0.93lr=0.0005
Epoch 39/400 train_mse_scaled=0.015005 val_mae=103.174 val_rmse=136.827 test_mae=109.741 test_rmse=140.988 tf=0.92lr=0.0005
Epoch 40/400 train_mse_scaled=0.013826 val_mae=106.298 val_rmse=139.077 test_mae=109.773 test_rmse=139.581 tf=0.92lr=0.0005
Epoch 41/400 train_mse_scaled=0.015394 val_mae=106.997 val_rmse=142.363 test_mae=114.324 test_rmse=144.938 tf=0.92lr=0.0005
Epoch 42/400 train_mse_scaled=0.014644 val_mae=101.551 val_rmse=135.116 test_mae=106.416 test_rmse=137.591 tf=0.92lr=0.0005
Epoch 43/400 train_mse_scaled=0.014123 val_mae=103.072 val_rmse=134.599 test_mae=115.157 test_rmse=143.910 tf=0.92lr=0.0005
Epoch 44/400 train_mse_scaled=0.015064 val_mae=101.543 val_rmse=133.046 test_mae=104.017 test_rmse=135.588 tf=0.91lr=0.0005
Epoch 45/400 train_mse_scaled=0.014063 val_mae=99.762 val_rmse=133.508 test_mae=106.628 test_rmse=139.181 tf=0.91lr=0.0005
Epoch 46/400 train_mse_scaled=0.014236 val_mae=101.469 val_rmse=134.121 test_mae=108.062 test_rmse=139.327 tf=0.91lr=0.0005
Epoch 47/400 train_mse_scaled=0.013900 val_mae=98.173 val_rmse=129.787 test_mae=107.534 test_rmse=137.671 tf=0.91lr=0.0005
Epoch 48/400 train_mse_scaled=0.013823 val_mae=100.669 val_rmse=132.525 test_mae=110.516 test_rmse=141.484 tf=0.91lr=0.0005
Epoch 49/400 train_mse_scaled=0.012760 val_mae=102.977 val_rmse=136.026 test_mae=111.047 test_rmse=141.401 tf=0.90lr=0.0005
Epoch 50/400 train_mse_scaled=0.013784 val_mae=101.861 val_rmse=133.222 test_mae=106.088 test_rmse=137.256 tf=0.90lr=0.0005
Epoch 51/400 train_mse_scaled=0.013228 val_mae=100.822 val_rmse=130.469 test_mae=111.163 test_rmse=143.039 tf=0.90lr=0.0005
Epoch 52/400 train_mse_scaled=0.013133 val_mae=100.042 val_rmse=133.539 test_mae=109.174 test_rmse=141.769 tf=0.90lr=0.00025
Epoch 53/400 train_mse_scaled=0.012864 val_mae=99.356 val_rmse=129.168 test_mae=108.271 test_rmse=138.146 tf=0.90lr=0.00025
Epoch 54/400 train_mse_scaled=0.013131 val_mae=97.578 val_rmse=128.264 test_mae=107.602 test_rmse=139.922 tf=0.89lr=0.00025
Epoch 55/400 train_mse_scaled=0.012553 val_mae=96.912 val_rmse=127.833 test_mae=105.527 test_rmse=137.722 tf=0.89lr=0.00025
Epoch 56/400 train_mse_scaled=0.013191 val_mae=97.960 val_rmse=127.630 test_mae=109.044 test_rmse=139.552 tf=0.89lr=0.00025
Epoch 57/400 train_mse_scaled=0.013299 val_mae=94.360 val_rmse=123.332 test_mae=107.093 test_rmse=138.802 tf=0.89lr=0.00025
Epoch 58/400 train_mse_scaled=0.013313 val_mae=96.708 val_rmse=126.269 test_mae=106.982 test_rmse=137.512 tf=0.89lr=0.00025
Epoch 59/400 train_mse_scaled=0.012863 val_mae=96.637 val_rmse=127.348 test_mae=106.521 test_rmse=141.050 tf=0.88lr=0.00025
Epoch 60/400 train_mse_scaled=0.013064 val_mae=93.826 val_rmse=125.095 test_mae=103.528 test_rmse=137.991 tf=0.88lr=0.00025
Epoch 61/400 train_mse_scaled=0.013093 val_mae=91.691 val_rmse=122.976 test_mae=101.106 test_rmse=135.735 tf=0.88lr=0.00025
Epoch 62/400 train_mse_scaled=0.013107 val_mae=95.491 val_rmse=124.804 test_mae=106.956 test_rmse=139.055 tf=0.88lr=0.00025
Epoch 63/400 train_mse_scaled=0.012297 val_mae=92.945 val_rmse=122.457 test_mae=103.600 test_rmse=137.609 tf=0.88lr=0.00025
Epoch 64/400 train_mse_scaled=0.012830 val_mae=91.781 val_rmse=120.641 test_mae=102.788 test_rmse=135.677 tf=0.87lr=0.00025
Epoch 65/400 train_mse_scaled=0.012895 val_mae=93.167 val_rmse=123.857 test_mae=105.903 test_rmse=138.930 tf=0.87lr=0.00025
Epoch 66/400 train_mse_scaled=0.012981 val_mae=90.595 val_rmse=120.262 test_mae=101.765 test_rmse=135.494 tf=0.87lr=0.00025
Epoch 67/400 train_mse_scaled=0.012691 val_mae=94.153 val_rmse=122.471 test_mae=107.291 test_rmse=140.162 tf=0.87lr=0.00025
Epoch 68/400 train_mse_scaled=0.012652 val_mae=89.408 val_rmse=119.743 test_mae=98.650 test_rmse=133.524 tf=0.87lr=0.00025
Epoch 69/400 train_mse_scaled=0.012778 val_mae=89.525 val_rmse=119.963 test_mae=106.689 test_rmse=142.465 tf=0.86lr=0.00025
Epoch 70/400 train_mse_scaled=0.012296 val_mae=89.669 val_rmse=119.103 test_mae=103.517 test_rmse=137.878 tf=0.86lr=0.00025
Epoch 71/400 train_mse_scaled=0.012241 val_mae=88.680 val_rmse=119.726 test_mae=105.133 test_rmse=141.804 tf=0.86lr=0.00025
Epoch 72/400 train_mse_scaled=0.012278 val_mae=88.279 val_rmse=117.863 test_mae=100.513 test_rmse=135.770 tf=0.86lr=0.00025
Epoch 73/400 train_mse_scaled=0.012298 val_mae=89.382 val_rmse=119.930 test_mae=102.475 test_rmse=138.004 tf=0.86lr=0.00025
Epoch 74/400 train_mse_scaled=0.012374 val_mae=88.066 val_rmse=116.689 test_mae=103.328 test_rmse=139.371 tf=0.85lr=0.00025
Epoch 75/400 train_mse_scaled=0.011850 val_mae=88.024 val_rmse=116.642 test_mae=105.260 test_rmse=140.885 tf=0.85lr=0.00025
Epoch 76/400 train_mse_scaled=0.012465 val_mae=90.200 val_rmse=119.303 test_mae=103.935 test_rmse=137.545 tf=0.85lr=0.00025
Epoch 77/400 train_mse_scaled=0.012418 val_mae=86.042 val_rmse=116.590 test_mae=101.481 test_rmse=139.352 tf=0.85lr=0.00025
Epoch 78/400 train_mse_scaled=0.012177 val_mae=86.686 val_rmse=115.800 test_mae=101.704 test_rmse=138.294 tf=0.85lr=0.00025
Epoch 79/400 train_mse_scaled=0.012143 val_mae=87.250 val_rmse=117.227 test_mae=103.742 test_rmse=141.371 tf=0.84lr=0.00025
Epoch 80/400 train_mse_scaled=0.011847 val_mae=86.327 val_rmse=116.967 test_mae=103.307 test_rmse=140.703 tf=0.84lr=0.00025
Epoch 81/400 train_mse_scaled=0.011406 val_mae=87.282 val_rmse=118.263 test_mae=102.821 test_rmse=141.470 tf=0.84lr=0.00025
Epoch 82/400 train_mse_scaled=0.011852 val_mae=89.132 val_rmse=118.097 test_mae=105.329 test_rmse=143.044 tf=0.84lr=0.00025
Epoch 83/400 train_mse_scaled=0.011609 val_mae=86.886 val_rmse=116.763 test_mae=105.387 test_rmse=142.722 tf=0.84lr=0.000125
Epoch 84/400 train_mse_scaled=0.011677 val_mae=85.256 val_rmse=114.791 test_mae=102.153 test_rmse=139.217 tf=0.83lr=0.000125
Epoch 85/400 train_mse_scaled=0.011851 val_mae=86.655 val_rmse=116.496 test_mae=104.812 test_rmse=141.149 tf=0.83lr=0.000125
Epoch 86/400 train_mse_scaled=0.011724 val_mae=85.161 val_rmse=114.833 test_mae=102.534 test_rmse=140.210 tf=0.83lr=0.000125
Epoch 87/400 train_mse_scaled=0.011631 val_mae=85.143 val_rmse=114.550 test_mae=103.176 test_rmse=140.558 tf=0.83lr=0.000125
Epoch 88/400 train_mse_scaled=0.011492 val_mae=84.184 val_rmse=115.326 test_mae=102.364 test_rmse=141.496 tf=0.83lr=0.000125
Epoch 89/400 train_mse_scaled=0.011603 val_mae=84.655 val_rmse=113.668 test_mae=105.015 test_rmse=143.016 tf=0.82lr=0.000125
Epoch 90/400 train_mse_scaled=0.011712 val_mae=85.058 val_rmse=114.366 test_mae=104.454 test_rmse=141.984 tf=0.82lr=0.000125
Epoch 91/400 train_mse_scaled=0.011983 val_mae=83.398 val_rmse=113.465 test_mae=103.285 test_rmse=143.208 tf=0.82lr=0.000125
Epoch 92/400 train_mse_scaled=0.011656 val_mae=83.607 val_rmse=113.412 test_mae=102.186 test_rmse=141.096 tf=0.82lr=0.000125
Epoch 93/400 train_mse_scaled=0.012017 val_mae=85.903 val_rmse=114.171 test_mae=104.737 test_rmse=141.963 tf=0.82lr=0.000125
Epoch 94/400 train_mse_scaled=0.011749 val_mae=81.739 val_rmse=110.286 test_mae=102.494 test_rmse=142.071 tf=0.81lr=0.000125
Epoch 95/400 train_mse_scaled=0.011668 val_mae=82.736 val_rmse=111.609 test_mae=103.074 test_rmse=141.592 tf=0.81lr=0.000125
Epoch 96/400 train_mse_scaled=0.011678 val_mae=84.167 val_rmse=113.726 test_mae=101.993 test_rmse=141.785 tf=0.81lr=0.000125
Epoch 97/400 train_mse_scaled=0.011561 val_mae=83.722 val_rmse=112.785 test_mae=105.683 test_rmse=146.015 tf=0.81lr=0.000125
Epoch 98/400 train_mse_scaled=0.011322 val_mae=82.334 val_rmse=111.384 test_mae=103.216 test_rmse=143.531 tf=0.81lr=0.000125
Epoch 99/400 train_mse_scaled=0.011131 val_mae=83.697 val_rmse=113.404 test_mae=104.710 test_rmse=145.288 tf=0.80lr=6.25e-05
Epoch 100/400 train_mse_scaled=0.011627 val_mae=81.905 val_rmse=111.252 test_mae=104.714 test_rmse=145.984 tf=0.80lr=6.25e-05
Epoch 101/400 train_mse_scaled=0.011695 val_mae=81.544 val_rmse=110.504 test_mae=103.480 test_rmse=144.265 tf=0.80lr=6.25e-05
Epoch 102/400 train_mse_scaled=0.011237 val_mae=82.328 val_rmse=112.556 test_mae=105.474 test_rmse=147.242 tf=0.80lr=6.25e-05
Epoch 103/400 train_mse_scaled=0.011506 val_mae=83.055 val_rmse=112.936 test_mae=104.740 test_rmse=145.942 tf=0.79lr=3.125e-05
Epoch 104/400 train_mse_scaled=0.011510 val_mae=82.024 val_rmse=111.934 test_mae=103.614 test_rmse=144.685 tf=0.79lr=3.125e-05
Epoch 105/400 train_mse_scaled=0.011878 val_mae=81.834 val_rmse=111.827 test_mae=104.357 test_rmse=145.589 tf=0.79lr=3.125e-05
Epoch 106/400 train_mse_scaled=0.011377 val_mae=81.635 val_rmse=111.257 test_mae=103.975 test_rmse=144.745 tf=0.79lr=3.125e-05
Epoch 107/400 train_mse_scaled=0.011578 val_mae=82.393 val_rmse=111.554 test_mae=104.393 test_rmse=144.801 tf=0.79lr=1.5625e-05
Epoch 108/400 train_mse_scaled=0.011672 val_mae=82.347 val_rmse=111.832 test_mae=104.502 test_rmse=145.209 tf=0.78lr=1.5625e-05
Epoch 109/400 train_mse_scaled=0.011781 val_mae=81.960 val_rmse=111.422 test_mae=104.233 test_rmse=145.119 tf=0.78lr=1.5625e-05
Epoch 110/400 train_mse_scaled=0.011883 val_mae=82.007 val_rmse=111.642 test_mae=104.460 test_rmse=145.460 tf=0.78lr=1.5625e-05
Epoch 111/400 train_mse_scaled=0.011264 val_mae=81.926 val_rmse=111.437 test_mae=104.373 test_rmse=145.279 tf=0.78lr=7.8125e-06
Epoch 112/400 train_mse_scaled=0.011585 val_mae=82.078 val_rmse=111.218 test_mae=104.471 test_rmse=144.861 tf=0.78lr=7.8125e-06
Epoch 113/400 train_mse_scaled=0.011718 val_mae=81.611 val_rmse=111.293 test_mae=103.974 test_rmse=144.839 tf=0.77lr=7.8125e-06
Epoch 114/400 train_mse_scaled=0.011773 val_mae=81.650 val_rmse=111.331 test_mae=104.493 test_rmse=145.478 tf=0.77lr=7.8125e-06
Epoch 115/400 train_mse_scaled=0.011860 val_mae=81.884 val_rmse=111.258 test_mae=104.738 test_rmse=145.392 tf=0.77lr=3.90625e-06
Epoch 116/400 train_mse_scaled=0.011608 val_mae=81.633 val_rmse=111.132 test_mae=104.487 test_rmse=145.445 tf=0.77lr=3.90625e-06
Epoch 117/400 train_mse_scaled=0.011633 val_mae=81.816 val_rmse=111.067 test_mae=104.747 test_rmse=145.442 tf=0.77lr=3.90625e-06
Epoch 118/400 train_mse_scaled=0.011893 val_mae=81.506 val_rmse=111.166 test_mae=104.520 test_rmse=145.652 tf=0.76lr=3.90625e-06
Epoch 119/400 train_mse_scaled=0.011621 val_mae=81.733 val_rmse=111.165 test_mae=104.680 test_rmse=145.587 tf=0.76lr=1.95313e-06
Epoch 120/400 train_mse_scaled=0.011760 val_mae=81.708 val_rmse=111.079 test_mae=104.562 test_rmse=145.516 tf=0.76lr=1.95313e-06
Epoch 121/400 train_mse_scaled=0.011832 val_mae=81.880 val_rmse=111.107 test_mae=104.679 test_rmse=145.444 tf=0.76lr=1.95313e-06
Epoch 122/400 train_mse_scaled=0.012175 val_mae=81.714 val_rmse=110.867 test_mae=104.511 test_rmse=145.240 tf=0.76lr=1.95313e-06
Epoch 123/400 train_mse_scaled=0.012163 val_mae=81.540 val_rmse=110.859 test_mae=104.371 test_rmse=145.288 tf=0.75lr=9.76563e-07
Epoch 124/400 train_mse_scaled=0.011790 val_mae=81.585 val_rmse=110.958 test_mae=104.505 test_rmse=145.465 tf=0.75lr=9.76563e-07
Epoch 125/400 train_mse_scaled=0.012382 val_mae=81.561 val_rmse=110.849 test_mae=104.575 test_rmse=145.468 tf=0.75lr=9.76563e-07
Epoch 126/400 train_mse_scaled=0.012729 val_mae=81.492 val_rmse=110.743 test_mae=104.537 test_rmse=145.368 tf=0.75lr=9.76563e-07
Epoch 127/400 train_mse_scaled=0.012089 val_mae=81.519 val_rmse=110.771 test_mae=104.554 test_rmse=145.393 tf=0.75lr=4.88281e-07
Epoch 128/400 train_mse_scaled=0.011789 val_mae=81.422 val_rmse=110.818 test_mae=104.450 test_rmse=145.476 tf=0.74lr=4.88281e-07
Epoch 129/400 train_mse_scaled=0.012250 val_mae=81.501 val_rmse=110.788 test_mae=104.575 test_rmse=145.466 tf=0.74lr=4.88281e-07
Epoch 130/400 train_mse_scaled=0.012181 val_mae=81.470 val_rmse=110.790 test_mae=104.546 test_rmse=145.446 tf=0.74lr=4.88281e-07
Epoch 131/400 train_mse_scaled=0.012298 val_mae=81.498 val_rmse=110.774 test_mae=104.567 test_rmse=145.420 tf=0.74lr=2.44141e-07
Epoch 132/400 train_mse_scaled=0.012473 val_mae=81.498 val_rmse=110.766 test_mae=104.577 test_rmse=145.419 tf=0.74lr=2.44141e-07
Epoch 133/400 train_mse_scaled=0.012339 val_mae=81.511 val_rmse=110.757 test_mae=104.603 test_rmse=145.425 tf=0.73lr=2.44141e-07
Epoch 134/400 train_mse_scaled=0.012458 val_mae=81.488 val_rmse=110.727 test_mae=104.587 test_rmse=145.416 tf=0.73lr=2.44141e-07
Epoch 135/400 train_mse_scaled=0.012243 val_mae=81.480 val_rmse=110.720 test_mae=104.584 test_rmse=145.416 tf=0.73lr=1.2207e-07
Epoch 136/400 train_mse_scaled=0.012318 val_mae=81.478 val_rmse=110.722 test_mae=104.572 test_rmse=145.403 tf=0.73lr=1.2207e-07
Epoch 137/400 train_mse_scaled=0.012346 val_mae=81.471 val_rmse=110.719 test_mae=104.571 test_rmse=145.400 tf=0.73lr=1.2207e-07
Epoch 138/400 train_mse_scaled=0.012975 val_mae=81.460 val_rmse=110.702 test_mae=104.584 test_rmse=145.408 tf=0.72lr=1.2207e-07
Epoch 139/400 train_mse_scaled=0.012321 val_mae=81.454 val_rmse=110.699 test_mae=104.572 test_rmse=145.404 tf=0.72lr=6.10352e-08
Epoch 140/400 train_mse_scaled=0.013087 val_mae=81.454 val_rmse=110.687 test_mae=104.572 test_rmse=145.393 tf=0.72lr=6.10352e-08
Epoch 141/400 train_mse_scaled=0.012970 val_mae=81.452 val_rmse=110.672 test_mae=104.575 test_rmse=145.382 tf=0.72lr=6.10352e-08
Epoch 142/400 train_mse_scaled=0.012499 val_mae=81.444 val_rmse=110.670 test_mae=104.568 test_rmse=145.381 tf=0.72lr=6.10352e-08
Epoch 143/400 train_mse_scaled=0.012805 val_mae=81.444 val_rmse=110.668 test_mae=104.568 test_rmse=145.378 tf=0.71lr=3.05176e-08
Epoch 144/400 train_mse_scaled=0.012858 val_mae=81.445 val_rmse=110.663 test_mae=104.571 test_rmse=145.374 tf=0.71lr=3.05176e-08
Early stopping triggered at epoch 144. Best val RMSE: 110.286
Training complete. Best checkpoint at: v2/results/checkpoints/seq2seq/best.pth
