Cleaned data: 787920 -> 609679 rows. Saved: v2/results/cleaned.csv
Samples -> train: 16453, val: 2056, test: 2121

Train samples (show 5):
  [0] TurbID=1, start_idx=14, hist=(2020-01-01 16:00:00~2020-01-03 15:00:00), pred=(2020-01-03 16:00:00~2020-01-04 15:00:00)
  [1] TurbID=1, start_idx=15, hist=(2020-01-01 17:00:00~2020-01-03 16:00:00), pred=(2020-01-03 17:00:00~2020-01-04 16:00:00)
  [2] TurbID=1, start_idx=16, hist=(2020-01-01 18:00:00~2020-01-03 17:00:00), pred=(2020-01-03 18:00:00~2020-01-04 17:00:00)
  [3] TurbID=1, start_idx=17, hist=(2020-01-01 19:00:00~2020-01-03 18:00:00), pred=(2020-01-03 19:00:00~2020-01-04 18:00:00)
  [4] TurbID=1, start_idx=18, hist=(2020-01-01 20:00:00~2020-01-03 19:00:00), pred=(2020-01-03 20:00:00~2020-01-04 19:00:00)

Val samples (show 5):
  [0] TurbID=1, start_idx=3770, hist=(2020-07-21 11:00:00~2020-07-23 10:00:00), pred=(2020-07-23 11:00:00~2020-07-24 10:00:00)
  [1] TurbID=1, start_idx=3771, hist=(2020-07-21 12:00:00~2020-07-23 11:00:00), pred=(2020-07-23 12:00:00~2020-07-24 11:00:00)
  [2] TurbID=1, start_idx=3772, hist=(2020-07-21 13:00:00~2020-07-23 12:00:00), pred=(2020-07-23 13:00:00~2020-07-24 12:00:00)
  [3] TurbID=1, start_idx=3773, hist=(2020-07-21 14:00:00~2020-07-23 13:00:00), pred=(2020-07-23 14:00:00~2020-07-24 13:00:00)
  [4] TurbID=1, start_idx=3774, hist=(2020-07-21 15:00:00~2020-07-23 14:00:00), pred=(2020-07-23 15:00:00~2020-07-24 14:00:00)

Test samples (show 5):
  [0] TurbID=1, start_idx=3964, hist=(2020-08-01 01:00:00~2020-08-03 00:00:00), pred=(2020-08-03 01:00:00~2020-08-04 00:00:00)
  [1] TurbID=1, start_idx=3965, hist=(2020-08-01 02:00:00~2020-08-03 01:00:00), pred=(2020-08-03 02:00:00~2020-08-04 01:00:00)
  [2] TurbID=1, start_idx=3966, hist=(2020-08-01 03:00:00~2020-08-03 02:00:00), pred=(2020-08-03 03:00:00~2020-08-04 02:00:00)
  [3] TurbID=1, start_idx=3967, hist=(2020-08-01 04:00:00~2020-08-03 03:00:00), pred=(2020-08-03 04:00:00~2020-08-04 03:00:00)
  [4] TurbID=1, start_idx=3968, hist=(2020-08-01 05:00:00~2020-08-03 04:00:00), pred=(2020-08-03 05:00:00~2020-08-04 04:00:00)
Epoch 1/400 train_mse_scaled=0.164327 val_mae=172.586 val_rmse=222.744 test_mae=151.435 test_rmse=188.129 tf=1.00lr=0.001
Epoch 2/400 train_mse_scaled=0.037711 val_mae=191.105 val_rmse=245.366 test_mae=161.095 test_rmse=203.439 tf=1.00lr=0.001
Epoch 3/400 train_mse_scaled=0.032076 val_mae=177.779 val_rmse=232.286 test_mae=144.362 test_rmse=185.270 tf=1.00lr=0.001
Epoch 4/400 train_mse_scaled=0.029928 val_mae=187.835 val_rmse=244.978 test_mae=153.714 test_rmse=201.079 tf=0.99lr=0.001
Epoch 5/400 train_mse_scaled=0.028957 val_mae=165.570 val_rmse=217.941 test_mae=139.098 test_rmse=179.565 tf=0.99lr=0.001
Epoch 6/400 train_mse_scaled=0.027686 val_mae=159.775 val_rmse=208.909 test_mae=138.635 test_rmse=176.535 tf=0.99lr=0.001
Epoch 7/400 train_mse_scaled=0.026837 val_mae=154.394 val_rmse=203.396 test_mae=135.030 test_rmse=172.636 tf=0.99lr=0.001
Epoch 8/400 train_mse_scaled=0.026055 val_mae=164.712 val_rmse=217.473 test_mae=139.084 test_rmse=181.603 tf=0.99lr=0.001
Epoch 9/400 train_mse_scaled=0.025350 val_mae=139.846 val_rmse=183.846 test_mae=136.866 test_rmse=169.919 tf=0.98lr=0.001
Epoch 10/400 train_mse_scaled=0.023806 val_mae=153.385 val_rmse=204.353 test_mae=141.621 test_rmse=184.023 tf=0.98lr=0.001
Epoch 11/400 train_mse_scaled=0.022615 val_mae=146.425 val_rmse=198.567 test_mae=139.566 test_rmse=179.898 tf=0.98lr=0.001
Epoch 12/400 train_mse_scaled=0.022035 val_mae=143.673 val_rmse=193.135 test_mae=142.926 test_rmse=183.354 tf=0.98lr=0.001
Epoch 13/400 train_mse_scaled=0.020491 val_mae=143.234 val_rmse=191.646 test_mae=143.820 test_rmse=181.726 tf=0.98lr=0.001
Epoch 14/400 train_mse_scaled=0.020167 val_mae=140.763 val_rmse=185.406 test_mae=144.265 test_rmse=181.502 tf=0.97lr=0.0005
Epoch 15/400 train_mse_scaled=0.019249 val_mae=138.353 val_rmse=180.182 test_mae=141.501 test_rmse=175.923 tf=0.97lr=0.0005
Epoch 16/400 train_mse_scaled=0.019084 val_mae=141.511 val_rmse=186.206 test_mae=145.695 test_rmse=183.074 tf=0.97lr=0.0005
Epoch 17/400 train_mse_scaled=0.017918 val_mae=137.935 val_rmse=181.397 test_mae=140.526 test_rmse=176.638 tf=0.97lr=0.0005
Epoch 18/400 train_mse_scaled=0.017591 val_mae=136.524 val_rmse=177.075 test_mae=140.761 test_rmse=175.206 tf=0.97lr=0.0005
Epoch 19/400 train_mse_scaled=0.016813 val_mae=138.774 val_rmse=181.169 test_mae=147.119 test_rmse=182.250 tf=0.96lr=0.0005
Epoch 20/400 train_mse_scaled=0.016724 val_mae=144.589 val_rmse=190.220 test_mae=147.152 test_rmse=185.555 tf=0.96lr=0.0005
Epoch 21/400 train_mse_scaled=0.016766 val_mae=135.077 val_rmse=175.400 test_mae=144.517 test_rmse=177.658 tf=0.96lr=0.0005
Epoch 22/400 train_mse_scaled=0.016145 val_mae=134.294 val_rmse=173.449 test_mae=141.600 test_rmse=174.996 tf=0.96lr=0.0005
Epoch 23/400 train_mse_scaled=0.015996 val_mae=135.879 val_rmse=178.296 test_mae=145.842 test_rmse=180.719 tf=0.96lr=0.0005
Epoch 24/400 train_mse_scaled=0.015513 val_mae=141.091 val_rmse=185.140 test_mae=146.520 test_rmse=184.306 tf=0.95lr=0.0005
Epoch 25/400 train_mse_scaled=0.015079 val_mae=136.462 val_rmse=175.718 test_mae=149.982 test_rmse=183.415 tf=0.95lr=0.0005
Epoch 26/400 train_mse_scaled=0.014587 val_mae=138.188 val_rmse=182.090 test_mae=148.184 test_rmse=183.974 tf=0.95lr=0.0005
Epoch 27/400 train_mse_scaled=0.014534 val_mae=136.686 val_rmse=177.852 test_mae=147.776 test_rmse=182.370 tf=0.95lr=0.00025
Epoch 28/400 train_mse_scaled=0.014978 val_mae=139.264 val_rmse=180.968 test_mae=152.580 test_rmse=187.647 tf=0.95lr=0.00025
Epoch 29/400 train_mse_scaled=0.014174 val_mae=134.081 val_rmse=174.284 test_mae=147.997 test_rmse=181.492 tf=0.94lr=0.00025
Epoch 30/400 train_mse_scaled=0.013855 val_mae=135.939 val_rmse=176.515 test_mae=151.199 test_rmse=185.270 tf=0.94lr=0.00025
Epoch 31/400 train_mse_scaled=0.013475 val_mae=137.703 val_rmse=179.095 test_mae=151.886 test_rmse=186.452 tf=0.94lr=0.000125
Epoch 32/400 train_mse_scaled=0.014491 val_mae=132.662 val_rmse=171.545 test_mae=150.479 test_rmse=184.109 tf=0.94lr=0.000125
Epoch 33/400 train_mse_scaled=0.013960 val_mae=138.284 val_rmse=178.854 test_mae=153.465 test_rmse=187.456 tf=0.94lr=0.000125
Epoch 34/400 train_mse_scaled=0.014517 val_mae=133.214 val_rmse=172.490 test_mae=150.563 test_rmse=184.195 tf=0.93lr=0.000125
Epoch 35/400 train_mse_scaled=0.014975 val_mae=132.748 val_rmse=171.610 test_mae=150.978 test_rmse=183.930 tf=0.93lr=0.000125
Epoch 36/400 train_mse_scaled=0.014567 val_mae=133.094 val_rmse=172.784 test_mae=150.040 test_rmse=183.671 tf=0.93lr=0.000125
Epoch 37/400 train_mse_scaled=0.013581 val_mae=133.604 val_rmse=173.536 test_mae=151.024 test_rmse=184.790 tf=0.93lr=6.25e-05
Epoch 38/400 train_mse_scaled=0.014001 val_mae=133.683 val_rmse=173.415 test_mae=150.931 test_rmse=184.383 tf=0.93lr=6.25e-05
Epoch 39/400 train_mse_scaled=0.014481 val_mae=132.743 val_rmse=171.870 test_mae=151.043 test_rmse=184.467 tf=0.92lr=6.25e-05
Epoch 40/400 train_mse_scaled=0.013541 val_mae=133.817 val_rmse=173.348 test_mae=150.572 test_rmse=184.352 tf=0.92lr=6.25e-05
Epoch 41/400 train_mse_scaled=0.015197 val_mae=131.700 val_rmse=170.985 test_mae=148.933 test_rmse=182.302 tf=0.92lr=3.125e-05
Epoch 42/400 train_mse_scaled=0.014813 val_mae=132.033 val_rmse=171.095 test_mae=149.911 test_rmse=183.352 tf=0.92lr=3.125e-05
Epoch 43/400 train_mse_scaled=0.014330 val_mae=133.544 val_rmse=172.448 test_mae=152.372 test_rmse=185.812 tf=0.92lr=3.125e-05
Epoch 44/400 train_mse_scaled=0.015517 val_mae=130.712 val_rmse=168.984 test_mae=148.954 test_rmse=181.987 tf=0.91lr=3.125e-05
Epoch 45/400 train_mse_scaled=0.014977 val_mae=131.342 val_rmse=169.864 test_mae=150.351 test_rmse=183.557 tf=0.91lr=3.125e-05
Epoch 46/400 train_mse_scaled=0.015143 val_mae=131.643 val_rmse=170.959 test_mae=149.999 test_rmse=183.648 tf=0.91lr=3.125e-05
Epoch 47/400 train_mse_scaled=0.014950 val_mae=130.303 val_rmse=168.415 test_mae=149.770 test_rmse=183.060 tf=0.91lr=3.125e-05
Epoch 48/400 train_mse_scaled=0.015039 val_mae=130.481 val_rmse=169.135 test_mae=149.947 test_rmse=183.577 tf=0.91lr=3.125e-05
Epoch 49/400 train_mse_scaled=0.014133 val_mae=131.388 val_rmse=169.638 test_mae=151.641 test_rmse=185.057 tf=0.90lr=3.125e-05
Epoch 50/400 train_mse_scaled=0.015369 val_mae=128.990 val_rmse=167.758 test_mae=147.911 test_rmse=181.209 tf=0.90lr=3.125e-05
Epoch 51/400 train_mse_scaled=0.015045 val_mae=130.753 val_rmse=169.662 test_mae=150.568 test_rmse=184.098 tf=0.90lr=3.125e-05
Epoch 52/400 train_mse_scaled=0.015399 val_mae=129.307 val_rmse=166.845 test_mae=148.219 test_rmse=180.981 tf=0.90lr=3.125e-05
Epoch 53/400 train_mse_scaled=0.015383 val_mae=129.476 val_rmse=166.848 test_mae=149.109 test_rmse=182.053 tf=0.90lr=3.125e-05
Epoch 54/400 train_mse_scaled=0.015904 val_mae=126.857 val_rmse=164.586 test_mae=145.998 test_rmse=178.776 tf=0.89lr=3.125e-05
Epoch 55/400 train_mse_scaled=0.015077 val_mae=128.896 val_rmse=166.575 test_mae=148.558 test_rmse=181.395 tf=0.89lr=3.125e-05
Epoch 56/400 train_mse_scaled=0.016004 val_mae=129.235 val_rmse=167.596 test_mae=147.711 test_rmse=180.747 tf=0.89lr=3.125e-05
Epoch 57/400 train_mse_scaled=0.016219 val_mae=128.346 val_rmse=167.023 test_mae=147.560 test_rmse=180.839 tf=0.89lr=3.125e-05
Epoch 58/400 train_mse_scaled=0.016640 val_mae=126.700 val_rmse=163.887 test_mae=145.583 test_rmse=178.260 tf=0.89lr=3.125e-05
Epoch 59/400 train_mse_scaled=0.016028 val_mae=125.604 val_rmse=163.022 test_mae=145.318 test_rmse=178.178 tf=0.88lr=3.125e-05
Epoch 60/400 train_mse_scaled=0.016351 val_mae=127.254 val_rmse=164.758 test_mae=147.411 test_rmse=180.159 tf=0.88lr=3.125e-05
Epoch 61/400 train_mse_scaled=0.016648 val_mae=125.566 val_rmse=163.037 test_mae=146.246 test_rmse=178.792 tf=0.88lr=3.125e-05
Epoch 62/400 train_mse_scaled=0.016991 val_mae=125.578 val_rmse=162.895 test_mae=145.194 test_rmse=177.911 tf=0.88lr=3.125e-05
Epoch 63/400 train_mse_scaled=0.015876 val_mae=125.668 val_rmse=162.814 test_mae=146.262 test_rmse=179.018 tf=0.88lr=3.125e-05
Epoch 64/400 train_mse_scaled=0.016740 val_mae=124.389 val_rmse=161.306 test_mae=145.644 test_rmse=178.245 tf=0.87lr=3.125e-05
Epoch 65/400 train_mse_scaled=0.016787 val_mae=124.232 val_rmse=161.005 test_mae=145.500 test_rmse=178.035 tf=0.87lr=3.125e-05
Epoch 66/400 train_mse_scaled=0.017197 val_mae=124.206 val_rmse=161.238 test_mae=143.790 test_rmse=176.081 tf=0.87lr=3.125e-05
Epoch 67/400 train_mse_scaled=0.017051 val_mae=125.155 val_rmse=162.386 test_mae=146.698 test_rmse=179.265 tf=0.87lr=3.125e-05
Epoch 68/400 train_mse_scaled=0.016992 val_mae=124.028 val_rmse=161.012 test_mae=145.125 test_rmse=177.563 tf=0.87lr=3.125e-05
Epoch 69/400 train_mse_scaled=0.017161 val_mae=123.635 val_rmse=160.558 test_mae=144.351 test_rmse=176.513 tf=0.86lr=3.125e-05
Epoch 70/400 train_mse_scaled=0.016443 val_mae=123.935 val_rmse=160.897 test_mae=145.574 test_rmse=177.981 tf=0.86lr=3.125e-05
Epoch 71/400 train_mse_scaled=0.016654 val_mae=123.512 val_rmse=160.613 test_mae=144.984 test_rmse=177.628 tf=0.86lr=3.125e-05
Epoch 72/400 train_mse_scaled=0.016992 val_mae=122.741 val_rmse=158.999 test_mae=144.309 test_rmse=176.626 tf=0.86lr=3.125e-05
Epoch 73/400 train_mse_scaled=0.017090 val_mae=123.527 val_rmse=160.950 test_mae=144.727 test_rmse=177.314 tf=0.86lr=3.125e-05
Epoch 74/400 train_mse_scaled=0.017275 val_mae=122.595 val_rmse=159.438 test_mae=144.025 test_rmse=176.160 tf=0.85lr=3.125e-05
Epoch 75/400 train_mse_scaled=0.016557 val_mae=122.881 val_rmse=159.368 test_mae=144.309 test_rmse=176.273 tf=0.85lr=3.125e-05
Epoch 76/400 train_mse_scaled=0.017907 val_mae=121.801 val_rmse=157.537 test_mae=143.804 test_rmse=175.622 tf=0.85lr=3.125e-05
Epoch 77/400 train_mse_scaled=0.017596 val_mae=121.048 val_rmse=157.397 test_mae=142.501 test_rmse=174.352 tf=0.85lr=3.125e-05
Epoch 78/400 train_mse_scaled=0.017385 val_mae=120.639 val_rmse=157.115 test_mae=142.804 test_rmse=174.711 tf=0.85lr=3.125e-05
Epoch 79/400 train_mse_scaled=0.017613 val_mae=121.282 val_rmse=157.965 test_mae=143.827 test_rmse=175.907 tf=0.84lr=3.125e-05
Epoch 80/400 train_mse_scaled=0.016844 val_mae=121.415 val_rmse=158.005 test_mae=142.118 test_rmse=173.959 tf=0.84lr=3.125e-05
Epoch 81/400 train_mse_scaled=0.016546 val_mae=121.082 val_rmse=157.212 test_mae=141.715 test_rmse=173.460 tf=0.84lr=3.125e-05
Epoch 82/400 train_mse_scaled=0.017441 val_mae=121.220 val_rmse=158.237 test_mae=142.133 test_rmse=174.262 tf=0.84lr=3.125e-05
Epoch 83/400 train_mse_scaled=0.017694 val_mae=120.271 val_rmse=156.479 test_mae=141.715 test_rmse=173.499 tf=0.84lr=1.5625e-05
Epoch 84/400 train_mse_scaled=0.017801 val_mae=120.312 val_rmse=156.360 test_mae=142.857 test_rmse=174.657 tf=0.83lr=1.5625e-05
Epoch 85/400 train_mse_scaled=0.018442 val_mae=119.467 val_rmse=155.254 test_mae=141.084 test_rmse=172.631 tf=0.83lr=1.5625e-05
Epoch 86/400 train_mse_scaled=0.018247 val_mae=119.231 val_rmse=154.768 test_mae=140.831 test_rmse=172.227 tf=0.83lr=1.5625e-05
Epoch 87/400 train_mse_scaled=0.017896 val_mae=118.585 val_rmse=154.790 test_mae=140.531 test_rmse=172.337 tf=0.83lr=1.5625e-05
Epoch 88/400 train_mse_scaled=0.017754 val_mae=119.383 val_rmse=155.671 test_mae=141.155 test_rmse=172.812 tf=0.83lr=1.5625e-05
Epoch 89/400 train_mse_scaled=0.018120 val_mae=119.075 val_rmse=154.253 test_mae=141.823 test_rmse=173.338 tf=0.82lr=1.5625e-05
Epoch 90/400 train_mse_scaled=0.018111 val_mae=118.396 val_rmse=154.667 test_mae=141.074 test_rmse=172.992 tf=0.82lr=1.5625e-05
Epoch 91/400 train_mse_scaled=0.018985 val_mae=117.989 val_rmse=153.935 test_mae=139.529 test_rmse=170.985 tf=0.82lr=1.5625e-05
Epoch 92/400 train_mse_scaled=0.018341 val_mae=118.829 val_rmse=154.066 test_mae=140.648 test_rmse=171.925 tf=0.82lr=1.5625e-05
Epoch 93/400 train_mse_scaled=0.019072 val_mae=117.359 val_rmse=152.999 test_mae=139.317 test_rmse=170.752 tf=0.82lr=1.5625e-05
Epoch 94/400 train_mse_scaled=0.018923 val_mae=116.972 val_rmse=152.164 test_mae=139.650 test_rmse=170.956 tf=0.81lr=1.5625e-05
Epoch 95/400 train_mse_scaled=0.018594 val_mae=117.619 val_rmse=153.230 test_mae=139.987 test_rmse=171.369 tf=0.81lr=1.5625e-05
Epoch 96/400 train_mse_scaled=0.019174 val_mae=116.661 val_rmse=152.446 test_mae=139.589 test_rmse=171.048 tf=0.81lr=1.5625e-05
Epoch 97/400 train_mse_scaled=0.018443 val_mae=116.723 val_rmse=152.571 test_mae=138.304 test_rmse=169.818 tf=0.81lr=1.5625e-05
Epoch 98/400 train_mse_scaled=0.018156 val_mae=116.745 val_rmse=152.429 test_mae=139.191 test_rmse=170.597 tf=0.81lr=1.5625e-05
Epoch 99/400 train_mse_scaled=0.018435 val_mae=117.518 val_rmse=153.369 test_mae=139.960 test_rmse=171.436 tf=0.80lr=7.8125e-06
Epoch 100/400 train_mse_scaled=0.019465 val_mae=116.895 val_rmse=152.598 test_mae=139.573 test_rmse=171.028 tf=0.80lr=7.8125e-06
Epoch 101/400 train_mse_scaled=0.019526 val_mae=117.066 val_rmse=152.337 test_mae=139.577 test_rmse=170.828 tf=0.80lr=7.8125e-06
Epoch 102/400 train_mse_scaled=0.018974 val_mae=116.307 val_rmse=151.635 test_mae=139.138 test_rmse=170.481 tf=0.80lr=7.8125e-06
Epoch 103/400 train_mse_scaled=0.019466 val_mae=116.102 val_rmse=151.733 test_mae=138.630 test_rmse=170.044 tf=0.79lr=7.8125e-06
Epoch 104/400 train_mse_scaled=0.019574 val_mae=116.345 val_rmse=151.950 test_mae=138.187 test_rmse=169.307 tf=0.79lr=7.8125e-06
Epoch 105/400 train_mse_scaled=0.020267 val_mae=115.618 val_rmse=150.986 test_mae=137.674 test_rmse=168.681 tf=0.79lr=7.8125e-06
Epoch 106/400 train_mse_scaled=0.019572 val_mae=115.745 val_rmse=150.972 test_mae=137.703 test_rmse=168.758 tf=0.79lr=7.8125e-06
Epoch 107/400 train_mse_scaled=0.019788 val_mae=115.535 val_rmse=150.371 test_mae=137.695 test_rmse=168.652 tf=0.79lr=7.8125e-06
Epoch 108/400 train_mse_scaled=0.020024 val_mae=115.500 val_rmse=150.959 test_mae=137.691 test_rmse=168.887 tf=0.78lr=7.8125e-06
Epoch 109/400 train_mse_scaled=0.020132 val_mae=114.708 val_rmse=149.819 test_mae=137.203 test_rmse=168.358 tf=0.78lr=7.8125e-06
Epoch 110/400 train_mse_scaled=0.020348 val_mae=115.103 val_rmse=150.365 test_mae=137.805 test_rmse=168.906 tf=0.78lr=7.8125e-06
Epoch 111/400 train_mse_scaled=0.019185 val_mae=115.288 val_rmse=150.182 test_mae=137.578 test_rmse=168.526 tf=0.78lr=7.8125e-06
Epoch 112/400 train_mse_scaled=0.019730 val_mae=114.676 val_rmse=149.555 test_mae=137.338 test_rmse=168.325 tf=0.78lr=7.8125e-06
Epoch 113/400 train_mse_scaled=0.020182 val_mae=114.813 val_rmse=150.086 test_mae=137.406 test_rmse=168.489 tf=0.77lr=7.8125e-06
Epoch 114/400 train_mse_scaled=0.020186 val_mae=114.149 val_rmse=149.256 test_mae=137.490 test_rmse=168.529 tf=0.77lr=7.8125e-06
Epoch 115/400 train_mse_scaled=0.020123 val_mae=114.175 val_rmse=148.982 test_mae=137.088 test_rmse=167.932 tf=0.77lr=7.8125e-06
Epoch 116/400 train_mse_scaled=0.020228 val_mae=113.979 val_rmse=148.788 test_mae=137.072 test_rmse=168.091 tf=0.77lr=7.8125e-06
Epoch 117/400 train_mse_scaled=0.019927 val_mae=114.141 val_rmse=149.113 test_mae=137.612 test_rmse=168.599 tf=0.77lr=7.8125e-06
Epoch 118/400 train_mse_scaled=0.020333 val_mae=113.555 val_rmse=148.542 test_mae=136.809 test_rmse=167.794 tf=0.76lr=7.8125e-06
Epoch 119/400 train_mse_scaled=0.020224 val_mae=114.307 val_rmse=149.067 test_mae=136.575 test_rmse=167.349 tf=0.76lr=7.8125e-06
Epoch 120/400 train_mse_scaled=0.020384 val_mae=113.605 val_rmse=148.783 test_mae=136.064 test_rmse=167.025 tf=0.76lr=7.8125e-06
Epoch 121/400 train_mse_scaled=0.020159 val_mae=113.811 val_rmse=148.607 test_mae=136.622 test_rmse=167.444 tf=0.76lr=7.8125e-06
Epoch 122/400 train_mse_scaled=0.020910 val_mae=113.372 val_rmse=148.262 test_mae=136.179 test_rmse=167.059 tf=0.76lr=7.8125e-06
Epoch 123/400 train_mse_scaled=0.021120 val_mae=113.190 val_rmse=147.748 test_mae=135.846 test_rmse=166.540 tf=0.75lr=7.8125e-06
Epoch 124/400 train_mse_scaled=0.020221 val_mae=113.143 val_rmse=147.959 test_mae=135.564 test_rmse=166.406 tf=0.75lr=7.8125e-06
Epoch 125/400 train_mse_scaled=0.021150 val_mae=113.175 val_rmse=147.976 test_mae=135.873 test_rmse=166.637 tf=0.75lr=7.8125e-06
Epoch 126/400 train_mse_scaled=0.022496 val_mae=112.720 val_rmse=147.642 test_mae=135.791 test_rmse=166.507 tf=0.75lr=7.8125e-06
Epoch 127/400 train_mse_scaled=0.020907 val_mae=112.155 val_rmse=146.614 test_mae=135.055 test_rmse=165.671 tf=0.75lr=7.8125e-06
Epoch 128/400 train_mse_scaled=0.020153 val_mae=112.777 val_rmse=147.425 test_mae=135.569 test_rmse=166.425 tf=0.74lr=7.8125e-06
Epoch 129/400 train_mse_scaled=0.021260 val_mae=112.274 val_rmse=147.037 test_mae=135.541 test_rmse=166.433 tf=0.74lr=7.8125e-06
Epoch 130/400 train_mse_scaled=0.020864 val_mae=112.181 val_rmse=146.916 test_mae=135.256 test_rmse=166.059 tf=0.74lr=7.8125e-06
Epoch 131/400 train_mse_scaled=0.021425 val_mae=112.113 val_rmse=146.808 test_mae=135.572 test_rmse=166.387 tf=0.74lr=7.8125e-06
Epoch 132/400 train_mse_scaled=0.021610 val_mae=111.585 val_rmse=146.214 test_mae=134.833 test_rmse=165.557 tf=0.74lr=3.90625e-06
Epoch 133/400 train_mse_scaled=0.021118 val_mae=111.926 val_rmse=146.511 test_mae=135.104 test_rmse=165.816 tf=0.73lr=3.90625e-06
Epoch 134/400 train_mse_scaled=0.021429 val_mae=111.696 val_rmse=146.322 test_mae=134.723 test_rmse=165.483 tf=0.73lr=3.90625e-06
Epoch 135/400 train_mse_scaled=0.021058 val_mae=111.628 val_rmse=146.400 test_mae=134.782 test_rmse=165.583 tf=0.73lr=3.90625e-06
Epoch 136/400 train_mse_scaled=0.021003 val_mae=111.602 val_rmse=146.099 test_mae=134.740 test_rmse=165.425 tf=0.73lr=3.90625e-06
Epoch 137/400 train_mse_scaled=0.021401 val_mae=111.653 val_rmse=146.079 test_mae=135.173 test_rmse=165.853 tf=0.73lr=3.90625e-06
Epoch 138/400 train_mse_scaled=0.022474 val_mae=111.698 val_rmse=146.142 test_mae=134.878 test_rmse=165.487 tf=0.72lr=3.90625e-06
Epoch 139/400 train_mse_scaled=0.021170 val_mae=111.450 val_rmse=145.807 test_mae=134.475 test_rmse=165.038 tf=0.72lr=3.90625e-06
Epoch 140/400 train_mse_scaled=0.023096 val_mae=111.050 val_rmse=145.651 test_mae=134.809 test_rmse=165.507 tf=0.72lr=3.90625e-06
Epoch 141/400 train_mse_scaled=0.022677 val_mae=111.017 val_rmse=145.467 test_mae=134.637 test_rmse=165.308 tf=0.72lr=3.90625e-06
Epoch 142/400 train_mse_scaled=0.021074 val_mae=111.127 val_rmse=145.595 test_mae=134.451 test_rmse=165.087 tf=0.72lr=3.90625e-06
Epoch 143/400 train_mse_scaled=0.022109 val_mae=110.969 val_rmse=145.718 test_mae=133.997 test_rmse=164.667 tf=0.71lr=3.90625e-06
Epoch 144/400 train_mse_scaled=0.022257 val_mae=110.661 val_rmse=145.161 test_mae=133.865 test_rmse=164.542 tf=0.71lr=3.90625e-06
Epoch 145/400 train_mse_scaled=0.022215 val_mae=110.712 val_rmse=145.119 test_mae=133.386 test_rmse=163.927 tf=0.71lr=3.90625e-06
Epoch 146/400 train_mse_scaled=0.021947 val_mae=110.599 val_rmse=145.132 test_mae=133.761 test_rmse=164.419 tf=0.71lr=3.90625e-06
Epoch 147/400 train_mse_scaled=0.022622 val_mae=110.887 val_rmse=145.014 test_mae=133.635 test_rmse=164.035 tf=0.71lr=3.90625e-06
Epoch 148/400 train_mse_scaled=0.021655 val_mae=110.335 val_rmse=144.714 test_mae=133.396 test_rmse=163.951 tf=0.70lr=3.90625e-06
Epoch 149/400 train_mse_scaled=0.022226 val_mae=110.715 val_rmse=144.981 test_mae=133.670 test_rmse=164.146 tf=0.70lr=3.90625e-06
Epoch 150/400 train_mse_scaled=0.022661 val_mae=110.103 val_rmse=144.534 test_mae=133.275 test_rmse=163.844 tf=0.70lr=3.90625e-06
Epoch 151/400 train_mse_scaled=0.023366 val_mae=110.396 val_rmse=144.855 test_mae=133.671 test_rmse=164.229 tf=0.70lr=3.90625e-06
Epoch 152/400 train_mse_scaled=0.023551 val_mae=109.877 val_rmse=144.166 test_mae=133.383 test_rmse=163.880 tf=0.70lr=3.90625e-06
Epoch 153/400 train_mse_scaled=0.023814 val_mae=109.352 val_rmse=144.234 test_mae=132.703 test_rmse=163.381 tf=0.69lr=3.90625e-06
Epoch 154/400 train_mse_scaled=0.023073 val_mae=109.708 val_rmse=144.033 test_mae=133.469 test_rmse=163.954 tf=0.69lr=3.90625e-06
Epoch 155/400 train_mse_scaled=0.022832 val_mae=109.661 val_rmse=143.717 test_mae=133.280 test_rmse=163.753 tf=0.69lr=3.90625e-06
Epoch 156/400 train_mse_scaled=0.023313 val_mae=109.453 val_rmse=143.969 test_mae=132.782 test_rmse=163.404 tf=0.69lr=3.90625e-06
Epoch 157/400 train_mse_scaled=0.023180 val_mae=109.747 val_rmse=143.883 test_mae=132.748 test_rmse=163.064 tf=0.69lr=3.90625e-06
Epoch 158/400 train_mse_scaled=0.023608 val_mae=109.172 val_rmse=143.493 test_mae=132.565 test_rmse=163.019 tf=0.68lr=3.90625e-06
Epoch 159/400 train_mse_scaled=0.022868 val_mae=109.199 val_rmse=143.578 test_mae=132.850 test_rmse=163.358 tf=0.68lr=3.90625e-06
Epoch 160/400 train_mse_scaled=0.023493 val_mae=109.381 val_rmse=143.596 test_mae=132.827 test_rmse=163.212 tf=0.68lr=3.90625e-06
Epoch 161/400 train_mse_scaled=0.023303 val_mae=109.023 val_rmse=143.400 test_mae=132.495 test_rmse=162.966 tf=0.68lr=3.90625e-06
Epoch 162/400 train_mse_scaled=0.023487 val_mae=109.093 val_rmse=143.318 test_mae=132.775 test_rmse=163.206 tf=0.68lr=3.90625e-06
Epoch 163/400 train_mse_scaled=0.023871 val_mae=108.981 val_rmse=143.156 test_mae=132.350 test_rmse=162.721 tf=0.67lr=3.90625e-06
Epoch 164/400 train_mse_scaled=0.024520 val_mae=108.455 val_rmse=142.793 test_mae=131.825 test_rmse=162.206 tf=0.67lr=3.90625e-06
Epoch 165/400 train_mse_scaled=0.023890 val_mae=108.291 val_rmse=142.578 test_mae=132.001 test_rmse=162.388 tf=0.67lr=3.90625e-06
Epoch 166/400 train_mse_scaled=0.024533 val_mae=108.602 val_rmse=142.779 test_mae=132.291 test_rmse=162.623 tf=0.67lr=3.90625e-06
Epoch 167/400 train_mse_scaled=0.023813 val_mae=108.364 val_rmse=142.476 test_mae=132.018 test_rmse=162.384 tf=0.67lr=3.90625e-06
Epoch 168/400 train_mse_scaled=0.023903 val_mae=108.237 val_rmse=142.495 test_mae=132.457 test_rmse=162.989 tf=0.66lr=3.90625e-06
Epoch 169/400 train_mse_scaled=0.024772 val_mae=108.249 val_rmse=142.388 test_mae=132.105 test_rmse=162.462 tf=0.66lr=3.90625e-06
Epoch 170/400 train_mse_scaled=0.023919 val_mae=108.168 val_rmse=142.089 test_mae=131.386 test_rmse=161.567 tf=0.66lr=3.90625e-06
Epoch 171/400 train_mse_scaled=0.024206 val_mae=108.147 val_rmse=142.367 test_mae=131.815 test_rmse=162.176 tf=0.66lr=3.90625e-06
Epoch 172/400 train_mse_scaled=0.024327 val_mae=107.841 val_rmse=141.908 test_mae=131.351 test_rmse=161.655 tf=0.66lr=3.90625e-06
Epoch 173/400 train_mse_scaled=0.024613 val_mae=107.703 val_rmse=141.916 test_mae=131.657 test_rmse=161.956 tf=0.65lr=3.90625e-06
Epoch 174/400 train_mse_scaled=0.023997 val_mae=107.609 val_rmse=141.772 test_mae=130.708 test_rmse=160.863 tf=0.65lr=3.90625e-06
Epoch 175/400 train_mse_scaled=0.024817 val_mae=107.386 val_rmse=141.451 test_mae=131.234 test_rmse=161.567 tf=0.65lr=3.90625e-06
Epoch 176/400 train_mse_scaled=0.024757 val_mae=107.139 val_rmse=141.068 test_mae=130.445 test_rmse=160.620 tf=0.65lr=3.90625e-06
Epoch 177/400 train_mse_scaled=0.023464 val_mae=107.069 val_rmse=141.193 test_mae=130.953 test_rmse=161.289 tf=0.65lr=3.90625e-06
Epoch 178/400 train_mse_scaled=0.024199 val_mae=107.342 val_rmse=141.324 test_mae=131.090 test_rmse=161.277 tf=0.64lr=3.90625e-06
Epoch 179/400 train_mse_scaled=0.025203 val_mae=106.967 val_rmse=141.063 test_mae=130.947 test_rmse=161.220 tf=0.64lr=3.90625e-06
Epoch 180/400 train_mse_scaled=0.025129 val_mae=106.998 val_rmse=140.901 test_mae=130.948 test_rmse=161.127 tf=0.64lr=3.90625e-06
Epoch 181/400 train_mse_scaled=0.024994 val_mae=106.812 val_rmse=140.563 test_mae=130.733 test_rmse=160.864 tf=0.64lr=3.90625e-06
Epoch 182/400 train_mse_scaled=0.024684 val_mae=106.718 val_rmse=140.342 test_mae=130.293 test_rmse=160.333 tf=0.64lr=3.90625e-06
Epoch 183/400 train_mse_scaled=0.024278 val_mae=106.564 val_rmse=140.455 test_mae=130.317 test_rmse=160.481 tf=0.63lr=3.90625e-06
Epoch 184/400 train_mse_scaled=0.024416 val_mae=106.719 val_rmse=140.708 test_mae=131.213 test_rmse=161.536 tf=0.63lr=3.90625e-06
Epoch 185/400 train_mse_scaled=0.025819 val_mae=106.635 val_rmse=140.559 test_mae=130.634 test_rmse=160.889 tf=0.63lr=3.90625e-06
Epoch 186/400 train_mse_scaled=0.025033 val_mae=106.480 val_rmse=140.600 test_mae=130.941 test_rmse=161.272 tf=0.63lr=3.90625e-06
Epoch 187/400 train_mse_scaled=0.025154 val_mae=106.533 val_rmse=140.429 test_mae=130.973 test_rmse=161.199 tf=0.63lr=1.95313e-06
Epoch 188/400 train_mse_scaled=0.025744 val_mae=106.508 val_rmse=140.424 test_mae=130.819 test_rmse=161.047 tf=0.62lr=1.95313e-06
Epoch 189/400 train_mse_scaled=0.024502 val_mae=106.306 val_rmse=140.214 test_mae=130.422 test_rmse=160.630 tf=0.62lr=1.95313e-06
Epoch 190/400 train_mse_scaled=0.025458 val_mae=106.183 val_rmse=139.990 test_mae=130.167 test_rmse=160.279 tf=0.62lr=1.95313e-06
Epoch 191/400 train_mse_scaled=0.024628 val_mae=106.285 val_rmse=140.160 test_mae=130.224 test_rmse=160.402 tf=0.62lr=1.95313e-06
Epoch 192/400 train_mse_scaled=0.025551 val_mae=106.161 val_rmse=139.972 test_mae=130.289 test_rmse=160.463 tf=0.62lr=1.95313e-06
Epoch 193/400 train_mse_scaled=0.025386 val_mae=106.092 val_rmse=139.986 test_mae=130.379 test_rmse=160.546 tf=0.61lr=1.95313e-06
Epoch 194/400 train_mse_scaled=0.025381 val_mae=106.288 val_rmse=140.126 test_mae=130.473 test_rmse=160.637 tf=0.61lr=1.95313e-06
Epoch 195/400 train_mse_scaled=0.025498 val_mae=106.161 val_rmse=140.079 test_mae=130.246 test_rmse=160.430 tf=0.61lr=1.95313e-06
Epoch 196/400 train_mse_scaled=0.026061 val_mae=105.986 val_rmse=139.804 test_mae=130.061 test_rmse=160.230 tf=0.61lr=1.95313e-06
Epoch 197/400 train_mse_scaled=0.026076 val_mae=105.805 val_rmse=139.754 test_mae=129.713 test_rmse=159.856 tf=0.61lr=1.95313e-06
Epoch 198/400 train_mse_scaled=0.025023 val_mae=105.896 val_rmse=139.553 test_mae=129.827 test_rmse=159.887 tf=0.60lr=1.95313e-06
Epoch 199/400 train_mse_scaled=0.025709 val_mae=105.634 val_rmse=139.399 test_mae=129.640 test_rmse=159.747 tf=0.60lr=1.95313e-06
Epoch 200/400 train_mse_scaled=0.025906 val_mae=105.873 val_rmse=139.474 test_mae=129.817 test_rmse=159.849 tf=0.60lr=1.95313e-06
Epoch 201/400 train_mse_scaled=0.026111 val_mae=105.562 val_rmse=139.374 test_mae=130.000 test_rmse=160.162 tf=0.60lr=1.95313e-06
Epoch 202/400 train_mse_scaled=0.025311 val_mae=105.383 val_rmse=139.255 test_mae=129.533 test_rmse=159.713 tf=0.60lr=1.95313e-06
Epoch 203/400 train_mse_scaled=0.026458 val_mae=105.435 val_rmse=139.152 test_mae=129.164 test_rmse=159.163 tf=0.59lr=1.95313e-06
Epoch 204/400 train_mse_scaled=0.025906 val_mae=105.424 val_rmse=139.144 test_mae=129.128 test_rmse=159.119 tf=0.59lr=1.95313e-06
Epoch 205/400 train_mse_scaled=0.025976 val_mae=105.353 val_rmse=139.099 test_mae=129.412 test_rmse=159.521 tf=0.59lr=1.95313e-06
Epoch 206/400 train_mse_scaled=0.026159 val_mae=105.504 val_rmse=139.140 test_mae=129.506 test_rmse=159.516 tf=0.59lr=1.95313e-06
Epoch 207/400 train_mse_scaled=0.026259 val_mae=105.381 val_rmse=139.000 test_mae=129.150 test_rmse=159.114 tf=0.59lr=1.95313e-06
Epoch 208/400 train_mse_scaled=0.026316 val_mae=105.163 val_rmse=138.829 test_mae=129.158 test_rmse=159.182 tf=0.58lr=1.95313e-06
Epoch 209/400 train_mse_scaled=0.026234 val_mae=105.074 val_rmse=138.843 test_mae=129.256 test_rmse=159.335 tf=0.58lr=1.95313e-06
Epoch 210/400 train_mse_scaled=0.027525 val_mae=105.043 val_rmse=138.664 test_mae=129.057 test_rmse=159.003 tf=0.58lr=1.95313e-06
Epoch 211/400 train_mse_scaled=0.026558 val_mae=104.938 val_rmse=138.657 test_mae=129.098 test_rmse=159.122 tf=0.58lr=1.95313e-06
Epoch 212/400 train_mse_scaled=0.027108 val_mae=104.942 val_rmse=138.507 test_mae=129.050 test_rmse=158.962 tf=0.58lr=1.95313e-06
Epoch 213/400 train_mse_scaled=0.026094 val_mae=104.949 val_rmse=138.569 test_mae=129.022 test_rmse=158.975 tf=0.57lr=1.95313e-06
Epoch 214/400 train_mse_scaled=0.027204 val_mae=104.495 val_rmse=138.269 test_mae=128.809 test_rmse=158.884 tf=0.57lr=1.95313e-06
Epoch 215/400 train_mse_scaled=0.027038 val_mae=104.678 val_rmse=138.468 test_mae=128.908 test_rmse=158.937 tf=0.57lr=1.95313e-06
Epoch 216/400 train_mse_scaled=0.026173 val_mae=104.871 val_rmse=138.420 test_mae=128.974 test_rmse=158.895 tf=0.57lr=1.95313e-06
Epoch 217/400 train_mse_scaled=0.027342 val_mae=104.584 val_rmse=138.418 test_mae=129.235 test_rmse=159.337 tf=0.57lr=1.95313e-06
Epoch 218/400 train_mse_scaled=0.027767 val_mae=104.742 val_rmse=138.393 test_mae=129.204 test_rmse=159.238 tf=0.56lr=1.95313e-06
Epoch 219/400 train_mse_scaled=0.027145 val_mae=104.457 val_rmse=138.181 test_mae=128.621 test_rmse=158.623 tf=0.56lr=9.76563e-07
Epoch 220/400 train_mse_scaled=0.027152 val_mae=104.531 val_rmse=138.170 test_mae=128.730 test_rmse=158.683 tf=0.56lr=9.76563e-07
Epoch 221/400 train_mse_scaled=0.027713 val_mae=104.552 val_rmse=138.221 test_mae=128.894 test_rmse=158.860 tf=0.56lr=9.76563e-07
Epoch 222/400 train_mse_scaled=0.028086 val_mae=104.350 val_rmse=137.988 test_mae=128.613 test_rmse=158.547 tf=0.56lr=9.76563e-07
Epoch 223/400 train_mse_scaled=0.026989 val_mae=104.421 val_rmse=138.067 test_mae=128.728 test_rmse=158.685 tf=0.55lr=9.76563e-07
Epoch 224/400 train_mse_scaled=0.027604 val_mae=104.411 val_rmse=138.111 test_mae=128.751 test_rmse=158.735 tf=0.55lr=9.76563e-07
Epoch 225/400 train_mse_scaled=0.028215 val_mae=104.409 val_rmse=138.131 test_mae=128.649 test_rmse=158.611 tf=0.55lr=9.76563e-07
Epoch 226/400 train_mse_scaled=0.028137 val_mae=104.332 val_rmse=138.082 test_mae=128.810 test_rmse=158.819 tf=0.55lr=9.76563e-07
Epoch 227/400 train_mse_scaled=0.026685 val_mae=104.333 val_rmse=138.035 test_mae=128.824 test_rmse=158.819 tf=0.55lr=4.88281e-07
Epoch 228/400 train_mse_scaled=0.028026 val_mae=104.278 val_rmse=138.010 test_mae=128.726 test_rmse=158.730 tf=0.54lr=4.88281e-07
Epoch 229/400 train_mse_scaled=0.028605 val_mae=104.309 val_rmse=138.025 test_mae=128.735 test_rmse=158.733 tf=0.54lr=4.88281e-07
Epoch 230/400 train_mse_scaled=0.026938 val_mae=104.224 val_rmse=137.913 test_mae=128.646 test_rmse=158.626 tf=0.54lr=4.88281e-07
Epoch 231/400 train_mse_scaled=0.027969 val_mae=104.222 val_rmse=137.929 test_mae=128.713 test_rmse=158.714 tf=0.54lr=4.88281e-07
Epoch 232/400 train_mse_scaled=0.028637 val_mae=104.282 val_rmse=137.918 test_mae=128.615 test_rmse=158.543 tf=0.54lr=4.88281e-07
Epoch 233/400 train_mse_scaled=0.028979 val_mae=104.189 val_rmse=137.882 test_mae=128.588 test_rmse=158.546 tf=0.53lr=4.88281e-07
Epoch 234/400 train_mse_scaled=0.028545 val_mae=104.123 val_rmse=137.794 test_mae=128.617 test_rmse=158.588 tf=0.53lr=4.88281e-07
Epoch 235/400 train_mse_scaled=0.028486 val_mae=104.190 val_rmse=137.802 test_mae=128.555 test_rmse=158.477 tf=0.53lr=4.88281e-07
Epoch 236/400 train_mse_scaled=0.028323 val_mae=104.045 val_rmse=137.729 test_mae=128.504 test_rmse=158.464 tf=0.53lr=4.88281e-07
Epoch 237/400 train_mse_scaled=0.028431 val_mae=104.001 val_rmse=137.704 test_mae=128.443 test_rmse=158.388 tf=0.53lr=4.88281e-07
Epoch 238/400 train_mse_scaled=0.028339 val_mae=104.003 val_rmse=137.764 test_mae=128.448 test_rmse=158.418 tf=0.52lr=4.88281e-07
Epoch 239/400 train_mse_scaled=0.028848 val_mae=103.993 val_rmse=137.697 test_mae=128.520 test_rmse=158.468 tf=0.52lr=4.88281e-07
Epoch 240/400 train_mse_scaled=0.029036 val_mae=104.060 val_rmse=137.687 test_mae=128.480 test_rmse=158.363 tf=0.52lr=4.88281e-07
Epoch 241/400 train_mse_scaled=0.027569 val_mae=103.883 val_rmse=137.598 test_mae=128.309 test_rmse=158.246 tf=0.52lr=4.88281e-07
Epoch 242/400 train_mse_scaled=0.028656 val_mae=103.898 val_rmse=137.546 test_mae=128.223 test_rmse=158.110 tf=0.52lr=4.88281e-07
Epoch 243/400 train_mse_scaled=0.029455 val_mae=103.905 val_rmse=137.554 test_mae=128.260 test_rmse=158.163 tf=0.51lr=4.88281e-07
Epoch 244/400 train_mse_scaled=0.029038 val_mae=103.862 val_rmse=137.509 test_mae=128.273 test_rmse=158.182 tf=0.51lr=4.88281e-07
Epoch 245/400 train_mse_scaled=0.029311 val_mae=103.801 val_rmse=137.395 test_mae=128.326 test_rmse=158.225 tf=0.51lr=4.88281e-07
Epoch 246/400 train_mse_scaled=0.029990 val_mae=103.779 val_rmse=137.415 test_mae=128.235 test_rmse=158.120 tf=0.51lr=4.88281e-07
Epoch 247/400 train_mse_scaled=0.028549 val_mae=103.679 val_rmse=137.327 test_mae=128.210 test_rmse=158.112 tf=0.51lr=4.88281e-07
Epoch 248/400 train_mse_scaled=0.029528 val_mae=103.725 val_rmse=137.327 test_mae=128.138 test_rmse=158.013 tf=0.50lr=4.88281e-07
Epoch 249/400 train_mse_scaled=0.029094 val_mae=103.663 val_rmse=137.339 test_mae=128.121 test_rmse=158.038 tf=0.50lr=4.88281e-07
Epoch 250/400 train_mse_scaled=0.028453 val_mae=103.586 val_rmse=137.289 test_mae=128.086 test_rmse=158.026 tf=0.50lr=4.88281e-07
Epoch 251/400 train_mse_scaled=0.028865 val_mae=103.528 val_rmse=137.198 test_mae=127.995 test_rmse=157.911 tf=0.50lr=4.88281e-07
Epoch 252/400 train_mse_scaled=0.030009 val_mae=103.638 val_rmse=137.228 test_mae=128.027 test_rmse=157.873 tf=0.50lr=4.88281e-07
Epoch 253/400 train_mse_scaled=0.029400 val_mae=103.509 val_rmse=137.156 test_mae=128.027 test_rmse=157.924 tf=0.49lr=4.88281e-07
Epoch 254/400 train_mse_scaled=0.029455 val_mae=103.508 val_rmse=137.196 test_mae=128.035 test_rmse=157.931 tf=0.49lr=4.88281e-07
Epoch 255/400 train_mse_scaled=0.029800 val_mae=103.441 val_rmse=137.114 test_mae=128.091 test_rmse=158.001 tf=0.49lr=4.88281e-07
Epoch 256/400 train_mse_scaled=0.028851 val_mae=103.485 val_rmse=137.173 test_mae=128.072 test_rmse=157.987 tf=0.49lr=4.88281e-07
Epoch 257/400 train_mse_scaled=0.029507 val_mae=103.440 val_rmse=137.044 test_mae=128.030 test_rmse=157.914 tf=0.49lr=4.88281e-07
Epoch 258/400 train_mse_scaled=0.029515 val_mae=103.452 val_rmse=137.053 test_mae=127.888 test_rmse=157.732 tf=0.48lr=4.88281e-07
Epoch 259/400 train_mse_scaled=0.029283 val_mae=103.354 val_rmse=136.990 test_mae=127.776 test_rmse=157.639 tf=0.48lr=4.88281e-07
Epoch 260/400 train_mse_scaled=0.029681 val_mae=103.343 val_rmse=136.914 test_mae=127.731 test_rmse=157.559 tf=0.48lr=4.88281e-07
Epoch 261/400 train_mse_scaled=0.030089 val_mae=103.353 val_rmse=136.901 test_mae=127.743 test_rmse=157.569 tf=0.48lr=4.88281e-07
Traceback (most recent call last):
  File "/opt/conda/lib/python3.11/multiprocessing/resource_sharer.py", line 138, in _serve
    with self._listener.accept() as conn:
         ^^^^^^^^^^^^^^^^^^^^^^^
  File "/opt/conda/lib/python3.11/multiprocessing/connection.py", line 483, in accept
    answer_challenge(c, self._authkey)
  File "/opt/conda/lib/python3.11/multiprocessing/connection.py", line 769, in answer_challenge
    message = connection.recv_bytes(256)         # reject large message
              ^^^^^^^^^^^^^^^^^^^^^^^^^^
  File "/opt/conda/lib/python3.11/multiprocessing/connection.py", line 216, in recv_bytes
    buf = self._recv_bytes(maxlength)
          ^^^^^^^^^^^^^^^^^^^^^^^^^^^
  File "/opt/conda/lib/python3.11/multiprocessing/connection.py", line 430, in _recv_bytes
    buf = self._recv(4)
          ^^^^^^^^^^^^^
  File "/opt/conda/lib/python3.11/multiprocessing/connection.py", line 395, in _recv
    chunk = read(handle, remaining)
            ^^^^^^^^^^^^^^^^^^^^^^^
ConnectionResetError: [Errno 104] Connection reset by peer
