Cleaned data: 787920 -> 609679 rows. Saved: v2/results/cleaned.csv
Samples -> train: 16453, val: 2056, test: 2121

Train samples (show 5):
  [0] TurbID=1, start_idx=3644, hist=(2020-07-15 04:00:00~2020-07-17 03:00:00), pred=(2020-07-17 04:00:00~2020-07-18 03:00:00)
  [1] TurbID=1, start_idx=298, hist=(2020-01-16 23:00:00~2020-01-18 22:00:00), pred=(2020-01-18 23:00:00~2020-01-19 22:00:00)
  [2] TurbID=1, start_idx=320, hist=(2020-01-17 21:00:00~2020-01-19 20:00:00), pred=(2020-01-19 21:00:00~2020-01-20 20:00:00)
  [3] TurbID=1, start_idx=3612, hist=(2020-07-13 20:00:00~2020-07-15 19:00:00), pred=(2020-07-15 20:00:00~2020-07-16 19:00:00)
  [4] TurbID=1, start_idx=2728, hist=(2020-05-20 15:00:00~2020-05-22 14:00:00), pred=(2020-05-22 15:00:00~2020-05-23 14:00:00)

Val samples (show 5):
  [0] TurbID=1, start_idx=3809, hist=(2020-07-23 02:00:00~2020-07-25 01:00:00), pred=(2020-07-25 02:00:00~2020-07-26 01:00:00)
  [1] TurbID=1, start_idx=317, hist=(2020-01-17 18:00:00~2020-01-19 17:00:00), pred=(2020-01-19 18:00:00~2020-01-20 17:00:00)
  [2] TurbID=1, start_idx=3774, hist=(2020-07-21 15:00:00~2020-07-23 14:00:00), pred=(2020-07-23 15:00:00~2020-07-24 14:00:00)
  [3] TurbID=1, start_idx=1784, hist=(2020-04-01 20:00:00~2020-04-03 19:00:00), pred=(2020-04-03 20:00:00~2020-04-04 19:00:00)
  [4] TurbID=1, start_idx=1836, hist=(2020-04-04 00:00:00~2020-04-05 23:00:00), pred=(2020-04-06 00:00:00~2020-04-06 23:00:00)

Test samples (show 5):
  [0] TurbID=1, start_idx=37, hist=(2020-01-02 15:00:00~2020-01-04 14:00:00), pred=(2020-01-04 15:00:00~2020-01-05 14:00:00)
  [1] TurbID=1, start_idx=3614, hist=(2020-07-13 22:00:00~2020-07-15 21:00:00), pred=(2020-07-15 22:00:00~2020-07-16 21:00:00)
  [2] TurbID=1, start_idx=29, hist=(2020-01-02 07:00:00~2020-01-04 06:00:00), pred=(2020-01-04 07:00:00~2020-01-05 06:00:00)
  [3] TurbID=1, start_idx=3766, hist=(2020-07-21 07:00:00~2020-07-23 06:00:00), pred=(2020-07-23 07:00:00~2020-07-24 06:00:00)
  [4] TurbID=1, start_idx=1768, hist=(2020-04-01 04:00:00~2020-04-03 03:00:00), pred=(2020-04-03 04:00:00~2020-04-04 03:00:00)
Epoch 1/1000 train_mse_scaled=0.649553 val_mae=200.356 val_rmse=263.276 tf=0.00lr=0.001
Epoch 2/1000 train_mse_scaled=0.295140 val_mae=153.944 val_rmse=210.255 tf=0.00lr=0.001
Epoch 3/1000 train_mse_scaled=0.231184 val_mae=136.230 val_rmse=189.280 tf=0.00lr=0.001
Epoch 4/1000 train_mse_scaled=0.200732 val_mae=123.754 val_rmse=174.185 tf=0.00lr=0.001
Epoch 5/1000 train_mse_scaled=0.176869 val_mae=115.274 val_rmse=160.899 tf=0.00lr=0.001
Epoch 6/1000 train_mse_scaled=0.158925 val_mae=108.116 val_rmse=152.072 tf=0.00lr=0.001
Epoch 7/1000 train_mse_scaled=0.145995 val_mae=104.739 val_rmse=146.929 tf=0.00lr=0.001
Epoch 8/1000 train_mse_scaled=0.136488 val_mae=98.597 val_rmse=140.757 tf=0.00lr=0.001
Epoch 9/1000 train_mse_scaled=0.127200 val_mae=96.197 val_rmse=137.320 tf=0.00lr=0.001
Epoch 10/1000 train_mse_scaled=0.119504 val_mae=91.558 val_rmse=131.597 tf=0.00lr=0.001
Epoch 11/1000 train_mse_scaled=0.114927 val_mae=89.296 val_rmse=129.899 tf=0.00lr=0.001
Epoch 12/1000 train_mse_scaled=0.109602 val_mae=87.583 val_rmse=126.403 tf=0.00lr=0.001
Epoch 13/1000 train_mse_scaled=0.106390 val_mae=87.558 val_rmse=125.957 tf=0.00lr=0.001
Epoch 14/1000 train_mse_scaled=0.103333 val_mae=85.158 val_rmse=122.736 tf=0.00lr=0.001
Epoch 15/1000 train_mse_scaled=0.099830 val_mae=84.198 val_rmse=122.231 tf=0.00lr=0.001
Epoch 16/1000 train_mse_scaled=0.097795 val_mae=82.079 val_rmse=119.810 tf=0.00lr=0.001
Epoch 17/1000 train_mse_scaled=0.095006 val_mae=82.473 val_rmse=119.307 tf=0.00lr=0.001
Epoch 18/1000 train_mse_scaled=0.093078 val_mae=83.385 val_rmse=118.942 tf=0.00lr=0.001
Epoch 19/1000 train_mse_scaled=0.090682 val_mae=80.129 val_rmse=115.971 tf=0.00lr=0.001
Epoch 20/1000 train_mse_scaled=0.089475 val_mae=80.736 val_rmse=115.394 tf=0.00lr=0.001
Epoch 21/1000 train_mse_scaled=0.087715 val_mae=79.518 val_rmse=115.281 tf=0.00lr=0.001
Epoch 22/1000 train_mse_scaled=0.086298 val_mae=79.483 val_rmse=115.246 tf=0.00lr=0.001
Epoch 23/1000 train_mse_scaled=0.083950 val_mae=76.911 val_rmse=112.441 tf=0.00lr=0.001
Epoch 24/1000 train_mse_scaled=0.082715 val_mae=77.479 val_rmse=112.122 tf=0.00lr=0.001
Epoch 25/1000 train_mse_scaled=0.081417 val_mae=78.516 val_rmse=113.116 tf=0.00lr=0.001
Epoch 26/1000 train_mse_scaled=0.080409 val_mae=75.494 val_rmse=109.762 tf=0.00lr=0.001
Epoch 27/1000 train_mse_scaled=0.079631 val_mae=76.276 val_rmse=109.315 tf=0.00lr=0.001
Epoch 28/1000 train_mse_scaled=0.077735 val_mae=75.924 val_rmse=108.940 tf=0.00lr=0.001
Epoch 29/1000 train_mse_scaled=0.077196 val_mae=74.037 val_rmse=107.048 tf=0.00lr=0.001
Epoch 30/1000 train_mse_scaled=0.075912 val_mae=74.820 val_rmse=108.269 tf=0.00lr=0.001
Epoch 31/1000 train_mse_scaled=0.074997 val_mae=74.054 val_rmse=106.790 tf=0.00lr=0.001
Epoch 32/1000 train_mse_scaled=0.073848 val_mae=73.253 val_rmse=106.087 tf=0.00lr=0.001
Epoch 33/1000 train_mse_scaled=0.073173 val_mae=73.182 val_rmse=105.577 tf=0.00lr=0.001
Epoch 34/1000 train_mse_scaled=0.072213 val_mae=72.548 val_rmse=104.554 tf=0.00lr=0.001
Epoch 35/1000 train_mse_scaled=0.071243 val_mae=72.223 val_rmse=104.469 tf=0.00lr=0.001
Epoch 36/1000 train_mse_scaled=0.070547 val_mae=71.176 val_rmse=102.769 tf=0.00lr=0.001
Epoch 37/1000 train_mse_scaled=0.070041 val_mae=71.303 val_rmse=102.737 tf=0.00lr=0.001
Epoch 38/1000 train_mse_scaled=0.068814 val_mae=69.421 val_rmse=101.393 tf=0.00lr=0.001
Epoch 39/1000 train_mse_scaled=0.068235 val_mae=71.532 val_rmse=101.844 tf=0.00lr=0.001
Epoch 40/1000 train_mse_scaled=0.067471 val_mae=69.022 val_rmse=101.181 tf=0.00lr=0.001
Epoch 41/1000 train_mse_scaled=0.066302 val_mae=69.127 val_rmse=100.812 tf=0.00lr=0.001
Epoch 42/1000 train_mse_scaled=0.065638 val_mae=69.827 val_rmse=99.827 tf=0.00lr=0.001
Epoch 43/1000 train_mse_scaled=0.064877 val_mae=68.517 val_rmse=99.227 tf=0.00lr=0.001
Epoch 44/1000 train_mse_scaled=0.064179 val_mae=68.406 val_rmse=98.566 tf=0.00lr=0.001
Epoch 45/1000 train_mse_scaled=0.063771 val_mae=68.176 val_rmse=97.895 tf=0.00lr=0.001
Epoch 46/1000 train_mse_scaled=0.063027 val_mae=67.037 val_rmse=97.458 tf=0.00lr=0.001
Epoch 47/1000 train_mse_scaled=0.061943 val_mae=68.121 val_rmse=97.163 tf=0.00lr=0.001
Epoch 48/1000 train_mse_scaled=0.062193 val_mae=66.113 val_rmse=96.077 tf=0.00lr=0.001
Epoch 49/1000 train_mse_scaled=0.061377 val_mae=67.390 val_rmse=96.645 tf=0.00lr=0.001
Epoch 50/1000 train_mse_scaled=0.060517 val_mae=65.411 val_rmse=95.245 tf=0.00lr=0.001
Epoch 51/1000 train_mse_scaled=0.060079 val_mae=65.414 val_rmse=94.442 tf=0.00lr=0.001
Epoch 52/1000 train_mse_scaled=0.059151 val_mae=66.545 val_rmse=95.882 tf=0.00lr=0.001
Epoch 53/1000 train_mse_scaled=0.058710 val_mae=65.321 val_rmse=94.220 tf=0.00lr=0.001
Epoch 54/1000 train_mse_scaled=0.058501 val_mae=65.771 val_rmse=93.755 tf=0.00lr=0.001
Epoch 55/1000 train_mse_scaled=0.057901 val_mae=64.228 val_rmse=92.746 tf=0.00lr=0.001
Epoch 56/1000 train_mse_scaled=0.056592 val_mae=63.351 val_rmse=92.896 tf=0.00lr=0.001
Epoch 57/1000 train_mse_scaled=0.056274 val_mae=63.764 val_rmse=92.419 tf=0.00lr=0.001
Epoch 58/1000 train_mse_scaled=0.056209 val_mae=62.460 val_rmse=91.389 tf=0.00lr=0.001
Epoch 59/1000 train_mse_scaled=0.055657 val_mae=63.228 val_rmse=91.226 tf=0.00lr=0.001
Epoch 60/1000 train_mse_scaled=0.054896 val_mae=61.753 val_rmse=89.736 tf=0.00lr=0.001
Epoch 61/1000 train_mse_scaled=0.054668 val_mae=61.169 val_rmse=90.170 tf=0.00lr=0.001
Epoch 62/1000 train_mse_scaled=0.054259 val_mae=63.093 val_rmse=90.778 tf=0.00lr=0.001
Epoch 63/1000 train_mse_scaled=0.053477 val_mae=62.722 val_rmse=90.107 tf=0.00lr=0.001
Epoch 64/1000 train_mse_scaled=0.053370 val_mae=59.975 val_rmse=88.092 tf=0.00lr=0.001
Epoch 65/1000 train_mse_scaled=0.052976 val_mae=59.934 val_rmse=87.889 tf=0.00lr=0.001
Epoch 66/1000 train_mse_scaled=0.052273 val_mae=62.365 val_rmse=89.474 tf=0.00lr=0.001
Epoch 67/1000 train_mse_scaled=0.052011 val_mae=60.723 val_rmse=88.184 tf=0.00lr=0.001
Epoch 68/1000 train_mse_scaled=0.051112 val_mae=60.047 val_rmse=87.521 tf=0.00lr=0.001
Epoch 69/1000 train_mse_scaled=0.051143 val_mae=60.004 val_rmse=87.540 tf=0.00lr=0.001
Epoch 70/1000 train_mse_scaled=0.050959 val_mae=60.251 val_rmse=87.501 tf=0.00lr=0.001
Epoch 71/1000 train_mse_scaled=0.050758 val_mae=60.817 val_rmse=87.704 tf=0.00lr=0.001
Epoch 72/1000 train_mse_scaled=0.049802 val_mae=59.087 val_rmse=86.146 tf=0.00lr=0.001
Epoch 73/1000 train_mse_scaled=0.049705 val_mae=59.537 val_rmse=86.133 tf=0.00lr=0.001
Epoch 74/1000 train_mse_scaled=0.049240 val_mae=59.697 val_rmse=86.138 tf=0.00lr=0.001
Epoch 75/1000 train_mse_scaled=0.048683 val_mae=59.586 val_rmse=86.002 tf=0.00lr=0.001
Epoch 76/1000 train_mse_scaled=0.048539 val_mae=58.407 val_rmse=85.002 tf=0.00lr=0.001
Epoch 77/1000 train_mse_scaled=0.048597 val_mae=57.537 val_rmse=84.122 tf=0.00lr=0.001
Epoch 78/1000 train_mse_scaled=0.047786 val_mae=57.546 val_rmse=84.280 tf=0.00lr=0.001
Epoch 79/1000 train_mse_scaled=0.047283 val_mae=58.268 val_rmse=84.405 tf=0.00lr=0.001
Epoch 80/1000 train_mse_scaled=0.047216 val_mae=57.661 val_rmse=83.870 tf=0.00lr=0.001
Epoch 81/1000 train_mse_scaled=0.047122 val_mae=59.239 val_rmse=84.749 tf=0.00lr=0.001
Epoch 82/1000 train_mse_scaled=0.046638 val_mae=57.541 val_rmse=83.196 tf=0.00lr=0.001
Epoch 83/1000 train_mse_scaled=0.046070 val_mae=55.577 val_rmse=81.886 tf=0.00lr=0.001
Epoch 84/1000 train_mse_scaled=0.046097 val_mae=55.823 val_rmse=82.188 tf=0.00lr=0.001
Epoch 85/1000 train_mse_scaled=0.045835 val_mae=55.979 val_rmse=82.128 tf=0.00lr=0.001
Epoch 86/1000 train_mse_scaled=0.045136 val_mae=56.732 val_rmse=82.616 tf=0.00lr=0.001
Epoch 87/1000 train_mse_scaled=0.044857 val_mae=56.027 val_rmse=81.662 tf=0.00lr=0.001
Epoch 88/1000 train_mse_scaled=0.044698 val_mae=56.503 val_rmse=81.826 tf=0.00lr=0.001
Epoch 89/1000 train_mse_scaled=0.044286 val_mae=54.763 val_rmse=81.183 tf=0.00lr=0.001
Epoch 90/1000 train_mse_scaled=0.044354 val_mae=55.421 val_rmse=80.559 tf=0.00lr=0.001
Epoch 91/1000 train_mse_scaled=0.044285 val_mae=55.430 val_rmse=80.351 tf=0.00lr=0.001
Epoch 92/1000 train_mse_scaled=0.043309 val_mae=55.756 val_rmse=80.992 tf=0.00lr=0.001
Epoch 93/1000 train_mse_scaled=0.043637 val_mae=54.492 val_rmse=80.364 tf=0.00lr=0.001
Epoch 94/1000 train_mse_scaled=0.042928 val_mae=53.331 val_rmse=78.651 tf=0.00lr=0.001
Epoch 95/1000 train_mse_scaled=0.042787 val_mae=54.435 val_rmse=79.664 tf=0.00lr=0.001
Epoch 96/1000 train_mse_scaled=0.042523 val_mae=52.933 val_rmse=78.494 tf=0.00lr=0.001
Epoch 97/1000 train_mse_scaled=0.042335 val_mae=54.191 val_rmse=79.149 tf=0.00lr=0.001
Epoch 98/1000 train_mse_scaled=0.041991 val_mae=54.626 val_rmse=78.915 tf=0.00lr=0.001
Epoch 99/1000 train_mse_scaled=0.042029 val_mae=54.343 val_rmse=78.343 tf=0.00lr=0.001
Epoch 100/1000 train_mse_scaled=0.041493 val_mae=53.535 val_rmse=77.924 tf=0.00lr=0.001
Epoch 101/1000 train_mse_scaled=0.041465 val_mae=51.753 val_rmse=77.296 tf=0.00lr=0.001
Epoch 102/1000 train_mse_scaled=0.041608 val_mae=53.547 val_rmse=77.801 tf=0.00lr=0.001
Epoch 103/1000 train_mse_scaled=0.041069 val_mae=53.148 val_rmse=77.500 tf=0.00lr=0.001
Epoch 104/1000 train_mse_scaled=0.040691 val_mae=54.848 val_rmse=78.304 tf=0.00lr=0.001
Epoch 105/1000 train_mse_scaled=0.040450 val_mae=53.880 val_rmse=78.303 tf=0.00lr=0.001
Epoch 106/1000 train_mse_scaled=0.040393 val_mae=53.606 val_rmse=77.309 tf=0.00lr=0.001
Epoch 107/1000 train_mse_scaled=0.039590 val_mae=51.221 val_rmse=75.682 tf=0.00lr=0.001
Epoch 108/1000 train_mse_scaled=0.039818 val_mae=53.563 val_rmse=77.185 tf=0.00lr=0.001
Epoch 109/1000 train_mse_scaled=0.039531 val_mae=51.757 val_rmse=75.984 tf=0.00lr=0.001
Epoch 110/1000 train_mse_scaled=0.039375 val_mae=53.998 val_rmse=77.392 tf=0.00lr=0.001
Epoch 111/1000 train_mse_scaled=0.039128 val_mae=52.065 val_rmse=75.933 tf=0.00lr=0.001
Epoch 112/1000 train_mse_scaled=0.039033 val_mae=54.048 val_rmse=77.456 tf=0.00lr=0.001
Epoch 113/1000 train_mse_scaled=0.038703 val_mae=51.763 val_rmse=75.677 tf=0.00lr=0.001
Epoch 114/1000 train_mse_scaled=0.038339 val_mae=51.824 val_rmse=75.946 tf=0.00lr=0.001
Epoch 115/1000 train_mse_scaled=0.038581 val_mae=51.965 val_rmse=75.516 tf=0.00lr=0.001
Epoch 116/1000 train_mse_scaled=0.038308 val_mae=50.690 val_rmse=74.258 tf=0.00lr=0.001
Epoch 117/1000 train_mse_scaled=0.038075 val_mae=52.355 val_rmse=75.718 tf=0.00lr=0.001
Epoch 118/1000 train_mse_scaled=0.038232 val_mae=54.476 val_rmse=76.904 tf=0.00lr=0.001
Epoch 119/1000 train_mse_scaled=0.037836 val_mae=51.654 val_rmse=75.293 tf=0.00lr=0.001
Epoch 120/1000 train_mse_scaled=0.037550 val_mae=50.460 val_rmse=73.982 tf=0.00lr=0.001
Epoch 121/1000 train_mse_scaled=0.037549 val_mae=52.315 val_rmse=75.424 tf=0.00lr=0.001
Epoch 122/1000 train_mse_scaled=0.036974 val_mae=50.034 val_rmse=73.341 tf=0.00lr=0.001
Epoch 123/1000 train_mse_scaled=0.036846 val_mae=51.860 val_rmse=74.648 tf=0.00lr=0.001
Epoch 124/1000 train_mse_scaled=0.036918 val_mae=51.224 val_rmse=74.167 tf=0.00lr=0.001
Epoch 125/1000 train_mse_scaled=0.036748 val_mae=50.137 val_rmse=73.348 tf=0.00lr=0.001
Epoch 126/1000 train_mse_scaled=0.036622 val_mae=50.438 val_rmse=73.575 tf=0.00lr=0.001
Epoch 127/1000 train_mse_scaled=0.036543 val_mae=50.868 val_rmse=73.461 tf=0.00lr=0.001
Epoch 128/1000 train_mse_scaled=0.036313 val_mae=51.370 val_rmse=73.882 tf=0.00lr=0.001
Epoch 129/1000 train_mse_scaled=0.035982 val_mae=49.650 val_rmse=72.943 tf=0.00lr=0.001
Epoch 130/1000 train_mse_scaled=0.036813 val_mae=50.155 val_rmse=73.447 tf=0.00lr=0.001
Epoch 131/1000 train_mse_scaled=0.036198 val_mae=49.171 val_rmse=72.350 tf=0.00lr=0.001
Epoch 132/1000 train_mse_scaled=0.035672 val_mae=50.439 val_rmse=72.759 tf=0.00lr=0.001
Epoch 133/1000 train_mse_scaled=0.035610 val_mae=49.598 val_rmse=72.161 tf=0.00lr=0.001
Epoch 134/1000 train_mse_scaled=0.035469 val_mae=49.101 val_rmse=72.109 tf=0.00lr=0.001
Epoch 135/1000 train_mse_scaled=0.035204 val_mae=49.105 val_rmse=72.277 tf=0.00lr=0.001
Epoch 136/1000 train_mse_scaled=0.035509 val_mae=48.248 val_rmse=71.215 tf=0.00lr=0.001
Epoch 137/1000 train_mse_scaled=0.035318 val_mae=48.973 val_rmse=71.705 tf=0.00lr=0.001
Epoch 138/1000 train_mse_scaled=0.035057 val_mae=48.677 val_rmse=71.765 tf=0.00lr=0.001
Epoch 139/1000 train_mse_scaled=0.034698 val_mae=49.882 val_rmse=72.394 tf=0.00lr=0.001
Epoch 140/1000 train_mse_scaled=0.034559 val_mae=49.922 val_rmse=71.957 tf=0.00lr=0.001
Epoch 141/1000 train_mse_scaled=0.034888 val_mae=48.973 val_rmse=71.486 tf=0.00lr=0.001
Epoch 142/1000 train_mse_scaled=0.034521 val_mae=49.363 val_rmse=71.570 tf=0.00lr=0.001
Epoch 143/1000 train_mse_scaled=0.034269 val_mae=49.267 val_rmse=71.305 tf=0.00lr=0.001
Epoch 144/1000 train_mse_scaled=0.034182 val_mae=48.507 val_rmse=70.955 tf=0.00lr=0.001
Epoch 145/1000 train_mse_scaled=0.034091 val_mae=48.677 val_rmse=71.036 tf=0.00lr=0.001
Epoch 146/1000 train_mse_scaled=0.033772 val_mae=50.628 val_rmse=72.320 tf=0.00lr=0.001
Epoch 147/1000 train_mse_scaled=0.033805 val_mae=48.765 val_rmse=71.150 tf=0.00lr=0.001
Epoch 148/1000 train_mse_scaled=0.033551 val_mae=48.267 val_rmse=70.501 tf=0.00lr=0.001
Epoch 149/1000 train_mse_scaled=0.033621 val_mae=48.485 val_rmse=70.781 tf=0.00lr=0.001
Epoch 150/1000 train_mse_scaled=0.033528 val_mae=47.403 val_rmse=70.254 tf=0.00lr=0.001
Epoch 151/1000 train_mse_scaled=0.033296 val_mae=47.484 val_rmse=70.055 tf=0.00lr=0.001
Epoch 152/1000 train_mse_scaled=0.033230 val_mae=49.399 val_rmse=71.259 tf=0.00lr=0.001
Epoch 153/1000 train_mse_scaled=0.033452 val_mae=49.758 val_rmse=71.094 tf=0.00lr=0.001
Epoch 154/1000 train_mse_scaled=0.033276 val_mae=48.521 val_rmse=70.506 tf=0.00lr=0.001
Epoch 155/1000 train_mse_scaled=0.032869 val_mae=48.693 val_rmse=70.297 tf=0.00lr=0.001
Epoch 156/1000 train_mse_scaled=0.032977 val_mae=48.261 val_rmse=69.655 tf=0.00lr=0.001
Epoch 157/1000 train_mse_scaled=0.032545 val_mae=47.207 val_rmse=69.284 tf=0.00lr=0.001
Epoch 158/1000 train_mse_scaled=0.032959 val_mae=49.858 val_rmse=71.039 tf=0.00lr=0.001
Epoch 159/1000 train_mse_scaled=0.032476 val_mae=48.806 val_rmse=70.062 tf=0.00lr=0.001
Epoch 160/1000 train_mse_scaled=0.032707 val_mae=46.848 val_rmse=69.085 tf=0.00lr=0.001
Epoch 161/1000 train_mse_scaled=0.032566 val_mae=48.532 val_rmse=69.427 tf=0.00lr=0.001
Epoch 162/1000 train_mse_scaled=0.032347 val_mae=48.053 val_rmse=69.260 tf=0.00lr=0.001
Epoch 163/1000 train_mse_scaled=0.032280 val_mae=47.120 val_rmse=69.226 tf=0.00lr=0.001
Epoch 164/1000 train_mse_scaled=0.032191 val_mae=47.248 val_rmse=68.870 tf=0.00lr=0.001
Epoch 165/1000 train_mse_scaled=0.031986 val_mae=48.444 val_rmse=69.440 tf=0.00lr=0.001
Epoch 166/1000 train_mse_scaled=0.032023 val_mae=46.999 val_rmse=68.748 tf=0.00lr=0.001
Epoch 167/1000 train_mse_scaled=0.032197 val_mae=47.204 val_rmse=68.737 tf=0.00lr=0.001
Epoch 168/1000 train_mse_scaled=0.031869 val_mae=49.377 val_rmse=70.030 tf=0.00lr=0.001
Epoch 169/1000 train_mse_scaled=0.031718 val_mae=45.912 val_rmse=67.896 tf=0.00lr=0.001
Epoch 170/1000 train_mse_scaled=0.031635 val_mae=47.673 val_rmse=68.700 tf=0.00lr=0.001
Epoch 171/1000 train_mse_scaled=0.031484 val_mae=45.893 val_rmse=68.154 tf=0.00lr=0.001
Epoch 172/1000 train_mse_scaled=0.031346 val_mae=46.942 val_rmse=68.323 tf=0.00lr=0.001
Epoch 173/1000 train_mse_scaled=0.031426 val_mae=48.353 val_rmse=69.208 tf=0.00lr=0.001
Epoch 174/1000 train_mse_scaled=0.031212 val_mae=46.799 val_rmse=68.097 tf=0.00lr=0.001
Epoch 175/1000 train_mse_scaled=0.031243 val_mae=46.163 val_rmse=67.962 tf=0.00lr=0.001
Epoch 176/1000 train_mse_scaled=0.031277 val_mae=47.368 val_rmse=68.288 tf=0.00lr=0.001
Epoch 177/1000 train_mse_scaled=0.030893 val_mae=47.784 val_rmse=69.133 tf=0.00lr=0.001
Epoch 178/1000 train_mse_scaled=0.030870 val_mae=47.162 val_rmse=68.284 tf=0.00lr=0.001
Epoch 179/1000 train_mse_scaled=0.030599 val_mae=45.830 val_rmse=67.433 tf=0.00lr=0.001
Epoch 180/1000 train_mse_scaled=0.030935 val_mae=48.169 val_rmse=68.846 tf=0.00lr=0.001
Epoch 181/1000 train_mse_scaled=0.030833 val_mae=46.882 val_rmse=67.924 tf=0.00lr=0.001
Epoch 182/1000 train_mse_scaled=0.030397 val_mae=47.156 val_rmse=67.882 tf=0.00lr=0.001
Epoch 183/1000 train_mse_scaled=0.030594 val_mae=47.688 val_rmse=68.135 tf=0.00lr=0.001
Epoch 184/1000 train_mse_scaled=0.030659 val_mae=46.733 val_rmse=67.576 tf=0.00lr=0.001
Epoch 185/1000 train_mse_scaled=0.030309 val_mae=46.673 val_rmse=67.438 tf=0.00lr=0.001
Epoch 186/1000 train_mse_scaled=0.030327 val_mae=46.717 val_rmse=67.439 tf=0.00lr=0.001
Epoch 187/1000 train_mse_scaled=0.030534 val_mae=45.719 val_rmse=66.713 tf=0.00lr=0.001
Epoch 188/1000 train_mse_scaled=0.030253 val_mae=46.910 val_rmse=67.417 tf=0.00lr=0.001
Epoch 189/1000 train_mse_scaled=0.029949 val_mae=46.224 val_rmse=66.920 tf=0.00lr=0.001
Epoch 190/1000 train_mse_scaled=0.030030 val_mae=46.003 val_rmse=66.640 tf=0.00lr=0.001
Epoch 191/1000 train_mse_scaled=0.030023 val_mae=44.106 val_rmse=65.556 tf=0.00lr=0.001
Epoch 192/1000 train_mse_scaled=0.029928 val_mae=45.148 val_rmse=66.402 tf=0.00lr=0.001
Epoch 193/1000 train_mse_scaled=0.030125 val_mae=46.328 val_rmse=67.237 tf=0.00lr=0.001
Epoch 194/1000 train_mse_scaled=0.029472 val_mae=46.804 val_rmse=66.863 tf=0.00lr=0.001
Epoch 195/1000 train_mse_scaled=0.029626 val_mae=45.491 val_rmse=66.486 tf=0.00lr=0.001
Epoch 196/1000 train_mse_scaled=0.029535 val_mae=45.483 val_rmse=66.441 tf=0.00lr=0.001
Epoch 197/1000 train_mse_scaled=0.029452 val_mae=44.153 val_rmse=65.329 tf=0.00lr=0.001
Epoch 198/1000 train_mse_scaled=0.029273 val_mae=45.233 val_rmse=66.816 tf=0.00lr=0.001
Epoch 199/1000 train_mse_scaled=0.029673 val_mae=44.946 val_rmse=65.501 tf=0.00lr=0.001
Epoch 200/1000 train_mse_scaled=0.029211 val_mae=45.182 val_rmse=66.050 tf=0.00lr=0.001
Epoch 201/1000 train_mse_scaled=0.029198 val_mae=46.210 val_rmse=66.541 tf=0.00lr=0.001
Epoch 202/1000 train_mse_scaled=0.029041 val_mae=44.706 val_rmse=65.401 tf=0.00lr=0.001
Epoch 203/1000 train_mse_scaled=0.028947 val_mae=45.953 val_rmse=66.137 tf=0.00lr=0.001
Epoch 204/1000 train_mse_scaled=0.029193 val_mae=45.145 val_rmse=65.870 tf=0.00lr=0.001
Epoch 205/1000 train_mse_scaled=0.029069 val_mae=46.694 val_rmse=67.096 tf=0.00lr=0.001
Epoch 206/1000 train_mse_scaled=0.028953 val_mae=44.701 val_rmse=65.572 tf=0.00lr=0.001
Epoch 207/1000 train_mse_scaled=0.029111 val_mae=45.095 val_rmse=66.241 tf=0.00lr=0.001
Epoch 208/1000 train_mse_scaled=0.029174 val_mae=45.628 val_rmse=66.155 tf=0.00lr=0.001
Epoch 209/1000 train_mse_scaled=0.028882 val_mae=45.121 val_rmse=65.297 tf=0.00lr=0.001
Epoch 210/1000 train_mse_scaled=0.028793 val_mae=47.491 val_rmse=67.536 tf=0.00lr=0.001
Epoch 211/1000 train_mse_scaled=0.028785 val_mae=44.820 val_rmse=65.327 tf=0.00lr=0.001
Epoch 212/1000 train_mse_scaled=0.028504 val_mae=44.841 val_rmse=65.543 tf=0.00lr=0.001
Epoch 213/1000 train_mse_scaled=0.028448 val_mae=43.283 val_rmse=64.172 tf=0.00lr=0.001
Epoch 214/1000 train_mse_scaled=0.028374 val_mae=45.397 val_rmse=65.249 tf=0.00lr=0.001
Epoch 215/1000 train_mse_scaled=0.028443 val_mae=46.156 val_rmse=66.039 tf=0.00lr=0.001
Epoch 216/1000 train_mse_scaled=0.028232 val_mae=44.930 val_rmse=65.095 tf=0.00lr=0.001
Epoch 217/1000 train_mse_scaled=0.028539 val_mae=44.793 val_rmse=65.137 tf=0.00lr=0.001
Epoch 218/1000 train_mse_scaled=0.028796 val_mae=44.114 val_rmse=64.282 tf=0.00lr=0.001
Epoch 219/1000 train_mse_scaled=0.028188 val_mae=44.507 val_rmse=64.670 tf=0.00lr=0.001
Epoch 220/1000 train_mse_scaled=0.028249 val_mae=45.496 val_rmse=66.074 tf=0.00lr=0.001
Epoch 221/1000 train_mse_scaled=0.028111 val_mae=45.972 val_rmse=65.793 tf=0.00lr=0.001
Epoch 222/1000 train_mse_scaled=0.028139 val_mae=45.093 val_rmse=65.286 tf=0.00lr=0.001
Epoch 223/1000 train_mse_scaled=0.027964 val_mae=43.722 val_rmse=64.084 tf=0.00lr=0.001
Epoch 224/1000 train_mse_scaled=0.028523 val_mae=43.818 val_rmse=63.914 tf=0.00lr=0.001
Epoch 225/1000 train_mse_scaled=0.027868 val_mae=43.942 val_rmse=64.375 tf=0.00lr=0.001
Epoch 226/1000 train_mse_scaled=0.028206 val_mae=44.370 val_rmse=64.713 tf=0.00lr=0.001
Epoch 227/1000 train_mse_scaled=0.027703 val_mae=44.889 val_rmse=64.849 tf=0.00lr=0.001
Epoch 228/1000 train_mse_scaled=0.029606 val_mae=47.574 val_rmse=68.818 tf=0.00lr=0.001
Epoch 229/1000 train_mse_scaled=0.028901 val_mae=45.011 val_rmse=65.132 tf=0.00lr=0.001
Epoch 230/1000 train_mse_scaled=0.027805 val_mae=45.914 val_rmse=65.395 tf=0.00lr=0.001
Epoch 231/1000 train_mse_scaled=0.027866 val_mae=44.416 val_rmse=64.021 tf=0.00lr=0.001
Epoch 232/1000 train_mse_scaled=0.027462 val_mae=43.516 val_rmse=63.694 tf=0.00lr=0.001
Epoch 233/1000 train_mse_scaled=0.027616 val_mae=44.980 val_rmse=65.013 tf=0.00lr=0.001
Epoch 234/1000 train_mse_scaled=0.027316 val_mae=44.517 val_rmse=64.050 tf=0.00lr=0.001
Epoch 235/1000 train_mse_scaled=0.027398 val_mae=43.090 val_rmse=63.763 tf=0.00lr=0.001
Epoch 236/1000 train_mse_scaled=0.027038 val_mae=43.078 val_rmse=63.454 tf=0.00lr=0.001
Epoch 237/1000 train_mse_scaled=0.027336 val_mae=43.998 val_rmse=63.728 tf=0.00lr=0.001
Epoch 238/1000 train_mse_scaled=0.027309 val_mae=44.770 val_rmse=64.355 tf=0.00lr=0.001
Epoch 239/1000 train_mse_scaled=0.027152 val_mae=43.000 val_rmse=63.685 tf=0.00lr=0.001
Epoch 240/1000 train_mse_scaled=0.027202 val_mae=44.084 val_rmse=64.170 tf=0.00lr=0.001
Epoch 241/1000 train_mse_scaled=0.027054 val_mae=43.709 val_rmse=64.459 tf=0.00lr=0.001
Epoch 242/1000 train_mse_scaled=0.027182 val_mae=45.440 val_rmse=64.817 tf=0.00lr=0.001
Epoch 243/1000 train_mse_scaled=0.027305 val_mae=43.581 val_rmse=63.987 tf=0.00lr=0.001
Epoch 244/1000 train_mse_scaled=0.026909 val_mae=42.810 val_rmse=63.145 tf=0.00lr=0.001
Epoch 245/1000 train_mse_scaled=0.026853 val_mae=43.305 val_rmse=63.296 tf=0.00lr=0.001
Epoch 246/1000 train_mse_scaled=0.026704 val_mae=42.392 val_rmse=62.830 tf=0.00lr=0.001
Epoch 247/1000 train_mse_scaled=0.026738 val_mae=44.403 val_rmse=64.171 tf=0.00lr=0.001
Epoch 248/1000 train_mse_scaled=0.026754 val_mae=43.882 val_rmse=63.799 tf=0.00lr=0.001
Epoch 249/1000 train_mse_scaled=0.026630 val_mae=43.051 val_rmse=63.256 tf=0.00lr=0.001
Epoch 250/1000 train_mse_scaled=0.026643 val_mae=44.181 val_rmse=63.682 tf=0.00lr=0.001
Epoch 251/1000 train_mse_scaled=0.026566 val_mae=45.040 val_rmse=64.496 tf=0.00lr=0.001
Epoch 252/1000 train_mse_scaled=0.026628 val_mae=43.489 val_rmse=63.396 tf=0.00lr=0.001
Epoch 253/1000 train_mse_scaled=0.026590 val_mae=43.803 val_rmse=63.652 tf=0.00lr=0.001
Epoch 254/1000 train_mse_scaled=0.026431 val_mae=45.083 val_rmse=64.942 tf=0.00lr=0.001
Epoch 255/1000 train_mse_scaled=0.026770 val_mae=45.032 val_rmse=64.611 tf=0.00lr=0.001
Epoch 256/1000 train_mse_scaled=0.027184 val_mae=41.959 val_rmse=62.361 tf=0.00lr=0.001
Epoch 257/1000 train_mse_scaled=0.026528 val_mae=43.746 val_rmse=63.498 tf=0.00lr=0.001
Epoch 258/1000 train_mse_scaled=0.026352 val_mae=44.147 val_rmse=63.377 tf=0.00lr=0.001
Epoch 259/1000 train_mse_scaled=0.026328 val_mae=42.642 val_rmse=63.286 tf=0.00lr=0.001
Epoch 260/1000 train_mse_scaled=0.027659 val_mae=44.330 val_rmse=63.738 tf=0.00lr=0.001
Epoch 261/1000 train_mse_scaled=0.026214 val_mae=42.980 val_rmse=62.243 tf=0.00lr=0.001
Epoch 262/1000 train_mse_scaled=0.026289 val_mae=43.110 val_rmse=62.839 tf=0.00lr=0.001
Epoch 263/1000 train_mse_scaled=0.026049 val_mae=43.428 val_rmse=63.095 tf=0.00lr=0.001
Epoch 264/1000 train_mse_scaled=0.026234 val_mae=45.858 val_rmse=64.767 tf=0.00lr=0.001
Epoch 265/1000 train_mse_scaled=0.026284 val_mae=43.100 val_rmse=62.904 tf=0.00lr=0.001
Epoch 266/1000 train_mse_scaled=0.026174 val_mae=43.124 val_rmse=62.766 tf=0.00lr=0.001
Epoch 267/1000 train_mse_scaled=0.025827 val_mae=42.975 val_rmse=62.840 tf=0.00lr=0.001
Epoch 268/1000 train_mse_scaled=0.026106 val_mae=43.928 val_rmse=63.195 tf=0.00lr=0.001
Epoch 269/1000 train_mse_scaled=0.026025 val_mae=44.886 val_rmse=63.892 tf=0.00lr=0.001
Epoch 270/1000 train_mse_scaled=0.026040 val_mae=43.015 val_rmse=62.564 tf=0.00lr=0.001
Epoch 271/1000 train_mse_scaled=0.025932 val_mae=43.573 val_rmse=62.809 tf=0.00lr=0.001
Epoch 272/1000 train_mse_scaled=0.025645 val_mae=42.756 val_rmse=62.257 tf=0.00lr=0.001
Epoch 273/1000 train_mse_scaled=0.025615 val_mae=43.285 val_rmse=62.312 tf=0.00lr=0.001
Epoch 274/1000 train_mse_scaled=0.025496 val_mae=43.393 val_rmse=62.604 tf=0.00lr=0.001
Epoch 275/1000 train_mse_scaled=0.025782 val_mae=43.387 val_rmse=63.158 tf=0.00lr=0.001
Epoch 276/1000 train_mse_scaled=0.025943 val_mae=42.967 val_rmse=62.306 tf=0.00lr=0.001
Epoch 277/1000 train_mse_scaled=0.025715 val_mae=43.308 val_rmse=62.641 tf=0.00lr=0.001
Epoch 278/1000 train_mse_scaled=0.025540 val_mae=43.355 val_rmse=62.542 tf=0.00lr=0.001
Epoch 279/1000 train_mse_scaled=0.025595 val_mae=42.163 val_rmse=61.445 tf=0.00lr=0.001
Epoch 280/1000 train_mse_scaled=0.025717 val_mae=42.421 val_rmse=62.556 tf=0.00lr=0.001
Epoch 281/1000 train_mse_scaled=0.025993 val_mae=43.345 val_rmse=62.595 tf=0.00lr=0.001
Epoch 282/1000 train_mse_scaled=0.025350 val_mae=43.192 val_rmse=61.797 tf=0.00lr=0.001
Epoch 283/1000 train_mse_scaled=0.025353 val_mae=41.995 val_rmse=61.501 tf=0.00lr=0.001
Epoch 284/1000 train_mse_scaled=0.025129 val_mae=41.500 val_rmse=61.264 tf=0.00lr=0.001
Epoch 285/1000 train_mse_scaled=0.025384 val_mae=43.612 val_rmse=62.658 tf=0.00lr=0.001
Epoch 286/1000 train_mse_scaled=0.025399 val_mae=41.369 val_rmse=60.749 tf=0.00lr=0.001
Epoch 287/1000 train_mse_scaled=0.025543 val_mae=43.967 val_rmse=62.901 tf=0.00lr=0.001
Epoch 288/1000 train_mse_scaled=0.025248 val_mae=43.704 val_rmse=62.583 tf=0.00lr=0.001
Epoch 289/1000 train_mse_scaled=0.025174 val_mae=44.081 val_rmse=63.268 tf=0.00lr=0.001
Epoch 290/1000 train_mse_scaled=0.025303 val_mae=42.693 val_rmse=61.709 tf=0.00lr=0.001
Epoch 291/1000 train_mse_scaled=0.025131 val_mae=43.357 val_rmse=62.224 tf=0.00lr=0.001
Epoch 292/1000 train_mse_scaled=0.025084 val_mae=43.092 val_rmse=61.569 tf=0.00lr=0.001
Epoch 293/1000 train_mse_scaled=0.025028 val_mae=41.999 val_rmse=61.322 tf=0.00lr=0.001
Epoch 294/1000 train_mse_scaled=0.025006 val_mae=42.957 val_rmse=61.436 tf=0.00lr=0.001
Epoch 295/1000 train_mse_scaled=0.024930 val_mae=42.557 val_rmse=61.968 tf=0.00lr=0.001
Epoch 296/1000 train_mse_scaled=0.025039 val_mae=43.667 val_rmse=62.170 tf=0.00lr=0.001
Epoch 297/1000 train_mse_scaled=0.024945 val_mae=41.910 val_rmse=60.865 tf=0.00lr=0.001
Epoch 298/1000 train_mse_scaled=0.025001 val_mae=43.052 val_rmse=61.765 tf=0.00lr=0.001
Epoch 299/1000 train_mse_scaled=0.024632 val_mae=41.821 val_rmse=60.567 tf=0.00lr=0.001
Epoch 300/1000 train_mse_scaled=0.024755 val_mae=42.650 val_rmse=61.535 tf=0.00lr=0.001
Epoch 301/1000 train_mse_scaled=0.024777 val_mae=41.292 val_rmse=60.483 tf=0.00lr=0.001
Epoch 302/1000 train_mse_scaled=0.024795 val_mae=42.820 val_rmse=61.634 tf=0.00lr=0.001
Epoch 303/1000 train_mse_scaled=0.024693 val_mae=44.059 val_rmse=62.311 tf=0.00lr=0.001
Epoch 304/1000 train_mse_scaled=0.024585 val_mae=42.322 val_rmse=61.500 tf=0.00lr=0.001
Epoch 305/1000 train_mse_scaled=0.024693 val_mae=42.456 val_rmse=61.369 tf=0.00lr=0.001
Epoch 306/1000 train_mse_scaled=0.024623 val_mae=41.497 val_rmse=60.358 tf=0.00lr=0.001
Epoch 307/1000 train_mse_scaled=0.024568 val_mae=41.313 val_rmse=60.480 tf=0.00lr=0.001
Epoch 308/1000 train_mse_scaled=0.024491 val_mae=42.685 val_rmse=61.706 tf=0.00lr=0.001
Epoch 309/1000 train_mse_scaled=0.024448 val_mae=42.954 val_rmse=61.788 tf=0.00lr=0.001
Epoch 310/1000 train_mse_scaled=0.024235 val_mae=41.532 val_rmse=60.305 tf=0.00lr=0.001
Epoch 311/1000 train_mse_scaled=0.024510 val_mae=42.427 val_rmse=60.745 tf=0.00lr=0.001
Epoch 312/1000 train_mse_scaled=0.024324 val_mae=40.796 val_rmse=59.586 tf=0.00lr=0.001
Epoch 313/1000 train_mse_scaled=0.024296 val_mae=43.008 val_rmse=61.314 tf=0.00lr=0.001
Epoch 314/1000 train_mse_scaled=0.024478 val_mae=42.056 val_rmse=61.239 tf=0.00lr=0.001
Epoch 315/1000 train_mse_scaled=0.024380 val_mae=41.861 val_rmse=60.284 tf=0.00lr=0.001
Epoch 316/1000 train_mse_scaled=0.024332 val_mae=43.894 val_rmse=61.631 tf=0.00lr=0.001
Epoch 317/1000 train_mse_scaled=0.024213 val_mae=42.716 val_rmse=61.201 tf=0.00lr=0.001
Epoch 318/1000 train_mse_scaled=0.024360 val_mae=44.059 val_rmse=62.579 tf=0.00lr=0.001
Epoch 319/1000 train_mse_scaled=0.024809 val_mae=42.594 val_rmse=61.726 tf=0.00lr=0.001
Epoch 320/1000 train_mse_scaled=0.024144 val_mae=42.502 val_rmse=61.114 tf=0.00lr=0.001
Epoch 321/1000 train_mse_scaled=0.024076 val_mae=42.137 val_rmse=60.685 tf=0.00lr=0.001
Epoch 322/1000 train_mse_scaled=0.024055 val_mae=41.868 val_rmse=60.466 tf=0.00lr=0.001
Epoch 323/1000 train_mse_scaled=0.024829 val_mae=42.594 val_rmse=62.414 tf=0.00lr=0.001
Epoch 324/1000 train_mse_scaled=0.024495 val_mae=43.615 val_rmse=62.019 tf=0.00lr=0.001
Epoch 325/1000 train_mse_scaled=0.024073 val_mae=42.230 val_rmse=60.485 tf=0.00lr=0.001
Epoch 326/1000 train_mse_scaled=0.023914 val_mae=43.573 val_rmse=61.494 tf=0.00lr=0.001
Epoch 327/1000 train_mse_scaled=0.023880 val_mae=41.332 val_rmse=59.626 tf=0.00lr=0.001
Epoch 328/1000 train_mse_scaled=0.023839 val_mae=41.311 val_rmse=60.021 tf=0.00lr=0.001
Epoch 329/1000 train_mse_scaled=0.023787 val_mae=42.925 val_rmse=61.428 tf=0.00lr=0.001
Epoch 330/1000 train_mse_scaled=0.023875 val_mae=42.262 val_rmse=60.894 tf=0.00lr=0.001
Epoch 331/1000 train_mse_scaled=0.023778 val_mae=41.637 val_rmse=60.152 tf=0.00lr=0.001
Epoch 332/1000 train_mse_scaled=0.024475 val_mae=41.939 val_rmse=60.518 tf=0.00lr=0.001
Epoch 333/1000 train_mse_scaled=0.024065 val_mae=41.512 val_rmse=60.156 tf=0.00lr=0.001
Epoch 334/1000 train_mse_scaled=0.023718 val_mae=43.332 val_rmse=61.363 tf=0.00lr=0.001
Epoch 335/1000 train_mse_scaled=0.023758 val_mae=40.820 val_rmse=59.318 tf=0.00lr=0.001
Epoch 336/1000 train_mse_scaled=0.023747 val_mae=41.457 val_rmse=60.232 tf=0.00lr=0.001
Epoch 337/1000 train_mse_scaled=0.024787 val_mae=43.971 val_rmse=63.132 tf=0.00lr=0.001
Epoch 338/1000 train_mse_scaled=0.024267 val_mae=40.428 val_rmse=59.633 tf=0.00lr=0.001
Epoch 339/1000 train_mse_scaled=0.023686 val_mae=41.994 val_rmse=60.388 tf=0.00lr=0.001
Epoch 340/1000 train_mse_scaled=0.023672 val_mae=41.029 val_rmse=59.742 tf=0.00lr=0.001
Epoch 341/1000 train_mse_scaled=0.023447 val_mae=41.631 val_rmse=59.848 tf=0.00lr=0.001
Epoch 342/1000 train_mse_scaled=0.023543 val_mae=42.614 val_rmse=62.444 tf=0.00lr=0.001
Epoch 343/1000 train_mse_scaled=0.023795 val_mae=42.575 val_rmse=60.556 tf=0.00lr=0.001
Epoch 344/1000 train_mse_scaled=0.023492 val_mae=41.723 val_rmse=59.944 tf=0.00lr=0.001
Epoch 345/1000 train_mse_scaled=0.023272 val_mae=41.691 val_rmse=59.643 tf=0.00lr=0.001
Epoch 346/1000 train_mse_scaled=0.023330 val_mae=42.269 val_rmse=60.383 tf=0.00lr=0.001
Epoch 347/1000 train_mse_scaled=0.023332 val_mae=40.669 val_rmse=59.153 tf=0.00lr=0.001
Epoch 348/1000 train_mse_scaled=0.023456 val_mae=42.429 val_rmse=60.697 tf=0.00lr=0.001
Epoch 349/1000 train_mse_scaled=0.023121 val_mae=40.904 val_rmse=59.138 tf=0.00lr=0.001
Epoch 350/1000 train_mse_scaled=0.023339 val_mae=41.276 val_rmse=59.394 tf=0.00lr=0.001
Epoch 351/1000 train_mse_scaled=0.023279 val_mae=42.557 val_rmse=60.631 tf=0.00lr=0.001
Epoch 352/1000 train_mse_scaled=0.023326 val_mae=41.521 val_rmse=59.796 tf=0.00lr=0.001
Epoch 353/1000 train_mse_scaled=0.025140 val_mae=45.088 val_rmse=64.392 tf=0.00lr=0.001
Epoch 354/1000 train_mse_scaled=0.024143 val_mae=41.832 val_rmse=60.047 tf=0.00lr=0.001
Epoch 355/1000 train_mse_scaled=0.023287 val_mae=41.106 val_rmse=59.451 tf=0.00lr=0.001
Epoch 356/1000 train_mse_scaled=0.023042 val_mae=42.819 val_rmse=60.449 tf=0.00lr=0.001
Epoch 357/1000 train_mse_scaled=0.023091 val_mae=42.333 val_rmse=60.169 tf=0.00lr=0.001
Epoch 358/1000 train_mse_scaled=0.022950 val_mae=42.165 val_rmse=59.934 tf=0.00lr=0.001
Epoch 359/1000 train_mse_scaled=0.022946 val_mae=40.618 val_rmse=58.833 tf=0.00lr=0.001
Epoch 360/1000 train_mse_scaled=0.022690 val_mae=40.515 val_rmse=58.683 tf=0.00lr=0.001
Epoch 361/1000 train_mse_scaled=0.023106 val_mae=41.770 val_rmse=59.993 tf=0.00lr=0.001
Epoch 362/1000 train_mse_scaled=0.022786 val_mae=40.956 val_rmse=59.426 tf=0.00lr=0.001
Epoch 363/1000 train_mse_scaled=0.022933 val_mae=41.142 val_rmse=59.446 tf=0.00lr=0.001
Epoch 364/1000 train_mse_scaled=0.022884 val_mae=43.879 val_rmse=61.588 tf=0.00lr=0.001
Epoch 365/1000 train_mse_scaled=0.023038 val_mae=42.282 val_rmse=59.814 tf=0.00lr=0.001
Epoch 366/1000 train_mse_scaled=0.022804 val_mae=41.823 val_rmse=59.547 tf=0.00lr=0.001
Epoch 367/1000 train_mse_scaled=0.022935 val_mae=41.277 val_rmse=59.557 tf=0.00lr=0.001
Epoch 368/1000 train_mse_scaled=0.022808 val_mae=41.059 val_rmse=58.941 tf=0.00lr=0.001
Epoch 369/1000 train_mse_scaled=0.022791 val_mae=41.773 val_rmse=59.992 tf=0.00lr=0.001
Epoch 370/1000 train_mse_scaled=0.022715 val_mae=41.830 val_rmse=59.476 tf=0.00lr=0.001
Epoch 371/1000 train_mse_scaled=0.022852 val_mae=41.009 val_rmse=58.600 tf=0.00lr=0.001
Epoch 372/1000 train_mse_scaled=0.022532 val_mae=39.953 val_rmse=58.324 tf=0.00lr=0.001
Epoch 373/1000 train_mse_scaled=0.022581 val_mae=42.204 val_rmse=60.009 tf=0.00lr=0.001
Epoch 374/1000 train_mse_scaled=0.022637 val_mae=41.708 val_rmse=60.202 tf=0.00lr=0.001
Epoch 375/1000 train_mse_scaled=0.022787 val_mae=41.305 val_rmse=59.300 tf=0.00lr=0.001
Epoch 376/1000 train_mse_scaled=0.022575 val_mae=40.882 val_rmse=58.573 tf=0.00lr=0.001
Epoch 377/1000 train_mse_scaled=0.022682 val_mae=42.460 val_rmse=59.877 tf=0.00lr=0.001
Epoch 378/1000 train_mse_scaled=0.022525 val_mae=42.069 val_rmse=59.464 tf=0.00lr=0.001
Epoch 379/1000 train_mse_scaled=0.022702 val_mae=41.304 val_rmse=59.180 tf=0.00lr=0.001
Epoch 380/1000 train_mse_scaled=0.022765 val_mae=42.397 val_rmse=59.881 tf=0.00lr=0.001
Epoch 381/1000 train_mse_scaled=0.022866 val_mae=42.088 val_rmse=59.866 tf=0.00lr=0.001
Epoch 382/1000 train_mse_scaled=0.022429 val_mae=42.802 val_rmse=59.884 tf=0.00lr=0.001
Epoch 383/1000 train_mse_scaled=0.022528 val_mae=41.553 val_rmse=59.090 tf=0.00lr=0.001
Epoch 384/1000 train_mse_scaled=0.022550 val_mae=42.942 val_rmse=60.546 tf=0.00lr=0.001
Epoch 385/1000 train_mse_scaled=0.022562 val_mae=40.074 val_rmse=58.562 tf=0.00lr=0.001
Epoch 386/1000 train_mse_scaled=0.022616 val_mae=41.832 val_rmse=59.992 tf=0.00lr=0.001
Epoch 387/1000 train_mse_scaled=0.022649 val_mae=41.002 val_rmse=59.113 tf=0.00lr=0.001
Epoch 388/1000 train_mse_scaled=0.022480 val_mae=40.494 val_rmse=58.148 tf=0.00lr=0.001
Epoch 389/1000 train_mse_scaled=0.022386 val_mae=41.435 val_rmse=58.902 tf=0.00lr=0.001
Epoch 390/1000 train_mse_scaled=0.022174 val_mae=42.180 val_rmse=59.739 tf=0.00lr=0.001
Epoch 391/1000 train_mse_scaled=0.022167 val_mae=40.437 val_rmse=58.369 tf=0.00lr=0.001
Epoch 392/1000 train_mse_scaled=0.022256 val_mae=43.161 val_rmse=60.846 tf=0.00lr=0.001
Epoch 393/1000 train_mse_scaled=0.022559 val_mae=40.336 val_rmse=58.431 tf=0.00lr=0.001
Epoch 394/1000 train_mse_scaled=0.022044 val_mae=39.492 val_rmse=57.246 tf=0.00lr=0.001
Epoch 395/1000 train_mse_scaled=0.021985 val_mae=40.231 val_rmse=57.931 tf=0.00lr=0.001
Epoch 396/1000 train_mse_scaled=0.022411 val_mae=40.665 val_rmse=58.550 tf=0.00lr=0.001
Epoch 397/1000 train_mse_scaled=0.022624 val_mae=41.809 val_rmse=59.588 tf=0.00lr=0.001
Epoch 398/1000 train_mse_scaled=0.022419 val_mae=39.964 val_rmse=57.919 tf=0.00lr=0.001
Epoch 399/1000 train_mse_scaled=0.022129 val_mae=40.995 val_rmse=58.560 tf=0.00lr=0.001
Epoch 400/1000 train_mse_scaled=0.022347 val_mae=40.569 val_rmse=58.091 tf=0.00lr=0.001
Epoch 401/1000 train_mse_scaled=0.022308 val_mae=41.294 val_rmse=58.816 tf=0.00lr=0.001
Epoch 402/1000 train_mse_scaled=0.022584 val_mae=42.967 val_rmse=61.098 tf=0.00lr=0.001
Epoch 403/1000 train_mse_scaled=0.022743 val_mae=40.924 val_rmse=58.859 tf=0.00lr=0.001
Epoch 404/1000 train_mse_scaled=0.022074 val_mae=41.993 val_rmse=60.080 tf=0.00lr=0.001
Epoch 405/1000 train_mse_scaled=0.021828 val_mae=39.003 val_rmse=56.857 tf=0.00lr=0.001
Epoch 406/1000 train_mse_scaled=0.021828 val_mae=40.888 val_rmse=58.742 tf=0.00lr=0.001
Epoch 407/1000 train_mse_scaled=0.021902 val_mae=40.270 val_rmse=57.730 tf=0.00lr=0.001
Epoch 408/1000 train_mse_scaled=0.022007 val_mae=41.646 val_rmse=58.802 tf=0.00lr=0.001
Epoch 409/1000 train_mse_scaled=0.021777 val_mae=42.998 val_rmse=59.852 tf=0.00lr=0.001
Epoch 410/1000 train_mse_scaled=0.021787 val_mae=41.305 val_rmse=58.784 tf=0.00lr=0.001
Epoch 411/1000 train_mse_scaled=0.022078 val_mae=40.316 val_rmse=58.082 tf=0.00lr=0.001
Epoch 412/1000 train_mse_scaled=0.022007 val_mae=39.801 val_rmse=57.875 tf=0.00lr=0.001
Epoch 413/1000 train_mse_scaled=0.021932 val_mae=42.022 val_rmse=59.034 tf=0.00lr=0.001
Epoch 414/1000 train_mse_scaled=0.021670 val_mae=40.574 val_rmse=58.041 tf=0.00lr=0.001
Epoch 415/1000 train_mse_scaled=0.021722 val_mae=39.444 val_rmse=56.874 tf=0.00lr=0.001
Epoch 416/1000 train_mse_scaled=0.021691 val_mae=40.403 val_rmse=58.013 tf=0.00lr=0.001
Epoch 417/1000 train_mse_scaled=0.021658 val_mae=39.532 val_rmse=57.684 tf=0.00lr=0.001
Epoch 418/1000 train_mse_scaled=0.021728 val_mae=40.506 val_rmse=58.120 tf=0.00lr=0.001
Epoch 419/1000 train_mse_scaled=0.021599 val_mae=40.430 val_rmse=57.596 tf=0.00lr=0.001
Epoch 420/1000 train_mse_scaled=0.021748 val_mae=41.175 val_rmse=58.889 tf=0.00lr=0.001
Epoch 421/1000 train_mse_scaled=0.021677 val_mae=41.369 val_rmse=58.543 tf=0.00lr=0.001
Epoch 422/1000 train_mse_scaled=0.021754 val_mae=41.192 val_rmse=58.350 tf=0.00lr=0.001
Epoch 423/1000 train_mse_scaled=0.021635 val_mae=39.162 val_rmse=57.215 tf=0.00lr=0.001
Epoch 424/1000 train_mse_scaled=0.021659 val_mae=40.569 val_rmse=58.155 tf=0.00lr=0.001
Epoch 425/1000 train_mse_scaled=0.021741 val_mae=41.066 val_rmse=58.357 tf=0.00lr=0.001
Epoch 426/1000 train_mse_scaled=0.021648 val_mae=41.705 val_rmse=59.057 tf=0.00lr=0.001
Epoch 427/1000 train_mse_scaled=0.022513 val_mae=40.894 val_rmse=58.364 tf=0.00lr=0.001
Epoch 428/1000 train_mse_scaled=0.021689 val_mae=39.962 val_rmse=57.681 tf=0.00lr=0.001
Epoch 429/1000 train_mse_scaled=0.021438 val_mae=41.153 val_rmse=58.620 tf=0.00lr=0.001
Epoch 430/1000 train_mse_scaled=0.021446 val_mae=39.618 val_rmse=57.340 tf=0.00lr=0.001
Epoch 431/1000 train_mse_scaled=0.021418 val_mae=40.655 val_rmse=58.067 tf=0.00lr=0.001
Epoch 432/1000 train_mse_scaled=0.021860 val_mae=40.695 val_rmse=58.274 tf=0.00lr=0.001
Epoch 433/1000 train_mse_scaled=0.021604 val_mae=41.555 val_rmse=58.311 tf=0.00lr=0.001
Epoch 434/1000 train_mse_scaled=0.021334 val_mae=39.424 val_rmse=57.072 tf=0.00lr=0.001
Epoch 435/1000 train_mse_scaled=0.021389 val_mae=39.394 val_rmse=56.733 tf=0.00lr=0.001
Epoch 436/1000 train_mse_scaled=0.021337 val_mae=40.011 val_rmse=57.563 tf=0.00lr=0.001
Epoch 437/1000 train_mse_scaled=0.021523 val_mae=39.867 val_rmse=57.602 tf=0.00lr=0.001
Epoch 438/1000 train_mse_scaled=0.021290 val_mae=40.143 val_rmse=57.212 tf=0.00lr=0.001
Epoch 439/1000 train_mse_scaled=0.022050 val_mae=41.228 val_rmse=58.604 tf=0.00lr=0.001
Epoch 440/1000 train_mse_scaled=0.021843 val_mae=39.725 val_rmse=57.281 tf=0.00lr=0.001
Epoch 441/1000 train_mse_scaled=0.021317 val_mae=39.330 val_rmse=56.738 tf=0.00lr=0.001
Epoch 442/1000 train_mse_scaled=0.021369 val_mae=40.002 val_rmse=57.509 tf=0.00lr=0.001
Epoch 443/1000 train_mse_scaled=0.021300 val_mae=40.043 val_rmse=57.376 tf=0.00lr=0.001
Epoch 444/1000 train_mse_scaled=0.021086 val_mae=40.189 val_rmse=57.419 tf=0.00lr=0.001
Epoch 445/1000 train_mse_scaled=0.021049 val_mae=39.264 val_rmse=56.363 tf=0.00lr=0.001
Epoch 446/1000 train_mse_scaled=0.021488 val_mae=39.256 val_rmse=57.695 tf=0.00lr=0.001
Epoch 447/1000 train_mse_scaled=0.020941 val_mae=39.112 val_rmse=56.678 tf=0.00lr=0.001
Epoch 448/1000 train_mse_scaled=0.021084 val_mae=40.715 val_rmse=57.959 tf=0.00lr=0.001
Epoch 449/1000 train_mse_scaled=0.021242 val_mae=41.806 val_rmse=59.036 tf=0.00lr=0.001
Epoch 450/1000 train_mse_scaled=0.021850 val_mae=44.791 val_rmse=66.784 tf=0.00lr=0.001
Epoch 451/1000 train_mse_scaled=0.022991 val_mae=40.980 val_rmse=58.214 tf=0.00lr=0.001
Epoch 452/1000 train_mse_scaled=0.021540 val_mae=39.412 val_rmse=57.094 tf=0.00lr=0.001
Epoch 453/1000 train_mse_scaled=0.021142 val_mae=40.926 val_rmse=58.372 tf=0.00lr=0.001
Epoch 454/1000 train_mse_scaled=0.020854 val_mae=39.224 val_rmse=56.764 tf=0.00lr=0.001
Epoch 455/1000 train_mse_scaled=0.021106 val_mae=40.015 val_rmse=57.244 tf=0.00lr=0.001
Epoch 456/1000 train_mse_scaled=0.021016 val_mae=41.313 val_rmse=58.411 tf=0.00lr=0.001
Epoch 457/1000 train_mse_scaled=0.020943 val_mae=39.273 val_rmse=56.561 tf=0.00lr=0.001
Epoch 458/1000 train_mse_scaled=0.020929 val_mae=40.052 val_rmse=57.268 tf=0.00lr=0.001
Epoch 459/1000 train_mse_scaled=0.021103 val_mae=40.917 val_rmse=57.806 tf=0.00lr=0.001
Epoch 460/1000 train_mse_scaled=0.020844 val_mae=39.600 val_rmse=57.192 tf=0.00lr=0.001
Epoch 461/1000 train_mse_scaled=0.020880 val_mae=39.225 val_rmse=56.547 tf=0.00lr=0.001
Epoch 462/1000 train_mse_scaled=0.020841 val_mae=38.902 val_rmse=56.429 tf=0.00lr=0.001
Epoch 463/1000 train_mse_scaled=0.021007 val_mae=40.336 val_rmse=57.440 tf=0.00lr=0.001
Epoch 464/1000 train_mse_scaled=0.020786 val_mae=38.701 val_rmse=55.953 tf=0.00lr=0.001
Epoch 465/1000 train_mse_scaled=0.020930 val_mae=40.686 val_rmse=57.532 tf=0.00lr=0.001
Epoch 466/1000 train_mse_scaled=0.020879 val_mae=40.562 val_rmse=58.107 tf=0.00lr=0.001
Epoch 467/1000 train_mse_scaled=0.020908 val_mae=40.041 val_rmse=57.248 tf=0.00lr=0.001
Epoch 468/1000 train_mse_scaled=0.021171 val_mae=41.164 val_rmse=58.721 tf=0.00lr=0.001
Epoch 469/1000 train_mse_scaled=0.021151 val_mae=40.492 val_rmse=57.748 tf=0.00lr=0.001
Epoch 470/1000 train_mse_scaled=0.021036 val_mae=41.175 val_rmse=58.604 tf=0.00lr=0.001
Epoch 471/1000 train_mse_scaled=0.020919 val_mae=38.890 val_rmse=56.282 tf=0.00lr=0.001
Epoch 472/1000 train_mse_scaled=0.020751 val_mae=38.506 val_rmse=55.819 tf=0.00lr=0.001
Epoch 473/1000 train_mse_scaled=0.020511 val_mae=40.450 val_rmse=57.502 tf=0.00lr=0.001
Epoch 474/1000 train_mse_scaled=0.021016 val_mae=41.765 val_rmse=58.543 tf=0.00lr=0.001
Epoch 475/1000 train_mse_scaled=0.020751 val_mae=39.122 val_rmse=56.410 tf=0.00lr=0.001
Epoch 476/1000 train_mse_scaled=0.021554 val_mae=42.301 val_rmse=59.909 tf=0.00lr=0.001
Epoch 477/1000 train_mse_scaled=0.021021 val_mae=40.673 val_rmse=58.478 tf=0.00lr=0.001
Epoch 478/1000 train_mse_scaled=0.021008 val_mae=40.344 val_rmse=57.952 tf=0.00lr=0.001
Epoch 479/1000 train_mse_scaled=0.020872 val_mae=39.170 val_rmse=56.597 tf=0.00lr=0.001
Epoch 480/1000 train_mse_scaled=0.020662 val_mae=38.842 val_rmse=56.576 tf=0.00lr=0.001
Epoch 481/1000 train_mse_scaled=0.020621 val_mae=41.742 val_rmse=58.522 tf=0.00lr=0.001
Epoch 482/1000 train_mse_scaled=0.020683 val_mae=42.215 val_rmse=58.854 tf=0.00lr=0.001
Epoch 483/1000 train_mse_scaled=0.020705 val_mae=39.019 val_rmse=57.223 tf=0.00lr=0.001
Epoch 484/1000 train_mse_scaled=0.020617 val_mae=40.166 val_rmse=56.999 tf=0.00lr=0.001
Epoch 485/1000 train_mse_scaled=0.020573 val_mae=40.236 val_rmse=57.101 tf=0.00lr=0.001
Epoch 486/1000 train_mse_scaled=0.020429 val_mae=39.609 val_rmse=56.603 tf=0.00lr=0.001
Epoch 487/1000 train_mse_scaled=0.020706 val_mae=39.776 val_rmse=57.011 tf=0.00lr=0.001
Epoch 488/1000 train_mse_scaled=0.020339 val_mae=40.332 val_rmse=57.127 tf=0.00lr=0.001
Epoch 489/1000 train_mse_scaled=0.020718 val_mae=38.953 val_rmse=56.395 tf=0.00lr=0.001
Epoch 490/1000 train_mse_scaled=0.020718 val_mae=40.280 val_rmse=57.998 tf=0.00lr=0.001
Epoch 491/1000 train_mse_scaled=0.020710 val_mae=40.216 val_rmse=57.004 tf=0.00lr=0.001
Epoch 492/1000 train_mse_scaled=0.020583 val_mae=39.873 val_rmse=56.858 tf=0.00lr=0.001
Epoch 493/1000 train_mse_scaled=0.020446 val_mae=42.024 val_rmse=58.491 tf=0.00lr=0.001
Epoch 494/1000 train_mse_scaled=0.020294 val_mae=40.597 val_rmse=57.573 tf=0.00lr=0.001
Epoch 495/1000 train_mse_scaled=0.020424 val_mae=39.024 val_rmse=56.418 tf=0.00lr=0.001
Epoch 496/1000 train_mse_scaled=0.020438 val_mae=39.590 val_rmse=56.579 tf=0.00lr=0.001
Epoch 497/1000 train_mse_scaled=0.020328 val_mae=39.601 val_rmse=57.028 tf=0.00lr=0.001
Epoch 498/1000 train_mse_scaled=0.020353 val_mae=40.053 val_rmse=57.047 tf=0.00lr=0.001
Epoch 499/1000 train_mse_scaled=0.020403 val_mae=40.566 val_rmse=57.880 tf=0.00lr=0.001
Epoch 500/1000 train_mse_scaled=0.020323 val_mae=38.567 val_rmse=56.032 tf=0.00lr=0.001
Epoch 501/1000 train_mse_scaled=0.020187 val_mae=40.261 val_rmse=57.706 tf=0.00lr=0.001
Epoch 502/1000 train_mse_scaled=0.020676 val_mae=39.913 val_rmse=56.946 tf=0.00lr=0.001
Epoch 503/1000 train_mse_scaled=0.020182 val_mae=39.541 val_rmse=56.292 tf=0.00lr=0.001
Epoch 504/1000 train_mse_scaled=0.020308 val_mae=40.005 val_rmse=56.820 tf=0.00lr=0.001
Epoch 505/1000 train_mse_scaled=0.020261 val_mae=38.520 val_rmse=55.739 tf=0.00lr=0.001
Epoch 506/1000 train_mse_scaled=0.020095 val_mae=39.477 val_rmse=56.993 tf=0.00lr=0.001
Epoch 507/1000 train_mse_scaled=0.020291 val_mae=39.474 val_rmse=56.676 tf=0.00lr=0.001
Epoch 508/1000 train_mse_scaled=0.020484 val_mae=39.898 val_rmse=56.825 tf=0.00lr=0.001
Epoch 509/1000 train_mse_scaled=0.020352 val_mae=40.566 val_rmse=57.450 tf=0.00lr=0.001
Epoch 510/1000 train_mse_scaled=0.020272 val_mae=39.263 val_rmse=56.228 tf=0.00lr=0.001
Epoch 511/1000 train_mse_scaled=0.020104 val_mae=38.893 val_rmse=56.066 tf=0.00lr=0.001
Epoch 512/1000 train_mse_scaled=0.020326 val_mae=39.981 val_rmse=56.834 tf=0.00lr=0.001
Epoch 513/1000 train_mse_scaled=0.020136 val_mae=39.623 val_rmse=56.646 tf=0.00lr=0.001
Epoch 514/1000 train_mse_scaled=0.020347 val_mae=39.733 val_rmse=56.305 tf=0.00lr=0.001
Epoch 515/1000 train_mse_scaled=0.020176 val_mae=39.027 val_rmse=56.507 tf=0.00lr=0.001
Epoch 516/1000 train_mse_scaled=0.020332 val_mae=39.953 val_rmse=56.968 tf=0.00lr=0.001
Epoch 517/1000 train_mse_scaled=0.020075 val_mae=40.033 val_rmse=56.905 tf=0.00lr=0.001
Epoch 518/1000 train_mse_scaled=0.020204 val_mae=41.237 val_rmse=58.253 tf=0.00lr=0.001
Epoch 519/1000 train_mse_scaled=0.020280 val_mae=40.495 val_rmse=57.813 tf=0.00lr=0.001
Epoch 520/1000 train_mse_scaled=0.021447 val_mae=39.621 val_rmse=56.820 tf=0.00lr=0.001
Epoch 521/1000 train_mse_scaled=0.020516 val_mae=39.951 val_rmse=57.520 tf=0.00lr=0.001
Epoch 522/1000 train_mse_scaled=0.020283 val_mae=39.879 val_rmse=56.714 tf=0.00lr=0.001
Epoch 523/1000 train_mse_scaled=0.020054 val_mae=38.702 val_rmse=55.818 tf=0.00lr=0.001
Epoch 524/1000 train_mse_scaled=0.020028 val_mae=39.644 val_rmse=56.624 tf=0.00lr=0.001
Epoch 525/1000 train_mse_scaled=0.020130 val_mae=38.436 val_rmse=56.006 tf=0.00lr=0.001
Epoch 526/1000 train_mse_scaled=0.019878 val_mae=38.297 val_rmse=55.570 tf=0.00lr=0.001
Epoch 527/1000 train_mse_scaled=0.020124 val_mae=41.062 val_rmse=57.542 tf=0.00lr=0.001
Epoch 528/1000 train_mse_scaled=0.020061 val_mae=39.182 val_rmse=56.503 tf=0.00lr=0.001
Epoch 529/1000 train_mse_scaled=0.019974 val_mae=39.729 val_rmse=56.699 tf=0.00lr=0.001
Epoch 530/1000 train_mse_scaled=0.020049 val_mae=40.763 val_rmse=57.729 tf=0.00lr=0.001
Epoch 531/1000 train_mse_scaled=0.020028 val_mae=41.002 val_rmse=57.489 tf=0.00lr=0.001
Epoch 532/1000 train_mse_scaled=0.020083 val_mae=38.382 val_rmse=55.397 tf=0.00lr=0.001
Epoch 533/1000 train_mse_scaled=0.019873 val_mae=39.658 val_rmse=56.115 tf=0.00lr=0.001
Epoch 534/1000 train_mse_scaled=0.019984 val_mae=40.686 val_rmse=58.012 tf=0.00lr=0.001
Epoch 535/1000 train_mse_scaled=0.020015 val_mae=39.361 val_rmse=56.307 tf=0.00lr=0.001
Epoch 536/1000 train_mse_scaled=0.019805 val_mae=38.902 val_rmse=56.066 tf=0.00lr=0.001
Epoch 537/1000 train_mse_scaled=0.020558 val_mae=39.499 val_rmse=56.482 tf=0.00lr=0.001
Epoch 538/1000 train_mse_scaled=0.020242 val_mae=39.748 val_rmse=56.445 tf=0.00lr=0.001
Epoch 539/1000 train_mse_scaled=0.019846 val_mae=40.325 val_rmse=56.848 tf=0.00lr=0.001
Epoch 540/1000 train_mse_scaled=0.019704 val_mae=39.571 val_rmse=56.268 tf=0.00lr=0.001
Epoch 541/1000 train_mse_scaled=0.019980 val_mae=39.889 val_rmse=56.793 tf=0.00lr=0.001
Epoch 542/1000 train_mse_scaled=0.019830 val_mae=39.038 val_rmse=55.965 tf=0.00lr=0.001
Epoch 543/1000 train_mse_scaled=0.019732 val_mae=39.101 val_rmse=56.008 tf=0.00lr=0.001
Epoch 544/1000 train_mse_scaled=0.019959 val_mae=39.749 val_rmse=56.515 tf=0.00lr=0.001
Epoch 545/1000 train_mse_scaled=0.019956 val_mae=38.814 val_rmse=55.943 tf=0.00lr=0.001
Epoch 546/1000 train_mse_scaled=0.019780 val_mae=38.603 val_rmse=55.561 tf=0.00lr=0.001
Epoch 547/1000 train_mse_scaled=0.019878 val_mae=39.202 val_rmse=56.053 tf=0.00lr=0.001
Epoch 548/1000 train_mse_scaled=0.019813 val_mae=39.554 val_rmse=56.516 tf=0.00lr=0.001
Epoch 549/1000 train_mse_scaled=0.019576 val_mae=39.262 val_rmse=56.058 tf=0.00lr=0.001
Epoch 550/1000 train_mse_scaled=0.019919 val_mae=40.326 val_rmse=57.173 tf=0.00lr=0.001
Epoch 551/1000 train_mse_scaled=0.019664 val_mae=39.496 val_rmse=56.325 tf=0.00lr=0.001
Epoch 552/1000 train_mse_scaled=0.019728 val_mae=38.849 val_rmse=56.458 tf=0.00lr=0.001
Epoch 553/1000 train_mse_scaled=0.019691 val_mae=39.995 val_rmse=56.768 tf=0.00lr=0.001
Epoch 554/1000 train_mse_scaled=0.020627 val_mae=40.138 val_rmse=56.493 tf=0.00lr=0.001
Epoch 555/1000 train_mse_scaled=0.019660 val_mae=40.852 val_rmse=57.608 tf=0.00lr=0.001
Epoch 556/1000 train_mse_scaled=0.019628 val_mae=40.032 val_rmse=56.900 tf=0.00lr=0.001
Epoch 557/1000 train_mse_scaled=0.019791 val_mae=39.229 val_rmse=55.756 tf=0.00lr=0.001
Epoch 558/1000 train_mse_scaled=0.020705 val_mae=42.408 val_rmse=64.477 tf=0.00lr=0.001
Epoch 559/1000 train_mse_scaled=0.022291 val_mae=40.018 val_rmse=57.351 tf=0.00lr=0.001
Epoch 560/1000 train_mse_scaled=0.019727 val_mae=39.546 val_rmse=56.508 tf=0.00lr=0.001
Epoch 561/1000 train_mse_scaled=0.019729 val_mae=39.236 val_rmse=57.418 tf=0.00lr=0.001
Epoch 562/1000 train_mse_scaled=0.019831 val_mae=37.970 val_rmse=55.126 tf=0.00lr=0.001
Epoch 563/1000 train_mse_scaled=0.019438 val_mae=39.812 val_rmse=56.649 tf=0.00lr=0.001
Epoch 564/1000 train_mse_scaled=0.019475 val_mae=40.017 val_rmse=56.555 tf=0.00lr=0.001
Epoch 565/1000 train_mse_scaled=0.019491 val_mae=39.848 val_rmse=56.379 tf=0.00lr=0.001
Epoch 566/1000 train_mse_scaled=0.019439 val_mae=38.544 val_rmse=55.416 tf=0.00lr=0.001
Epoch 567/1000 train_mse_scaled=0.019459 val_mae=38.772 val_rmse=55.835 tf=0.00lr=0.001
Epoch 568/1000 train_mse_scaled=0.019485 val_mae=39.591 val_rmse=56.123 tf=0.00lr=0.001
Epoch 569/1000 train_mse_scaled=0.019585 val_mae=39.538 val_rmse=56.443 tf=0.00lr=0.001
Epoch 570/1000 train_mse_scaled=0.019683 val_mae=39.671 val_rmse=56.458 tf=0.00lr=0.001
Epoch 571/1000 train_mse_scaled=0.019455 val_mae=39.408 val_rmse=55.980 tf=0.00lr=0.001
Epoch 572/1000 train_mse_scaled=0.019435 val_mae=38.182 val_rmse=55.177 tf=0.00lr=0.001
Epoch 573/1000 train_mse_scaled=0.019499 val_mae=39.115 val_rmse=55.645 tf=0.00lr=0.001
Epoch 574/1000 train_mse_scaled=0.019473 val_mae=38.603 val_rmse=55.901 tf=0.00lr=0.001
Epoch 575/1000 train_mse_scaled=0.019420 val_mae=38.731 val_rmse=55.288 tf=0.00lr=0.001
Epoch 576/1000 train_mse_scaled=0.019423 val_mae=39.323 val_rmse=56.058 tf=0.00lr=0.001
Epoch 577/1000 train_mse_scaled=0.019618 val_mae=39.779 val_rmse=56.824 tf=0.00lr=0.001
Epoch 578/1000 train_mse_scaled=0.019621 val_mae=41.246 val_rmse=58.472 tf=0.00lr=0.001
Epoch 579/1000 train_mse_scaled=0.019450 val_mae=38.794 val_rmse=56.089 tf=0.00lr=0.001
Epoch 580/1000 train_mse_scaled=0.019266 val_mae=39.215 val_rmse=55.939 tf=0.00lr=0.001
Epoch 581/1000 train_mse_scaled=0.019445 val_mae=39.038 val_rmse=55.850 tf=0.00lr=0.001
Epoch 582/1000 train_mse_scaled=0.019523 val_mae=38.996 val_rmse=55.462 tf=0.00lr=0.001
Epoch 583/1000 train_mse_scaled=0.019323 val_mae=39.537 val_rmse=56.056 tf=0.00lr=0.001
Epoch 584/1000 train_mse_scaled=0.019337 val_mae=39.221 val_rmse=56.048 tf=0.00lr=0.001
Epoch 585/1000 train_mse_scaled=0.019268 val_mae=39.277 val_rmse=56.234 tf=0.00lr=0.001
Epoch 586/1000 train_mse_scaled=0.019156 val_mae=40.061 val_rmse=56.728 tf=0.00lr=0.001
Epoch 587/1000 train_mse_scaled=0.019204 val_mae=38.892 val_rmse=56.011 tf=0.00lr=0.001
Epoch 588/1000 train_mse_scaled=0.019278 val_mae=38.541 val_rmse=55.907 tf=0.00lr=0.001
Epoch 589/1000 train_mse_scaled=0.019308 val_mae=40.743 val_rmse=57.520 tf=0.00lr=0.001
Epoch 590/1000 train_mse_scaled=0.019288 val_mae=39.068 val_rmse=55.955 tf=0.00lr=0.001
Epoch 591/1000 train_mse_scaled=0.019109 val_mae=38.442 val_rmse=55.489 tf=0.00lr=0.001
Epoch 592/1000 train_mse_scaled=0.019213 val_mae=38.876 val_rmse=55.276 tf=0.00lr=0.001
Epoch 593/1000 train_mse_scaled=0.019316 val_mae=39.539 val_rmse=56.170 tf=0.00lr=0.001
Epoch 594/1000 train_mse_scaled=0.019456 val_mae=39.894 val_rmse=56.572 tf=0.00lr=0.001
Epoch 595/1000 train_mse_scaled=0.019837 val_mae=40.157 val_rmse=56.563 tf=0.00lr=0.001
Epoch 596/1000 train_mse_scaled=0.019185 val_mae=38.063 val_rmse=54.968 tf=0.00lr=0.001
Epoch 597/1000 train_mse_scaled=0.018950 val_mae=38.771 val_rmse=55.244 tf=0.00lr=0.001
Epoch 598/1000 train_mse_scaled=0.019144 val_mae=39.886 val_rmse=56.185 tf=0.00lr=0.001
Epoch 599/1000 train_mse_scaled=0.019247 val_mae=40.145 val_rmse=56.619 tf=0.00lr=0.001
Epoch 600/1000 train_mse_scaled=0.019155 val_mae=39.219 val_rmse=55.655 tf=0.00lr=0.001
Epoch 601/1000 train_mse_scaled=0.019008 val_mae=38.180 val_rmse=55.163 tf=0.00lr=0.001
Epoch 602/1000 train_mse_scaled=0.019073 val_mae=39.962 val_rmse=56.153 tf=0.00lr=0.001
Epoch 603/1000 train_mse_scaled=0.019095 val_mae=39.028 val_rmse=55.698 tf=0.00lr=0.001
Epoch 604/1000 train_mse_scaled=0.018917 val_mae=38.611 val_rmse=55.333 tf=0.00lr=0.001
Epoch 605/1000 train_mse_scaled=0.019094 val_mae=38.976 val_rmse=55.680 tf=0.00lr=0.001
Epoch 606/1000 train_mse_scaled=0.019266 val_mae=37.793 val_rmse=54.555 tf=0.00lr=0.001
Epoch 607/1000 train_mse_scaled=0.019295 val_mae=39.544 val_rmse=56.113 tf=0.00lr=0.001
Epoch 608/1000 train_mse_scaled=0.019223 val_mae=38.109 val_rmse=55.295 tf=0.00lr=0.001
Epoch 609/1000 train_mse_scaled=0.018937 val_mae=39.201 val_rmse=55.529 tf=0.00lr=0.001
Epoch 610/1000 train_mse_scaled=0.019095 val_mae=37.897 val_rmse=55.051 tf=0.00lr=0.001
Epoch 611/1000 train_mse_scaled=0.019100 val_mae=39.731 val_rmse=56.034 tf=0.00lr=0.001
Epoch 612/1000 train_mse_scaled=0.019023 val_mae=39.342 val_rmse=56.126 tf=0.00lr=0.001
Epoch 613/1000 train_mse_scaled=0.018880 val_mae=41.113 val_rmse=57.342 tf=0.00lr=0.001
Epoch 614/1000 train_mse_scaled=0.019141 val_mae=40.610 val_rmse=56.908 tf=0.00lr=0.001
Epoch 615/1000 train_mse_scaled=0.020373 val_mae=41.460 val_rmse=60.374 tf=0.00lr=0.001
Epoch 616/1000 train_mse_scaled=0.020341 val_mae=39.965 val_rmse=56.790 tf=0.00lr=0.001
Epoch 617/1000 train_mse_scaled=0.019249 val_mae=39.741 val_rmse=56.522 tf=0.00lr=0.001
Epoch 618/1000 train_mse_scaled=0.019204 val_mae=40.164 val_rmse=57.122 tf=0.00lr=0.001
Epoch 619/1000 train_mse_scaled=0.019020 val_mae=38.160 val_rmse=55.156 tf=0.00lr=0.001
Epoch 620/1000 train_mse_scaled=0.018907 val_mae=40.282 val_rmse=56.814 tf=0.00lr=0.001
Epoch 621/1000 train_mse_scaled=0.018939 val_mae=37.690 val_rmse=54.369 tf=0.00lr=0.001
Epoch 622/1000 train_mse_scaled=0.018925 val_mae=38.028 val_rmse=54.822 tf=0.00lr=0.001
Epoch 623/1000 train_mse_scaled=0.018881 val_mae=39.379 val_rmse=55.869 tf=0.00lr=0.001
Epoch 624/1000 train_mse_scaled=0.018923 val_mae=39.202 val_rmse=55.630 tf=0.00lr=0.001
Epoch 625/1000 train_mse_scaled=0.018845 val_mae=37.985 val_rmse=54.856 tf=0.00lr=0.001
Epoch 626/1000 train_mse_scaled=0.018932 val_mae=40.262 val_rmse=56.644 tf=0.00lr=0.001
Epoch 627/1000 train_mse_scaled=0.018951 val_mae=40.081 val_rmse=56.300 tf=0.00lr=0.001
Epoch 628/1000 train_mse_scaled=0.018753 val_mae=37.543 val_rmse=54.290 tf=0.00lr=0.001
Epoch 629/1000 train_mse_scaled=0.018925 val_mae=39.773 val_rmse=58.005 tf=0.00lr=0.001
Epoch 630/1000 train_mse_scaled=0.018881 val_mae=38.292 val_rmse=55.257 tf=0.00lr=0.001
Epoch 631/1000 train_mse_scaled=0.018969 val_mae=40.232 val_rmse=56.304 tf=0.00lr=0.001
Epoch 632/1000 train_mse_scaled=0.018704 val_mae=39.842 val_rmse=56.224 tf=0.00lr=0.001
Epoch 633/1000 train_mse_scaled=0.022165 val_mae=41.773 val_rmse=58.733 tf=0.00lr=0.001
Epoch 634/1000 train_mse_scaled=0.019459 val_mae=38.316 val_rmse=55.313 tf=0.00lr=0.001
Epoch 635/1000 train_mse_scaled=0.019158 val_mae=39.471 val_rmse=56.021 tf=0.00lr=0.001
Epoch 636/1000 train_mse_scaled=0.018632 val_mae=39.281 val_rmse=55.599 tf=0.00lr=0.001
Epoch 637/1000 train_mse_scaled=0.018681 val_mae=39.020 val_rmse=55.314 tf=0.00lr=0.001
Epoch 638/1000 train_mse_scaled=0.018777 val_mae=39.097 val_rmse=56.112 tf=0.00lr=0.001
Epoch 639/1000 train_mse_scaled=0.018823 val_mae=39.866 val_rmse=56.279 tf=0.00lr=0.001
Epoch 640/1000 train_mse_scaled=0.018645 val_mae=38.657 val_rmse=55.178 tf=0.00lr=0.001
Epoch 641/1000 train_mse_scaled=0.018745 val_mae=38.313 val_rmse=54.894 tf=0.00lr=0.001
Epoch 642/1000 train_mse_scaled=0.018648 val_mae=39.951 val_rmse=57.030 tf=0.00lr=0.001
Epoch 643/1000 train_mse_scaled=0.018897 val_mae=40.508 val_rmse=57.008 tf=0.00lr=0.001
Epoch 644/1000 train_mse_scaled=0.018585 val_mae=39.280 val_rmse=55.839 tf=0.00lr=0.001
Epoch 645/1000 train_mse_scaled=0.018631 val_mae=40.506 val_rmse=56.975 tf=0.00lr=0.001
Epoch 646/1000 train_mse_scaled=0.018746 val_mae=39.068 val_rmse=56.144 tf=0.00lr=0.001
Epoch 647/1000 train_mse_scaled=0.018659 val_mae=38.981 val_rmse=55.185 tf=0.00lr=0.001
Epoch 648/1000 train_mse_scaled=0.018564 val_mae=39.965 val_rmse=56.399 tf=0.00lr=0.001
Epoch 649/1000 train_mse_scaled=0.018652 val_mae=40.846 val_rmse=56.933 tf=0.00lr=0.001
Epoch 650/1000 train_mse_scaled=0.018832 val_mae=39.179 val_rmse=56.343 tf=0.00lr=0.001
Epoch 651/1000 train_mse_scaled=0.018651 val_mae=39.774 val_rmse=56.121 tf=0.00lr=0.001
Epoch 652/1000 train_mse_scaled=0.018471 val_mae=38.000 val_rmse=54.487 tf=0.00lr=0.001
Epoch 653/1000 train_mse_scaled=0.018657 val_mae=39.480 val_rmse=55.720 tf=0.00lr=0.001
Epoch 654/1000 train_mse_scaled=0.018428 val_mae=38.512 val_rmse=55.660 tf=0.00lr=0.001
Epoch 655/1000 train_mse_scaled=0.018585 val_mae=39.242 val_rmse=56.003 tf=0.00lr=0.001
Epoch 656/1000 train_mse_scaled=0.018615 val_mae=39.366 val_rmse=55.605 tf=0.00lr=0.001
Epoch 657/1000 train_mse_scaled=0.018444 val_mae=38.900 val_rmse=55.591 tf=0.00lr=0.001
Epoch 658/1000 train_mse_scaled=0.018702 val_mae=38.459 val_rmse=55.060 tf=0.00lr=0.001
Epoch 659/1000 train_mse_scaled=0.018553 val_mae=38.919 val_rmse=55.508 tf=0.00lr=0.001
Epoch 660/1000 train_mse_scaled=0.018833 val_mae=41.148 val_rmse=58.238 tf=0.00lr=0.001
Epoch 661/1000 train_mse_scaled=0.018597 val_mae=38.657 val_rmse=55.242 tf=0.00lr=0.001
Epoch 662/1000 train_mse_scaled=0.018504 val_mae=39.662 val_rmse=55.976 tf=0.00lr=0.001
Epoch 663/1000 train_mse_scaled=0.018447 val_mae=38.815 val_rmse=55.562 tf=0.00lr=0.001
Epoch 664/1000 train_mse_scaled=0.018616 val_mae=39.555 val_rmse=56.031 tf=0.00lr=0.001
Epoch 665/1000 train_mse_scaled=0.018298 val_mae=39.080 val_rmse=55.940 tf=0.00lr=0.001
Epoch 666/1000 train_mse_scaled=0.018573 val_mae=40.413 val_rmse=56.685 tf=0.00lr=0.001
Epoch 667/1000 train_mse_scaled=0.018416 val_mae=38.110 val_rmse=54.931 tf=0.00lr=0.001
Epoch 668/1000 train_mse_scaled=0.018521 val_mae=37.923 val_rmse=54.543 tf=0.00lr=0.001
Epoch 669/1000 train_mse_scaled=0.018523 val_mae=37.404 val_rmse=54.174 tf=0.00lr=0.001
Epoch 670/1000 train_mse_scaled=0.018471 val_mae=38.806 val_rmse=55.741 tf=0.00lr=0.001
Epoch 671/1000 train_mse_scaled=0.018565 val_mae=39.025 val_rmse=55.949 tf=0.00lr=0.001
Epoch 672/1000 train_mse_scaled=0.018328 val_mae=39.248 val_rmse=55.785 tf=0.00lr=0.001
Epoch 673/1000 train_mse_scaled=0.018549 val_mae=39.873 val_rmse=56.510 tf=0.00lr=0.001
Epoch 674/1000 train_mse_scaled=0.018589 val_mae=39.680 val_rmse=56.056 tf=0.00lr=0.001
Epoch 675/1000 train_mse_scaled=0.018523 val_mae=40.053 val_rmse=56.249 tf=0.00lr=0.001
Epoch 676/1000 train_mse_scaled=0.018582 val_mae=39.943 val_rmse=56.469 tf=0.00lr=0.001
Epoch 677/1000 train_mse_scaled=0.018600 val_mae=38.497 val_rmse=55.228 tf=0.00lr=0.001
Epoch 678/1000 train_mse_scaled=0.018410 val_mae=40.292 val_rmse=56.663 tf=0.00lr=0.001
Epoch 679/1000 train_mse_scaled=0.018478 val_mae=39.615 val_rmse=56.293 tf=0.00lr=0.001
Epoch 680/1000 train_mse_scaled=0.018532 val_mae=39.662 val_rmse=56.224 tf=0.00lr=0.001
Epoch 681/1000 train_mse_scaled=0.018366 val_mae=38.742 val_rmse=55.273 tf=0.00lr=0.001
Epoch 682/1000 train_mse_scaled=0.018482 val_mae=38.975 val_rmse=55.223 tf=0.00lr=0.001
Epoch 683/1000 train_mse_scaled=0.021369 val_mae=40.926 val_rmse=61.224 tf=0.00lr=0.001
Epoch 684/1000 train_mse_scaled=0.020057 val_mae=39.913 val_rmse=56.699 tf=0.00lr=0.001
Epoch 685/1000 train_mse_scaled=0.018668 val_mae=38.699 val_rmse=55.054 tf=0.00lr=0.001
Epoch 686/1000 train_mse_scaled=0.018522 val_mae=37.851 val_rmse=54.392 tf=0.00lr=0.001
Epoch 687/1000 train_mse_scaled=0.018209 val_mae=38.829 val_rmse=55.287 tf=0.00lr=0.001
Epoch 688/1000 train_mse_scaled=0.018340 val_mae=38.869 val_rmse=55.493 tf=0.00lr=0.001
Epoch 689/1000 train_mse_scaled=0.018096 val_mae=39.777 val_rmse=55.860 tf=0.00lr=0.001
Epoch 690/1000 train_mse_scaled=0.018229 val_mae=38.778 val_rmse=55.074 tf=0.00lr=0.001
Epoch 691/1000 train_mse_scaled=0.018237 val_mae=38.974 val_rmse=55.152 tf=0.00lr=0.001
Epoch 692/1000 train_mse_scaled=0.018044 val_mae=38.977 val_rmse=55.369 tf=0.00lr=0.001
Epoch 693/1000 train_mse_scaled=0.017974 val_mae=39.533 val_rmse=55.885 tf=0.00lr=0.001
Epoch 694/1000 train_mse_scaled=0.018132 val_mae=39.523 val_rmse=55.616 tf=0.00lr=0.001
Epoch 695/1000 train_mse_scaled=0.018146 val_mae=38.831 val_rmse=55.198 tf=0.00lr=0.001
Epoch 696/1000 train_mse_scaled=0.018127 val_mae=39.630 val_rmse=55.755 tf=0.00lr=0.001
Epoch 697/1000 train_mse_scaled=0.018273 val_mae=38.137 val_rmse=54.585 tf=0.00lr=0.001
Epoch 698/1000 train_mse_scaled=0.018101 val_mae=40.020 val_rmse=55.766 tf=0.00lr=0.001
Epoch 699/1000 train_mse_scaled=0.018241 val_mae=39.038 val_rmse=55.731 tf=0.00lr=0.001
Epoch 700/1000 train_mse_scaled=0.018275 val_mae=41.267 val_rmse=57.598 tf=0.00lr=0.001
Epoch 701/1000 train_mse_scaled=0.018313 val_mae=37.136 val_rmse=54.550 tf=0.00lr=0.001
Epoch 702/1000 train_mse_scaled=0.018243 val_mae=38.010 val_rmse=54.487 tf=0.00lr=0.001
Epoch 703/1000 train_mse_scaled=0.018253 val_mae=38.297 val_rmse=54.615 tf=0.00lr=0.001
Epoch 704/1000 train_mse_scaled=0.018196 val_mae=39.311 val_rmse=55.519 tf=0.00lr=0.001
Epoch 705/1000 train_mse_scaled=0.018072 val_mae=38.142 val_rmse=54.788 tf=0.00lr=0.001
Epoch 706/1000 train_mse_scaled=0.018022 val_mae=39.893 val_rmse=56.057 tf=0.00lr=0.001
Epoch 707/1000 train_mse_scaled=0.017922 val_mae=38.316 val_rmse=54.978 tf=0.00lr=0.001
Epoch 708/1000 train_mse_scaled=0.018397 val_mae=39.594 val_rmse=55.744 tf=0.00lr=0.001
Epoch 709/1000 train_mse_scaled=0.017906 val_mae=39.173 val_rmse=55.344 tf=0.00lr=0.001
Epoch 710/1000 train_mse_scaled=0.017926 val_mae=37.933 val_rmse=54.377 tf=0.00lr=0.001
Epoch 711/1000 train_mse_scaled=0.018121 val_mae=38.790 val_rmse=54.971 tf=0.00lr=0.001
Epoch 712/1000 train_mse_scaled=0.018021 val_mae=38.182 val_rmse=54.587 tf=0.00lr=0.001
Epoch 713/1000 train_mse_scaled=0.018150 val_mae=39.854 val_rmse=56.195 tf=0.00lr=0.001
Epoch 714/1000 train_mse_scaled=0.018020 val_mae=37.910 val_rmse=54.521 tf=0.00lr=0.001
Epoch 715/1000 train_mse_scaled=0.018324 val_mae=39.649 val_rmse=55.931 tf=0.00lr=0.001
Epoch 716/1000 train_mse_scaled=0.017946 val_mae=38.793 val_rmse=54.991 tf=0.00lr=0.001
Epoch 717/1000 train_mse_scaled=0.018035 val_mae=38.995 val_rmse=55.543 tf=0.00lr=0.001
Epoch 718/1000 train_mse_scaled=0.018048 val_mae=39.323 val_rmse=55.243 tf=0.00lr=0.001
Epoch 719/1000 train_mse_scaled=0.017806 val_mae=38.417 val_rmse=54.939 tf=0.00lr=0.001
Epoch 720/1000 train_mse_scaled=0.018164 val_mae=37.718 val_rmse=54.255 tf=0.00lr=0.001
Epoch 721/1000 train_mse_scaled=0.017886 val_mae=39.433 val_rmse=55.494 tf=0.00lr=0.001
Epoch 722/1000 train_mse_scaled=0.018148 val_mae=39.163 val_rmse=55.211 tf=0.00lr=0.001
Epoch 723/1000 train_mse_scaled=0.018069 val_mae=39.460 val_rmse=55.558 tf=0.00lr=0.001
Epoch 724/1000 train_mse_scaled=0.018011 val_mae=39.079 val_rmse=55.366 tf=0.00lr=0.001
Epoch 725/1000 train_mse_scaled=0.018108 val_mae=40.162 val_rmse=56.480 tf=0.00lr=0.001
Epoch 726/1000 train_mse_scaled=0.018014 val_mae=39.274 val_rmse=55.252 tf=0.00lr=0.001
Epoch 727/1000 train_mse_scaled=0.017905 val_mae=40.078 val_rmse=56.307 tf=0.00lr=0.001
Epoch 728/1000 train_mse_scaled=0.017918 val_mae=37.787 val_rmse=54.316 tf=0.00lr=0.001
Epoch 729/1000 train_mse_scaled=0.017944 val_mae=38.362 val_rmse=55.367 tf=0.00lr=0.001
Epoch 730/1000 train_mse_scaled=0.018121 val_mae=39.918 val_rmse=55.921 tf=0.00lr=0.001
Epoch 731/1000 train_mse_scaled=0.017808 val_mae=39.408 val_rmse=56.079 tf=0.00lr=0.001
Epoch 732/1000 train_mse_scaled=0.017933 val_mae=38.900 val_rmse=54.720 tf=0.00lr=0.001
Epoch 733/1000 train_mse_scaled=0.017928 val_mae=39.945 val_rmse=55.861 tf=0.00lr=0.001
Epoch 734/1000 train_mse_scaled=0.017761 val_mae=39.472 val_rmse=55.662 tf=0.00lr=0.001
Epoch 735/1000 train_mse_scaled=0.017731 val_mae=39.021 val_rmse=55.233 tf=0.00lr=0.001
Epoch 736/1000 train_mse_scaled=0.017918 val_mae=39.062 val_rmse=55.180 tf=0.00lr=0.001
Epoch 737/1000 train_mse_scaled=0.017847 val_mae=40.168 val_rmse=56.154 tf=0.00lr=0.001
Epoch 738/1000 train_mse_scaled=0.017877 val_mae=39.328 val_rmse=55.462 tf=0.00lr=0.001
Epoch 739/1000 train_mse_scaled=0.017853 val_mae=37.344 val_rmse=54.201 tf=0.00lr=0.001
Epoch 740/1000 train_mse_scaled=0.018028 val_mae=41.307 val_rmse=56.991 tf=0.00lr=0.001
Epoch 741/1000 train_mse_scaled=0.018056 val_mae=38.444 val_rmse=54.879 tf=0.00lr=0.001
Epoch 742/1000 train_mse_scaled=0.017961 val_mae=39.208 val_rmse=55.362 tf=0.00lr=0.001
Epoch 743/1000 train_mse_scaled=0.017758 val_mae=39.577 val_rmse=55.718 tf=0.00lr=0.001
Epoch 744/1000 train_mse_scaled=0.017620 val_mae=38.661 val_rmse=54.886 tf=0.00lr=0.001
Epoch 745/1000 train_mse_scaled=0.017810 val_mae=38.217 val_rmse=54.221 tf=0.00lr=0.001
Epoch 746/1000 train_mse_scaled=0.018520 val_mae=39.580 val_rmse=58.904 tf=0.00lr=0.001
Epoch 747/1000 train_mse_scaled=0.018290 val_mae=38.388 val_rmse=54.597 tf=0.00lr=0.001
Epoch 748/1000 train_mse_scaled=0.017988 val_mae=38.999 val_rmse=55.233 tf=0.00lr=0.001
Epoch 749/1000 train_mse_scaled=0.017907 val_mae=38.747 val_rmse=54.824 tf=0.00lr=0.001
Epoch 750/1000 train_mse_scaled=0.017810 val_mae=40.294 val_rmse=56.264 tf=0.00lr=0.001
Epoch 751/1000 train_mse_scaled=0.017688 val_mae=38.036 val_rmse=54.245 tf=0.00lr=0.001
Epoch 752/1000 train_mse_scaled=0.017577 val_mae=39.078 val_rmse=55.183 tf=0.00lr=0.001
Epoch 753/1000 train_mse_scaled=0.017849 val_mae=39.240 val_rmse=55.219 tf=0.00lr=0.001
Epoch 754/1000 train_mse_scaled=0.017877 val_mae=38.992 val_rmse=55.360 tf=0.00lr=0.001
Epoch 755/1000 train_mse_scaled=0.017862 val_mae=39.209 val_rmse=55.122 tf=0.00lr=0.001
Epoch 756/1000 train_mse_scaled=0.018551 val_mae=41.259 val_rmse=58.818 tf=0.00lr=0.001
Epoch 757/1000 train_mse_scaled=0.017988 val_mae=39.198 val_rmse=54.935 tf=0.00lr=0.001
Epoch 758/1000 train_mse_scaled=0.017921 val_mae=40.795 val_rmse=57.041 tf=0.00lr=0.001
Epoch 759/1000 train_mse_scaled=0.017959 val_mae=38.897 val_rmse=55.313 tf=0.00lr=0.001
Epoch 760/1000 train_mse_scaled=0.017571 val_mae=37.639 val_rmse=53.769 tf=0.00lr=0.001
Epoch 761/1000 train_mse_scaled=0.017686 val_mae=38.526 val_rmse=54.744 tf=0.00lr=0.001
Epoch 762/1000 train_mse_scaled=0.017801 val_mae=39.351 val_rmse=55.232 tf=0.00lr=0.001
Epoch 763/1000 train_mse_scaled=0.017722 val_mae=38.732 val_rmse=54.524 tf=0.00lr=0.001
Epoch 764/1000 train_mse_scaled=0.017681 val_mae=38.957 val_rmse=55.061 tf=0.00lr=0.001
Epoch 765/1000 train_mse_scaled=0.017687 val_mae=39.231 val_rmse=55.051 tf=0.00lr=0.001
Epoch 766/1000 train_mse_scaled=0.017471 val_mae=39.414 val_rmse=55.149 tf=0.00lr=0.001
Epoch 767/1000 train_mse_scaled=0.017655 val_mae=38.061 val_rmse=53.912 tf=0.00lr=0.001
Epoch 768/1000 train_mse_scaled=0.017858 val_mae=38.065 val_rmse=54.090 tf=0.00lr=0.001
Epoch 769/1000 train_mse_scaled=0.017669 val_mae=38.302 val_rmse=54.501 tf=0.00lr=0.001
Epoch 770/1000 train_mse_scaled=0.017576 val_mae=38.857 val_rmse=54.735 tf=0.00lr=0.001
Epoch 771/1000 train_mse_scaled=0.017828 val_mae=38.553 val_rmse=54.567 tf=0.00lr=0.001
Epoch 772/1000 train_mse_scaled=0.017582 val_mae=38.650 val_rmse=54.596 tf=0.00lr=0.001
Epoch 773/1000 train_mse_scaled=0.017906 val_mae=43.847 val_rmse=62.897 tf=0.00lr=0.001
Epoch 774/1000 train_mse_scaled=0.019206 val_mae=39.789 val_rmse=55.792 tf=0.00lr=0.001
Epoch 775/1000 train_mse_scaled=0.017797 val_mae=40.115 val_rmse=56.189 tf=0.00lr=0.001
Epoch 776/1000 train_mse_scaled=0.017675 val_mae=38.700 val_rmse=54.415 tf=0.00lr=0.001
Epoch 777/1000 train_mse_scaled=0.017473 val_mae=40.271 val_rmse=56.618 tf=0.00lr=0.001
Epoch 778/1000 train_mse_scaled=0.017799 val_mae=38.849 val_rmse=55.065 tf=0.00lr=0.001
Epoch 779/1000 train_mse_scaled=0.017403 val_mae=37.155 val_rmse=53.252 tf=0.00lr=0.001
Epoch 780/1000 train_mse_scaled=0.017581 val_mae=39.806 val_rmse=55.724 tf=0.00lr=0.001
Epoch 781/1000 train_mse_scaled=0.017527 val_mae=39.416 val_rmse=55.283 tf=0.00lr=0.001
Epoch 782/1000 train_mse_scaled=0.017834 val_mae=38.695 val_rmse=54.958 tf=0.00lr=0.001
Epoch 783/1000 train_mse_scaled=0.017633 val_mae=38.735 val_rmse=54.601 tf=0.00lr=0.001
Epoch 784/1000 train_mse_scaled=0.017428 val_mae=38.209 val_rmse=54.380 tf=0.00lr=0.001
Epoch 785/1000 train_mse_scaled=0.017626 val_mae=40.890 val_rmse=56.538 tf=0.00lr=0.001
Epoch 786/1000 train_mse_scaled=0.017590 val_mae=39.682 val_rmse=55.378 tf=0.00lr=0.001
Epoch 787/1000 train_mse_scaled=0.017623 val_mae=39.977 val_rmse=55.265 tf=0.00lr=0.001
Epoch 788/1000 train_mse_scaled=0.017514 val_mae=39.252 val_rmse=54.623 tf=0.00lr=0.001
Epoch 789/1000 train_mse_scaled=0.018491 val_mae=39.613 val_rmse=55.399 tf=0.00lr=0.001
Epoch 790/1000 train_mse_scaled=0.017576 val_mae=37.478 val_rmse=53.337 tf=0.00lr=0.001
Epoch 791/1000 train_mse_scaled=0.017488 val_mae=38.328 val_rmse=55.215 tf=0.00lr=0.001
Epoch 792/1000 train_mse_scaled=0.017624 val_mae=39.289 val_rmse=55.242 tf=0.00lr=0.001
Epoch 793/1000 train_mse_scaled=0.017428 val_mae=39.657 val_rmse=55.426 tf=0.00lr=0.001
Epoch 794/1000 train_mse_scaled=0.017848 val_mae=39.988 val_rmse=55.733 tf=0.00lr=0.001
Epoch 795/1000 train_mse_scaled=0.017627 val_mae=38.894 val_rmse=54.643 tf=0.00lr=0.001
Epoch 796/1000 train_mse_scaled=0.017386 val_mae=37.832 val_rmse=53.935 tf=0.00lr=0.001
Epoch 797/1000 train_mse_scaled=0.017541 val_mae=39.362 val_rmse=55.082 tf=0.00lr=0.001
Epoch 798/1000 train_mse_scaled=0.017272 val_mae=37.715 val_rmse=53.577 tf=0.00lr=0.001
Epoch 799/1000 train_mse_scaled=0.017276 val_mae=39.845 val_rmse=55.270 tf=0.00lr=0.001
Epoch 800/1000 train_mse_scaled=0.017486 val_mae=40.378 val_rmse=55.594 tf=0.00lr=0.001
Epoch 801/1000 train_mse_scaled=0.017330 val_mae=39.703 val_rmse=55.122 tf=0.00lr=0.001
Epoch 802/1000 train_mse_scaled=0.017568 val_mae=37.859 val_rmse=53.829 tf=0.00lr=0.001
Epoch 803/1000 train_mse_scaled=0.017603 val_mae=39.481 val_rmse=54.848 tf=0.00lr=0.001
Epoch 804/1000 train_mse_scaled=0.017506 val_mae=40.061 val_rmse=55.519 tf=0.00lr=0.001
Epoch 805/1000 train_mse_scaled=0.017528 val_mae=38.522 val_rmse=54.525 tf=0.00lr=0.001
Epoch 806/1000 train_mse_scaled=0.017445 val_mae=39.114 val_rmse=54.766 tf=0.00lr=0.001
Epoch 807/1000 train_mse_scaled=0.017106 val_mae=38.402 val_rmse=53.945 tf=0.00lr=0.001
Epoch 808/1000 train_mse_scaled=0.017548 val_mae=38.975 val_rmse=55.403 tf=0.00lr=0.001
Epoch 809/1000 train_mse_scaled=0.017854 val_mae=39.783 val_rmse=56.588 tf=0.00lr=0.001
Epoch 810/1000 train_mse_scaled=0.018618 val_mae=39.341 val_rmse=55.269 tf=0.00lr=0.001
Epoch 811/1000 train_mse_scaled=0.017385 val_mae=39.331 val_rmse=54.932 tf=0.00lr=0.001
Epoch 812/1000 train_mse_scaled=0.017265 val_mae=39.230 val_rmse=54.908 tf=0.00lr=0.001
Epoch 813/1000 train_mse_scaled=0.017320 val_mae=38.453 val_rmse=54.645 tf=0.00lr=0.001
Epoch 814/1000 train_mse_scaled=0.017317 val_mae=38.927 val_rmse=54.906 tf=0.00lr=0.001
Epoch 815/1000 train_mse_scaled=0.017652 val_mae=39.605 val_rmse=55.448 tf=0.00lr=0.001
Epoch 816/1000 train_mse_scaled=0.017343 val_mae=39.409 val_rmse=55.356 tf=0.00lr=0.001
Epoch 817/1000 train_mse_scaled=0.017584 val_mae=38.134 val_rmse=54.266 tf=0.00lr=0.001
Epoch 818/1000 train_mse_scaled=0.017203 val_mae=38.405 val_rmse=54.050 tf=0.00lr=0.001
Epoch 819/1000 train_mse_scaled=0.017126 val_mae=38.632 val_rmse=54.608 tf=0.00lr=0.001
Epoch 820/1000 train_mse_scaled=0.017407 val_mae=39.499 val_rmse=55.354 tf=0.00lr=0.001
Epoch 821/1000 train_mse_scaled=0.017349 val_mae=39.897 val_rmse=55.474 tf=0.00lr=0.001
Epoch 822/1000 train_mse_scaled=0.017430 val_mae=39.186 val_rmse=54.935 tf=0.00lr=0.001
Epoch 823/1000 train_mse_scaled=0.017211 val_mae=39.713 val_rmse=55.021 tf=0.00lr=0.001
Epoch 824/1000 train_mse_scaled=0.017095 val_mae=39.629 val_rmse=55.077 tf=0.00lr=0.001
Epoch 825/1000 train_mse_scaled=0.017445 val_mae=40.222 val_rmse=55.844 tf=0.00lr=0.001
Epoch 826/1000 train_mse_scaled=0.017237 val_mae=38.845 val_rmse=54.538 tf=0.00lr=0.001
Epoch 827/1000 train_mse_scaled=0.017672 val_mae=39.505 val_rmse=55.385 tf=0.00lr=0.001
Epoch 828/1000 train_mse_scaled=0.017444 val_mae=39.210 val_rmse=54.913 tf=0.00lr=0.001
Epoch 829/1000 train_mse_scaled=0.017253 val_mae=38.587 val_rmse=54.496 tf=0.00lr=0.001
Epoch 830/1000 train_mse_scaled=0.017234 val_mae=39.909 val_rmse=55.566 tf=0.00lr=0.001
Epoch 831/1000 train_mse_scaled=0.017336 val_mae=41.233 val_rmse=57.058 tf=0.00lr=0.001
Epoch 832/1000 train_mse_scaled=0.017620 val_mae=37.858 val_rmse=54.116 tf=0.00lr=0.001
Epoch 833/1000 train_mse_scaled=0.016994 val_mae=39.122 val_rmse=54.638 tf=0.00lr=0.001
Epoch 834/1000 train_mse_scaled=0.017206 val_mae=39.173 val_rmse=54.907 tf=0.00lr=0.001
Epoch 835/1000 train_mse_scaled=0.019211 val_mae=40.911 val_rmse=60.578 tf=0.00lr=0.001
Epoch 836/1000 train_mse_scaled=0.018601 val_mae=39.882 val_rmse=58.238 tf=0.00lr=0.001
Epoch 837/1000 train_mse_scaled=0.017999 val_mae=39.136 val_rmse=55.244 tf=0.00lr=0.001
Epoch 838/1000 train_mse_scaled=0.017176 val_mae=39.532 val_rmse=55.224 tf=0.00lr=0.001
Epoch 839/1000 train_mse_scaled=0.017216 val_mae=39.137 val_rmse=55.012 tf=0.00lr=0.001
Epoch 840/1000 train_mse_scaled=0.017020 val_mae=38.448 val_rmse=54.217 tf=0.00lr=0.001
Epoch 841/1000 train_mse_scaled=0.016963 val_mae=37.879 val_rmse=53.687 tf=0.00lr=0.001
Epoch 842/1000 train_mse_scaled=0.017127 val_mae=38.236 val_rmse=54.413 tf=0.00lr=0.001
Epoch 843/1000 train_mse_scaled=0.017395 val_mae=38.947 val_rmse=54.531 tf=0.00lr=0.001
Epoch 844/1000 train_mse_scaled=0.017231 val_mae=39.278 val_rmse=54.748 tf=0.00lr=0.001
Epoch 845/1000 train_mse_scaled=0.017362 val_mae=39.355 val_rmse=55.264 tf=0.00lr=0.001
Epoch 846/1000 train_mse_scaled=0.017173 val_mae=38.946 val_rmse=55.071 tf=0.00lr=0.001
Epoch 847/1000 train_mse_scaled=0.017270 val_mae=39.104 val_rmse=54.912 tf=0.00lr=0.001
Epoch 848/1000 train_mse_scaled=0.017258 val_mae=38.972 val_rmse=54.820 tf=0.00lr=0.001
Epoch 849/1000 train_mse_scaled=0.017268 val_mae=39.702 val_rmse=55.263 tf=0.00lr=0.001
Epoch 850/1000 train_mse_scaled=0.017278 val_mae=37.663 val_rmse=53.769 tf=0.00lr=0.001
Epoch 851/1000 train_mse_scaled=0.017118 val_mae=37.717 val_rmse=53.830 tf=0.00lr=0.001
Epoch 852/1000 train_mse_scaled=0.017265 val_mae=38.577 val_rmse=54.540 tf=0.00lr=0.001
Epoch 853/1000 train_mse_scaled=0.017180 val_mae=39.150 val_rmse=54.723 tf=0.00lr=0.001
Epoch 854/1000 train_mse_scaled=0.017168 val_mae=37.775 val_rmse=53.642 tf=0.00lr=0.001
Epoch 855/1000 train_mse_scaled=0.016924 val_mae=40.622 val_rmse=56.215 tf=0.00lr=0.001
Epoch 856/1000 train_mse_scaled=0.017245 val_mae=39.270 val_rmse=54.987 tf=0.00lr=0.001
Epoch 857/1000 train_mse_scaled=0.017232 val_mae=39.186 val_rmse=54.839 tf=0.00lr=0.001
Epoch 858/1000 train_mse_scaled=0.016980 val_mae=39.998 val_rmse=55.553 tf=0.00lr=0.001
Epoch 859/1000 train_mse_scaled=0.016925 val_mae=39.030 val_rmse=54.346 tf=0.00lr=0.001
Epoch 860/1000 train_mse_scaled=0.016858 val_mae=38.831 val_rmse=54.263 tf=0.00lr=0.001
Epoch 861/1000 train_mse_scaled=0.017086 val_mae=39.002 val_rmse=54.918 tf=0.00lr=0.001
Epoch 862/1000 train_mse_scaled=0.017190 val_mae=39.696 val_rmse=55.460 tf=0.00lr=0.001
Epoch 863/1000 train_mse_scaled=0.017027 val_mae=39.833 val_rmse=55.561 tf=0.00lr=0.001
Epoch 864/1000 train_mse_scaled=0.016905 val_mae=39.024 val_rmse=54.574 tf=0.00lr=0.001
Epoch 865/1000 train_mse_scaled=0.016958 val_mae=39.330 val_rmse=54.856 tf=0.00lr=0.001
Epoch 866/1000 train_mse_scaled=0.017107 val_mae=40.045 val_rmse=55.586 tf=0.00lr=0.001
Epoch 867/1000 train_mse_scaled=0.017037 val_mae=38.421 val_rmse=54.120 tf=0.00lr=0.001
Epoch 868/1000 train_mse_scaled=0.016926 val_mae=39.154 val_rmse=54.737 tf=0.00lr=0.001
Epoch 869/1000 train_mse_scaled=0.017058 val_mae=39.973 val_rmse=55.334 tf=0.00lr=0.001
Epoch 870/1000 train_mse_scaled=0.016975 val_mae=39.159 val_rmse=55.066 tf=0.00lr=0.001
Epoch 871/1000 train_mse_scaled=0.017265 val_mae=39.373 val_rmse=54.840 tf=0.00lr=0.001
Epoch 872/1000 train_mse_scaled=0.017109 val_mae=39.442 val_rmse=55.203 tf=0.00lr=0.001
Epoch 873/1000 train_mse_scaled=0.017228 val_mae=40.921 val_rmse=56.289 tf=0.00lr=0.001
Epoch 874/1000 train_mse_scaled=0.016995 val_mae=38.064 val_rmse=53.736 tf=0.00lr=0.001
Epoch 875/1000 train_mse_scaled=0.017031 val_mae=39.281 val_rmse=54.788 tf=0.00lr=0.001
Epoch 876/1000 train_mse_scaled=0.017058 val_mae=39.844 val_rmse=55.009 tf=0.00lr=0.001
Epoch 877/1000 train_mse_scaled=0.016782 val_mae=37.645 val_rmse=53.375 tf=0.00lr=0.001
Epoch 878/1000 train_mse_scaled=0.016922 val_mae=40.702 val_rmse=55.867 tf=0.00lr=0.001
Epoch 879/1000 train_mse_scaled=0.016853 val_mae=39.800 val_rmse=55.301 tf=0.00lr=0.001
Early stopping triggered at epoch 879. Best val RMSE: 53.252
Training complete. Best checkpoint at: v2/results/checkpoints/seq2seq/best.pth
