Cleaned data: 787920 -> 609679 rows. Saved: v2/results/cleaned.csv
Samples -> train: 16453, val: 2056, test: 2121

Train samples (show 5):
  [0] TurbID=1, start_idx=3644, hist=(2020-07-15 04:00:00~2020-07-17 03:00:00), pred=(2020-07-17 04:00:00~2020-07-18 03:00:00)
  [1] TurbID=1, start_idx=298, hist=(2020-01-16 23:00:00~2020-01-18 22:00:00), pred=(2020-01-18 23:00:00~2020-01-19 22:00:00)
  [2] TurbID=1, start_idx=320, hist=(2020-01-17 21:00:00~2020-01-19 20:00:00), pred=(2020-01-19 21:00:00~2020-01-20 20:00:00)
  [3] TurbID=1, start_idx=3612, hist=(2020-07-13 20:00:00~2020-07-15 19:00:00), pred=(2020-07-15 20:00:00~2020-07-16 19:00:00)
  [4] TurbID=1, start_idx=2728, hist=(2020-05-20 15:00:00~2020-05-22 14:00:00), pred=(2020-05-22 15:00:00~2020-05-23 14:00:00)

Val samples (show 5):
  [0] TurbID=1, start_idx=3809, hist=(2020-07-23 02:00:00~2020-07-25 01:00:00), pred=(2020-07-25 02:00:00~2020-07-26 01:00:00)
  [1] TurbID=1, start_idx=317, hist=(2020-01-17 18:00:00~2020-01-19 17:00:00), pred=(2020-01-19 18:00:00~2020-01-20 17:00:00)
  [2] TurbID=1, start_idx=3774, hist=(2020-07-21 15:00:00~2020-07-23 14:00:00), pred=(2020-07-23 15:00:00~2020-07-24 14:00:00)
  [3] TurbID=1, start_idx=1784, hist=(2020-04-01 20:00:00~2020-04-03 19:00:00), pred=(2020-04-03 20:00:00~2020-04-04 19:00:00)
  [4] TurbID=1, start_idx=1836, hist=(2020-04-04 00:00:00~2020-04-05 23:00:00), pred=(2020-04-06 00:00:00~2020-04-06 23:00:00)

Test samples (show 5):
  [0] TurbID=1, start_idx=37, hist=(2020-01-02 15:00:00~2020-01-04 14:00:00), pred=(2020-01-04 15:00:00~2020-01-05 14:00:00)
  [1] TurbID=1, start_idx=3614, hist=(2020-07-13 22:00:00~2020-07-15 21:00:00), pred=(2020-07-15 22:00:00~2020-07-16 21:00:00)
  [2] TurbID=1, start_idx=29, hist=(2020-01-02 07:00:00~2020-01-04 06:00:00), pred=(2020-01-04 07:00:00~2020-01-05 06:00:00)
  [3] TurbID=1, start_idx=3766, hist=(2020-07-21 07:00:00~2020-07-23 06:00:00), pred=(2020-07-23 07:00:00~2020-07-24 06:00:00)
  [4] TurbID=1, start_idx=1768, hist=(2020-04-01 04:00:00~2020-04-03 03:00:00), pred=(2020-04-03 04:00:00~2020-04-04 03:00:00)
Epoch 1/400 train_mse_scaled=0.649553 val_mae=200.356 val_rmse=263.276 tf=0.00lr=0.001
Epoch 2/400 train_mse_scaled=0.295140 val_mae=153.944 val_rmse=210.255 tf=0.00lr=0.001
Epoch 3/400 train_mse_scaled=0.231184 val_mae=136.230 val_rmse=189.280 tf=0.00lr=0.001
Epoch 4/400 train_mse_scaled=0.200732 val_mae=123.754 val_rmse=174.185 tf=0.00lr=0.001
Epoch 5/400 train_mse_scaled=0.176869 val_mae=115.274 val_rmse=160.899 tf=0.00lr=0.001
Epoch 6/400 train_mse_scaled=0.158925 val_mae=108.116 val_rmse=152.072 tf=0.00lr=0.001
Epoch 7/400 train_mse_scaled=0.145995 val_mae=104.739 val_rmse=146.929 tf=0.00lr=0.001
Epoch 8/400 train_mse_scaled=0.136488 val_mae=98.597 val_rmse=140.757 tf=0.00lr=0.001
Epoch 9/400 train_mse_scaled=0.127200 val_mae=96.197 val_rmse=137.320 tf=0.00lr=0.001
Epoch 10/400 train_mse_scaled=0.119504 val_mae=91.558 val_rmse=131.597 tf=0.00lr=0.001
Epoch 11/400 train_mse_scaled=0.114927 val_mae=89.296 val_rmse=129.899 tf=0.00lr=0.001
Epoch 12/400 train_mse_scaled=0.109602 val_mae=87.583 val_rmse=126.403 tf=0.00lr=0.001
Epoch 13/400 train_mse_scaled=0.106390 val_mae=87.558 val_rmse=125.957 tf=0.00lr=0.001
Epoch 14/400 train_mse_scaled=0.103333 val_mae=85.158 val_rmse=122.736 tf=0.00lr=0.001
Epoch 15/400 train_mse_scaled=0.099830 val_mae=84.198 val_rmse=122.231 tf=0.00lr=0.001
Epoch 16/400 train_mse_scaled=0.097795 val_mae=82.079 val_rmse=119.810 tf=0.00lr=0.001
Epoch 17/400 train_mse_scaled=0.095006 val_mae=82.473 val_rmse=119.307 tf=0.00lr=0.001
Epoch 18/400 train_mse_scaled=0.093078 val_mae=83.385 val_rmse=118.942 tf=0.00lr=0.001
Epoch 19/400 train_mse_scaled=0.090682 val_mae=80.129 val_rmse=115.971 tf=0.00lr=0.001
Epoch 20/400 train_mse_scaled=0.089475 val_mae=80.736 val_rmse=115.394 tf=0.00lr=0.001
Epoch 21/400 train_mse_scaled=0.087715 val_mae=79.518 val_rmse=115.281 tf=0.00lr=0.001
Epoch 22/400 train_mse_scaled=0.086298 val_mae=79.483 val_rmse=115.246 tf=0.00lr=0.001
Epoch 23/400 train_mse_scaled=0.083950 val_mae=76.911 val_rmse=112.441 tf=0.00lr=0.001
Epoch 24/400 train_mse_scaled=0.082715 val_mae=77.479 val_rmse=112.122 tf=0.00lr=0.001
Epoch 25/400 train_mse_scaled=0.081417 val_mae=78.516 val_rmse=113.116 tf=0.00lr=0.001
Epoch 26/400 train_mse_scaled=0.080409 val_mae=75.494 val_rmse=109.762 tf=0.00lr=0.001
Epoch 27/400 train_mse_scaled=0.079631 val_mae=76.276 val_rmse=109.315 tf=0.00lr=0.001
Epoch 28/400 train_mse_scaled=0.077735 val_mae=75.924 val_rmse=108.940 tf=0.00lr=0.001
Epoch 29/400 train_mse_scaled=0.077196 val_mae=74.037 val_rmse=107.048 tf=0.00lr=0.001
Epoch 30/400 train_mse_scaled=0.075912 val_mae=74.820 val_rmse=108.269 tf=0.00lr=0.001
Epoch 31/400 train_mse_scaled=0.074997 val_mae=74.054 val_rmse=106.790 tf=0.00lr=0.001
Epoch 32/400 train_mse_scaled=0.073848 val_mae=73.253 val_rmse=106.087 tf=0.00lr=0.001
Epoch 33/400 train_mse_scaled=0.073173 val_mae=73.182 val_rmse=105.577 tf=0.00lr=0.001
Epoch 34/400 train_mse_scaled=0.072213 val_mae=72.548 val_rmse=104.554 tf=0.00lr=0.001
Epoch 35/400 train_mse_scaled=0.071243 val_mae=72.223 val_rmse=104.469 tf=0.00lr=0.001
Epoch 36/400 train_mse_scaled=0.070547 val_mae=71.176 val_rmse=102.769 tf=0.00lr=0.001
Epoch 37/400 train_mse_scaled=0.070041 val_mae=71.303 val_rmse=102.737 tf=0.00lr=0.001
Epoch 38/400 train_mse_scaled=0.068814 val_mae=69.421 val_rmse=101.393 tf=0.00lr=0.001
Epoch 39/400 train_mse_scaled=0.068235 val_mae=71.532 val_rmse=101.844 tf=0.00lr=0.001
Epoch 40/400 train_mse_scaled=0.067471 val_mae=69.022 val_rmse=101.181 tf=0.00lr=0.001
Epoch 41/400 train_mse_scaled=0.066302 val_mae=69.127 val_rmse=100.812 tf=0.00lr=0.001
Epoch 42/400 train_mse_scaled=0.065638 val_mae=69.827 val_rmse=99.827 tf=0.00lr=0.001
Epoch 43/400 train_mse_scaled=0.064877 val_mae=68.517 val_rmse=99.227 tf=0.00lr=0.001
Epoch 44/400 train_mse_scaled=0.064179 val_mae=68.406 val_rmse=98.566 tf=0.00lr=0.001
Epoch 45/400 train_mse_scaled=0.063771 val_mae=68.176 val_rmse=97.895 tf=0.00lr=0.001
Epoch 46/400 train_mse_scaled=0.063027 val_mae=67.037 val_rmse=97.458 tf=0.00lr=0.001
Epoch 47/400 train_mse_scaled=0.061943 val_mae=68.121 val_rmse=97.163 tf=0.00lr=0.001
Epoch 48/400 train_mse_scaled=0.062193 val_mae=66.113 val_rmse=96.077 tf=0.00lr=0.001
Epoch 49/400 train_mse_scaled=0.061377 val_mae=67.390 val_rmse=96.645 tf=0.00lr=0.001
Epoch 50/400 train_mse_scaled=0.060517 val_mae=65.411 val_rmse=95.245 tf=0.00lr=0.001
Epoch 51/400 train_mse_scaled=0.060079 val_mae=65.414 val_rmse=94.442 tf=0.00lr=0.001
Epoch 52/400 train_mse_scaled=0.059151 val_mae=66.545 val_rmse=95.882 tf=0.00lr=0.001
Epoch 53/400 train_mse_scaled=0.058710 val_mae=65.321 val_rmse=94.220 tf=0.00lr=0.001
Epoch 54/400 train_mse_scaled=0.058501 val_mae=65.771 val_rmse=93.755 tf=0.00lr=0.001
Epoch 55/400 train_mse_scaled=0.057901 val_mae=64.228 val_rmse=92.746 tf=0.00lr=0.001
Epoch 56/400 train_mse_scaled=0.056592 val_mae=63.351 val_rmse=92.896 tf=0.00lr=0.001
Epoch 57/400 train_mse_scaled=0.056274 val_mae=63.764 val_rmse=92.419 tf=0.00lr=0.001
Epoch 58/400 train_mse_scaled=0.056209 val_mae=62.460 val_rmse=91.389 tf=0.00lr=0.001
Epoch 59/400 train_mse_scaled=0.055657 val_mae=63.228 val_rmse=91.226 tf=0.00lr=0.001
Epoch 60/400 train_mse_scaled=0.054896 val_mae=61.753 val_rmse=89.736 tf=0.00lr=0.001
Epoch 61/400 train_mse_scaled=0.054668 val_mae=61.169 val_rmse=90.170 tf=0.00lr=0.001
Epoch 62/400 train_mse_scaled=0.054259 val_mae=63.093 val_rmse=90.778 tf=0.00lr=0.001
Epoch 63/400 train_mse_scaled=0.053477 val_mae=62.722 val_rmse=90.107 tf=0.00lr=0.001
Epoch 64/400 train_mse_scaled=0.053370 val_mae=59.975 val_rmse=88.092 tf=0.00lr=0.001
Epoch 65/400 train_mse_scaled=0.052976 val_mae=59.934 val_rmse=87.889 tf=0.00lr=0.001
Epoch 66/400 train_mse_scaled=0.052273 val_mae=62.365 val_rmse=89.474 tf=0.00lr=0.001
Epoch 67/400 train_mse_scaled=0.052011 val_mae=60.723 val_rmse=88.184 tf=0.00lr=0.001
Epoch 68/400 train_mse_scaled=0.051112 val_mae=60.047 val_rmse=87.521 tf=0.00lr=0.001
Epoch 69/400 train_mse_scaled=0.051143 val_mae=60.004 val_rmse=87.540 tf=0.00lr=0.001
Epoch 70/400 train_mse_scaled=0.050959 val_mae=60.251 val_rmse=87.501 tf=0.00lr=0.001
Epoch 71/400 train_mse_scaled=0.050758 val_mae=60.817 val_rmse=87.704 tf=0.00lr=0.001
Epoch 72/400 train_mse_scaled=0.049802 val_mae=59.087 val_rmse=86.146 tf=0.00lr=0.001
Epoch 73/400 train_mse_scaled=0.049705 val_mae=59.537 val_rmse=86.133 tf=0.00lr=0.001
Epoch 74/400 train_mse_scaled=0.049240 val_mae=59.697 val_rmse=86.138 tf=0.00lr=0.001
Epoch 75/400 train_mse_scaled=0.048683 val_mae=59.586 val_rmse=86.002 tf=0.00lr=0.001
Epoch 76/400 train_mse_scaled=0.048539 val_mae=58.407 val_rmse=85.002 tf=0.00lr=0.001
Epoch 77/400 train_mse_scaled=0.048597 val_mae=57.537 val_rmse=84.122 tf=0.00lr=0.001
Epoch 78/400 train_mse_scaled=0.047786 val_mae=57.546 val_rmse=84.280 tf=0.00lr=0.001
Epoch 79/400 train_mse_scaled=0.047283 val_mae=58.268 val_rmse=84.405 tf=0.00lr=0.001
Epoch 80/400 train_mse_scaled=0.047216 val_mae=57.661 val_rmse=83.870 tf=0.00lr=0.001
Epoch 81/400 train_mse_scaled=0.047122 val_mae=59.239 val_rmse=84.749 tf=0.00lr=0.001
Epoch 82/400 train_mse_scaled=0.046638 val_mae=57.541 val_rmse=83.196 tf=0.00lr=0.001
Epoch 83/400 train_mse_scaled=0.046070 val_mae=55.577 val_rmse=81.886 tf=0.00lr=0.001
Epoch 84/400 train_mse_scaled=0.046097 val_mae=55.823 val_rmse=82.188 tf=0.00lr=0.001
Epoch 85/400 train_mse_scaled=0.045835 val_mae=55.979 val_rmse=82.128 tf=0.00lr=0.001
Epoch 86/400 train_mse_scaled=0.045136 val_mae=56.732 val_rmse=82.616 tf=0.00lr=0.001
Epoch 87/400 train_mse_scaled=0.044857 val_mae=56.027 val_rmse=81.662 tf=0.00lr=0.001
Epoch 88/400 train_mse_scaled=0.044698 val_mae=56.503 val_rmse=81.826 tf=0.00lr=0.001
Epoch 89/400 train_mse_scaled=0.044286 val_mae=54.763 val_rmse=81.183 tf=0.00lr=0.001
Epoch 90/400 train_mse_scaled=0.044354 val_mae=55.421 val_rmse=80.559 tf=0.00lr=0.001
Epoch 91/400 train_mse_scaled=0.044285 val_mae=55.430 val_rmse=80.351 tf=0.00lr=0.001
Epoch 92/400 train_mse_scaled=0.043309 val_mae=55.756 val_rmse=80.992 tf=0.00lr=0.001
Epoch 93/400 train_mse_scaled=0.043637 val_mae=54.492 val_rmse=80.364 tf=0.00lr=0.001
Epoch 94/400 train_mse_scaled=0.042928 val_mae=53.331 val_rmse=78.651 tf=0.00lr=0.001
Epoch 95/400 train_mse_scaled=0.042787 val_mae=54.435 val_rmse=79.664 tf=0.00lr=0.001
Epoch 96/400 train_mse_scaled=0.042523 val_mae=52.933 val_rmse=78.494 tf=0.00lr=0.001
Epoch 97/400 train_mse_scaled=0.042335 val_mae=54.191 val_rmse=79.149 tf=0.00lr=0.001
Epoch 98/400 train_mse_scaled=0.041991 val_mae=54.626 val_rmse=78.915 tf=0.00lr=0.001
Epoch 99/400 train_mse_scaled=0.042029 val_mae=54.343 val_rmse=78.343 tf=0.00lr=0.001
Epoch 100/400 train_mse_scaled=0.041493 val_mae=53.535 val_rmse=77.924 tf=0.00lr=0.001
Epoch 101/400 train_mse_scaled=0.041465 val_mae=51.753 val_rmse=77.296 tf=0.00lr=0.001
Epoch 102/400 train_mse_scaled=0.041608 val_mae=53.547 val_rmse=77.801 tf=0.00lr=0.001
Epoch 103/400 train_mse_scaled=0.041069 val_mae=53.148 val_rmse=77.500 tf=0.00lr=0.001
Epoch 104/400 train_mse_scaled=0.040691 val_mae=54.848 val_rmse=78.304 tf=0.00lr=0.001
Epoch 105/400 train_mse_scaled=0.040450 val_mae=53.880 val_rmse=78.303 tf=0.00lr=0.001
Epoch 106/400 train_mse_scaled=0.040393 val_mae=53.606 val_rmse=77.309 tf=0.00lr=0.001
Epoch 107/400 train_mse_scaled=0.039590 val_mae=51.221 val_rmse=75.682 tf=0.00lr=0.001
Epoch 108/400 train_mse_scaled=0.039818 val_mae=53.563 val_rmse=77.185 tf=0.00lr=0.001
Epoch 109/400 train_mse_scaled=0.039531 val_mae=51.757 val_rmse=75.984 tf=0.00lr=0.001
Epoch 110/400 train_mse_scaled=0.039375 val_mae=53.998 val_rmse=77.392 tf=0.00lr=0.001
Epoch 111/400 train_mse_scaled=0.039128 val_mae=52.065 val_rmse=75.933 tf=0.00lr=0.001
Epoch 112/400 train_mse_scaled=0.039033 val_mae=54.048 val_rmse=77.456 tf=0.00lr=0.001
Epoch 113/400 train_mse_scaled=0.038703 val_mae=51.763 val_rmse=75.677 tf=0.00lr=0.001
Epoch 114/400 train_mse_scaled=0.038339 val_mae=51.824 val_rmse=75.946 tf=0.00lr=0.001
Epoch 115/400 train_mse_scaled=0.038581 val_mae=51.965 val_rmse=75.516 tf=0.00lr=0.001
Epoch 116/400 train_mse_scaled=0.038308 val_mae=50.690 val_rmse=74.258 tf=0.00lr=0.001
Epoch 117/400 train_mse_scaled=0.038075 val_mae=52.355 val_rmse=75.718 tf=0.00lr=0.001
Epoch 118/400 train_mse_scaled=0.038232 val_mae=54.476 val_rmse=76.904 tf=0.00lr=0.001
Epoch 119/400 train_mse_scaled=0.037836 val_mae=51.654 val_rmse=75.293 tf=0.00lr=0.001
Epoch 120/400 train_mse_scaled=0.037550 val_mae=50.460 val_rmse=73.982 tf=0.00lr=0.001
Epoch 121/400 train_mse_scaled=0.037549 val_mae=52.315 val_rmse=75.424 tf=0.00lr=0.001
Epoch 122/400 train_mse_scaled=0.036974 val_mae=50.034 val_rmse=73.341 tf=0.00lr=0.001
Epoch 123/400 train_mse_scaled=0.036846 val_mae=51.860 val_rmse=74.648 tf=0.00lr=0.001
Epoch 124/400 train_mse_scaled=0.036918 val_mae=51.224 val_rmse=74.167 tf=0.00lr=0.001
Epoch 125/400 train_mse_scaled=0.036748 val_mae=50.137 val_rmse=73.348 tf=0.00lr=0.001
Epoch 126/400 train_mse_scaled=0.036622 val_mae=50.438 val_rmse=73.575 tf=0.00lr=0.001
Epoch 127/400 train_mse_scaled=0.036543 val_mae=50.868 val_rmse=73.461 tf=0.00lr=0.001
Epoch 128/400 train_mse_scaled=0.036313 val_mae=51.370 val_rmse=73.882 tf=0.00lr=0.001
Epoch 129/400 train_mse_scaled=0.035982 val_mae=49.650 val_rmse=72.943 tf=0.00lr=0.001
Epoch 130/400 train_mse_scaled=0.036813 val_mae=50.155 val_rmse=73.447 tf=0.00lr=0.001
Epoch 131/400 train_mse_scaled=0.036198 val_mae=49.171 val_rmse=72.350 tf=0.00lr=0.001
Epoch 132/400 train_mse_scaled=0.035672 val_mae=50.439 val_rmse=72.759 tf=0.00lr=0.001
Epoch 133/400 train_mse_scaled=0.035610 val_mae=49.598 val_rmse=72.161 tf=0.00lr=0.001
Epoch 134/400 train_mse_scaled=0.035469 val_mae=49.101 val_rmse=72.109 tf=0.00lr=0.001
Epoch 135/400 train_mse_scaled=0.035204 val_mae=49.105 val_rmse=72.277 tf=0.00lr=0.001
Epoch 136/400 train_mse_scaled=0.035509 val_mae=48.248 val_rmse=71.215 tf=0.00lr=0.001
Epoch 137/400 train_mse_scaled=0.035318 val_mae=48.973 val_rmse=71.705 tf=0.00lr=0.001
Epoch 138/400 train_mse_scaled=0.035057 val_mae=48.677 val_rmse=71.765 tf=0.00lr=0.001
Epoch 139/400 train_mse_scaled=0.034698 val_mae=49.882 val_rmse=72.394 tf=0.00lr=0.001
Epoch 140/400 train_mse_scaled=0.034559 val_mae=49.922 val_rmse=71.957 tf=0.00lr=0.001
Epoch 141/400 train_mse_scaled=0.034888 val_mae=48.973 val_rmse=71.486 tf=0.00lr=0.001
Epoch 142/400 train_mse_scaled=0.034521 val_mae=49.363 val_rmse=71.570 tf=0.00lr=0.001
Epoch 143/400 train_mse_scaled=0.034269 val_mae=49.267 val_rmse=71.305 tf=0.00lr=0.001
Epoch 144/400 train_mse_scaled=0.034182 val_mae=48.507 val_rmse=70.955 tf=0.00lr=0.001
Epoch 145/400 train_mse_scaled=0.034091 val_mae=48.677 val_rmse=71.036 tf=0.00lr=0.001
Epoch 146/400 train_mse_scaled=0.033772 val_mae=50.628 val_rmse=72.320 tf=0.00lr=0.001
Epoch 147/400 train_mse_scaled=0.033805 val_mae=48.765 val_rmse=71.150 tf=0.00lr=0.001
Epoch 148/400 train_mse_scaled=0.033551 val_mae=48.267 val_rmse=70.501 tf=0.00lr=0.001
Epoch 149/400 train_mse_scaled=0.033621 val_mae=48.485 val_rmse=70.781 tf=0.00lr=0.001
Epoch 150/400 train_mse_scaled=0.033528 val_mae=47.403 val_rmse=70.254 tf=0.00lr=0.001
Epoch 151/400 train_mse_scaled=0.033296 val_mae=47.484 val_rmse=70.055 tf=0.00lr=0.001
Epoch 152/400 train_mse_scaled=0.033230 val_mae=49.399 val_rmse=71.259 tf=0.00lr=0.001
Epoch 153/400 train_mse_scaled=0.033452 val_mae=49.758 val_rmse=71.094 tf=0.00lr=0.001
Epoch 154/400 train_mse_scaled=0.033276 val_mae=48.521 val_rmse=70.506 tf=0.00lr=0.001
Epoch 155/400 train_mse_scaled=0.032869 val_mae=48.693 val_rmse=70.297 tf=0.00lr=0.001
Epoch 156/400 train_mse_scaled=0.032977 val_mae=48.261 val_rmse=69.655 tf=0.00lr=0.001
Epoch 157/400 train_mse_scaled=0.032545 val_mae=47.207 val_rmse=69.284 tf=0.00lr=0.001
Epoch 158/400 train_mse_scaled=0.032959 val_mae=49.858 val_rmse=71.039 tf=0.00lr=0.001
Epoch 159/400 train_mse_scaled=0.032476 val_mae=48.806 val_rmse=70.062 tf=0.00lr=0.001
Epoch 160/400 train_mse_scaled=0.032707 val_mae=46.848 val_rmse=69.085 tf=0.00lr=0.001
Epoch 161/400 train_mse_scaled=0.032566 val_mae=48.532 val_rmse=69.427 tf=0.00lr=0.001
Epoch 162/400 train_mse_scaled=0.032347 val_mae=48.053 val_rmse=69.260 tf=0.00lr=0.001
Epoch 163/400 train_mse_scaled=0.032280 val_mae=47.120 val_rmse=69.226 tf=0.00lr=0.001
Epoch 164/400 train_mse_scaled=0.032191 val_mae=47.248 val_rmse=68.870 tf=0.00lr=0.001
Epoch 165/400 train_mse_scaled=0.031986 val_mae=48.444 val_rmse=69.440 tf=0.00lr=0.001
Epoch 166/400 train_mse_scaled=0.032023 val_mae=46.999 val_rmse=68.748 tf=0.00lr=0.001
Epoch 167/400 train_mse_scaled=0.032197 val_mae=47.204 val_rmse=68.737 tf=0.00lr=0.001
Epoch 168/400 train_mse_scaled=0.031869 val_mae=49.377 val_rmse=70.030 tf=0.00lr=0.001
Epoch 169/400 train_mse_scaled=0.031718 val_mae=45.912 val_rmse=67.896 tf=0.00lr=0.001
Epoch 170/400 train_mse_scaled=0.031635 val_mae=47.673 val_rmse=68.700 tf=0.00lr=0.001
Epoch 171/400 train_mse_scaled=0.031484 val_mae=45.893 val_rmse=68.154 tf=0.00lr=0.001
Epoch 172/400 train_mse_scaled=0.031346 val_mae=46.942 val_rmse=68.323 tf=0.00lr=0.001
Epoch 173/400 train_mse_scaled=0.031426 val_mae=48.353 val_rmse=69.208 tf=0.00lr=0.001
Epoch 174/400 train_mse_scaled=0.031212 val_mae=46.799 val_rmse=68.097 tf=0.00lr=0.001
Epoch 175/400 train_mse_scaled=0.031243 val_mae=46.163 val_rmse=67.962 tf=0.00lr=0.001
Epoch 176/400 train_mse_scaled=0.031277 val_mae=47.368 val_rmse=68.288 tf=0.00lr=0.001
Epoch 177/400 train_mse_scaled=0.030893 val_mae=47.784 val_rmse=69.133 tf=0.00lr=0.001
Epoch 178/400 train_mse_scaled=0.030870 val_mae=47.162 val_rmse=68.284 tf=0.00lr=0.001
Epoch 179/400 train_mse_scaled=0.030599 val_mae=45.830 val_rmse=67.433 tf=0.00lr=0.001
Epoch 180/400 train_mse_scaled=0.030935 val_mae=48.169 val_rmse=68.846 tf=0.00lr=0.001
Epoch 181/400 train_mse_scaled=0.030833 val_mae=46.882 val_rmse=67.924 tf=0.00lr=0.001
Epoch 182/400 train_mse_scaled=0.030397 val_mae=47.156 val_rmse=67.882 tf=0.00lr=0.001
Epoch 183/400 train_mse_scaled=0.030594 val_mae=47.688 val_rmse=68.135 tf=0.00lr=0.001
Epoch 184/400 train_mse_scaled=0.030659 val_mae=46.733 val_rmse=67.576 tf=0.00lr=0.001
Epoch 185/400 train_mse_scaled=0.030309 val_mae=46.673 val_rmse=67.438 tf=0.00lr=0.001
Epoch 186/400 train_mse_scaled=0.030327 val_mae=46.717 val_rmse=67.439 tf=0.00lr=0.001
Epoch 187/400 train_mse_scaled=0.030534 val_mae=45.719 val_rmse=66.713 tf=0.00lr=0.001
Epoch 188/400 train_mse_scaled=0.030253 val_mae=46.910 val_rmse=67.417 tf=0.00lr=0.001
Epoch 189/400 train_mse_scaled=0.029949 val_mae=46.224 val_rmse=66.920 tf=0.00lr=0.001
Epoch 190/400 train_mse_scaled=0.030030 val_mae=46.003 val_rmse=66.640 tf=0.00lr=0.001
Epoch 191/400 train_mse_scaled=0.030023 val_mae=44.106 val_rmse=65.556 tf=0.00lr=0.001
Epoch 192/400 train_mse_scaled=0.029928 val_mae=45.148 val_rmse=66.402 tf=0.00lr=0.001
Epoch 193/400 train_mse_scaled=0.030125 val_mae=46.328 val_rmse=67.237 tf=0.00lr=0.001
Epoch 194/400 train_mse_scaled=0.029472 val_mae=46.804 val_rmse=66.863 tf=0.00lr=0.001
Epoch 195/400 train_mse_scaled=0.029626 val_mae=45.491 val_rmse=66.486 tf=0.00lr=0.001
Epoch 196/400 train_mse_scaled=0.029535 val_mae=45.483 val_rmse=66.441 tf=0.00lr=0.001
Epoch 197/400 train_mse_scaled=0.029452 val_mae=44.153 val_rmse=65.329 tf=0.00lr=0.001
Epoch 198/400 train_mse_scaled=0.029273 val_mae=45.233 val_rmse=66.816 tf=0.00lr=0.001
Epoch 199/400 train_mse_scaled=0.029673 val_mae=44.946 val_rmse=65.501 tf=0.00lr=0.001
Epoch 200/400 train_mse_scaled=0.029211 val_mae=45.182 val_rmse=66.050 tf=0.00lr=0.001
Epoch 201/400 train_mse_scaled=0.029198 val_mae=46.210 val_rmse=66.541 tf=0.00lr=0.001
Epoch 202/400 train_mse_scaled=0.029041 val_mae=44.706 val_rmse=65.401 tf=0.00lr=0.001
Epoch 203/400 train_mse_scaled=0.028947 val_mae=45.953 val_rmse=66.137 tf=0.00lr=0.001
Epoch 204/400 train_mse_scaled=0.029193 val_mae=45.145 val_rmse=65.870 tf=0.00lr=0.001
Epoch 205/400 train_mse_scaled=0.029069 val_mae=46.694 val_rmse=67.096 tf=0.00lr=0.001
Epoch 206/400 train_mse_scaled=0.028953 val_mae=44.701 val_rmse=65.572 tf=0.00lr=0.001
Epoch 207/400 train_mse_scaled=0.029111 val_mae=45.095 val_rmse=66.241 tf=0.00lr=0.001
Epoch 208/400 train_mse_scaled=0.029174 val_mae=45.628 val_rmse=66.155 tf=0.00lr=0.001
Epoch 209/400 train_mse_scaled=0.028882 val_mae=45.121 val_rmse=65.297 tf=0.00lr=0.001
Epoch 210/400 train_mse_scaled=0.028793 val_mae=47.491 val_rmse=67.536 tf=0.00lr=0.001
Epoch 211/400 train_mse_scaled=0.028785 val_mae=44.820 val_rmse=65.327 tf=0.00lr=0.001
Epoch 212/400 train_mse_scaled=0.028504 val_mae=44.841 val_rmse=65.543 tf=0.00lr=0.001
Epoch 213/400 train_mse_scaled=0.028448 val_mae=43.283 val_rmse=64.172 tf=0.00lr=0.001
Epoch 214/400 train_mse_scaled=0.028374 val_mae=45.397 val_rmse=65.249 tf=0.00lr=0.001
Epoch 215/400 train_mse_scaled=0.028443 val_mae=46.156 val_rmse=66.039 tf=0.00lr=0.001
Epoch 216/400 train_mse_scaled=0.028232 val_mae=44.930 val_rmse=65.095 tf=0.00lr=0.001
Epoch 217/400 train_mse_scaled=0.028539 val_mae=44.793 val_rmse=65.137 tf=0.00lr=0.001
Epoch 218/400 train_mse_scaled=0.028796 val_mae=44.114 val_rmse=64.282 tf=0.00lr=0.001
Epoch 219/400 train_mse_scaled=0.028188 val_mae=44.507 val_rmse=64.670 tf=0.00lr=0.001
Epoch 220/400 train_mse_scaled=0.028249 val_mae=45.496 val_rmse=66.074 tf=0.00lr=0.001
Epoch 221/400 train_mse_scaled=0.028111 val_mae=45.972 val_rmse=65.793 tf=0.00lr=0.001
Epoch 222/400 train_mse_scaled=0.028139 val_mae=45.093 val_rmse=65.286 tf=0.00lr=0.001
Epoch 223/400 train_mse_scaled=0.027964 val_mae=43.722 val_rmse=64.084 tf=0.00lr=0.001
Epoch 224/400 train_mse_scaled=0.028523 val_mae=43.818 val_rmse=63.914 tf=0.00lr=0.001
Epoch 225/400 train_mse_scaled=0.027868 val_mae=43.942 val_rmse=64.375 tf=0.00lr=0.001
Epoch 226/400 train_mse_scaled=0.028206 val_mae=44.370 val_rmse=64.713 tf=0.00lr=0.001
Epoch 227/400 train_mse_scaled=0.027703 val_mae=44.889 val_rmse=64.849 tf=0.00lr=0.001
Epoch 228/400 train_mse_scaled=0.029606 val_mae=47.574 val_rmse=68.818 tf=0.00lr=0.001
Epoch 229/400 train_mse_scaled=0.028901 val_mae=45.011 val_rmse=65.132 tf=0.00lr=0.001
Epoch 230/400 train_mse_scaled=0.027805 val_mae=45.914 val_rmse=65.395 tf=0.00lr=0.001
Epoch 231/400 train_mse_scaled=0.027866 val_mae=44.416 val_rmse=64.021 tf=0.00lr=0.001
Epoch 232/400 train_mse_scaled=0.027462 val_mae=43.516 val_rmse=63.694 tf=0.00lr=0.001
Epoch 233/400 train_mse_scaled=0.027616 val_mae=44.980 val_rmse=65.013 tf=0.00lr=0.001
Epoch 234/400 train_mse_scaled=0.027316 val_mae=44.517 val_rmse=64.050 tf=0.00lr=0.001
Epoch 235/400 train_mse_scaled=0.027398 val_mae=43.090 val_rmse=63.763 tf=0.00lr=0.001
Epoch 236/400 train_mse_scaled=0.027038 val_mae=43.078 val_rmse=63.454 tf=0.00lr=0.001
Epoch 237/400 train_mse_scaled=0.027336 val_mae=43.998 val_rmse=63.728 tf=0.00lr=0.001
Epoch 238/400 train_mse_scaled=0.027309 val_mae=44.770 val_rmse=64.355 tf=0.00lr=0.001
Epoch 239/400 train_mse_scaled=0.027152 val_mae=43.000 val_rmse=63.685 tf=0.00lr=0.001
Epoch 240/400 train_mse_scaled=0.027202 val_mae=44.084 val_rmse=64.170 tf=0.00lr=0.001
Epoch 241/400 train_mse_scaled=0.027054 val_mae=43.709 val_rmse=64.459 tf=0.00lr=0.001
Epoch 242/400 train_mse_scaled=0.027182 val_mae=45.440 val_rmse=64.817 tf=0.00lr=0.001
Epoch 243/400 train_mse_scaled=0.027305 val_mae=43.581 val_rmse=63.987 tf=0.00lr=0.001
Epoch 244/400 train_mse_scaled=0.026909 val_mae=42.810 val_rmse=63.145 tf=0.00lr=0.001
Epoch 245/400 train_mse_scaled=0.026853 val_mae=43.305 val_rmse=63.296 tf=0.00lr=0.001
Epoch 246/400 train_mse_scaled=0.026704 val_mae=42.392 val_rmse=62.830 tf=0.00lr=0.001
Epoch 247/400 train_mse_scaled=0.026738 val_mae=44.403 val_rmse=64.171 tf=0.00lr=0.001
Epoch 248/400 train_mse_scaled=0.026754 val_mae=43.882 val_rmse=63.799 tf=0.00lr=0.001
Epoch 249/400 train_mse_scaled=0.026630 val_mae=43.051 val_rmse=63.256 tf=0.00lr=0.001
Epoch 250/400 train_mse_scaled=0.026643 val_mae=44.181 val_rmse=63.682 tf=0.00lr=0.001
Epoch 251/400 train_mse_scaled=0.026566 val_mae=45.040 val_rmse=64.496 tf=0.00lr=0.001
Epoch 252/400 train_mse_scaled=0.026628 val_mae=43.489 val_rmse=63.396 tf=0.00lr=0.001
Epoch 253/400 train_mse_scaled=0.026590 val_mae=43.803 val_rmse=63.652 tf=0.00lr=0.001
Epoch 254/400 train_mse_scaled=0.026431 val_mae=45.083 val_rmse=64.942 tf=0.00lr=0.001
Epoch 255/400 train_mse_scaled=0.026770 val_mae=45.032 val_rmse=64.611 tf=0.00lr=0.001
Epoch 256/400 train_mse_scaled=0.027184 val_mae=41.959 val_rmse=62.361 tf=0.00lr=0.001
Epoch 257/400 train_mse_scaled=0.026528 val_mae=43.746 val_rmse=63.498 tf=0.00lr=0.001
Epoch 258/400 train_mse_scaled=0.026352 val_mae=44.147 val_rmse=63.377 tf=0.00lr=0.001
Epoch 259/400 train_mse_scaled=0.026328 val_mae=42.642 val_rmse=63.286 tf=0.00lr=0.001
Epoch 260/400 train_mse_scaled=0.027659 val_mae=44.330 val_rmse=63.738 tf=0.00lr=0.001
Epoch 261/400 train_mse_scaled=0.026214 val_mae=42.980 val_rmse=62.243 tf=0.00lr=0.001
Epoch 262/400 train_mse_scaled=0.026289 val_mae=43.110 val_rmse=62.839 tf=0.00lr=0.001
Epoch 263/400 train_mse_scaled=0.026049 val_mae=43.428 val_rmse=63.095 tf=0.00lr=0.001
Epoch 264/400 train_mse_scaled=0.026234 val_mae=45.858 val_rmse=64.767 tf=0.00lr=0.001
Epoch 265/400 train_mse_scaled=0.026284 val_mae=43.100 val_rmse=62.904 tf=0.00lr=0.001
Epoch 266/400 train_mse_scaled=0.026174 val_mae=43.124 val_rmse=62.766 tf=0.00lr=0.001
Epoch 267/400 train_mse_scaled=0.025827 val_mae=42.975 val_rmse=62.840 tf=0.00lr=0.001
Epoch 268/400 train_mse_scaled=0.026106 val_mae=43.928 val_rmse=63.195 tf=0.00lr=0.001
Epoch 269/400 train_mse_scaled=0.026025 val_mae=44.886 val_rmse=63.892 tf=0.00lr=0.001
Epoch 270/400 train_mse_scaled=0.026040 val_mae=43.015 val_rmse=62.564 tf=0.00lr=0.001
Epoch 271/400 train_mse_scaled=0.025932 val_mae=43.573 val_rmse=62.809 tf=0.00lr=0.001
Epoch 272/400 train_mse_scaled=0.025645 val_mae=42.756 val_rmse=62.257 tf=0.00lr=0.001
Epoch 273/400 train_mse_scaled=0.025615 val_mae=43.285 val_rmse=62.312 tf=0.00lr=0.001
Epoch 274/400 train_mse_scaled=0.025496 val_mae=43.393 val_rmse=62.604 tf=0.00lr=0.001
Epoch 275/400 train_mse_scaled=0.025782 val_mae=43.387 val_rmse=63.158 tf=0.00lr=0.001
Epoch 276/400 train_mse_scaled=0.025943 val_mae=42.967 val_rmse=62.306 tf=0.00lr=0.001
Epoch 277/400 train_mse_scaled=0.025715 val_mae=43.308 val_rmse=62.641 tf=0.00lr=0.001
Epoch 278/400 train_mse_scaled=0.025540 val_mae=43.355 val_rmse=62.542 tf=0.00lr=0.001
Epoch 279/400 train_mse_scaled=0.025595 val_mae=42.163 val_rmse=61.445 tf=0.00lr=0.001
Epoch 280/400 train_mse_scaled=0.025717 val_mae=42.421 val_rmse=62.556 tf=0.00lr=0.001
Epoch 281/400 train_mse_scaled=0.025993 val_mae=43.345 val_rmse=62.595 tf=0.00lr=0.001
Epoch 282/400 train_mse_scaled=0.025350 val_mae=43.192 val_rmse=61.797 tf=0.00lr=0.001
Epoch 283/400 train_mse_scaled=0.025353 val_mae=41.995 val_rmse=61.501 tf=0.00lr=0.001
Epoch 284/400 train_mse_scaled=0.025129 val_mae=41.500 val_rmse=61.264 tf=0.00lr=0.001
Epoch 285/400 train_mse_scaled=0.025384 val_mae=43.612 val_rmse=62.658 tf=0.00lr=0.001
Epoch 286/400 train_mse_scaled=0.025399 val_mae=41.369 val_rmse=60.749 tf=0.00lr=0.001
Epoch 287/400 train_mse_scaled=0.025543 val_mae=43.967 val_rmse=62.901 tf=0.00lr=0.001
Epoch 288/400 train_mse_scaled=0.025248 val_mae=43.704 val_rmse=62.583 tf=0.00lr=0.001
Epoch 289/400 train_mse_scaled=0.025174 val_mae=44.081 val_rmse=63.268 tf=0.00lr=0.001
Epoch 290/400 train_mse_scaled=0.025303 val_mae=42.693 val_rmse=61.709 tf=0.00lr=0.001
Epoch 291/400 train_mse_scaled=0.025131 val_mae=43.357 val_rmse=62.224 tf=0.00lr=0.001
Epoch 292/400 train_mse_scaled=0.025084 val_mae=43.092 val_rmse=61.569 tf=0.00lr=0.001
Epoch 293/400 train_mse_scaled=0.025028 val_mae=41.999 val_rmse=61.322 tf=0.00lr=0.001
Epoch 294/400 train_mse_scaled=0.025006 val_mae=42.957 val_rmse=61.436 tf=0.00lr=0.001
Epoch 295/400 train_mse_scaled=0.024930 val_mae=42.557 val_rmse=61.968 tf=0.00lr=0.001
Epoch 296/400 train_mse_scaled=0.025039 val_mae=43.667 val_rmse=62.170 tf=0.00lr=0.001
Epoch 297/400 train_mse_scaled=0.024945 val_mae=41.910 val_rmse=60.865 tf=0.00lr=0.001
Epoch 298/400 train_mse_scaled=0.025001 val_mae=43.052 val_rmse=61.765 tf=0.00lr=0.001
Epoch 299/400 train_mse_scaled=0.024632 val_mae=41.821 val_rmse=60.567 tf=0.00lr=0.001
Epoch 300/400 train_mse_scaled=0.024755 val_mae=42.650 val_rmse=61.535 tf=0.00lr=0.001
Epoch 301/400 train_mse_scaled=0.024777 val_mae=41.292 val_rmse=60.483 tf=0.00lr=0.001
Epoch 302/400 train_mse_scaled=0.024795 val_mae=42.820 val_rmse=61.634 tf=0.00lr=0.001
Epoch 303/400 train_mse_scaled=0.024693 val_mae=44.059 val_rmse=62.311 tf=0.00lr=0.001
Epoch 304/400 train_mse_scaled=0.024585 val_mae=42.322 val_rmse=61.500 tf=0.00lr=0.001
Epoch 305/400 train_mse_scaled=0.024693 val_mae=42.456 val_rmse=61.369 tf=0.00lr=0.001
Epoch 306/400 train_mse_scaled=0.024623 val_mae=41.497 val_rmse=60.358 tf=0.00lr=0.001
Epoch 307/400 train_mse_scaled=0.024568 val_mae=41.313 val_rmse=60.480 tf=0.00lr=0.001
Epoch 308/400 train_mse_scaled=0.024491 val_mae=42.685 val_rmse=61.706 tf=0.00lr=0.001
Epoch 309/400 train_mse_scaled=0.024448 val_mae=42.954 val_rmse=61.788 tf=0.00lr=0.001
Epoch 310/400 train_mse_scaled=0.024235 val_mae=41.532 val_rmse=60.305 tf=0.00lr=0.001
Epoch 311/400 train_mse_scaled=0.024510 val_mae=42.427 val_rmse=60.745 tf=0.00lr=0.001
Epoch 312/400 train_mse_scaled=0.024324 val_mae=40.796 val_rmse=59.586 tf=0.00lr=0.001
Epoch 313/400 train_mse_scaled=0.024296 val_mae=43.008 val_rmse=61.314 tf=0.00lr=0.001
Epoch 314/400 train_mse_scaled=0.024478 val_mae=42.056 val_rmse=61.239 tf=0.00lr=0.001
Epoch 315/400 train_mse_scaled=0.024380 val_mae=41.861 val_rmse=60.284 tf=0.00lr=0.001
Epoch 316/400 train_mse_scaled=0.024332 val_mae=43.894 val_rmse=61.631 tf=0.00lr=0.001
Epoch 317/400 train_mse_scaled=0.024213 val_mae=42.716 val_rmse=61.201 tf=0.00lr=0.001
Epoch 318/400 train_mse_scaled=0.024360 val_mae=44.059 val_rmse=62.579 tf=0.00lr=0.001
Epoch 319/400 train_mse_scaled=0.024809 val_mae=42.594 val_rmse=61.726 tf=0.00lr=0.001
Epoch 320/400 train_mse_scaled=0.024144 val_mae=42.502 val_rmse=61.114 tf=0.00lr=0.001
Epoch 321/400 train_mse_scaled=0.024076 val_mae=42.137 val_rmse=60.685 tf=0.00lr=0.001
Epoch 322/400 train_mse_scaled=0.024055 val_mae=41.868 val_rmse=60.466 tf=0.00lr=0.001
Epoch 323/400 train_mse_scaled=0.024829 val_mae=42.594 val_rmse=62.414 tf=0.00lr=0.001
Epoch 324/400 train_mse_scaled=0.024495 val_mae=43.615 val_rmse=62.019 tf=0.00lr=0.001
Epoch 325/400 train_mse_scaled=0.024073 val_mae=42.230 val_rmse=60.485 tf=0.00lr=0.001
Epoch 326/400 train_mse_scaled=0.023914 val_mae=43.573 val_rmse=61.494 tf=0.00lr=0.001
Epoch 327/400 train_mse_scaled=0.023880 val_mae=41.332 val_rmse=59.626 tf=0.00lr=0.001
Epoch 328/400 train_mse_scaled=0.023839 val_mae=41.311 val_rmse=60.021 tf=0.00lr=0.001
Epoch 329/400 train_mse_scaled=0.023787 val_mae=42.925 val_rmse=61.428 tf=0.00lr=0.001
Epoch 330/400 train_mse_scaled=0.023875 val_mae=42.262 val_rmse=60.894 tf=0.00lr=0.001
Epoch 331/400 train_mse_scaled=0.023778 val_mae=41.637 val_rmse=60.152 tf=0.00lr=0.001
Epoch 332/400 train_mse_scaled=0.024475 val_mae=41.939 val_rmse=60.518 tf=0.00lr=0.001
Epoch 333/400 train_mse_scaled=0.024065 val_mae=41.512 val_rmse=60.156 tf=0.00lr=0.001
Epoch 334/400 train_mse_scaled=0.023718 val_mae=43.332 val_rmse=61.363 tf=0.00lr=0.001
Epoch 335/400 train_mse_scaled=0.023758 val_mae=40.820 val_rmse=59.318 tf=0.00lr=0.001
Epoch 336/400 train_mse_scaled=0.023747 val_mae=41.457 val_rmse=60.232 tf=0.00lr=0.001
Epoch 337/400 train_mse_scaled=0.024787 val_mae=43.971 val_rmse=63.132 tf=0.00lr=0.001
Epoch 338/400 train_mse_scaled=0.024267 val_mae=40.428 val_rmse=59.633 tf=0.00lr=0.001
Epoch 339/400 train_mse_scaled=0.023686 val_mae=41.994 val_rmse=60.388 tf=0.00lr=0.001
Epoch 340/400 train_mse_scaled=0.023672 val_mae=41.029 val_rmse=59.742 tf=0.00lr=0.001
Epoch 341/400 train_mse_scaled=0.023447 val_mae=41.631 val_rmse=59.848 tf=0.00lr=0.001
Epoch 342/400 train_mse_scaled=0.023543 val_mae=42.614 val_rmse=62.444 tf=0.00lr=0.001
Epoch 343/400 train_mse_scaled=0.023795 val_mae=42.575 val_rmse=60.556 tf=0.00lr=0.001
Epoch 344/400 train_mse_scaled=0.023492 val_mae=41.723 val_rmse=59.944 tf=0.00lr=0.001
Epoch 345/400 train_mse_scaled=0.023272 val_mae=41.691 val_rmse=59.643 tf=0.00lr=0.001
Epoch 346/400 train_mse_scaled=0.023330 val_mae=42.269 val_rmse=60.383 tf=0.00lr=0.001
Epoch 347/400 train_mse_scaled=0.023332 val_mae=40.669 val_rmse=59.153 tf=0.00lr=0.001
Epoch 348/400 train_mse_scaled=0.023456 val_mae=42.429 val_rmse=60.697 tf=0.00lr=0.001
Epoch 349/400 train_mse_scaled=0.023121 val_mae=40.904 val_rmse=59.138 tf=0.00lr=0.001
Epoch 350/400 train_mse_scaled=0.023339 val_mae=41.276 val_rmse=59.394 tf=0.00lr=0.001
Epoch 351/400 train_mse_scaled=0.023279 val_mae=42.557 val_rmse=60.631 tf=0.00lr=0.001
Epoch 352/400 train_mse_scaled=0.023326 val_mae=41.521 val_rmse=59.796 tf=0.00lr=0.001
Epoch 353/400 train_mse_scaled=0.025140 val_mae=45.088 val_rmse=64.392 tf=0.00lr=0.001
Epoch 354/400 train_mse_scaled=0.024143 val_mae=41.832 val_rmse=60.047 tf=0.00lr=0.001
Epoch 355/400 train_mse_scaled=0.023287 val_mae=41.106 val_rmse=59.451 tf=0.00lr=0.001
Epoch 356/400 train_mse_scaled=0.023042 val_mae=42.819 val_rmse=60.449 tf=0.00lr=0.001
Epoch 357/400 train_mse_scaled=0.023091 val_mae=42.333 val_rmse=60.169 tf=0.00lr=0.001
Epoch 358/400 train_mse_scaled=0.022950 val_mae=42.165 val_rmse=59.934 tf=0.00lr=0.001
Epoch 359/400 train_mse_scaled=0.022946 val_mae=40.618 val_rmse=58.833 tf=0.00lr=0.001
Epoch 360/400 train_mse_scaled=0.022690 val_mae=40.515 val_rmse=58.683 tf=0.00lr=0.001
Epoch 361/400 train_mse_scaled=0.023106 val_mae=41.770 val_rmse=59.993 tf=0.00lr=0.001
Epoch 362/400 train_mse_scaled=0.022786 val_mae=40.956 val_rmse=59.426 tf=0.00lr=0.001
Epoch 363/400 train_mse_scaled=0.022933 val_mae=41.142 val_rmse=59.446 tf=0.00lr=0.001
Epoch 364/400 train_mse_scaled=0.022884 val_mae=43.879 val_rmse=61.588 tf=0.00lr=0.001
Epoch 365/400 train_mse_scaled=0.023038 val_mae=42.282 val_rmse=59.814 tf=0.00lr=0.001
Epoch 366/400 train_mse_scaled=0.022804 val_mae=41.823 val_rmse=59.547 tf=0.00lr=0.001
Epoch 367/400 train_mse_scaled=0.022935 val_mae=41.277 val_rmse=59.557 tf=0.00lr=0.001
Epoch 368/400 train_mse_scaled=0.022808 val_mae=41.059 val_rmse=58.941 tf=0.00lr=0.001
Epoch 369/400 train_mse_scaled=0.022791 val_mae=41.773 val_rmse=59.992 tf=0.00lr=0.001
Epoch 370/400 train_mse_scaled=0.022715 val_mae=41.830 val_rmse=59.476 tf=0.00lr=0.001
Epoch 371/400 train_mse_scaled=0.022852 val_mae=41.009 val_rmse=58.600 tf=0.00lr=0.001
Epoch 372/400 train_mse_scaled=0.022532 val_mae=39.953 val_rmse=58.324 tf=0.00lr=0.001
Epoch 373/400 train_mse_scaled=0.022581 val_mae=42.204 val_rmse=60.009 tf=0.00lr=0.001
Epoch 374/400 train_mse_scaled=0.022637 val_mae=41.708 val_rmse=60.202 tf=0.00lr=0.001
Epoch 375/400 train_mse_scaled=0.022787 val_mae=41.305 val_rmse=59.300 tf=0.00lr=0.001
Epoch 376/400 train_mse_scaled=0.022575 val_mae=40.882 val_rmse=58.573 tf=0.00lr=0.001
Epoch 377/400 train_mse_scaled=0.022682 val_mae=42.460 val_rmse=59.877 tf=0.00lr=0.001
Epoch 378/400 train_mse_scaled=0.022525 val_mae=42.069 val_rmse=59.464 tf=0.00lr=0.001
Epoch 379/400 train_mse_scaled=0.022702 val_mae=41.304 val_rmse=59.180 tf=0.00lr=0.001
Epoch 380/400 train_mse_scaled=0.022765 val_mae=42.397 val_rmse=59.881 tf=0.00lr=0.001
Epoch 381/400 train_mse_scaled=0.022866 val_mae=42.088 val_rmse=59.866 tf=0.00lr=0.001
Epoch 382/400 train_mse_scaled=0.022429 val_mae=42.802 val_rmse=59.884 tf=0.00lr=0.001
Epoch 383/400 train_mse_scaled=0.022528 val_mae=41.553 val_rmse=59.090 tf=0.00lr=0.001
Epoch 384/400 train_mse_scaled=0.022550 val_mae=42.942 val_rmse=60.546 tf=0.00lr=0.001
Epoch 385/400 train_mse_scaled=0.022562 val_mae=40.074 val_rmse=58.562 tf=0.00lr=0.001
Epoch 386/400 train_mse_scaled=0.022616 val_mae=41.832 val_rmse=59.992 tf=0.00lr=0.001
Epoch 387/400 train_mse_scaled=0.022649 val_mae=41.002 val_rmse=59.113 tf=0.00lr=0.001
Epoch 388/400 train_mse_scaled=0.022480 val_mae=40.494 val_rmse=58.148 tf=0.00lr=0.001
Epoch 389/400 train_mse_scaled=0.022386 val_mae=41.435 val_rmse=58.902 tf=0.00lr=0.001
Epoch 390/400 train_mse_scaled=0.022174 val_mae=42.180 val_rmse=59.739 tf=0.00lr=0.001
Epoch 391/400 train_mse_scaled=0.022167 val_mae=40.437 val_rmse=58.369 tf=0.00lr=0.001
Epoch 392/400 train_mse_scaled=0.022256 val_mae=43.161 val_rmse=60.846 tf=0.00lr=0.001
Epoch 393/400 train_mse_scaled=0.022559 val_mae=40.336 val_rmse=58.431 tf=0.00lr=0.001
Epoch 394/400 train_mse_scaled=0.022044 val_mae=39.492 val_rmse=57.246 tf=0.00lr=0.001
Epoch 395/400 train_mse_scaled=0.021985 val_mae=40.231 val_rmse=57.931 tf=0.00lr=0.001
Epoch 396/400 train_mse_scaled=0.022411 val_mae=40.665 val_rmse=58.550 tf=0.00lr=0.001
Epoch 397/400 train_mse_scaled=0.022624 val_mae=41.809 val_rmse=59.588 tf=0.00lr=0.001
Epoch 398/400 train_mse_scaled=0.022419 val_mae=39.964 val_rmse=57.919 tf=0.00lr=0.001
Epoch 399/400 train_mse_scaled=0.022129 val_mae=40.995 val_rmse=58.560 tf=0.00lr=0.001
Epoch 400/400 train_mse_scaled=0.022347 val_mae=40.569 val_rmse=58.091 tf=0.00lr=0.001
Training complete. Best checkpoint at: v2/results/checkpoints/seq2seq/best.pth
