Cleaned data: 787920 -> 609679 rows. Saved: v2/results/cleaned.csv
Samples -> train: 10331, val: 1295, test: 1357

Train samples (show 5):
  [0] TurbID=1, start_idx=14, hist=(2020-01-01 16:00:00~2020-01-02 15:00:00), pred=(2020-01-02 16:00:00~2020-01-03 15:00:00)
  [1] TurbID=1, start_idx=19, hist=(2020-01-01 21:00:00~2020-01-02 20:00:00), pred=(2020-01-02 21:00:00~2020-01-03 20:00:00)
  [2] TurbID=1, start_idx=24, hist=(2020-01-02 02:00:00~2020-01-03 01:00:00), pred=(2020-01-03 02:00:00~2020-01-04 01:00:00)
  [3] TurbID=1, start_idx=29, hist=(2020-01-02 07:00:00~2020-01-03 06:00:00), pred=(2020-01-03 07:00:00~2020-01-04 06:00:00)
  [4] TurbID=1, start_idx=34, hist=(2020-01-02 12:00:00~2020-01-03 11:00:00), pred=(2020-01-03 12:00:00~2020-01-04 11:00:00)

Val samples (show 5):
  [0] TurbID=1, start_idx=3788, hist=(2020-07-22 05:00:00~2020-07-23 04:00:00), pred=(2020-07-23 05:00:00~2020-07-24 04:00:00)
  [1] TurbID=1, start_idx=3793, hist=(2020-07-22 10:00:00~2020-07-23 09:00:00), pred=(2020-07-23 10:00:00~2020-07-24 09:00:00)
  [2] TurbID=1, start_idx=3798, hist=(2020-07-22 15:00:00~2020-07-23 14:00:00), pred=(2020-07-23 15:00:00~2020-07-24 14:00:00)
  [3] TurbID=1, start_idx=3803, hist=(2020-07-22 20:00:00~2020-07-23 19:00:00), pred=(2020-07-23 20:00:00~2020-07-24 19:00:00)
  [4] TurbID=1, start_idx=3808, hist=(2020-07-23 01:00:00~2020-07-24 00:00:00), pred=(2020-07-24 01:00:00~2020-07-25 00:00:00)

Test samples (show 5):
  [0] TurbID=1, start_idx=3994, hist=(2020-08-02 07:00:00~2020-08-03 06:00:00), pred=(2020-08-03 07:00:00~2020-08-04 06:00:00)
  [1] TurbID=1, start_idx=3999, hist=(2020-08-02 12:00:00~2020-08-03 11:00:00), pred=(2020-08-03 12:00:00~2020-08-04 11:00:00)
  [2] TurbID=1, start_idx=4004, hist=(2020-08-02 17:00:00~2020-08-03 16:00:00), pred=(2020-08-03 17:00:00~2020-08-04 16:00:00)
  [3] TurbID=1, start_idx=4009, hist=(2020-08-02 22:00:00~2020-08-03 21:00:00), pred=(2020-08-03 22:00:00~2020-08-04 21:00:00)
  [4] TurbID=1, start_idx=4014, hist=(2020-08-03 03:00:00~2020-08-04 02:00:00), pred=(2020-08-04 03:00:00~2020-08-05 02:00:00)
Epoch 1/400 train_mse_scaled=0.244257 val_mae=216.645 val_rmse=271.995 test_mae=239.508 test_rmse=301.513 tf=1.00 lr=0.001
Epoch 2/400 train_mse_scaled=0.070115 val_mae=253.189 val_rmse=336.159 test_mae=356.581 test_rmse=467.014 tf=1.00 lr=0.001
Epoch 3/400 train_mse_scaled=0.044361 val_mae=214.472 val_rmse=283.555 test_mae=312.977 test_rmse=401.266 tf=1.00 lr=0.001
Epoch 4/400 train_mse_scaled=0.039502 val_mae=205.471 val_rmse=269.957 test_mae=255.163 test_rmse=328.912 tf=0.99 lr=0.001
Epoch 5/400 train_mse_scaled=0.036225 val_mae=186.771 val_rmse=246.460 test_mae=231.229 test_rmse=294.823 tf=0.99 lr=0.001
Epoch 6/400 train_mse_scaled=0.034458 val_mae=190.173 val_rmse=252.982 test_mae=226.955 test_rmse=290.099 tf=0.99 lr=0.001
Epoch 7/400 train_mse_scaled=0.033718 val_mae=178.174 val_rmse=239.804 test_mae=217.893 test_rmse=279.514 tf=0.99 lr=0.001
Epoch 8/400 train_mse_scaled=0.032661 val_mae=170.270 val_rmse=229.006 test_mae=201.653 test_rmse=260.974 tf=0.99 lr=0.001
Epoch 9/400 train_mse_scaled=0.030745 val_mae=177.131 val_rmse=241.987 test_mae=212.854 test_rmse=276.938 tf=0.98 lr=0.001
Epoch 10/400 train_mse_scaled=0.031519 val_mae=184.006 val_rmse=247.218 test_mae=202.223 test_rmse=268.837 tf=0.98 lr=0.001
Epoch 11/400 train_mse_scaled=0.029332 val_mae=182.192 val_rmse=246.999 test_mae=205.418 test_rmse=276.256 tf=0.98 lr=0.001
Epoch 12/400 train_mse_scaled=0.029130 val_mae=166.339 val_rmse=227.183 test_mae=189.851 test_rmse=256.293 tf=0.98 lr=0.001
Epoch 13/400 train_mse_scaled=0.028880 val_mae=161.607 val_rmse=220.511 test_mae=183.832 test_rmse=248.249 tf=0.98 lr=0.001
Epoch 14/400 train_mse_scaled=0.028092 val_mae=158.561 val_rmse=218.285 test_mae=187.730 test_rmse=253.137 tf=0.97 lr=0.001
Epoch 15/400 train_mse_scaled=0.027351 val_mae=164.289 val_rmse=226.421 test_mae=187.812 test_rmse=260.372 tf=0.97 lr=0.001
Epoch 16/400 train_mse_scaled=0.027100 val_mae=148.641 val_rmse=206.727 test_mae=178.594 test_rmse=243.475 tf=0.97 lr=0.001
Epoch 17/400 train_mse_scaled=0.025080 val_mae=145.690 val_rmse=204.247 test_mae=178.654 test_rmse=248.467 tf=0.97 lr=0.001
Epoch 18/400 train_mse_scaled=0.025104 val_mae=145.442 val_rmse=203.257 test_mae=174.517 test_rmse=239.580 tf=0.97 lr=0.001
Epoch 19/400 train_mse_scaled=0.024594 val_mae=152.810 val_rmse=216.090 test_mae=188.632 test_rmse=266.662 tf=0.96 lr=0.001
Epoch 20/400 train_mse_scaled=0.024224 val_mae=145.862 val_rmse=205.304 test_mae=174.445 test_rmse=240.138 tf=0.96 lr=0.001
Epoch 21/400 train_mse_scaled=0.024051 val_mae=146.856 val_rmse=205.257 test_mae=176.478 test_rmse=244.991 tf=0.96 lr=0.001
Epoch 22/400 train_mse_scaled=0.021974 val_mae=139.311 val_rmse=194.141 test_mae=167.970 test_rmse=226.506 tf=0.96 lr=0.001
Epoch 23/400 train_mse_scaled=0.023063 val_mae=135.635 val_rmse=188.743 test_mae=162.749 test_rmse=217.844 tf=0.96 lr=0.001
Epoch 24/400 train_mse_scaled=0.023660 val_mae=138.831 val_rmse=192.154 test_mae=158.910 test_rmse=215.587 tf=0.95 lr=0.001
Epoch 25/400 train_mse_scaled=0.022142 val_mae=138.386 val_rmse=191.874 test_mae=171.383 test_rmse=230.135 tf=0.95 lr=0.001
Epoch 26/400 train_mse_scaled=0.022313 val_mae=142.399 val_rmse=199.307 test_mae=165.401 test_rmse=224.731 tf=0.95 lr=0.001
Epoch 27/400 train_mse_scaled=0.021876 val_mae=132.508 val_rmse=183.784 test_mae=163.792 test_rmse=215.065 tf=0.95 lr=0.001
Epoch 28/400 train_mse_scaled=0.021685 val_mae=137.292 val_rmse=188.107 test_mae=170.563 test_rmse=225.513 tf=0.95 lr=0.001
Epoch 29/400 train_mse_scaled=0.019319 val_mae=136.752 val_rmse=188.996 test_mae=174.582 test_rmse=230.787 tf=0.94 lr=0.001
Epoch 30/400 train_mse_scaled=0.021479 val_mae=135.088 val_rmse=181.719 test_mae=163.927 test_rmse=212.017 tf=0.94 lr=0.001
Epoch 31/400 train_mse_scaled=0.020244 val_mae=138.693 val_rmse=185.513 test_mae=166.687 test_rmse=215.068 tf=0.94 lr=0.001
Epoch 32/400 train_mse_scaled=0.020855 val_mae=132.258 val_rmse=178.203 test_mae=168.626 test_rmse=213.723 tf=0.94 lr=0.001
Epoch 33/400 train_mse_scaled=0.019794 val_mae=138.633 val_rmse=185.833 test_mae=162.203 test_rmse=210.263 tf=0.94 lr=0.001
Epoch 34/400 train_mse_scaled=0.019876 val_mae=136.575 val_rmse=179.860 test_mae=160.743 test_rmse=203.922 tf=0.93 lr=0.001
Epoch 35/400 train_mse_scaled=0.019718 val_mae=136.212 val_rmse=177.519 test_mae=159.251 test_rmse=201.035 tf=0.93 lr=0.001
Epoch 36/400 train_mse_scaled=0.019900 val_mae=131.148 val_rmse=176.039 test_mae=155.577 test_rmse=200.247 tf=0.93 lr=0.001
Epoch 37/400 train_mse_scaled=0.019743 val_mae=135.602 val_rmse=185.811 test_mae=160.904 test_rmse=213.254 tf=0.93 lr=0.001
Epoch 38/400 train_mse_scaled=0.019634 val_mae=133.796 val_rmse=176.409 test_mae=159.135 test_rmse=202.534 tf=0.93 lr=0.001
Epoch 39/400 train_mse_scaled=0.018685 val_mae=139.729 val_rmse=184.717 test_mae=167.848 test_rmse=212.505 tf=0.92 lr=0.001
Epoch 40/400 train_mse_scaled=0.020020 val_mae=135.912 val_rmse=183.129 test_mae=158.207 test_rmse=204.614 tf=0.92 lr=0.001
Epoch 41/400 train_mse_scaled=0.018691 val_mae=136.460 val_rmse=182.494 test_mae=164.624 test_rmse=210.841 tf=0.92 lr=0.0005
Epoch 42/400 train_mse_scaled=0.017841 val_mae=137.671 val_rmse=179.395 test_mae=166.784 test_rmse=208.986 tf=0.92 lr=0.0005
Epoch 43/400 train_mse_scaled=0.018328 val_mae=133.720 val_rmse=178.924 test_mae=157.698 test_rmse=201.414 tf=0.92 lr=0.0005
Epoch 44/400 train_mse_scaled=0.018753 val_mae=131.867 val_rmse=178.341 test_mae=158.658 test_rmse=202.872 tf=0.91 lr=0.0005
Epoch 45/400 train_mse_scaled=0.018934 val_mae=132.630 val_rmse=173.977 test_mae=162.226 test_rmse=203.063 tf=0.91 lr=0.00025
Epoch 46/400 train_mse_scaled=0.018836 val_mae=132.118 val_rmse=173.619 test_mae=158.325 test_rmse=199.084 tf=0.91 lr=0.00025
Epoch 47/400 train_mse_scaled=0.018460 val_mae=133.041 val_rmse=177.488 test_mae=156.309 test_rmse=197.856 tf=0.91 lr=0.00025
Epoch 48/400 train_mse_scaled=0.018167 val_mae=131.236 val_rmse=174.384 test_mae=158.841 test_rmse=201.177 tf=0.91 lr=0.00025
Epoch 49/400 train_mse_scaled=0.017395 val_mae=138.698 val_rmse=178.786 test_mae=165.971 test_rmse=205.985 tf=0.90 lr=0.00025
Epoch 50/400 train_mse_scaled=0.018244 val_mae=136.844 val_rmse=177.069 test_mae=165.196 test_rmse=204.949 tf=0.90 lr=0.00025
Epoch 51/400 train_mse_scaled=0.018539 val_mae=132.435 val_rmse=174.540 test_mae=159.126 test_rmse=200.451 tf=0.90 lr=0.000125
Epoch 52/400 train_mse_scaled=0.017933 val_mae=133.996 val_rmse=173.851 test_mae=164.374 test_rmse=204.660 tf=0.90 lr=0.000125
Epoch 53/400 train_mse_scaled=0.019663 val_mae=131.309 val_rmse=171.752 test_mae=157.185 test_rmse=197.127 tf=0.90 lr=0.000125
Epoch 54/400 train_mse_scaled=0.019597 val_mae=132.614 val_rmse=173.389 test_mae=159.779 test_rmse=200.200 tf=0.89 lr=0.000125
Epoch 55/400 train_mse_scaled=0.017590 val_mae=133.200 val_rmse=173.374 test_mae=162.808 test_rmse=202.738 tf=0.89 lr=0.000125
Epoch 56/400 train_mse_scaled=0.019637 val_mae=126.477 val_rmse=169.884 test_mae=155.937 test_rmse=197.828 tf=0.89 lr=0.000125
Epoch 57/400 train_mse_scaled=0.019857 val_mae=128.183 val_rmse=168.890 test_mae=157.450 test_rmse=198.056 tf=0.89 lr=0.000125
Epoch 58/400 train_mse_scaled=0.018631 val_mae=131.342 val_rmse=171.796 test_mae=157.807 test_rmse=198.079 tf=0.89 lr=0.000125
Epoch 59/400 train_mse_scaled=0.020283 val_mae=128.936 val_rmse=171.927 test_mae=157.880 test_rmse=199.495 tf=0.88 lr=0.000125
Epoch 60/400 train_mse_scaled=0.019499 val_mae=129.467 val_rmse=171.411 test_mae=154.861 test_rmse=195.846 tf=0.88 lr=0.000125
Epoch 61/400 train_mse_scaled=0.018233 val_mae=129.906 val_rmse=171.628 test_mae=158.885 test_rmse=200.131 tf=0.88 lr=0.000125
Epoch 62/400 train_mse_scaled=0.018765 val_mae=129.753 val_rmse=171.053 test_mae=158.720 test_rmse=199.501 tf=0.88 lr=6.25e-05
Epoch 63/400 train_mse_scaled=0.019463 val_mae=127.759 val_rmse=168.809 test_mae=154.851 test_rmse=195.381 tf=0.88 lr=6.25e-05
Epoch 64/400 train_mse_scaled=0.019546 val_mae=129.098 val_rmse=169.865 test_mae=156.437 test_rmse=196.701 tf=0.87 lr=6.25e-05
Epoch 65/400 train_mse_scaled=0.020468 val_mae=129.132 val_rmse=169.575 test_mae=158.077 test_rmse=198.054 tf=0.87 lr=6.25e-05
Epoch 66/400 train_mse_scaled=0.019286 val_mae=128.726 val_rmse=168.388 test_mae=158.882 test_rmse=198.751 tf=0.87 lr=6.25e-05
Epoch 67/400 train_mse_scaled=0.020323 val_mae=127.639 val_rmse=169.725 test_mae=154.811 test_rmse=196.553 tf=0.87 lr=6.25e-05
Epoch 68/400 train_mse_scaled=0.021013 val_mae=125.476 val_rmse=166.520 test_mae=154.494 test_rmse=194.924 tf=0.87 lr=6.25e-05
Epoch 69/400 train_mse_scaled=0.020967 val_mae=124.755 val_rmse=165.960 test_mae=153.976 test_rmse=194.736 tf=0.86 lr=6.25e-05
Epoch 70/400 train_mse_scaled=0.019501 val_mae=126.739 val_rmse=167.072 test_mae=159.684 test_rmse=200.223 tf=0.86 lr=6.25e-05
Epoch 71/400 train_mse_scaled=0.021346 val_mae=126.102 val_rmse=166.773 test_mae=154.476 test_rmse=195.090 tf=0.86 lr=6.25e-05
Epoch 72/400 train_mse_scaled=0.021988 val_mae=124.525 val_rmse=166.309 test_mae=152.589 test_rmse=193.618 tf=0.86 lr=6.25e-05
Epoch 73/400 train_mse_scaled=0.022207 val_mae=126.572 val_rmse=166.986 test_mae=152.369 test_rmse=192.637 tf=0.86 lr=6.25e-05
Epoch 74/400 train_mse_scaled=0.021466 val_mae=125.109 val_rmse=166.877 test_mae=152.578 test_rmse=193.631 tf=0.85 lr=3.125e-05
Epoch 75/400 train_mse_scaled=0.021117 val_mae=126.056 val_rmse=166.457 test_mae=152.240 test_rmse=192.478 tf=0.85 lr=3.125e-05
Epoch 76/400 train_mse_scaled=0.021007 val_mae=126.787 val_rmse=166.949 test_mae=154.007 test_rmse=194.270 tf=0.85 lr=3.125e-05
Epoch 77/400 train_mse_scaled=0.021227 val_mae=125.316 val_rmse=166.340 test_mae=152.696 test_rmse=193.294 tf=0.85 lr=3.125e-05
Epoch 78/400 train_mse_scaled=0.021267 val_mae=125.417 val_rmse=166.633 test_mae=153.073 test_rmse=193.829 tf=0.85 lr=1.5625e-05
Epoch 79/400 train_mse_scaled=0.020057 val_mae=126.514 val_rmse=166.303 test_mae=154.958 test_rmse=194.828 tf=0.84 lr=1.5625e-05
Epoch 80/400 train_mse_scaled=0.020344 val_mae=126.140 val_rmse=167.004 test_mae=154.491 test_rmse=195.120 tf=0.84 lr=1.5625e-05
Epoch 81/400 train_mse_scaled=0.020269 val_mae=126.180 val_rmse=167.155 test_mae=154.235 test_rmse=194.892 tf=0.84 lr=1.5625e-05
Epoch 82/400 train_mse_scaled=0.023174 val_mae=124.245 val_rmse=165.520 test_mae=152.106 test_rmse=192.953 tf=0.84 lr=7.8125e-06
Epoch 83/400 train_mse_scaled=0.021702 val_mae=125.003 val_rmse=165.997 test_mae=152.612 test_rmse=193.297 tf=0.84 lr=7.8125e-06
Epoch 84/400 train_mse_scaled=0.020614 val_mae=125.868 val_rmse=166.365 test_mae=153.714 test_rmse=194.104 tf=0.83 lr=7.8125e-06
Epoch 85/400 train_mse_scaled=0.022580 val_mae=124.931 val_rmse=165.822 test_mae=152.322 test_rmse=192.880 tf=0.83 lr=7.8125e-06
Epoch 86/400 train_mse_scaled=0.023909 val_mae=123.933 val_rmse=164.934 test_mae=151.401 test_rmse=192.126 tf=0.83 lr=7.8125e-06
Epoch 87/400 train_mse_scaled=0.020714 val_mae=124.457 val_rmse=164.878 test_mae=151.769 test_rmse=192.125 tf=0.83 lr=7.8125e-06
Epoch 88/400 train_mse_scaled=0.022802 val_mae=124.791 val_rmse=165.434 test_mae=151.848 test_rmse=192.406 tf=0.83 lr=7.8125e-06
Epoch 89/400 train_mse_scaled=0.021779 val_mae=126.081 val_rmse=165.919 test_mae=153.025 test_rmse=193.035 tf=0.82 lr=7.8125e-06
Epoch 90/400 train_mse_scaled=0.023476 val_mae=124.430 val_rmse=165.165 test_mae=151.664 test_rmse=192.282 tf=0.82 lr=7.8125e-06
Epoch 91/400 train_mse_scaled=0.022969 val_mae=124.819 val_rmse=165.064 test_mae=151.878 test_rmse=192.166 tf=0.82 lr=7.8125e-06
Epoch 92/400 train_mse_scaled=0.024160 val_mae=124.258 val_rmse=164.723 test_mae=151.529 test_rmse=191.923 tf=0.82 lr=3.90625e-06
Epoch 93/400 train_mse_scaled=0.024512 val_mae=124.527 val_rmse=164.727 test_mae=151.531 test_rmse=191.771 tf=0.82 lr=3.90625e-06
Epoch 94/400 train_mse_scaled=0.023466 val_mae=124.159 val_rmse=164.554 test_mae=151.161 test_rmse=191.547 tf=0.81 lr=3.90625e-06
Epoch 95/400 train_mse_scaled=0.024766 val_mae=123.826 val_rmse=164.462 test_mae=150.456 test_rmse=191.010 tf=0.81 lr=3.90625e-06
Epoch 96/400 train_mse_scaled=0.024211 val_mae=123.781 val_rmse=164.428 test_mae=150.632 test_rmse=191.179 tf=0.81 lr=3.90625e-06
Epoch 97/400 train_mse_scaled=0.023139 val_mae=123.586 val_rmse=163.786 test_mae=150.818 test_rmse=191.097 tf=0.81 lr=3.90625e-06
Epoch 98/400 train_mse_scaled=0.022698 val_mae=123.563 val_rmse=163.883 test_mae=151.153 test_rmse=191.494 tf=0.81 lr=3.90625e-06
Epoch 99/400 train_mse_scaled=0.025343 val_mae=124.383 val_rmse=164.407 test_mae=151.179 test_rmse=191.302 tf=0.80 lr=3.90625e-06
Epoch 100/400 train_mse_scaled=0.024851 val_mae=123.562 val_rmse=164.015 test_mae=150.058 test_rmse=190.472 tf=0.80 lr=3.90625e-06
Epoch 101/400 train_mse_scaled=0.023881 val_mae=123.605 val_rmse=163.980 test_mae=150.459 test_rmse=190.851 tf=0.80 lr=3.90625e-06
Epoch 102/400 train_mse_scaled=0.024866 val_mae=123.464 val_rmse=163.834 test_mae=150.366 test_rmse=190.775 tf=0.80 lr=1.95313e-06
Epoch 103/400 train_mse_scaled=0.022541 val_mae=122.917 val_rmse=163.580 test_mae=149.935 test_rmse=190.574 tf=0.79 lr=1.95313e-06
Epoch 104/400 train_mse_scaled=0.025416 val_mae=123.857 val_rmse=163.981 test_mae=150.695 test_rmse=190.934 tf=0.79 lr=1.95313e-06
Epoch 105/400 train_mse_scaled=0.023905 val_mae=123.223 val_rmse=163.668 test_mae=150.349 test_rmse=190.828 tf=0.79 lr=1.95313e-06
Epoch 106/400 train_mse_scaled=0.025254 val_mae=123.520 val_rmse=163.866 test_mae=150.218 test_rmse=190.638 tf=0.79 lr=1.95313e-06
Epoch 107/400 train_mse_scaled=0.024455 val_mae=123.606 val_rmse=163.580 test_mae=150.373 test_rmse=190.540 tf=0.79 lr=1.95313e-06
Epoch 108/400 train_mse_scaled=0.025372 val_mae=123.323 val_rmse=163.610 test_mae=150.026 test_rmse=190.390 tf=0.78 lr=9.76563e-07
Epoch 109/400 train_mse_scaled=0.026372 val_mae=123.520 val_rmse=163.719 test_mae=150.115 test_rmse=190.408 tf=0.78 lr=9.76563e-07
Epoch 110/400 train_mse_scaled=0.026151 val_mae=123.204 val_rmse=163.546 test_mae=149.846 test_rmse=190.232 tf=0.78 lr=9.76563e-07
Epoch 111/400 train_mse_scaled=0.026115 val_mae=123.027 val_rmse=163.436 test_mae=149.740 test_rmse=190.164 tf=0.78 lr=9.76563e-07
Epoch 112/400 train_mse_scaled=0.025327 val_mae=123.009 val_rmse=163.585 test_mae=149.646 test_rmse=190.195 tf=0.78 lr=9.76563e-07
Epoch 113/400 train_mse_scaled=0.027612 val_mae=123.333 val_rmse=163.505 test_mae=149.915 test_rmse=190.163 tf=0.77 lr=9.76563e-07
Epoch 114/400 train_mse_scaled=0.024569 val_mae=122.779 val_rmse=163.388 test_mae=149.404 test_rmse=189.963 tf=0.77 lr=9.76563e-07
Epoch 115/400 train_mse_scaled=0.025883 val_mae=122.741 val_rmse=163.261 test_mae=149.456 test_rmse=189.954 tf=0.77 lr=9.76563e-07
Epoch 116/400 train_mse_scaled=0.025822 val_mae=122.844 val_rmse=163.377 test_mae=149.547 test_rmse=190.056 tf=0.77 lr=9.76563e-07
Epoch 117/400 train_mse_scaled=0.026272 val_mae=122.843 val_rmse=163.237 test_mae=149.501 test_rmse=189.922 tf=0.77 lr=9.76563e-07
Epoch 118/400 train_mse_scaled=0.026648 val_mae=122.850 val_rmse=163.150 test_mae=149.392 test_rmse=189.739 tf=0.76 lr=9.76563e-07
Epoch 119/400 train_mse_scaled=0.026883 val_mae=122.799 val_rmse=163.102 test_mae=149.279 test_rmse=189.626 tf=0.76 lr=9.76563e-07
Epoch 120/400 train_mse_scaled=0.026374 val_mae=122.716 val_rmse=163.116 test_mae=149.145 test_rmse=189.554 tf=0.76 lr=9.76563e-07
Epoch 121/400 train_mse_scaled=0.026617 val_mae=122.563 val_rmse=163.112 test_mae=148.994 test_rmse=189.510 tf=0.76 lr=9.76563e-07
Epoch 122/400 train_mse_scaled=0.028059 val_mae=122.552 val_rmse=163.064 test_mae=148.991 test_rmse=189.477 tf=0.76 lr=9.76563e-07
Epoch 123/400 train_mse_scaled=0.026678 val_mae=122.433 val_rmse=163.036 test_mae=148.886 test_rmse=189.434 tf=0.75 lr=9.76563e-07
Epoch 124/400 train_mse_scaled=0.027353 val_mae=122.392 val_rmse=162.994 test_mae=148.804 test_rmse=189.347 tf=0.75 lr=9.76563e-07
Epoch 125/400 train_mse_scaled=0.027400 val_mae=122.357 val_rmse=162.888 test_mae=148.768 test_rmse=189.251 tf=0.75 lr=9.76563e-07
Epoch 126/400 train_mse_scaled=0.027323 val_mae=122.240 val_rmse=162.872 test_mae=148.417 test_rmse=188.970 tf=0.75 lr=9.76563e-07
Epoch 127/400 train_mse_scaled=0.027683 val_mae=122.159 val_rmse=162.793 test_mae=148.296 test_rmse=188.854 tf=0.75 lr=9.76563e-07
Epoch 128/400 train_mse_scaled=0.027435 val_mae=122.207 val_rmse=162.702 test_mae=148.381 test_rmse=188.826 tf=0.74 lr=9.76563e-07
Epoch 129/400 train_mse_scaled=0.027814 val_mae=122.200 val_rmse=162.887 test_mae=148.159 test_rmse=188.742 tf=0.74 lr=9.76563e-07
Epoch 130/400 train_mse_scaled=0.028425 val_mae=122.022 val_rmse=162.627 test_mae=148.052 test_rmse=188.580 tf=0.74 lr=9.76563e-07
Epoch 131/400 train_mse_scaled=0.027658 val_mae=121.927 val_rmse=162.557 test_mae=147.764 test_rmse=188.308 tf=0.74 lr=9.76563e-07
Epoch 132/400 train_mse_scaled=0.028363 val_mae=121.898 val_rmse=162.429 test_mae=147.768 test_rmse=188.246 tf=0.74 lr=9.76563e-07
Epoch 133/400 train_mse_scaled=0.027006 val_mae=121.824 val_rmse=162.547 test_mae=147.609 test_rmse=188.232 tf=0.73 lr=9.76563e-07
Epoch 134/400 train_mse_scaled=0.027912 val_mae=121.840 val_rmse=162.551 test_mae=147.668 test_rmse=188.274 tf=0.73 lr=9.76563e-07
Epoch 135/400 train_mse_scaled=0.028591 val_mae=121.813 val_rmse=162.411 test_mae=147.588 test_rmse=188.121 tf=0.73 lr=9.76563e-07
Epoch 136/400 train_mse_scaled=0.028764 val_mae=121.848 val_rmse=162.525 test_mae=147.581 test_rmse=188.167 tf=0.73 lr=9.76563e-07
Epoch 137/400 train_mse_scaled=0.028564 val_mae=121.757 val_rmse=162.388 test_mae=147.450 test_rmse=188.003 tf=0.73 lr=9.76563e-07
Epoch 138/400 train_mse_scaled=0.030360 val_mae=121.720 val_rmse=162.397 test_mae=147.258 test_rmse=187.842 tf=0.72 lr=9.76563e-07
Epoch 139/400 train_mse_scaled=0.029856 val_mae=121.594 val_rmse=162.149 test_mae=147.152 test_rmse=187.651 tf=0.72 lr=9.76563e-07
Epoch 140/400 train_mse_scaled=0.028340 val_mae=121.450 val_rmse=162.115 test_mae=146.998 test_rmse=187.585 tf=0.72 lr=9.76563e-07
Epoch 141/400 train_mse_scaled=0.028732 val_mae=121.254 val_rmse=162.100 test_mae=146.735 test_rmse=187.458 tf=0.72 lr=9.76563e-07
Epoch 142/400 train_mse_scaled=0.030748 val_mae=121.513 val_rmse=162.008 test_mae=146.950 test_rmse=187.432 tf=0.72 lr=9.76563e-07
Epoch 143/400 train_mse_scaled=0.029269 val_mae=121.410 val_rmse=162.110 test_mae=146.762 test_rmse=187.382 tf=0.71 lr=9.76563e-07
Epoch 144/400 train_mse_scaled=0.029203 val_mae=121.260 val_rmse=162.101 test_mae=146.553 test_rmse=187.283 tf=0.71 lr=9.76563e-07
Epoch 145/400 train_mse_scaled=0.029058 val_mae=121.105 val_rmse=161.974 test_mae=146.482 test_rmse=187.231 tf=0.71 lr=9.76563e-07
Epoch 146/400 train_mse_scaled=0.030276 val_mae=121.172 val_rmse=161.976 test_mae=146.540 test_rmse=187.241 tf=0.71 lr=9.76563e-07
Epoch 147/400 train_mse_scaled=0.030678 val_mae=121.069 val_rmse=161.716 test_mae=146.442 test_rmse=187.027 tf=0.71 lr=9.76563e-07
Epoch 148/400 train_mse_scaled=0.029030 val_mae=120.894 val_rmse=161.745 test_mae=146.223 test_rmse=186.964 tf=0.70 lr=9.76563e-07
Epoch 149/400 train_mse_scaled=0.029286 val_mae=121.017 val_rmse=161.728 test_mae=146.482 test_rmse=187.119 tf=0.70 lr=9.76563e-07
Epoch 150/400 train_mse_scaled=0.032580 val_mae=121.110 val_rmse=161.670 test_mae=146.477 test_rmse=186.998 tf=0.70 lr=9.76563e-07
Epoch 151/400 train_mse_scaled=0.030550 val_mae=120.855 val_rmse=161.564 test_mae=146.139 test_rmse=186.753 tf=0.70 lr=9.76563e-07
Epoch 152/400 train_mse_scaled=0.030756 val_mae=120.823 val_rmse=161.460 test_mae=146.189 test_rmse=186.758 tf=0.70 lr=9.76563e-07
Epoch 153/400 train_mse_scaled=0.031574 val_mae=120.750 val_rmse=161.419 test_mae=146.141 test_rmse=186.725 tf=0.69 lr=9.76563e-07
Epoch 154/400 train_mse_scaled=0.031175 val_mae=120.646 val_rmse=161.347 test_mae=146.004 test_rmse=186.631 tf=0.69 lr=9.76563e-07
Epoch 155/400 train_mse_scaled=0.030995 val_mae=120.464 val_rmse=161.233 test_mae=145.789 test_rmse=186.475 tf=0.69 lr=9.76563e-07
Epoch 156/400 train_mse_scaled=0.031576 val_mae=120.492 val_rmse=161.242 test_mae=145.761 test_rmse=186.429 tf=0.69 lr=9.76563e-07
Epoch 157/400 train_mse_scaled=0.029977 val_mae=120.378 val_rmse=161.087 test_mae=145.644 test_rmse=186.299 tf=0.69 lr=9.76563e-07
Epoch 158/400 train_mse_scaled=0.029723 val_mae=120.309 val_rmse=161.268 test_mae=145.554 test_rmse=186.386 tf=0.68 lr=9.76563e-07
Epoch 159/400 train_mse_scaled=0.028907 val_mae=120.325 val_rmse=161.196 test_mae=145.665 test_rmse=186.437 tf=0.68 lr=9.76563e-07
Epoch 160/400 train_mse_scaled=0.030693 val_mae=120.282 val_rmse=161.243 test_mae=145.579 test_rmse=186.416 tf=0.68 lr=9.76563e-07
Epoch 161/400 train_mse_scaled=0.031564 val_mae=120.302 val_rmse=161.076 test_mae=145.538 test_rmse=186.235 tf=0.68 lr=9.76563e-07
Epoch 162/400 train_mse_scaled=0.030894 val_mae=120.247 val_rmse=161.028 test_mae=145.452 test_rmse=186.149 tf=0.68 lr=4.88281e-07
Epoch 163/400 train_mse_scaled=0.033670 val_mae=120.413 val_rmse=161.074 test_mae=145.569 test_rmse=186.183 tf=0.67 lr=4.88281e-07
Epoch 164/400 train_mse_scaled=0.032086 val_mae=120.326 val_rmse=161.030 test_mae=145.418 test_rmse=186.067 tf=0.67 lr=4.88281e-07
Epoch 165/400 train_mse_scaled=0.030705 val_mae=120.190 val_rmse=160.984 test_mae=145.365 test_rmse=186.071 tf=0.67 lr=4.88281e-07
Epoch 166/400 train_mse_scaled=0.033864 val_mae=120.275 val_rmse=161.068 test_mae=145.404 test_rmse=186.119 tf=0.67 lr=4.88281e-07
Epoch 167/400 train_mse_scaled=0.031778 val_mae=120.131 val_rmse=160.983 test_mae=145.216 test_rmse=185.977 tf=0.67 lr=4.88281e-07
Epoch 168/400 train_mse_scaled=0.034072 val_mae=120.225 val_rmse=160.966 test_mae=145.321 test_rmse=185.999 tf=0.66 lr=4.88281e-07
Epoch 169/400 train_mse_scaled=0.035462 val_mae=120.244 val_rmse=160.909 test_mae=145.336 test_rmse=185.965 tf=0.66 lr=4.88281e-07
Epoch 170/400 train_mse_scaled=0.034875 val_mae=120.133 val_rmse=160.866 test_mae=145.127 test_rmse=185.811 tf=0.66 lr=4.88281e-07
Epoch 171/400 train_mse_scaled=0.034155 val_mae=120.061 val_rmse=160.928 test_mae=144.951 test_rmse=185.734 tf=0.66 lr=4.88281e-07
Epoch 172/400 train_mse_scaled=0.033202 val_mae=119.981 val_rmse=160.752 test_mae=144.913 test_rmse=185.623 tf=0.66 lr=4.88281e-07
Epoch 173/400 train_mse_scaled=0.032558 val_mae=119.914 val_rmse=160.862 test_mae=144.817 test_rmse=185.654 tf=0.65 lr=4.88281e-07
Epoch 174/400 train_mse_scaled=0.034803 val_mae=119.976 val_rmse=160.828 test_mae=144.836 test_rmse=185.606 tf=0.65 lr=4.88281e-07
Epoch 175/400 train_mse_scaled=0.033217 val_mae=119.967 val_rmse=160.812 test_mae=144.797 test_rmse=185.570 tf=0.65 lr=4.88281e-07
Epoch 176/400 train_mse_scaled=0.034305 val_mae=119.939 val_rmse=160.732 test_mae=144.706 test_rmse=185.442 tf=0.65 lr=4.88281e-07
Epoch 177/400 train_mse_scaled=0.034659 val_mae=119.821 val_rmse=160.625 test_mae=144.577 test_rmse=185.315 tf=0.65 lr=4.88281e-07
Epoch 178/400 train_mse_scaled=0.032930 val_mae=119.721 val_rmse=160.598 test_mae=144.475 test_rmse=185.272 tf=0.64 lr=4.88281e-07
Epoch 179/400 train_mse_scaled=0.032944 val_mae=119.641 val_rmse=160.616 test_mae=144.387 test_rmse=185.266 tf=0.64 lr=4.88281e-07
Epoch 180/400 train_mse_scaled=0.035449 val_mae=119.693 val_rmse=160.509 test_mae=144.453 test_rmse=185.219 tf=0.64 lr=4.88281e-07
Epoch 181/400 train_mse_scaled=0.035083 val_mae=119.699 val_rmse=160.563 test_mae=144.394 test_rmse=185.199 tf=0.64 lr=4.88281e-07
Epoch 182/400 train_mse_scaled=0.034105 val_mae=119.622 val_rmse=160.521 test_mae=144.268 test_rmse=185.101 tf=0.64 lr=4.88281e-07
Epoch 183/400 train_mse_scaled=0.036250 val_mae=119.696 val_rmse=160.476 test_mae=144.339 test_rmse=185.082 tf=0.63 lr=4.88281e-07
Epoch 184/400 train_mse_scaled=0.036209 val_mae=119.680 val_rmse=160.501 test_mae=144.259 test_rmse=185.026 tf=0.63 lr=4.88281e-07
Epoch 185/400 train_mse_scaled=0.034597 val_mae=119.476 val_rmse=160.337 test_mae=144.054 test_rmse=184.850 tf=0.63 lr=4.88281e-07
Epoch 186/400 train_mse_scaled=0.035127 val_mae=119.429 val_rmse=160.304 test_mae=143.974 test_rmse=184.777 tf=0.63 lr=4.88281e-07
Epoch 187/400 train_mse_scaled=0.034144 val_mae=119.282 val_rmse=160.287 test_mae=143.764 test_rmse=184.678 tf=0.63 lr=4.88281e-07
Epoch 188/400 train_mse_scaled=0.033519 val_mae=119.234 val_rmse=160.207 test_mae=143.687 test_rmse=184.587 tf=0.62 lr=4.88281e-07
Epoch 189/400 train_mse_scaled=0.036336 val_mae=119.317 val_rmse=160.233 test_mae=143.669 test_rmse=184.534 tf=0.62 lr=4.88281e-07
Epoch 190/400 train_mse_scaled=0.036784 val_mae=119.278 val_rmse=160.077 test_mae=143.653 test_rmse=184.428 tf=0.62 lr=4.88281e-07
Epoch 191/400 train_mse_scaled=0.036227 val_mae=119.286 val_rmse=160.146 test_mae=143.588 test_rmse=184.411 tf=0.62 lr=4.88281e-07
Epoch 192/400 train_mse_scaled=0.036585 val_mae=119.295 val_rmse=160.171 test_mae=143.497 test_rmse=184.329 tf=0.62 lr=4.88281e-07
Epoch 193/400 train_mse_scaled=0.035693 val_mae=119.178 val_rmse=160.117 test_mae=143.399 test_rmse=184.270 tf=0.61 lr=4.88281e-07
Epoch 194/400 train_mse_scaled=0.035075 val_mae=119.106 val_rmse=160.029 test_mae=143.313 test_rmse=184.175 tf=0.61 lr=4.88281e-07
Epoch 195/400 train_mse_scaled=0.034461 val_mae=118.937 val_rmse=159.970 test_mae=143.205 test_rmse=184.149 tf=0.61 lr=4.88281e-07
Epoch 196/400 train_mse_scaled=0.035643 val_mae=118.993 val_rmse=159.941 test_mae=143.243 test_rmse=184.126 tf=0.61 lr=4.88281e-07
Epoch 197/400 train_mse_scaled=0.036578 val_mae=119.117 val_rmse=160.039 test_mae=143.335 test_rmse=184.209 tf=0.61 lr=4.88281e-07
Epoch 198/400 train_mse_scaled=0.036829 val_mae=119.098 val_rmse=159.989 test_mae=143.294 test_rmse=184.148 tf=0.60 lr=4.88281e-07
Epoch 199/400 train_mse_scaled=0.037757 val_mae=119.074 val_rmse=159.951 test_mae=143.274 test_rmse=184.124 tf=0.60 lr=4.88281e-07
Epoch 200/400 train_mse_scaled=0.036679 val_mae=118.932 val_rmse=159.869 test_mae=143.145 test_rmse=184.039 tf=0.60 lr=4.88281e-07
Epoch 201/400 train_mse_scaled=0.038764 val_mae=119.051 val_rmse=159.879 test_mae=143.327 test_rmse=184.127 tf=0.60 lr=4.88281e-07
Epoch 202/400 train_mse_scaled=0.039704 val_mae=119.108 val_rmse=159.848 test_mae=143.331 test_rmse=184.063 tf=0.60 lr=4.88281e-07
Epoch 203/400 train_mse_scaled=0.036556 val_mae=118.849 val_rmse=159.755 test_mae=143.073 test_rmse=183.926 tf=0.59 lr=4.88281e-07
Epoch 204/400 train_mse_scaled=0.036808 val_mae=118.748 val_rmse=159.710 test_mae=142.982 test_rmse=183.882 tf=0.59 lr=4.88281e-07
Epoch 205/400 train_mse_scaled=0.036747 val_mae=118.647 val_rmse=159.679 test_mae=142.851 test_rmse=183.804 tf=0.59 lr=4.88281e-07
Epoch 206/400 train_mse_scaled=0.035387 val_mae=118.510 val_rmse=159.577 test_mae=142.711 test_rmse=183.694 tf=0.59 lr=4.88281e-07
Epoch 207/400 train_mse_scaled=0.039584 val_mae=118.641 val_rmse=159.633 test_mae=142.802 test_rmse=183.737 tf=0.59 lr=4.88281e-07
Epoch 208/400 train_mse_scaled=0.037787 val_mae=118.608 val_rmse=159.632 test_mae=142.729 test_rmse=183.699 tf=0.58 lr=4.88281e-07
Epoch 209/400 train_mse_scaled=0.037605 val_mae=118.626 val_rmse=159.619 test_mae=142.736 test_rmse=183.684 tf=0.58 lr=4.88281e-07
Epoch 210/400 train_mse_scaled=0.038025 val_mae=118.502 val_rmse=159.531 test_mae=142.563 test_rmse=183.549 tf=0.58 lr=4.88281e-07
Epoch 211/400 train_mse_scaled=0.037959 val_mae=118.515 val_rmse=159.487 test_mae=142.572 test_rmse=183.522 tf=0.58 lr=4.88281e-07
Epoch 212/400 train_mse_scaled=0.038211 val_mae=118.512 val_rmse=159.432 test_mae=142.560 test_rmse=183.470 tf=0.58 lr=4.88281e-07
Epoch 213/400 train_mse_scaled=0.040725 val_mae=118.534 val_rmse=159.445 test_mae=142.532 test_rmse=183.435 tf=0.57 lr=4.88281e-07
Epoch 214/400 train_mse_scaled=0.039299 val_mae=118.473 val_rmse=159.391 test_mae=142.435 test_rmse=183.352 tf=0.57 lr=4.88281e-07
Epoch 215/400 train_mse_scaled=0.038384 val_mae=118.365 val_rmse=159.360 test_mae=142.295 test_rmse=183.268 tf=0.57 lr=4.88281e-07
Epoch 216/400 train_mse_scaled=0.040579 val_mae=118.406 val_rmse=159.350 test_mae=142.247 test_rmse=183.189 tf=0.57 lr=4.88281e-07
Epoch 217/400 train_mse_scaled=0.037874 val_mae=118.351 val_rmse=159.296 test_mae=142.157 test_rmse=183.103 tf=0.57 lr=4.88281e-07
Epoch 218/400 train_mse_scaled=0.038705 val_mae=118.186 val_rmse=159.178 test_mae=141.979 test_rmse=182.963 tf=0.56 lr=4.88281e-07
Epoch 219/400 train_mse_scaled=0.039455 val_mae=118.152 val_rmse=159.171 test_mae=141.910 test_rmse=182.922 tf=0.56 lr=4.88281e-07
Epoch 220/400 train_mse_scaled=0.040000 val_mae=118.185 val_rmse=159.133 test_mae=141.934 test_rmse=182.904 tf=0.56 lr=4.88281e-07
Epoch 221/400 train_mse_scaled=0.036932 val_mae=118.077 val_rmse=159.144 test_mae=141.772 test_rmse=182.842 tf=0.56 lr=4.88281e-07
Epoch 222/400 train_mse_scaled=0.038735 val_mae=118.072 val_rmse=159.143 test_mae=141.740 test_rmse=182.817 tf=0.56 lr=4.88281e-07
Epoch 223/400 train_mse_scaled=0.040189 val_mae=118.121 val_rmse=159.097 test_mae=141.794 test_rmse=182.805 tf=0.55 lr=4.88281e-07
Epoch 224/400 train_mse_scaled=0.038666 val_mae=117.979 val_rmse=159.007 test_mae=141.667 test_rmse=182.714 tf=0.55 lr=4.88281e-07
Epoch 225/400 train_mse_scaled=0.041193 val_mae=118.111 val_rmse=159.073 test_mae=141.740 test_rmse=182.738 tf=0.55 lr=4.88281e-07
Epoch 226/400 train_mse_scaled=0.041084 val_mae=118.145 val_rmse=159.048 test_mae=141.710 test_rmse=182.668 tf=0.55 lr=4.88281e-07
Epoch 227/400 train_mse_scaled=0.041703 val_mae=118.038 val_rmse=158.942 test_mae=141.560 test_rmse=182.518 tf=0.55 lr=4.88281e-07
Epoch 228/400 train_mse_scaled=0.039229 val_mae=117.916 val_rmse=158.851 test_mae=141.395 test_rmse=182.380 tf=0.54 lr=4.88281e-07
Epoch 229/400 train_mse_scaled=0.040666 val_mae=117.817 val_rmse=158.759 test_mae=141.323 test_rmse=182.304 tf=0.54 lr=4.88281e-07
Epoch 230/400 train_mse_scaled=0.041875 val_mae=117.934 val_rmse=158.756 test_mae=141.453 test_rmse=182.339 tf=0.54 lr=4.88281e-07
Epoch 231/400 train_mse_scaled=0.041572 val_mae=117.839 val_rmse=158.751 test_mae=141.322 test_rmse=182.281 tf=0.54 lr=4.88281e-07
Epoch 232/400 train_mse_scaled=0.041081 val_mae=117.685 val_rmse=158.691 test_mae=141.125 test_rmse=182.160 tf=0.54 lr=4.88281e-07
Epoch 233/400 train_mse_scaled=0.042612 val_mae=117.624 val_rmse=158.607 test_mae=141.084 test_rmse=182.093 tf=0.53 lr=4.88281e-07
Epoch 234/400 train_mse_scaled=0.040712 val_mae=117.530 val_rmse=158.589 test_mae=140.959 test_rmse=182.024 tf=0.53 lr=4.88281e-07
Epoch 235/400 train_mse_scaled=0.040539 val_mae=117.529 val_rmse=158.601 test_mae=141.007 test_rmse=182.076 tf=0.53 lr=4.88281e-07
Epoch 236/400 train_mse_scaled=0.039541 val_mae=117.422 val_rmse=158.576 test_mae=140.889 test_rmse=182.022 tf=0.53 lr=4.88281e-07
Epoch 237/400 train_mse_scaled=0.041739 val_mae=117.491 val_rmse=158.534 test_mae=140.923 test_rmse=181.970 tf=0.53 lr=4.88281e-07
Epoch 238/400 train_mse_scaled=0.041436 val_mae=117.490 val_rmse=158.536 test_mae=140.859 test_rmse=181.913 tf=0.52 lr=4.88281e-07
Epoch 239/400 train_mse_scaled=0.040599 val_mae=117.326 val_rmse=158.456 test_mae=140.671 test_rmse=181.793 tf=0.52 lr=4.88281e-07
Epoch 240/400 train_mse_scaled=0.041465 val_mae=117.291 val_rmse=158.455 test_mae=140.595 test_rmse=181.744 tf=0.52 lr=4.88281e-07
Epoch 241/400 train_mse_scaled=0.042816 val_mae=117.223 val_rmse=158.330 test_mae=140.529 test_rmse=181.644 tf=0.52 lr=4.88281e-07
Epoch 242/400 train_mse_scaled=0.042902 val_mae=117.418 val_rmse=158.432 test_mae=140.704 test_rmse=181.750 tf=0.52 lr=4.88281e-07
Epoch 243/400 train_mse_scaled=0.043816 val_mae=117.430 val_rmse=158.358 test_mae=140.722 test_rmse=181.704 tf=0.51 lr=4.88281e-07
Epoch 244/400 train_mse_scaled=0.042533 val_mae=117.346 val_rmse=158.316 test_mae=140.612 test_rmse=181.625 tf=0.51 lr=4.88281e-07
Epoch 245/400 train_mse_scaled=0.044254 val_mae=117.262 val_rmse=158.263 test_mae=140.457 test_rmse=181.503 tf=0.51 lr=4.88281e-07
Epoch 246/400 train_mse_scaled=0.044197 val_mae=117.217 val_rmse=158.312 test_mae=140.334 test_rmse=181.458 tf=0.51 lr=4.88281e-07
Epoch 247/400 train_mse_scaled=0.041542 val_mae=117.082 val_rmse=158.242 test_mae=140.192 test_rmse=181.364 tf=0.51 lr=4.88281e-07
Epoch 248/400 train_mse_scaled=0.041974 val_mae=117.019 val_rmse=158.157 test_mae=140.128 test_rmse=181.283 tf=0.50 lr=4.88281e-07
Epoch 249/400 train_mse_scaled=0.041791 val_mae=116.993 val_rmse=158.187 test_mae=140.067 test_rmse=181.276 tf=0.50 lr=4.88281e-07
Epoch 250/400 train_mse_scaled=0.042519 val_mae=116.982 val_rmse=158.121 test_mae=140.136 test_rmse=181.300 tf=0.50 lr=4.88281e-07
Epoch 251/400 train_mse_scaled=0.044763 val_mae=117.137 val_rmse=158.142 test_mae=140.326 test_rmse=181.379 tf=0.50 lr=4.88281e-07
Epoch 252/400 train_mse_scaled=0.042598 val_mae=117.017 val_rmse=158.156 test_mae=140.215 test_rmse=181.362 tf=0.50 lr=4.88281e-07
Epoch 253/400 train_mse_scaled=0.045364 val_mae=116.941 val_rmse=158.104 test_mae=140.172 test_rmse=181.334 tf=0.49 lr=4.88281e-07
Epoch 254/400 train_mse_scaled=0.044192 val_mae=116.985 val_rmse=158.137 test_mae=140.208 test_rmse=181.362 tf=0.49 lr=4.88281e-07
Epoch 255/400 train_mse_scaled=0.043920 val_mae=116.849 val_rmse=158.020 test_mae=140.024 test_rmse=181.203 tf=0.49 lr=4.88281e-07
Epoch 256/400 train_mse_scaled=0.044093 val_mae=116.762 val_rmse=157.943 test_mae=139.936 test_rmse=181.131 tf=0.49 lr=4.88281e-07
Epoch 257/400 train_mse_scaled=0.044457 val_mae=116.788 val_rmse=157.800 test_mae=139.947 test_rmse=181.021 tf=0.49 lr=4.88281e-07
Epoch 258/400 train_mse_scaled=0.042776 val_mae=116.655 val_rmse=157.885 test_mae=139.747 test_rmse=180.986 tf=0.48 lr=4.88281e-07
Epoch 259/400 train_mse_scaled=0.043625 val_mae=116.710 val_rmse=157.929 test_mae=139.846 test_rmse=181.077 tf=0.48 lr=4.88281e-07
Epoch 260/400 train_mse_scaled=0.044856 val_mae=116.720 val_rmse=157.882 test_mae=139.831 test_rmse=181.023 tf=0.48 lr=4.88281e-07
Epoch 261/400 train_mse_scaled=0.046266 val_mae=116.697 val_rmse=157.816 test_mae=139.782 test_rmse=180.945 tf=0.48 lr=4.88281e-07
Epoch 262/400 train_mse_scaled=0.045046 val_mae=116.695 val_rmse=157.813 test_mae=139.767 test_rmse=180.935 tf=0.48 lr=2.44141e-07
Epoch 263/400 train_mse_scaled=0.045569 val_mae=116.654 val_rmse=157.780 test_mae=139.731 test_rmse=180.908 tf=0.47 lr=2.44141e-07
Epoch 264/400 train_mse_scaled=0.044019 val_mae=116.624 val_rmse=157.784 test_mae=139.673 test_rmse=180.878 tf=0.47 lr=2.44141e-07
Epoch 265/400 train_mse_scaled=0.045698 val_mae=116.586 val_rmse=157.741 test_mae=139.625 test_rmse=180.825 tf=0.47 lr=2.44141e-07
Epoch 266/400 train_mse_scaled=0.045399 val_mae=116.525 val_rmse=157.719 test_mae=139.560 test_rmse=180.791 tf=0.47 lr=2.44141e-07
Epoch 267/400 train_mse_scaled=0.046689 val_mae=116.552 val_rmse=157.701 test_mae=139.573 test_rmse=180.771 tf=0.47 lr=2.44141e-07
Epoch 268/400 train_mse_scaled=0.044862 val_mae=116.541 val_rmse=157.648 test_mae=139.562 test_rmse=180.728 tf=0.46 lr=2.44141e-07
Epoch 269/400 train_mse_scaled=0.047226 val_mae=116.560 val_rmse=157.648 test_mae=139.575 test_rmse=180.727 tf=0.46 lr=2.44141e-07
Epoch 270/400 train_mse_scaled=0.045409 val_mae=116.541 val_rmse=157.627 test_mae=139.557 test_rmse=180.706 tf=0.46 lr=2.44141e-07
Epoch 271/400 train_mse_scaled=0.044628 val_mae=116.461 val_rmse=157.628 test_mae=139.472 test_rmse=180.684 tf=0.46 lr=2.44141e-07
Epoch 272/400 train_mse_scaled=0.046726 val_mae=116.456 val_rmse=157.578 test_mae=139.485 test_rmse=180.662 tf=0.46 lr=2.44141e-07
Epoch 273/400 train_mse_scaled=0.047777 val_mae=116.451 val_rmse=157.576 test_mae=139.447 test_rmse=180.630 tf=0.45 lr=2.44141e-07
Epoch 274/400 train_mse_scaled=0.046754 val_mae=116.460 val_rmse=157.568 test_mae=139.441 test_rmse=180.610 tf=0.45 lr=2.44141e-07
Epoch 275/400 train_mse_scaled=0.045453 val_mae=116.405 val_rmse=157.592 test_mae=139.372 test_rmse=180.602 tf=0.45 lr=2.44141e-07
Epoch 276/400 train_mse_scaled=0.047664 val_mae=116.376 val_rmse=157.570 test_mae=139.338 test_rmse=180.576 tf=0.45 lr=2.44141e-07
Epoch 277/400 train_mse_scaled=0.046063 val_mae=116.368 val_rmse=157.553 test_mae=139.330 test_rmse=180.562 tf=0.45 lr=1.2207e-07
Epoch 278/400 train_mse_scaled=0.046513 val_mae=116.347 val_rmse=157.532 test_mae=139.315 test_rmse=180.548 tf=0.44 lr=1.2207e-07
Epoch 279/400 train_mse_scaled=0.046018 val_mae=116.355 val_rmse=157.557 test_mae=139.315 test_rmse=180.560 tf=0.44 lr=1.2207e-07
Epoch 280/400 train_mse_scaled=0.047200 val_mae=116.346 val_rmse=157.531 test_mae=139.320 test_rmse=180.554 tf=0.44 lr=1.2207e-07
Epoch 281/400 train_mse_scaled=0.046580 val_mae=116.334 val_rmse=157.499 test_mae=139.326 test_rmse=180.544 tf=0.44 lr=1.2207e-07
Epoch 282/400 train_mse_scaled=0.047957 val_mae=116.335 val_rmse=157.490 test_mae=139.318 test_rmse=180.532 tf=0.44 lr=1.2207e-07
Epoch 283/400 train_mse_scaled=0.046069 val_mae=116.327 val_rmse=157.465 test_mae=139.295 test_rmse=180.496 tf=0.43 lr=1.2207e-07
Epoch 284/400 train_mse_scaled=0.048622 val_mae=116.329 val_rmse=157.439 test_mae=139.305 test_rmse=180.483 tf=0.43 lr=1.2207e-07
Epoch 285/400 train_mse_scaled=0.047580 val_mae=116.332 val_rmse=157.424 test_mae=139.307 test_rmse=180.472 tf=0.43 lr=1.2207e-07
Epoch 286/400 train_mse_scaled=0.047269 val_mae=116.330 val_rmse=157.447 test_mae=139.294 test_rmse=180.478 tf=0.43 lr=1.2207e-07
Epoch 287/400 train_mse_scaled=0.050568 val_mae=116.347 val_rmse=157.467 test_mae=139.292 test_rmse=180.480 tf=0.43 lr=1.2207e-07
Epoch 288/400 train_mse_scaled=0.048512 val_mae=116.342 val_rmse=157.467 test_mae=139.262 test_rmse=180.456 tf=0.42 lr=1.2207e-07
Epoch 289/400 train_mse_scaled=0.048274 val_mae=116.344 val_rmse=157.459 test_mae=139.258 test_rmse=180.447 tf=0.42 lr=6.10352e-08
Epoch 290/400 train_mse_scaled=0.049196 val_mae=116.345 val_rmse=157.456 test_mae=139.256 test_rmse=180.441 tf=0.42 lr=6.10352e-08
Epoch 291/400 train_mse_scaled=0.047913 val_mae=116.339 val_rmse=157.440 test_mae=139.251 test_rmse=180.429 tf=0.42 lr=6.10352e-08
Epoch 292/400 train_mse_scaled=0.048650 val_mae=116.343 val_rmse=157.428 test_mae=139.249 test_rmse=180.415 tf=0.42 lr=6.10352e-08
Epoch 293/400 train_mse_scaled=0.048858 val_mae=116.341 val_rmse=157.426 test_mae=139.245 test_rmse=180.412 tf=0.41 lr=3.05176e-08
Epoch 294/400 train_mse_scaled=0.047443 val_mae=116.335 val_rmse=157.418 test_mae=139.242 test_rmse=180.406 tf=0.41 lr=3.05176e-08
Epoch 295/400 train_mse_scaled=0.050053 val_mae=116.338 val_rmse=157.418 test_mae=139.243 test_rmse=180.405 tf=0.41 lr=3.05176e-08
Epoch 296/400 train_mse_scaled=0.049592 val_mae=116.339 val_rmse=157.423 test_mae=139.243 test_rmse=180.408 tf=0.41 lr=3.05176e-08
Epoch 297/400 train_mse_scaled=0.051930 val_mae=116.343 val_rmse=157.419 test_mae=139.243 test_rmse=180.402 tf=0.41 lr=3.05176e-08
Epoch 298/400 train_mse_scaled=0.050588 val_mae=116.343 val_rmse=157.414 test_mae=139.242 test_rmse=180.398 tf=0.40 lr=3.05176e-08
Epoch 299/400 train_mse_scaled=0.049180 val_mae=116.343 val_rmse=157.410 test_mae=139.243 test_rmse=180.396 tf=0.40 lr=1.52588e-08
Epoch 300/400 train_mse_scaled=0.050074 val_mae=116.342 val_rmse=157.412 test_mae=139.242 test_rmse=180.396 tf=0.40 lr=1.52588e-08
Epoch 301/400 train_mse_scaled=0.051890 val_mae=116.345 val_rmse=157.410 test_mae=139.246 test_rmse=180.397 tf=0.40 lr=1.52588e-08
Epoch 302/400 train_mse_scaled=0.050346 val_mae=116.345 val_rmse=157.408 test_mae=139.247 test_rmse=180.397 tf=0.39 lr=1.52588e-08
Epoch 303/400 train_mse_scaled=0.050009 val_mae=116.348 val_rmse=157.411 test_mae=139.250 test_rmse=180.399 tf=0.39 lr=1.52588e-08
Epoch 304/400 train_mse_scaled=0.051196 val_mae=116.350 val_rmse=157.409 test_mae=139.250 test_rmse=180.397 tf=0.39 lr=1.52588e-08
Epoch 305/400 train_mse_scaled=0.049789 val_mae=116.347 val_rmse=157.405 test_mae=139.246 test_rmse=180.392 tf=0.39 lr=1.52588e-08
Epoch 306/400 train_mse_scaled=0.049430 val_mae=116.344 val_rmse=157.403 test_mae=139.242 test_rmse=180.389 tf=0.39 lr=1.52588e-08
Epoch 307/400 train_mse_scaled=0.048692 val_mae=116.342 val_rmse=157.403 test_mae=139.239 test_rmse=180.388 tf=0.38 lr=1.52588e-08
Epoch 308/400 train_mse_scaled=0.052864 val_mae=116.341 val_rmse=157.397 test_mae=139.237 test_rmse=180.382 tf=0.38 lr=1.52588e-08
Epoch 309/400 train_mse_scaled=0.051667 val_mae=116.343 val_rmse=157.394 test_mae=139.240 test_rmse=180.380 tf=0.38 lr=1.52588e-08
Epoch 310/400 train_mse_scaled=0.052966 val_mae=116.348 val_rmse=157.392 test_mae=139.246 test_rmse=180.381 tf=0.38 lr=1.52588e-08
Epoch 311/400 train_mse_scaled=0.052461 val_mae=116.350 val_rmse=157.388 test_mae=139.250 test_rmse=180.381 tf=0.38 lr=1.52588e-08
Epoch 312/400 train_mse_scaled=0.053807 val_mae=116.350 val_rmse=157.385 test_mae=139.250 test_rmse=180.379 tf=0.37 lr=1.52588e-08
Epoch 313/400 train_mse_scaled=0.052372 val_mae=116.355 val_rmse=157.386 test_mae=139.252 test_rmse=180.376 tf=0.37 lr=1.52588e-08
Epoch 314/400 train_mse_scaled=0.053148 val_mae=116.359 val_rmse=157.384 test_mae=139.258 test_rmse=180.377 tf=0.37 lr=1.52588e-08
Epoch 315/400 train_mse_scaled=0.052537 val_mae=116.363 val_rmse=157.388 test_mae=139.259 test_rmse=180.379 tf=0.37 lr=1.52588e-08
Epoch 316/400 train_mse_scaled=0.053621 val_mae=116.369 val_rmse=157.387 test_mae=139.267 test_rmse=180.381 tf=0.37 lr=1.52588e-08
Epoch 317/400 train_mse_scaled=0.051587 val_mae=116.369 val_rmse=157.384 test_mae=139.268 test_rmse=180.378 tf=0.36 lr=1.52588e-08
Epoch 318/400 train_mse_scaled=0.051782 val_mae=116.372 val_rmse=157.383 test_mae=139.269 test_rmse=180.378 tf=0.36 lr=1.52588e-08
Epoch 319/400 train_mse_scaled=0.053300 val_mae=116.375 val_rmse=157.383 test_mae=139.271 test_rmse=180.377 tf=0.36 lr=1.52588e-08
Epoch 320/400 train_mse_scaled=0.054258 val_mae=116.378 val_rmse=157.378 test_mae=139.276 test_rmse=180.376 tf=0.36 lr=1.52588e-08
Epoch 321/400 train_mse_scaled=0.053129 val_mae=116.382 val_rmse=157.380 test_mae=139.277 test_rmse=180.376 tf=0.36 lr=1.52588e-08
Epoch 322/400 train_mse_scaled=0.055106 val_mae=116.388 val_rmse=157.378 test_mae=139.284 test_rmse=180.377 tf=0.35 lr=1.52588e-08
Epoch 323/400 train_mse_scaled=0.050585 val_mae=116.389 val_rmse=157.379 test_mae=139.285 test_rmse=180.379 tf=0.35 lr=1.52588e-08
Epoch 324/400 train_mse_scaled=0.053704 val_mae=116.390 val_rmse=157.378 test_mae=139.284 test_rmse=180.377 tf=0.35 lr=1.52588e-08
Epoch 325/400 train_mse_scaled=0.053388 val_mae=116.395 val_rmse=157.379 test_mae=139.287 test_rmse=180.377 tf=0.35 lr=1.52588e-08
Epoch 326/400 train_mse_scaled=0.053733 val_mae=116.400 val_rmse=157.381 test_mae=139.291 test_rmse=180.379 tf=0.35 lr=1.52588e-08
Epoch 327/400 train_mse_scaled=0.055482 val_mae=116.408 val_rmse=157.383 test_mae=139.298 test_rmse=180.382 tf=0.34 lr=1.52588e-08
Epoch 328/400 train_mse_scaled=0.053516 val_mae=116.412 val_rmse=157.384 test_mae=139.299 test_rmse=180.381 tf=0.34 lr=1.52588e-08
Epoch 329/400 train_mse_scaled=0.052715 val_mae=116.415 val_rmse=157.386 test_mae=139.300 test_rmse=180.382 tf=0.34 lr=1.52588e-08
Epoch 330/400 train_mse_scaled=0.055994 val_mae=116.420 val_rmse=157.388 test_mae=139.303 test_rmse=180.382 tf=0.34 lr=1.52588e-08
Epoch 331/400 train_mse_scaled=0.053284 val_mae=116.424 val_rmse=157.386 test_mae=139.306 test_rmse=180.382 tf=0.34 lr=1.52588e-08
Epoch 332/400 train_mse_scaled=0.054500 val_mae=116.428 val_rmse=157.388 test_mae=139.309 test_rmse=180.383 tf=0.33 lr=1.52588e-08
Epoch 333/400 train_mse_scaled=0.054213 val_mae=116.429 val_rmse=157.387 test_mae=139.311 test_rmse=180.383 tf=0.33 lr=1.52588e-08
Epoch 334/400 train_mse_scaled=0.053995 val_mae=116.433 val_rmse=157.388 test_mae=139.312 test_rmse=180.382 tf=0.33 lr=1.52588e-08
Epoch 335/400 train_mse_scaled=0.054414 val_mae=116.437 val_rmse=157.387 test_mae=139.317 test_rmse=180.384 tf=0.33 lr=1.52588e-08
Epoch 336/400 train_mse_scaled=0.056337 val_mae=116.444 val_rmse=157.388 test_mae=139.324 test_rmse=180.386 tf=0.33 lr=1.52588e-08
Epoch 337/400 train_mse_scaled=0.056979 val_mae=116.446 val_rmse=157.383 test_mae=139.325 test_rmse=180.381 tf=0.32 lr=1.52588e-08
Epoch 338/400 train_mse_scaled=0.056182 val_mae=116.450 val_rmse=157.380 test_mae=139.330 test_rmse=180.379 tf=0.32 lr=1.52588e-08
Epoch 339/400 train_mse_scaled=0.056039 val_mae=116.457 val_rmse=157.379 test_mae=139.337 test_rmse=180.382 tf=0.32 lr=1.52588e-08
Epoch 340/400 train_mse_scaled=0.055139 val_mae=116.462 val_rmse=157.379 test_mae=139.341 test_rmse=180.382 tf=0.32 lr=1.52588e-08
Epoch 341/400 train_mse_scaled=0.055861 val_mae=116.464 val_rmse=157.376 test_mae=139.343 test_rmse=180.380 tf=0.32 lr=1.52588e-08
Epoch 342/400 train_mse_scaled=0.055896 val_mae=116.469 val_rmse=157.377 test_mae=139.348 test_rmse=180.383 tf=0.31 lr=1.52588e-08
Epoch 343/400 train_mse_scaled=0.057803 val_mae=116.476 val_rmse=157.377 test_mae=139.355 test_rmse=180.385 tf=0.31 lr=1.52588e-08
Epoch 344/400 train_mse_scaled=0.058182 val_mae=116.481 val_rmse=157.376 test_mae=139.359 test_rmse=180.384 tf=0.31 lr=1.52588e-08
Epoch 345/400 train_mse_scaled=0.055850 val_mae=116.487 val_rmse=157.376 test_mae=139.363 test_rmse=180.385 tf=0.31 lr=1.52588e-08
Epoch 346/400 train_mse_scaled=0.056767 val_mae=116.489 val_rmse=157.376 test_mae=139.365 test_rmse=180.387 tf=0.31 lr=1.52588e-08
Epoch 347/400 train_mse_scaled=0.058433 val_mae=116.495 val_rmse=157.374 test_mae=139.372 test_rmse=180.386 tf=0.30 lr=1.52588e-08
Epoch 348/400 train_mse_scaled=0.057349 val_mae=116.502 val_rmse=157.376 test_mae=139.377 test_rmse=180.389 tf=0.30 lr=1.52588e-08
Epoch 349/400 train_mse_scaled=0.056887 val_mae=116.507 val_rmse=157.378 test_mae=139.381 test_rmse=180.390 tf=0.30 lr=1.52588e-08
Epoch 350/400 train_mse_scaled=0.057657 val_mae=116.513 val_rmse=157.379 test_mae=139.385 test_rmse=180.391 tf=0.30 lr=1.52588e-08
Epoch 351/400 train_mse_scaled=0.058754 val_mae=116.522 val_rmse=157.381 test_mae=139.390 test_rmse=180.391 tf=0.30 lr=1.52588e-08
Epoch 352/400 train_mse_scaled=0.058660 val_mae=116.528 val_rmse=157.380 test_mae=139.396 test_rmse=180.392 tf=0.29 lr=1.52588e-08
Epoch 353/400 train_mse_scaled=0.056988 val_mae=116.530 val_rmse=157.379 test_mae=139.398 test_rmse=180.391 tf=0.29 lr=1.52588e-08
Epoch 354/400 train_mse_scaled=0.057674 val_mae=116.536 val_rmse=157.378 test_mae=139.402 test_rmse=180.390 tf=0.29 lr=1.52588e-08
Epoch 355/400 train_mse_scaled=0.059510 val_mae=116.541 val_rmse=157.376 test_mae=139.406 test_rmse=180.389 tf=0.29 lr=1.52588e-08
Epoch 356/400 train_mse_scaled=0.059101 val_mae=116.546 val_rmse=157.371 test_mae=139.411 test_rmse=180.387 tf=0.29 lr=1.52588e-08
Epoch 357/400 train_mse_scaled=0.057869 val_mae=116.552 val_rmse=157.374 test_mae=139.415 test_rmse=180.390 tf=0.28 lr=1.52588e-08
Epoch 358/400 train_mse_scaled=0.058509 val_mae=116.554 val_rmse=157.370 test_mae=139.417 test_rmse=180.387 tf=0.28 lr=1.52588e-08
Epoch 359/400 train_mse_scaled=0.059040 val_mae=116.561 val_rmse=157.372 test_mae=139.422 test_rmse=180.388 tf=0.28 lr=1.52588e-08
Epoch 360/400 train_mse_scaled=0.057589 val_mae=116.566 val_rmse=157.371 test_mae=139.426 test_rmse=180.388 tf=0.28 lr=1.52588e-08
Epoch 361/400 train_mse_scaled=0.061792 val_mae=116.576 val_rmse=157.371 test_mae=139.434 test_rmse=180.388 tf=0.28 lr=1.52588e-08
Epoch 362/400 train_mse_scaled=0.060844 val_mae=116.582 val_rmse=157.366 test_mae=139.439 test_rmse=180.386 tf=0.27 lr=1.52588e-08
Epoch 363/400 train_mse_scaled=0.057406 val_mae=116.586 val_rmse=157.364 test_mae=139.444 test_rmse=180.386 tf=0.27 lr=1.52588e-08
Epoch 364/400 train_mse_scaled=0.058545 val_mae=116.587 val_rmse=157.362 test_mae=139.443 test_rmse=180.383 tf=0.27 lr=1.52588e-08
Epoch 365/400 train_mse_scaled=0.060051 val_mae=116.595 val_rmse=157.364 test_mae=139.450 test_rmse=180.385 tf=0.27 lr=1.52588e-08
Epoch 366/400 train_mse_scaled=0.059115 val_mae=116.598 val_rmse=157.366 test_mae=139.451 test_rmse=180.386 tf=0.27 lr=1.52588e-08
Epoch 367/400 train_mse_scaled=0.061540 val_mae=116.607 val_rmse=157.367 test_mae=139.460 test_rmse=180.390 tf=0.26 lr=1.52588e-08
Epoch 368/400 train_mse_scaled=0.059718 val_mae=116.611 val_rmse=157.365 test_mae=139.462 test_rmse=180.388 tf=0.26 lr=1.52588e-08
Epoch 369/400 train_mse_scaled=0.060875 val_mae=116.619 val_rmse=157.367 test_mae=139.468 test_rmse=180.390 tf=0.26 lr=1.52588e-08
Epoch 370/400 train_mse_scaled=0.061701 val_mae=116.626 val_rmse=157.366 test_mae=139.475 test_rmse=180.391 tf=0.26 lr=1.52588e-08
Epoch 371/400 train_mse_scaled=0.061098 val_mae=116.632 val_rmse=157.366 test_mae=139.483 test_rmse=180.394 tf=0.26 lr=1.52588e-08
Epoch 372/400 train_mse_scaled=0.064171 val_mae=116.642 val_rmse=157.368 test_mae=139.492 test_rmse=180.398 tf=0.25 lr=1.52588e-08
Epoch 373/400 train_mse_scaled=0.059988 val_mae=116.644 val_rmse=157.366 test_mae=139.492 test_rmse=180.394 tf=0.25 lr=1.52588e-08
Epoch 374/400 train_mse_scaled=0.064457 val_mae=116.655 val_rmse=157.367 test_mae=139.503 test_rmse=180.398 tf=0.25 lr=1.52588e-08
Epoch 375/400 train_mse_scaled=0.061924 val_mae=116.661 val_rmse=157.367 test_mae=139.506 test_rmse=180.396 tf=0.25 lr=1.52588e-08
Epoch 376/400 train_mse_scaled=0.065494 val_mae=116.669 val_rmse=157.368 test_mae=139.513 test_rmse=180.398 tf=0.25 lr=1.52588e-08
Epoch 377/400 train_mse_scaled=0.061914 val_mae=116.665 val_rmse=157.361 test_mae=139.503 test_rmse=180.386 tf=0.24 lr=1.52588e-08
Epoch 378/400 train_mse_scaled=0.062340 val_mae=116.673 val_rmse=157.362 test_mae=139.510 test_rmse=180.388 tf=0.24 lr=1.52588e-08
Epoch 379/400 train_mse_scaled=0.065810 val_mae=116.681 val_rmse=157.358 test_mae=139.516 test_rmse=180.387 tf=0.24 lr=1.52588e-08
Epoch 380/400 train_mse_scaled=0.061538 val_mae=116.685 val_rmse=157.358 test_mae=139.516 test_rmse=180.383 tf=0.24 lr=1.52588e-08
Epoch 381/400 train_mse_scaled=0.062990 val_mae=116.691 val_rmse=157.356 test_mae=139.520 test_rmse=180.382 tf=0.24 lr=1.52588e-08
Epoch 382/400 train_mse_scaled=0.062656 val_mae=116.694 val_rmse=157.352 test_mae=139.522 test_rmse=180.379 tf=0.23 lr=1.52588e-08
Epoch 383/400 train_mse_scaled=0.064168 val_mae=116.696 val_rmse=157.350 test_mae=139.522 test_rmse=180.375 tf=0.23 lr=1.52588e-08
Epoch 384/400 train_mse_scaled=0.062396 val_mae=116.701 val_rmse=157.350 test_mae=139.524 test_rmse=180.373 tf=0.23 lr=1.52588e-08
Epoch 385/400 train_mse_scaled=0.065339 val_mae=116.707 val_rmse=157.349 test_mae=139.529 test_rmse=180.374 tf=0.23 lr=1.52588e-08
Epoch 386/400 train_mse_scaled=0.063615 val_mae=116.714 val_rmse=157.351 test_mae=139.534 test_rmse=180.375 tf=0.23 lr=1.52588e-08
Epoch 387/400 train_mse_scaled=0.062045 val_mae=116.717 val_rmse=157.349 test_mae=139.534 test_rmse=180.372 tf=0.22 lr=1.52588e-08
Epoch 388/400 train_mse_scaled=0.063797 val_mae=116.720 val_rmse=157.344 test_mae=139.539 test_rmse=180.371 tf=0.22 lr=1.52588e-08
Epoch 389/400 train_mse_scaled=0.065180 val_mae=116.727 val_rmse=157.347 test_mae=139.545 test_rmse=180.374 tf=0.22 lr=1.52588e-08
Epoch 390/400 train_mse_scaled=0.065873 val_mae=116.733 val_rmse=157.342 test_mae=139.548 test_rmse=180.371 tf=0.22 lr=1.52588e-08
Epoch 391/400 train_mse_scaled=0.064505 val_mae=116.736 val_rmse=157.341 test_mae=139.549 test_rmse=180.368 tf=0.22 lr=1.52588e-08
Epoch 392/400 train_mse_scaled=0.067237 val_mae=116.743 val_rmse=157.339 test_mae=139.555 test_rmse=180.367 tf=0.21 lr=1.52588e-08
Epoch 393/400 train_mse_scaled=0.064799 val_mae=116.749 val_rmse=157.340 test_mae=139.557 test_rmse=180.366 tf=0.21 lr=1.52588e-08
Epoch 394/400 train_mse_scaled=0.066342 val_mae=116.754 val_rmse=157.339 test_mae=139.562 test_rmse=180.368 tf=0.21 lr=1.52588e-08
Epoch 395/400 train_mse_scaled=0.062687 val_mae=116.758 val_rmse=157.337 test_mae=139.564 test_rmse=180.365 tf=0.21 lr=1.52588e-08
Epoch 396/400 train_mse_scaled=0.064711 val_mae=116.761 val_rmse=157.335 test_mae=139.566 test_rmse=180.364 tf=0.21 lr=1.52588e-08
Epoch 397/400 train_mse_scaled=0.065927 val_mae=116.766 val_rmse=157.335 test_mae=139.569 test_rmse=180.363 tf=0.20 lr=1.52588e-08
Epoch 398/400 train_mse_scaled=0.065682 val_mae=116.774 val_rmse=157.333 test_mae=139.577 test_rmse=180.365 tf=0.20 lr=1.52588e-08
Epoch 399/400 train_mse_scaled=0.063492 val_mae=116.775 val_rmse=157.329 test_mae=139.576 test_rmse=180.359 tf=0.20 lr=1.52588e-08
Epoch 400/400 train_mse_scaled=0.064379 val_mae=116.779 val_rmse=157.328 test_mae=139.577 test_rmse=180.357 tf=0.20 lr=1.52588e-08
Training complete. Best checkpoint at: v2/results/checkpoints/seq2seq/best.pth
