Cleaned data: 787920 -> 609679 rows. Saved: v2/results/cleaned.csv
Samples -> train: 10331, val: 1295, test: 1357

Train samples (show 5):
  [0] TurbID=1, start_idx=346, hist=(2020-01-18 23:00:00~2020-01-19 22:00:00), pred=(2020-01-19 23:00:00~2020-01-20 22:00:00)
  [1] TurbID=1, start_idx=3803, hist=(2020-07-22 20:00:00~2020-07-23 19:00:00), pred=(2020-07-23 20:00:00~2020-07-24 19:00:00)
  [2] TurbID=1, start_idx=3763, hist=(2020-07-21 04:00:00~2020-07-22 03:00:00), pred=(2020-07-22 04:00:00~2020-07-23 03:00:00)
  [3] TurbID=1, start_idx=3035, hist=(2020-06-04 15:00:00~2020-06-05 14:00:00), pred=(2020-06-05 15:00:00~2020-06-06 14:00:00)
  [4] TurbID=1, start_idx=3994, hist=(2020-08-02 07:00:00~2020-08-03 06:00:00), pred=(2020-08-03 07:00:00~2020-08-04 06:00:00)

Val samples (show 5):
  [0] TurbID=1, start_idx=3793, hist=(2020-07-22 10:00:00~2020-07-23 09:00:00), pred=(2020-07-23 10:00:00~2020-07-24 09:00:00)
  [1] TurbID=1, start_idx=336, hist=(2020-01-18 13:00:00~2020-01-19 12:00:00), pred=(2020-01-19 13:00:00~2020-01-20 12:00:00)
  [2] TurbID=1, start_idx=3823, hist=(2020-07-23 16:00:00~2020-07-24 15:00:00), pred=(2020-07-24 16:00:00~2020-07-25 15:00:00)
  [3] TurbID=1, start_idx=296, hist=(2020-01-16 21:00:00~2020-01-17 20:00:00), pred=(2020-01-17 21:00:00~2020-01-18 20:00:00)
  [4] TurbID=1, start_idx=1829, hist=(2020-04-03 17:00:00~2020-04-04 16:00:00), pred=(2020-04-04 17:00:00~2020-04-05 16:00:00)

Test samples (show 5):
  [0] TurbID=1, start_idx=44, hist=(2020-01-02 22:00:00~2020-01-03 21:00:00), pred=(2020-01-03 22:00:00~2020-01-04 21:00:00)
  [1] TurbID=1, start_idx=3045, hist=(2020-06-05 01:00:00~2020-06-06 00:00:00), pred=(2020-06-06 01:00:00~2020-06-07 00:00:00)
  [2] TurbID=1, start_idx=3969, hist=(2020-08-01 06:00:00~2020-08-02 05:00:00), pred=(2020-08-02 06:00:00~2020-08-03 05:00:00)
  [3] TurbID=1, start_idx=4014, hist=(2020-08-03 03:00:00~2020-08-04 02:00:00), pred=(2020-08-04 03:00:00~2020-08-05 02:00:00)
  [4] TurbID=1, start_idx=1497, hist=(2020-03-18 14:00:00~2020-03-19 13:00:00), pred=(2020-03-19 14:00:00~2020-03-20 13:00:00)
Epoch 1/400 train_mse_scaled=0.485515 val_mae=230.763 val_rmse=295.733 test_mae=229.512 test_rmse=294.246 tf=1.00lr=0.001
Epoch 2/400 train_mse_scaled=0.111842 val_mae=218.525 val_rmse=287.529 test_mae=222.048 test_rmse=292.048 tf=1.00lr=0.001
Epoch 3/400 train_mse_scaled=0.071688 val_mae=220.761 val_rmse=293.082 test_mae=219.940 test_rmse=292.748 tf=1.00lr=0.001
Epoch 4/400 train_mse_scaled=0.066580 val_mae=215.144 val_rmse=288.326 test_mae=215.460 test_rmse=289.078 tf=0.99lr=0.001
Epoch 5/400 train_mse_scaled=0.063281 val_mae=211.923 val_rmse=281.557 test_mae=212.068 test_rmse=282.194 tf=0.99lr=0.001
Epoch 6/400 train_mse_scaled=0.062613 val_mae=209.475 val_rmse=285.008 test_mae=209.299 test_rmse=285.578 tf=0.99lr=0.001
Epoch 7/400 train_mse_scaled=0.061359 val_mae=206.323 val_rmse=277.767 test_mae=207.996 test_rmse=281.420 tf=0.99lr=0.001
Epoch 8/400 train_mse_scaled=0.060878 val_mae=206.074 val_rmse=281.254 test_mae=205.877 test_rmse=282.906 tf=0.99lr=0.001
Epoch 9/400 train_mse_scaled=0.057450 val_mae=208.803 val_rmse=285.500 test_mae=208.637 test_rmse=287.493 tf=0.98lr=0.001
Epoch 10/400 train_mse_scaled=0.059280 val_mae=205.135 val_rmse=281.614 test_mae=204.598 test_rmse=283.022 tf=0.98lr=0.001
Epoch 11/400 train_mse_scaled=0.056337 val_mae=203.610 val_rmse=281.396 test_mae=203.466 test_rmse=282.457 tf=0.98lr=0.001
Epoch 12/400 train_mse_scaled=0.056876 val_mae=202.124 val_rmse=276.427 test_mae=202.849 test_rmse=280.986 tf=0.98lr=0.0005
Epoch 13/400 train_mse_scaled=0.056728 val_mae=197.482 val_rmse=270.776 test_mae=197.043 test_rmse=272.715 tf=0.98lr=0.0005
Epoch 14/400 train_mse_scaled=0.056067 val_mae=203.293 val_rmse=281.100 test_mae=203.782 test_rmse=283.770 tf=0.97lr=0.0005
Epoch 15/400 train_mse_scaled=0.055716 val_mae=201.856 val_rmse=279.622 test_mae=201.875 test_rmse=281.687 tf=0.97lr=0.0005
Epoch 16/400 train_mse_scaled=0.055352 val_mae=199.307 val_rmse=272.891 test_mae=199.277 test_rmse=274.708 tf=0.97lr=0.0005
Epoch 17/400 train_mse_scaled=0.053235 val_mae=205.655 val_rmse=280.784 test_mae=203.681 test_rmse=280.345 tf=0.97lr=0.0005
Epoch 18/400 train_mse_scaled=0.054138 val_mae=200.405 val_rmse=273.611 test_mae=199.863 test_rmse=274.736 tf=0.97lr=0.00025
Epoch 19/400 train_mse_scaled=0.053893 val_mae=201.108 val_rmse=278.039 test_mae=200.185 test_rmse=278.893 tf=0.96lr=0.00025
Epoch 20/400 train_mse_scaled=0.054868 val_mae=200.941 val_rmse=278.634 test_mae=199.897 test_rmse=278.952 tf=0.96lr=0.00025
Epoch 21/400 train_mse_scaled=0.055224 val_mae=201.763 val_rmse=280.263 test_mae=200.328 test_rmse=279.819 tf=0.96lr=0.00025
Epoch 22/400 train_mse_scaled=0.051858 val_mae=198.391 val_rmse=274.095 test_mae=196.127 test_rmse=272.516 tf=0.96lr=0.000125
Epoch 23/400 train_mse_scaled=0.054216 val_mae=200.165 val_rmse=277.277 test_mae=198.929 test_rmse=276.760 tf=0.96lr=0.000125
Epoch 24/400 train_mse_scaled=0.055938 val_mae=196.560 val_rmse=271.191 test_mae=195.311 test_rmse=271.070 tf=0.95lr=0.000125
Epoch 25/400 train_mse_scaled=0.054385 val_mae=196.175 val_rmse=270.200 test_mae=194.747 test_rmse=269.745 tf=0.95lr=0.000125
Epoch 26/400 train_mse_scaled=0.054737 val_mae=193.561 val_rmse=264.369 test_mae=191.860 test_rmse=263.586 tf=0.95lr=0.000125
Epoch 27/400 train_mse_scaled=0.053895 val_mae=193.769 val_rmse=265.990 test_mae=192.273 test_rmse=265.471 tf=0.95lr=0.000125
Epoch 28/400 train_mse_scaled=0.054451 val_mae=194.014 val_rmse=271.250 test_mae=192.961 test_rmse=270.727 tf=0.95lr=0.000125
Epoch 29/400 train_mse_scaled=0.050351 val_mae=198.753 val_rmse=276.001 test_mae=197.736 test_rmse=275.773 tf=0.94lr=0.000125
Epoch 30/400 train_mse_scaled=0.055992 val_mae=192.459 val_rmse=267.072 test_mae=190.272 test_rmse=265.335 tf=0.94lr=0.000125
Epoch 31/400 train_mse_scaled=0.053866 val_mae=195.875 val_rmse=273.607 test_mae=194.479 test_rmse=272.522 tf=0.94lr=6.25e-05
Epoch 32/400 train_mse_scaled=0.055302 val_mae=192.822 val_rmse=268.792 test_mae=191.839 test_rmse=268.361 tf=0.94lr=6.25e-05
Epoch 33/400 train_mse_scaled=0.053015 val_mae=193.086 val_rmse=269.990 test_mae=192.014 test_rmse=269.418 tf=0.94lr=6.25e-05
Epoch 34/400 train_mse_scaled=0.055127 val_mae=192.594 val_rmse=266.664 test_mae=191.421 test_rmse=266.116 tf=0.93lr=6.25e-05
Epoch 35/400 train_mse_scaled=0.054603 val_mae=193.270 val_rmse=269.061 test_mae=191.818 test_rmse=268.054 tf=0.93lr=3.125e-05
Epoch 36/400 train_mse_scaled=0.055627 val_mae=190.096 val_rmse=264.053 test_mae=188.878 test_rmse=263.112 tf=0.93lr=3.125e-05
Epoch 37/400 train_mse_scaled=0.056207 val_mae=190.685 val_rmse=264.843 test_mae=189.365 test_rmse=263.671 tf=0.93lr=3.125e-05
Epoch 38/400 train_mse_scaled=0.055720 val_mae=191.359 val_rmse=266.721 test_mae=190.041 test_rmse=265.508 tf=0.93lr=3.125e-05
Epoch 39/400 train_mse_scaled=0.054025 val_mae=190.833 val_rmse=264.672 test_mae=189.826 test_rmse=264.086 tf=0.92lr=3.125e-05
Epoch 40/400 train_mse_scaled=0.057130 val_mae=190.263 val_rmse=265.412 test_mae=189.451 test_rmse=264.631 tf=0.92lr=3.125e-05
Epoch 41/400 train_mse_scaled=0.055933 val_mae=188.262 val_rmse=261.974 test_mae=187.061 test_rmse=261.027 tf=0.92lr=1.5625e-05
Epoch 42/400 train_mse_scaled=0.054672 val_mae=191.512 val_rmse=267.309 test_mae=190.481 test_rmse=266.481 tf=0.92lr=1.5625e-05
Epoch 43/400 train_mse_scaled=0.054887 val_mae=189.830 val_rmse=263.997 test_mae=188.970 test_rmse=263.355 tf=0.92lr=1.5625e-05
Epoch 44/400 train_mse_scaled=0.057808 val_mae=188.784 val_rmse=262.566 test_mae=187.894 test_rmse=261.986 tf=0.91lr=1.5625e-05
Epoch 45/400 train_mse_scaled=0.057770 val_mae=187.921 val_rmse=260.815 test_mae=186.825 test_rmse=260.008 tf=0.91lr=1.5625e-05
Epoch 46/400 train_mse_scaled=0.057473 val_mae=188.623 val_rmse=262.286 test_mae=187.834 test_rmse=261.697 tf=0.91lr=1.5625e-05
Epoch 47/400 train_mse_scaled=0.057778 val_mae=186.930 val_rmse=259.157 test_mae=185.966 test_rmse=258.470 tf=0.91lr=1.5625e-05
Epoch 48/400 train_mse_scaled=0.057116 val_mae=186.078 val_rmse=258.066 test_mae=184.927 test_rmse=257.304 tf=0.91lr=1.5625e-05
Epoch 49/400 train_mse_scaled=0.054924 val_mae=187.553 val_rmse=260.947 test_mae=186.588 test_rmse=260.344 tf=0.90lr=1.5625e-05
Epoch 50/400 train_mse_scaled=0.057847 val_mae=187.191 val_rmse=260.175 test_mae=186.396 test_rmse=259.730 tf=0.90lr=1.5625e-05
Epoch 51/400 train_mse_scaled=0.058241 val_mae=186.238 val_rmse=258.734 test_mae=185.515 test_rmse=258.361 tf=0.90lr=1.5625e-05
Epoch 52/400 train_mse_scaled=0.056390 val_mae=187.196 val_rmse=260.500 test_mae=186.352 test_rmse=259.857 tf=0.90lr=1.5625e-05
Epoch 53/400 train_mse_scaled=0.061085 val_mae=186.044 val_rmse=258.279 test_mae=185.212 test_rmse=257.707 tf=0.90lr=7.8125e-06
Epoch 54/400 train_mse_scaled=0.060212 val_mae=184.562 val_rmse=256.172 test_mae=183.614 test_rmse=255.567 tf=0.89lr=7.8125e-06
Epoch 55/400 train_mse_scaled=0.056384 val_mae=185.520 val_rmse=258.003 test_mae=184.374 test_rmse=257.153 tf=0.89lr=7.8125e-06
Epoch 56/400 train_mse_scaled=0.059693 val_mae=184.296 val_rmse=255.141 test_mae=183.451 test_rmse=254.633 tf=0.89lr=7.8125e-06
Epoch 57/400 train_mse_scaled=0.062357 val_mae=183.491 val_rmse=254.494 test_mae=182.699 test_rmse=254.050 tf=0.89lr=7.8125e-06
Epoch 58/400 train_mse_scaled=0.060006 val_mae=183.745 val_rmse=255.013 test_mae=182.920 test_rmse=254.470 tf=0.89lr=7.8125e-06
Epoch 59/400 train_mse_scaled=0.062499 val_mae=183.044 val_rmse=253.638 test_mae=182.250 test_rmse=253.187 tf=0.88lr=7.8125e-06
Epoch 60/400 train_mse_scaled=0.061115 val_mae=182.600 val_rmse=252.820 test_mae=181.777 test_rmse=252.424 tf=0.88lr=7.8125e-06
Epoch 61/400 train_mse_scaled=0.059023 val_mae=182.388 val_rmse=252.496 test_mae=181.466 test_rmse=252.072 tf=0.88lr=7.8125e-06
Epoch 62/400 train_mse_scaled=0.059698 val_mae=183.444 val_rmse=254.976 test_mae=182.806 test_rmse=254.714 tf=0.88lr=7.8125e-06
Epoch 63/400 train_mse_scaled=0.061092 val_mae=182.620 val_rmse=253.315 test_mae=181.907 test_rmse=252.994 tf=0.88lr=7.8125e-06
Epoch 64/400 train_mse_scaled=0.061921 val_mae=181.660 val_rmse=251.771 test_mae=180.842 test_rmse=251.435 tf=0.87lr=7.8125e-06
Epoch 65/400 train_mse_scaled=0.063363 val_mae=181.159 val_rmse=250.467 test_mae=180.474 test_rmse=250.230 tf=0.87lr=7.8125e-06
Epoch 66/400 train_mse_scaled=0.061187 val_mae=180.653 val_rmse=250.432 test_mae=179.892 test_rmse=250.102 tf=0.87lr=7.8125e-06
Epoch 67/400 train_mse_scaled=0.064359 val_mae=180.001 val_rmse=249.194 test_mae=179.213 test_rmse=248.864 tf=0.87lr=7.8125e-06
Epoch 68/400 train_mse_scaled=0.065998 val_mae=178.674 val_rmse=247.661 test_mae=178.030 test_rmse=247.537 tf=0.87lr=7.8125e-06
Epoch 69/400 train_mse_scaled=0.064991 val_mae=178.718 val_rmse=247.878 test_mae=178.172 test_rmse=247.849 tf=0.86lr=7.8125e-06
Epoch 70/400 train_mse_scaled=0.061995 val_mae=179.414 val_rmse=249.322 test_mae=178.797 test_rmse=249.152 tf=0.86lr=7.8125e-06
Epoch 71/400 train_mse_scaled=0.065840 val_mae=178.057 val_rmse=245.876 test_mae=177.443 test_rmse=245.865 tf=0.86lr=7.8125e-06
Epoch 72/400 train_mse_scaled=0.068543 val_mae=177.195 val_rmse=245.293 test_mae=176.783 test_rmse=245.490 tf=0.86lr=7.8125e-06
Epoch 73/400 train_mse_scaled=0.068456 val_mae=176.770 val_rmse=244.871 test_mae=176.335 test_rmse=245.065 tf=0.86lr=7.8125e-06
Epoch 74/400 train_mse_scaled=0.067635 val_mae=176.481 val_rmse=244.357 test_mae=176.125 test_rmse=244.624 tf=0.85lr=7.8125e-06
Epoch 75/400 train_mse_scaled=0.065582 val_mae=175.430 val_rmse=242.441 test_mae=174.870 test_rmse=242.643 tf=0.85lr=7.8125e-06
Epoch 76/400 train_mse_scaled=0.065475 val_mae=175.792 val_rmse=243.308 test_mae=175.311 test_rmse=243.555 tf=0.85lr=7.8125e-06
Epoch 77/400 train_mse_scaled=0.066378 val_mae=176.534 val_rmse=245.080 test_mae=176.037 test_rmse=245.200 tf=0.85lr=7.8125e-06
Epoch 78/400 train_mse_scaled=0.066711 val_mae=175.815 val_rmse=243.940 test_mae=175.353 test_rmse=244.032 tf=0.85lr=7.8125e-06
Epoch 79/400 train_mse_scaled=0.063110 val_mae=175.514 val_rmse=242.653 test_mae=174.956 test_rmse=242.819 tf=0.84lr=7.8125e-06
Epoch 80/400 train_mse_scaled=0.064144 val_mae=175.997 val_rmse=243.526 test_mae=175.576 test_rmse=243.722 tf=0.84lr=3.90625e-06
Epoch 81/400 train_mse_scaled=0.064043 val_mae=176.089 val_rmse=244.377 test_mae=175.660 test_rmse=244.544 tf=0.84lr=3.90625e-06
Epoch 82/400 train_mse_scaled=0.070797 val_mae=175.329 val_rmse=242.928 test_mae=175.000 test_rmse=243.232 tf=0.84lr=3.90625e-06
Epoch 83/400 train_mse_scaled=0.067792 val_mae=174.583 val_rmse=241.965 test_mae=174.110 test_rmse=242.163 tf=0.84lr=3.90625e-06
Epoch 84/400 train_mse_scaled=0.065425 val_mae=174.789 val_rmse=242.319 test_mae=174.387 test_rmse=242.571 tf=0.83lr=3.90625e-06
Epoch 85/400 train_mse_scaled=0.070172 val_mae=174.174 val_rmse=240.978 test_mae=173.875 test_rmse=241.398 tf=0.83lr=3.90625e-06
Epoch 86/400 train_mse_scaled=0.073423 val_mae=172.634 val_rmse=238.746 test_mae=172.237 test_rmse=239.175 tf=0.83lr=3.90625e-06
Epoch 87/400 train_mse_scaled=0.066171 val_mae=173.470 val_rmse=240.208 test_mae=173.159 test_rmse=240.664 tf=0.83lr=3.90625e-06
Epoch 88/400 train_mse_scaled=0.070751 val_mae=173.246 val_rmse=240.142 test_mae=172.930 test_rmse=240.577 tf=0.83lr=3.90625e-06
Epoch 89/400 train_mse_scaled=0.065740 val_mae=173.015 val_rmse=239.352 test_mae=172.561 test_rmse=239.691 tf=0.82lr=3.90625e-06
Epoch 90/400 train_mse_scaled=0.071261 val_mae=172.554 val_rmse=238.182 test_mae=172.222 test_rmse=238.671 tf=0.82lr=3.90625e-06
Epoch 91/400 train_mse_scaled=0.071212 val_mae=172.765 val_rmse=238.953 test_mae=172.507 test_rmse=239.448 tf=0.82lr=3.90625e-06
Epoch 92/400 train_mse_scaled=0.072758 val_mae=172.026 val_rmse=237.870 test_mae=171.731 test_rmse=238.405 tf=0.82lr=3.90625e-06
Epoch 93/400 train_mse_scaled=0.074162 val_mae=171.568 val_rmse=237.009 test_mae=171.319 test_rmse=237.626 tf=0.82lr=3.90625e-06
Epoch 94/400 train_mse_scaled=0.071453 val_mae=170.942 val_rmse=236.400 test_mae=170.698 test_rmse=237.065 tf=0.81lr=3.90625e-06
Epoch 95/400 train_mse_scaled=0.074680 val_mae=170.249 val_rmse=235.336 test_mae=169.986 test_rmse=236.093 tf=0.81lr=3.90625e-06
Epoch 96/400 train_mse_scaled=0.072656 val_mae=170.729 val_rmse=236.124 test_mae=170.584 test_rmse=236.859 tf=0.81lr=3.90625e-06
Epoch 97/400 train_mse_scaled=0.070920 val_mae=170.088 val_rmse=234.564 test_mae=169.781 test_rmse=235.238 tf=0.81lr=3.90625e-06
Epoch 98/400 train_mse_scaled=0.069949 val_mae=170.326 val_rmse=235.889 test_mae=170.022 test_rmse=236.492 tf=0.81lr=3.90625e-06
Epoch 99/400 train_mse_scaled=0.075900 val_mae=169.842 val_rmse=234.013 test_mae=169.565 test_rmse=234.773 tf=0.80lr=3.90625e-06
Epoch 100/400 train_mse_scaled=0.074894 val_mae=169.116 val_rmse=233.724 test_mae=168.899 test_rmse=234.507 tf=0.80lr=3.90625e-06
Epoch 101/400 train_mse_scaled=0.073045 val_mae=169.027 val_rmse=233.584 test_mae=168.890 test_rmse=234.445 tf=0.80lr=3.90625e-06
Epoch 102/400 train_mse_scaled=0.075115 val_mae=168.371 val_rmse=232.862 test_mae=168.216 test_rmse=233.752 tf=0.80lr=3.90625e-06
Epoch 103/400 train_mse_scaled=0.068365 val_mae=169.094 val_rmse=234.209 test_mae=168.936 test_rmse=235.024 tf=0.79lr=3.90625e-06
Epoch 104/400 train_mse_scaled=0.076422 val_mae=168.259 val_rmse=232.193 test_mae=168.098 test_rmse=233.129 tf=0.79lr=3.90625e-06
Epoch 105/400 train_mse_scaled=0.072481 val_mae=168.313 val_rmse=232.932 test_mae=168.099 test_rmse=233.758 tf=0.79lr=3.90625e-06
Epoch 106/400 train_mse_scaled=0.077671 val_mae=167.816 val_rmse=231.306 test_mae=167.675 test_rmse=232.301 tf=0.79lr=3.90625e-06
Epoch 107/400 train_mse_scaled=0.072603 val_mae=167.677 val_rmse=231.612 test_mae=167.627 test_rmse=232.633 tf=0.79lr=3.90625e-06
Epoch 108/400 train_mse_scaled=0.075692 val_mae=167.394 val_rmse=231.589 test_mae=167.288 test_rmse=232.568 tf=0.78lr=3.90625e-06
Epoch 109/400 train_mse_scaled=0.076964 val_mae=166.873 val_rmse=230.499 test_mae=166.712 test_rmse=231.498 tf=0.78lr=3.90625e-06
Epoch 110/400 train_mse_scaled=0.077244 val_mae=166.831 val_rmse=230.212 test_mae=166.784 test_rmse=231.310 tf=0.78lr=3.90625e-06
Epoch 111/400 train_mse_scaled=0.080289 val_mae=166.365 val_rmse=230.006 test_mae=166.398 test_rmse=231.144 tf=0.78lr=3.90625e-06
Epoch 112/400 train_mse_scaled=0.076800 val_mae=166.054 val_rmse=229.604 test_mae=166.047 test_rmse=230.731 tf=0.78lr=3.90625e-06
Epoch 113/400 train_mse_scaled=0.081570 val_mae=165.085 val_rmse=227.890 test_mae=165.081 test_rmse=229.145 tf=0.77lr=3.90625e-06
Epoch 114/400 train_mse_scaled=0.074443 val_mae=164.908 val_rmse=227.822 test_mae=164.836 test_rmse=229.015 tf=0.77lr=3.90625e-06
Epoch 115/400 train_mse_scaled=0.076835 val_mae=165.072 val_rmse=228.357 test_mae=165.015 test_rmse=229.474 tf=0.77lr=3.90625e-06
Epoch 116/400 train_mse_scaled=0.078352 val_mae=165.116 val_rmse=228.014 test_mae=165.084 test_rmse=229.217 tf=0.77lr=3.90625e-06
Epoch 117/400 train_mse_scaled=0.078861 val_mae=164.940 val_rmse=227.663 test_mae=164.924 test_rmse=228.908 tf=0.77lr=3.90625e-06
Epoch 118/400 train_mse_scaled=0.078856 val_mae=164.408 val_rmse=227.427 test_mae=164.428 test_rmse=228.692 tf=0.76lr=3.90625e-06
Epoch 119/400 train_mse_scaled=0.079629 val_mae=164.155 val_rmse=226.145 test_mae=164.246 test_rmse=227.498 tf=0.76lr=3.90625e-06
Epoch 120/400 train_mse_scaled=0.077739 val_mae=163.856 val_rmse=226.142 test_mae=163.878 test_rmse=227.431 tf=0.76lr=3.90625e-06
Epoch 121/400 train_mse_scaled=0.077618 val_mae=163.726 val_rmse=226.822 test_mae=163.806 test_rmse=228.074 tf=0.76lr=3.90625e-06
Epoch 122/400 train_mse_scaled=0.083038 val_mae=163.370 val_rmse=225.621 test_mae=163.403 test_rmse=226.925 tf=0.76lr=3.90625e-06
Epoch 123/400 train_mse_scaled=0.079482 val_mae=163.242 val_rmse=225.477 test_mae=163.364 test_rmse=226.847 tf=0.75lr=3.90625e-06
Epoch 124/400 train_mse_scaled=0.080260 val_mae=162.808 val_rmse=224.859 test_mae=162.858 test_rmse=226.224 tf=0.75lr=3.90625e-06
Epoch 125/400 train_mse_scaled=0.080152 val_mae=162.688 val_rmse=224.783 test_mae=162.682 test_rmse=226.110 tf=0.75lr=3.90625e-06
Epoch 126/400 train_mse_scaled=0.081269 val_mae=162.131 val_rmse=223.952 test_mae=162.106 test_rmse=225.367 tf=0.75lr=3.90625e-06
Epoch 127/400 train_mse_scaled=0.080914 val_mae=162.269 val_rmse=224.067 test_mae=162.410 test_rmse=225.602 tf=0.75lr=3.90625e-06
Epoch 128/400 train_mse_scaled=0.080603 val_mae=161.920 val_rmse=223.520 test_mae=162.132 test_rmse=225.102 tf=0.74lr=3.90625e-06
Epoch 129/400 train_mse_scaled=0.082159 val_mae=161.478 val_rmse=222.882 test_mae=161.598 test_rmse=224.395 tf=0.74lr=3.90625e-06
Epoch 130/400 train_mse_scaled=0.083217 val_mae=160.996 val_rmse=222.256 test_mae=161.113 test_rmse=223.799 tf=0.74lr=3.90625e-06
Epoch 131/400 train_mse_scaled=0.081432 val_mae=160.896 val_rmse=222.149 test_mae=161.037 test_rmse=223.730 tf=0.74lr=3.90625e-06
Epoch 132/400 train_mse_scaled=0.084465 val_mae=160.673 val_rmse=221.826 test_mae=160.777 test_rmse=223.408 tf=0.74lr=3.90625e-06
Epoch 133/400 train_mse_scaled=0.079676 val_mae=160.705 val_rmse=221.908 test_mae=160.831 test_rmse=223.441 tf=0.73lr=3.90625e-06
Epoch 134/400 train_mse_scaled=0.082140 val_mae=160.450 val_rmse=221.693 test_mae=160.647 test_rmse=223.282 tf=0.73lr=3.90625e-06
Epoch 135/400 train_mse_scaled=0.083905 val_mae=159.952 val_rmse=220.806 test_mae=160.032 test_rmse=222.378 tf=0.73lr=3.90625e-06
Epoch 136/400 train_mse_scaled=0.083568 val_mae=160.123 val_rmse=220.819 test_mae=160.342 test_rmse=222.463 tf=0.73lr=3.90625e-06
Epoch 137/400 train_mse_scaled=0.083267 val_mae=160.081 val_rmse=220.946 test_mae=160.422 test_rmse=222.701 tf=0.73lr=3.90625e-06
Epoch 138/400 train_mse_scaled=0.087057 val_mae=159.161 val_rmse=219.640 test_mae=159.455 test_rmse=221.442 tf=0.72lr=3.90625e-06
Epoch 139/400 train_mse_scaled=0.086570 val_mae=158.926 val_rmse=219.623 test_mae=159.206 test_rmse=221.383 tf=0.72lr=3.90625e-06
Epoch 140/400 train_mse_scaled=0.082955 val_mae=158.776 val_rmse=219.138 test_mae=159.009 test_rmse=220.917 tf=0.72lr=3.90625e-06
Epoch 141/400 train_mse_scaled=0.083719 val_mae=158.708 val_rmse=219.121 test_mae=159.010 test_rmse=220.912 tf=0.72lr=3.90625e-06
Epoch 142/400 train_mse_scaled=0.087535 val_mae=158.404 val_rmse=218.479 test_mae=158.646 test_rmse=220.266 tf=0.72lr=3.90625e-06
Epoch 143/400 train_mse_scaled=0.083651 val_mae=158.218 val_rmse=218.736 test_mae=158.463 test_rmse=220.484 tf=0.71lr=3.90625e-06
Epoch 144/400 train_mse_scaled=0.084379 val_mae=158.278 val_rmse=218.612 test_mae=158.519 test_rmse=220.331 tf=0.71lr=3.90625e-06
Epoch 145/400 train_mse_scaled=0.083779 val_mae=158.090 val_rmse=218.599 test_mae=158.370 test_rmse=220.345 tf=0.71lr=3.90625e-06
Epoch 146/400 train_mse_scaled=0.086292 val_mae=157.686 val_rmse=217.530 test_mae=157.827 test_rmse=219.228 tf=0.71lr=3.90625e-06
Epoch 147/400 train_mse_scaled=0.089631 val_mae=157.276 val_rmse=216.629 test_mae=157.554 test_rmse=218.508 tf=0.71lr=3.90625e-06
Epoch 148/400 train_mse_scaled=0.084278 val_mae=157.094 val_rmse=216.982 test_mae=157.279 test_rmse=218.772 tf=0.70lr=3.90625e-06
Epoch 149/400 train_mse_scaled=0.084051 val_mae=157.105 val_rmse=216.859 test_mae=157.360 test_rmse=218.655 tf=0.70lr=3.90625e-06
Epoch 150/400 train_mse_scaled=0.092338 val_mae=156.722 val_rmse=215.792 test_mae=156.955 test_rmse=217.621 tf=0.70lr=3.90625e-06
Epoch 151/400 train_mse_scaled=0.087819 val_mae=156.292 val_rmse=215.775 test_mae=156.500 test_rmse=217.559 tf=0.70lr=3.90625e-06
Epoch 152/400 train_mse_scaled=0.088624 val_mae=156.188 val_rmse=215.661 test_mae=156.389 test_rmse=217.417 tf=0.70lr=3.90625e-06
Epoch 153/400 train_mse_scaled=0.089067 val_mae=155.625 val_rmse=214.538 test_mae=155.748 test_rmse=216.274 tf=0.69lr=3.90625e-06
Epoch 154/400 train_mse_scaled=0.089132 val_mae=155.520 val_rmse=214.616 test_mae=155.770 test_rmse=216.463 tf=0.69lr=3.90625e-06
Epoch 155/400 train_mse_scaled=0.087869 val_mae=155.367 val_rmse=214.642 test_mae=155.644 test_rmse=216.531 tf=0.69lr=3.90625e-06
Epoch 156/400 train_mse_scaled=0.090499 val_mae=155.091 val_rmse=213.889 test_mae=155.278 test_rmse=215.772 tf=0.69lr=3.90625e-06
Epoch 157/400 train_mse_scaled=0.085712 val_mae=154.872 val_rmse=214.129 test_mae=155.126 test_rmse=216.012 tf=0.69lr=3.90625e-06
Epoch 158/400 train_mse_scaled=0.085004 val_mae=155.383 val_rmse=214.303 test_mae=155.591 test_rmse=216.162 tf=0.68lr=3.90625e-06
Epoch 159/400 train_mse_scaled=0.082343 val_mae=155.102 val_rmse=214.392 test_mae=155.314 test_rmse=216.210 tf=0.68lr=3.90625e-06
Epoch 160/400 train_mse_scaled=0.085716 val_mae=154.968 val_rmse=214.008 test_mae=155.216 test_rmse=215.882 tf=0.68lr=3.90625e-06
Epoch 161/400 train_mse_scaled=0.089472 val_mae=154.962 val_rmse=213.775 test_mae=155.263 test_rmse=215.702 tf=0.68lr=1.95313e-06
Epoch 162/400 train_mse_scaled=0.088301 val_mae=154.761 val_rmse=213.722 test_mae=155.086 test_rmse=215.672 tf=0.68lr=1.95313e-06
Epoch 163/400 train_mse_scaled=0.094970 val_mae=154.666 val_rmse=213.048 test_mae=155.000 test_rmse=215.025 tf=0.67lr=1.95313e-06
Epoch 164/400 train_mse_scaled=0.090756 val_mae=154.151 val_rmse=212.762 test_mae=154.457 test_rmse=214.742 tf=0.67lr=1.95313e-06
Epoch 165/400 train_mse_scaled=0.086271 val_mae=154.226 val_rmse=213.072 test_mae=154.565 test_rmse=215.045 tf=0.67lr=1.95313e-06
Epoch 166/400 train_mse_scaled=0.095153 val_mae=154.031 val_rmse=212.568 test_mae=154.359 test_rmse=214.584 tf=0.67lr=1.95313e-06
Epoch 167/400 train_mse_scaled=0.089800 val_mae=153.770 val_rmse=212.518 test_mae=154.077 test_rmse=214.513 tf=0.67lr=1.95313e-06
Epoch 168/400 train_mse_scaled=0.095493 val_mae=153.573 val_rmse=211.996 test_mae=153.915 test_rmse=214.024 tf=0.66lr=1.95313e-06
Epoch 169/400 train_mse_scaled=0.097730 val_mae=153.234 val_rmse=211.305 test_mae=153.581 test_rmse=213.370 tf=0.66lr=1.95313e-06
Epoch 170/400 train_mse_scaled=0.098120 val_mae=152.963 val_rmse=211.181 test_mae=153.337 test_rmse=213.262 tf=0.66lr=1.95313e-06
Epoch 171/400 train_mse_scaled=0.094694 val_mae=152.670 val_rmse=210.803 test_mae=153.021 test_rmse=212.877 tf=0.66lr=1.95313e-06
Epoch 172/400 train_mse_scaled=0.092451 val_mae=152.490 val_rmse=210.576 test_mae=152.785 test_rmse=212.625 tf=0.66lr=1.95313e-06
Epoch 173/400 train_mse_scaled=0.091408 val_mae=152.564 val_rmse=210.739 test_mae=152.937 test_rmse=212.811 tf=0.65lr=1.95313e-06
Epoch 174/400 train_mse_scaled=0.096613 val_mae=152.316 val_rmse=210.105 test_mae=152.594 test_rmse=212.164 tf=0.65lr=1.95313e-06
Epoch 175/400 train_mse_scaled=0.093445 val_mae=152.171 val_rmse=210.234 test_mae=152.518 test_rmse=212.325 tf=0.65lr=1.95313e-06
Epoch 176/400 train_mse_scaled=0.095371 val_mae=152.031 val_rmse=210.020 test_mae=152.391 test_rmse=212.102 tf=0.65lr=1.95313e-06
Epoch 177/400 train_mse_scaled=0.096953 val_mae=151.895 val_rmse=209.812 test_mae=152.244 test_rmse=211.893 tf=0.65lr=1.95313e-06
Epoch 178/400 train_mse_scaled=0.092019 val_mae=151.894 val_rmse=209.901 test_mae=152.248 test_rmse=211.983 tf=0.64lr=1.95313e-06
Epoch 179/400 train_mse_scaled=0.092108 val_mae=151.795 val_rmse=209.712 test_mae=152.114 test_rmse=211.774 tf=0.64lr=1.95313e-06
Epoch 180/400 train_mse_scaled=0.097800 val_mae=151.636 val_rmse=209.357 test_mae=151.977 test_rmse=211.439 tf=0.64lr=1.95313e-06
Epoch 181/400 train_mse_scaled=0.096003 val_mae=151.381 val_rmse=209.123 test_mae=151.704 test_rmse=211.215 tf=0.64lr=1.95313e-06
Epoch 182/400 train_mse_scaled=0.095580 val_mae=151.219 val_rmse=209.025 test_mae=151.554 test_rmse=211.120 tf=0.64lr=1.95313e-06
Epoch 183/400 train_mse_scaled=0.101332 val_mae=151.155 val_rmse=208.587 test_mae=151.513 test_rmse=210.714 tf=0.63lr=1.95313e-06
Epoch 184/400 train_mse_scaled=0.100438 val_mae=151.003 val_rmse=208.346 test_mae=151.397 test_rmse=210.489 tf=0.63lr=1.95313e-06
Epoch 185/400 train_mse_scaled=0.096425 val_mae=150.684 val_rmse=208.188 test_mae=151.023 test_rmse=210.317 tf=0.63lr=1.95313e-06
Epoch 186/400 train_mse_scaled=0.097434 val_mae=150.612 val_rmse=207.859 test_mae=150.879 test_rmse=209.962 tf=0.63lr=1.95313e-06
Epoch 187/400 train_mse_scaled=0.096110 val_mae=150.624 val_rmse=208.021 test_mae=150.928 test_rmse=210.120 tf=0.63lr=1.95313e-06
Epoch 188/400 train_mse_scaled=0.093165 val_mae=150.521 val_rmse=208.061 test_mae=150.839 test_rmse=210.168 tf=0.62lr=1.95313e-06
Epoch 189/400 train_mse_scaled=0.100114 val_mae=150.277 val_rmse=207.554 test_mae=150.608 test_rmse=209.657 tf=0.62lr=1.95313e-06
Epoch 190/400 train_mse_scaled=0.099457 val_mae=150.048 val_rmse=207.388 test_mae=150.377 test_rmse=209.505 tf=0.62lr=1.95313e-06
Epoch 191/400 train_mse_scaled=0.100007 val_mae=149.911 val_rmse=207.137 test_mae=150.236 test_rmse=209.257 tf=0.62lr=1.95313e-06
Epoch 192/400 train_mse_scaled=0.100531 val_mae=149.619 val_rmse=206.818 test_mae=149.946 test_rmse=208.948 tf=0.62lr=1.95313e-06
Epoch 193/400 train_mse_scaled=0.099024 val_mae=149.515 val_rmse=206.633 test_mae=149.820 test_rmse=208.735 tf=0.61lr=1.95313e-06
Epoch 194/400 train_mse_scaled=0.097103 val_mae=149.416 val_rmse=206.387 test_mae=149.694 test_rmse=208.500 tf=0.61lr=1.95313e-06
Epoch 195/400 train_mse_scaled=0.095974 val_mae=149.350 val_rmse=206.529 test_mae=149.648 test_rmse=208.639 tf=0.61lr=1.95313e-06
Epoch 196/400 train_mse_scaled=0.099242 val_mae=149.257 val_rmse=206.376 test_mae=149.594 test_rmse=208.492 tf=0.61lr=1.95313e-06
Epoch 197/400 train_mse_scaled=0.100839 val_mae=149.074 val_rmse=206.073 test_mae=149.355 test_rmse=208.155 tf=0.61lr=1.95313e-06
Epoch 198/400 train_mse_scaled=0.101575 val_mae=148.883 val_rmse=205.838 test_mae=149.146 test_rmse=207.900 tf=0.60lr=1.95313e-06
Epoch 199/400 train_mse_scaled=0.102117 val_mae=148.655 val_rmse=205.480 test_mae=148.917 test_rmse=207.563 tf=0.60lr=1.95313e-06
Epoch 200/400 train_mse_scaled=0.099891 val_mae=148.671 val_rmse=205.652 test_mae=149.027 test_rmse=207.780 tf=0.60lr=1.95313e-06
Epoch 201/400 train_mse_scaled=0.106157 val_mae=148.437 val_rmse=205.230 test_mae=148.754 test_rmse=207.354 tf=0.60lr=1.95313e-06
Epoch 202/400 train_mse_scaled=0.106790 val_mae=148.197 val_rmse=204.731 test_mae=148.553 test_rmse=206.905 tf=0.60lr=1.95313e-06
Epoch 203/400 train_mse_scaled=0.101774 val_mae=148.029 val_rmse=204.972 test_mae=148.432 test_rmse=207.150 tf=0.59lr=1.95313e-06
Epoch 204/400 train_mse_scaled=0.102027 val_mae=147.889 val_rmse=204.588 test_mae=148.213 test_rmse=206.732 tf=0.59lr=1.95313e-06
Epoch 205/400 train_mse_scaled=0.101756 val_mae=147.906 val_rmse=204.423 test_mae=148.236 test_rmse=206.574 tf=0.59lr=1.95313e-06
Epoch 206/400 train_mse_scaled=0.098322 val_mae=147.690 val_rmse=204.475 test_mae=148.000 test_rmse=206.604 tf=0.59lr=1.95313e-06
Epoch 207/400 train_mse_scaled=0.107222 val_mae=147.752 val_rmse=204.182 test_mae=148.117 test_rmse=206.332 tf=0.59lr=1.95313e-06
Epoch 208/400 train_mse_scaled=0.103643 val_mae=147.457 val_rmse=203.953 test_mae=147.837 test_rmse=206.125 tf=0.58lr=1.95313e-06
Epoch 209/400 train_mse_scaled=0.103948 val_mae=147.298 val_rmse=203.782 test_mae=147.644 test_rmse=205.945 tf=0.58lr=1.95313e-06
Epoch 210/400 train_mse_scaled=0.103768 val_mae=147.085 val_rmse=203.627 test_mae=147.411 test_rmse=205.787 tf=0.58lr=1.95313e-06
Epoch 211/400 train_mse_scaled=0.103996 val_mae=147.079 val_rmse=203.409 test_mae=147.397 test_rmse=205.579 tf=0.58lr=1.95313e-06
Epoch 212/400 train_mse_scaled=0.104050 val_mae=147.045 val_rmse=203.226 test_mae=147.415 test_rmse=205.400 tf=0.58lr=1.95313e-06
Epoch 213/400 train_mse_scaled=0.110410 val_mae=146.676 val_rmse=203.028 test_mae=147.075 test_rmse=205.229 tf=0.57lr=1.95313e-06
Epoch 214/400 train_mse_scaled=0.107902 val_mae=146.483 val_rmse=202.533 test_mae=146.833 test_rmse=204.719 tf=0.57lr=1.95313e-06
Epoch 215/400 train_mse_scaled=0.104235 val_mae=146.275 val_rmse=202.517 test_mae=146.632 test_rmse=204.696 tf=0.57lr=1.95313e-06
Epoch 216/400 train_mse_scaled=0.109091 val_mae=146.267 val_rmse=202.414 test_mae=146.688 test_rmse=204.641 tf=0.57lr=1.95313e-06
Epoch 217/400 train_mse_scaled=0.103783 val_mae=146.216 val_rmse=202.193 test_mae=146.631 test_rmse=204.421 tf=0.57lr=1.95313e-06
Epoch 218/400 train_mse_scaled=0.105185 val_mae=145.996 val_rmse=202.120 test_mae=146.382 test_rmse=204.337 tf=0.56lr=1.95313e-06
Epoch 219/400 train_mse_scaled=0.106174 val_mae=145.883 val_rmse=201.916 test_mae=146.231 test_rmse=204.114 tf=0.56lr=1.95313e-06
Epoch 220/400 train_mse_scaled=0.107645 val_mae=145.636 val_rmse=201.603 test_mae=145.975 test_rmse=203.804 tf=0.56lr=1.95313e-06
Epoch 221/400 train_mse_scaled=0.101546 val_mae=145.615 val_rmse=201.626 test_mae=145.956 test_rmse=203.815 tf=0.56lr=1.95313e-06
Epoch 222/400 train_mse_scaled=0.106523 val_mae=145.511 val_rmse=201.413 test_mae=145.840 test_rmse=203.627 tf=0.56lr=1.95313e-06
Epoch 223/400 train_mse_scaled=0.108673 val_mae=145.299 val_rmse=201.207 test_mae=145.658 test_rmse=203.433 tf=0.55lr=1.95313e-06
Epoch 224/400 train_mse_scaled=0.104821 val_mae=145.109 val_rmse=201.202 test_mae=145.489 test_rmse=203.425 tf=0.55lr=1.95313e-06
Epoch 225/400 train_mse_scaled=0.112040 val_mae=145.051 val_rmse=200.599 test_mae=145.392 test_rmse=202.829 tf=0.55lr=1.95313e-06
Epoch 226/400 train_mse_scaled=0.110968 val_mae=144.938 val_rmse=200.510 test_mae=145.357 test_rmse=202.810 tf=0.55lr=1.95313e-06
Epoch 227/400 train_mse_scaled=0.113240 val_mae=144.570 val_rmse=200.326 test_mae=144.979 test_rmse=202.600 tf=0.55lr=1.95313e-06
Epoch 228/400 train_mse_scaled=0.106027 val_mae=144.498 val_rmse=200.272 test_mae=144.874 test_rmse=202.525 tf=0.54lr=1.95313e-06
Epoch 229/400 train_mse_scaled=0.108676 val_mae=144.384 val_rmse=200.137 test_mae=144.782 test_rmse=202.394 tf=0.54lr=1.95313e-06
Epoch 230/400 train_mse_scaled=0.112337 val_mae=144.328 val_rmse=199.822 test_mae=144.702 test_rmse=202.068 tf=0.54lr=1.95313e-06
Epoch 231/400 train_mse_scaled=0.113226 val_mae=144.218 val_rmse=199.561 test_mae=144.595 test_rmse=201.794 tf=0.54lr=1.95313e-06
Epoch 232/400 train_mse_scaled=0.112053 val_mae=143.920 val_rmse=199.343 test_mae=144.282 test_rmse=201.563 tf=0.54lr=1.95313e-06
Epoch 233/400 train_mse_scaled=0.112722 val_mae=143.704 val_rmse=199.039 test_mae=144.065 test_rmse=201.264 tf=0.53lr=1.95313e-06
Epoch 234/400 train_mse_scaled=0.109946 val_mae=143.611 val_rmse=199.019 test_mae=144.010 test_rmse=201.248 tf=0.53lr=1.95313e-06
Epoch 235/400 train_mse_scaled=0.109703 val_mae=143.397 val_rmse=198.936 test_mae=143.779 test_rmse=201.138 tf=0.53lr=1.95313e-06
Epoch 236/400 train_mse_scaled=0.107259 val_mae=143.435 val_rmse=198.962 test_mae=143.844 test_rmse=201.179 tf=0.53lr=1.95313e-06
Epoch 237/400 train_mse_scaled=0.111873 val_mae=143.379 val_rmse=198.697 test_mae=143.723 test_rmse=200.891 tf=0.53lr=1.95313e-06
Epoch 238/400 train_mse_scaled=0.112397 val_mae=143.354 val_rmse=198.435 test_mae=143.736 test_rmse=200.663 tf=0.52lr=1.95313e-06
Epoch 239/400 train_mse_scaled=0.111148 val_mae=142.969 val_rmse=198.308 test_mae=143.314 test_rmse=200.500 tf=0.52lr=1.95313e-06
Epoch 240/400 train_mse_scaled=0.110673 val_mae=143.050 val_rmse=198.248 test_mae=143.434 test_rmse=200.444 tf=0.52lr=1.95313e-06
Epoch 241/400 train_mse_scaled=0.114431 val_mae=142.756 val_rmse=198.057 test_mae=143.081 test_rmse=200.234 tf=0.52lr=1.95313e-06
Epoch 242/400 train_mse_scaled=0.114647 val_mae=142.627 val_rmse=197.777 test_mae=142.963 test_rmse=199.988 tf=0.52lr=1.95313e-06
Epoch 243/400 train_mse_scaled=0.116527 val_mae=142.483 val_rmse=197.480 test_mae=142.875 test_rmse=199.709 tf=0.51lr=1.95313e-06
Epoch 244/400 train_mse_scaled=0.114064 val_mae=142.206 val_rmse=197.304 test_mae=142.577 test_rmse=199.525 tf=0.51lr=1.95313e-06
Epoch 245/400 train_mse_scaled=0.117792 val_mae=141.933 val_rmse=197.106 test_mae=142.286 test_rmse=199.320 tf=0.51lr=1.95313e-06
Epoch 246/400 train_mse_scaled=0.116418 val_mae=141.899 val_rmse=196.812 test_mae=142.265 test_rmse=198.997 tf=0.51lr=1.95313e-06
Epoch 247/400 train_mse_scaled=0.112334 val_mae=141.732 val_rmse=196.848 test_mae=142.094 test_rmse=199.035 tf=0.51lr=1.95313e-06
Epoch 248/400 train_mse_scaled=0.111642 val_mae=141.713 val_rmse=196.782 test_mae=142.073 test_rmse=198.971 tf=0.50lr=1.95313e-06
Epoch 249/400 train_mse_scaled=0.111559 val_mae=141.806 val_rmse=196.675 test_mae=142.177 test_rmse=198.879 tf=0.50lr=1.95313e-06
Epoch 250/400 train_mse_scaled=0.113486 val_mae=141.578 val_rmse=196.513 test_mae=141.937 test_rmse=198.701 tf=0.50lr=1.95313e-06
Epoch 251/400 train_mse_scaled=0.119377 val_mae=141.482 val_rmse=196.260 test_mae=141.857 test_rmse=198.466 tf=0.50lr=1.95313e-06
Epoch 252/400 train_mse_scaled=0.112143 val_mae=141.380 val_rmse=196.126 test_mae=141.756 test_rmse=198.352 tf=0.50lr=1.95313e-06
Epoch 253/400 train_mse_scaled=0.119671 val_mae=141.214 val_rmse=195.901 test_mae=141.617 test_rmse=198.135 tf=0.49lr=1.95313e-06
Epoch 254/400 train_mse_scaled=0.116998 val_mae=141.005 val_rmse=195.801 test_mae=141.438 test_rmse=198.068 tf=0.49lr=1.95313e-06
Epoch 255/400 train_mse_scaled=0.116468 val_mae=140.940 val_rmse=195.632 test_mae=141.350 test_rmse=197.879 tf=0.49lr=1.95313e-06
Epoch 256/400 train_mse_scaled=0.117449 val_mae=140.733 val_rmse=195.466 test_mae=141.161 test_rmse=197.712 tf=0.49lr=1.95313e-06
Epoch 257/400 train_mse_scaled=0.118508 val_mae=140.593 val_rmse=195.174 test_mae=140.966 test_rmse=197.416 tf=0.49lr=1.95313e-06
Epoch 258/400 train_mse_scaled=0.113807 val_mae=140.505 val_rmse=195.109 test_mae=140.925 test_rmse=197.372 tf=0.48lr=1.95313e-06
Epoch 259/400 train_mse_scaled=0.115423 val_mae=140.422 val_rmse=194.916 test_mae=140.804 test_rmse=197.152 tf=0.48lr=1.95313e-06
Epoch 260/400 train_mse_scaled=0.119201 val_mae=140.264 val_rmse=194.832 test_mae=140.657 test_rmse=197.066 tf=0.48lr=1.95313e-06
Epoch 261/400 train_mse_scaled=0.119699 val_mae=140.102 val_rmse=194.603 test_mae=140.442 test_rmse=196.787 tf=0.48lr=1.95313e-06
Epoch 262/400 train_mse_scaled=0.118694 val_mae=140.090 val_rmse=194.514 test_mae=140.495 test_rmse=196.721 tf=0.48lr=1.95313e-06
Epoch 263/400 train_mse_scaled=0.120906 val_mae=139.911 val_rmse=194.329 test_mae=140.325 test_rmse=196.561 tf=0.47lr=1.95313e-06
Epoch 264/400 train_mse_scaled=0.116970 val_mae=139.725 val_rmse=194.143 test_mae=140.077 test_rmse=196.341 tf=0.47lr=1.95313e-06
Epoch 265/400 train_mse_scaled=0.120518 val_mae=139.512 val_rmse=194.017 test_mae=139.884 test_rmse=196.221 tf=0.47lr=1.95313e-06
Epoch 266/400 train_mse_scaled=0.116728 val_mae=139.361 val_rmse=193.912 test_mae=139.711 test_rmse=196.124 tf=0.47lr=1.95313e-06
Epoch 267/400 train_mse_scaled=0.122619 val_mae=139.389 val_rmse=193.695 test_mae=139.816 test_rmse=195.937 tf=0.47lr=1.95313e-06
Epoch 268/400 train_mse_scaled=0.117825 val_mae=139.223 val_rmse=193.592 test_mae=139.665 test_rmse=195.841 tf=0.46lr=1.95313e-06
Epoch 269/400 train_mse_scaled=0.123247 val_mae=139.079 val_rmse=193.393 test_mae=139.515 test_rmse=195.654 tf=0.46lr=1.95313e-06
Epoch 270/400 train_mse_scaled=0.119293 val_mae=138.927 val_rmse=193.191 test_mae=139.335 test_rmse=195.443 tf=0.46lr=1.95313e-06
Epoch 271/400 train_mse_scaled=0.117316 val_mae=138.831 val_rmse=193.170 test_mae=139.194 test_rmse=195.396 tf=0.46lr=1.95313e-06
Epoch 272/400 train_mse_scaled=0.122568 val_mae=138.772 val_rmse=192.953 test_mae=139.166 test_rmse=195.195 tf=0.46lr=1.95313e-06
Epoch 273/400 train_mse_scaled=0.124358 val_mae=138.735 val_rmse=192.693 test_mae=139.145 test_rmse=194.928 tf=0.45lr=1.95313e-06
Epoch 274/400 train_mse_scaled=0.121452 val_mae=138.604 val_rmse=192.548 test_mae=139.004 test_rmse=194.772 tf=0.45lr=1.95313e-06
Epoch 275/400 train_mse_scaled=0.119165 val_mae=138.519 val_rmse=192.515 test_mae=138.925 test_rmse=194.758 tf=0.45lr=1.95313e-06
Epoch 276/400 train_mse_scaled=0.124842 val_mae=138.262 val_rmse=192.302 test_mae=138.666 test_rmse=194.526 tf=0.45lr=1.95313e-06
Epoch 277/400 train_mse_scaled=0.121540 val_mae=138.202 val_rmse=192.229 test_mae=138.603 test_rmse=194.453 tf=0.45lr=1.95313e-06
Epoch 278/400 train_mse_scaled=0.121393 val_mae=138.114 val_rmse=192.182 test_mae=138.513 test_rmse=194.385 tf=0.44lr=1.95313e-06
Epoch 279/400 train_mse_scaled=0.121371 val_mae=138.160 val_rmse=192.038 test_mae=138.572 test_rmse=194.246 tf=0.44lr=1.95313e-06
Epoch 280/400 train_mse_scaled=0.123431 val_mae=138.021 val_rmse=191.838 test_mae=138.440 test_rmse=194.064 tf=0.44lr=1.95313e-06
Epoch 281/400 train_mse_scaled=0.121185 val_mae=137.748 val_rmse=191.788 test_mae=138.073 test_rmse=193.949 tf=0.44lr=1.95313e-06
Epoch 282/400 train_mse_scaled=0.125469 val_mae=137.711 val_rmse=191.570 test_mae=138.128 test_rmse=193.789 tf=0.44lr=1.95313e-06
Epoch 283/400 train_mse_scaled=0.121506 val_mae=137.534 val_rmse=191.421 test_mae=137.945 test_rmse=193.635 tf=0.43lr=1.95313e-06
Epoch 284/400 train_mse_scaled=0.126621 val_mae=137.392 val_rmse=191.236 test_mae=137.809 test_rmse=193.452 tf=0.43lr=1.95313e-06
Epoch 285/400 train_mse_scaled=0.123662 val_mae=137.237 val_rmse=191.089 test_mae=137.625 test_rmse=193.311 tf=0.43lr=1.95313e-06
Epoch 286/400 train_mse_scaled=0.123472 val_mae=137.146 val_rmse=191.036 test_mae=137.562 test_rmse=193.280 tf=0.43lr=1.95313e-06
Epoch 287/400 train_mse_scaled=0.129383 val_mae=137.024 val_rmse=190.666 test_mae=137.430 test_rmse=192.876 tf=0.43lr=1.95313e-06
Epoch 288/400 train_mse_scaled=0.124904 val_mae=136.775 val_rmse=190.623 test_mae=137.184 test_rmse=192.839 tf=0.42lr=1.95313e-06
Epoch 289/400 train_mse_scaled=0.124598 val_mae=136.841 val_rmse=190.449 test_mae=137.239 test_rmse=192.655 tf=0.42lr=1.95313e-06
Epoch 290/400 train_mse_scaled=0.126511 val_mae=136.626 val_rmse=190.292 test_mae=137.002 test_rmse=192.477 tf=0.42lr=1.95313e-06
Epoch 291/400 train_mse_scaled=0.125445 val_mae=136.575 val_rmse=190.204 test_mae=136.996 test_rmse=192.391 tf=0.42lr=1.95313e-06
Epoch 292/400 train_mse_scaled=0.126046 val_mae=136.411 val_rmse=190.074 test_mae=136.814 test_rmse=192.252 tf=0.42lr=1.95313e-06
Epoch 293/400 train_mse_scaled=0.124840 val_mae=136.349 val_rmse=189.963 test_mae=136.751 test_rmse=192.147 tf=0.41lr=1.95313e-06
Epoch 294/400 train_mse_scaled=0.121238 val_mae=136.275 val_rmse=189.796 test_mae=136.663 test_rmse=191.958 tf=0.41lr=1.95313e-06
Epoch 295/400 train_mse_scaled=0.128847 val_mae=136.027 val_rmse=189.637 test_mae=136.422 test_rmse=191.787 tf=0.41lr=1.95313e-06
Epoch 296/400 train_mse_scaled=0.127724 val_mae=136.104 val_rmse=189.513 test_mae=136.500 test_rmse=191.671 tf=0.41lr=1.95313e-06
Epoch 297/400 train_mse_scaled=0.132930 val_mae=135.854 val_rmse=189.320 test_mae=136.206 test_rmse=191.444 tf=0.41lr=1.95313e-06
Epoch 298/400 train_mse_scaled=0.129851 val_mae=135.574 val_rmse=189.201 test_mae=135.964 test_rmse=191.358 tf=0.40lr=1.95313e-06
Epoch 299/400 train_mse_scaled=0.126596 val_mae=135.498 val_rmse=189.162 test_mae=135.916 test_rmse=191.343 tf=0.40lr=1.95313e-06
Epoch 300/400 train_mse_scaled=0.127939 val_mae=135.568 val_rmse=188.950 test_mae=135.983 test_rmse=191.114 tf=0.40lr=1.95313e-06
Epoch 301/400 train_mse_scaled=0.131943 val_mae=135.470 val_rmse=188.794 test_mae=135.910 test_rmse=190.976 tf=0.40lr=1.95313e-06
Epoch 302/400 train_mse_scaled=0.128687 val_mae=135.335 val_rmse=188.643 test_mae=135.762 test_rmse=190.795 tf=0.39lr=1.95313e-06
Epoch 303/400 train_mse_scaled=0.127983 val_mae=135.140 val_rmse=188.545 test_mae=135.531 test_rmse=190.677 tf=0.39lr=1.95313e-06
Epoch 304/400 train_mse_scaled=0.129762 val_mae=135.107 val_rmse=188.450 test_mae=135.527 test_rmse=190.599 tf=0.39lr=1.95313e-06
Epoch 305/400 train_mse_scaled=0.126627 val_mae=134.870 val_rmse=188.312 test_mae=135.313 test_rmse=190.458 tf=0.39lr=1.95313e-06
Epoch 306/400 train_mse_scaled=0.126060 val_mae=134.798 val_rmse=188.249 test_mae=135.209 test_rmse=190.392 tf=0.39lr=1.95313e-06
Epoch 307/400 train_mse_scaled=0.125139 val_mae=134.712 val_rmse=188.209 test_mae=135.099 test_rmse=190.321 tf=0.38lr=1.95313e-06
Epoch 308/400 train_mse_scaled=0.133658 val_mae=134.780 val_rmse=187.973 test_mae=135.161 test_rmse=190.091 tf=0.38lr=1.95313e-06
Epoch 309/400 train_mse_scaled=0.130686 val_mae=134.441 val_rmse=187.852 test_mae=134.808 test_rmse=189.954 tf=0.38lr=1.95313e-06
Epoch 310/400 train_mse_scaled=0.133470 val_mae=134.438 val_rmse=187.638 test_mae=134.813 test_rmse=189.760 tf=0.38lr=1.95313e-06
Epoch 311/400 train_mse_scaled=0.131740 val_mae=134.169 val_rmse=187.438 test_mae=134.555 test_rmse=189.544 tf=0.38lr=1.95313e-06
Epoch 312/400 train_mse_scaled=0.134303 val_mae=134.090 val_rmse=187.281 test_mae=134.482 test_rmse=189.401 tf=0.37lr=1.95313e-06
Epoch 313/400 train_mse_scaled=0.132298 val_mae=134.077 val_rmse=187.149 test_mae=134.520 test_rmse=189.313 tf=0.37lr=1.95313e-06
Epoch 314/400 train_mse_scaled=0.133227 val_mae=133.861 val_rmse=186.991 test_mae=134.276 test_rmse=189.105 tf=0.37lr=1.95313e-06
Epoch 315/400 train_mse_scaled=0.132395 val_mae=133.738 val_rmse=186.906 test_mae=134.113 test_rmse=188.966 tf=0.37lr=1.95313e-06
Epoch 316/400 train_mse_scaled=0.134993 val_mae=133.566 val_rmse=186.860 test_mae=133.905 test_rmse=188.933 tf=0.37lr=1.95313e-06
Epoch 317/400 train_mse_scaled=0.129753 val_mae=133.543 val_rmse=186.732 test_mae=133.892 test_rmse=188.769 tf=0.36lr=1.95313e-06
Epoch 318/400 train_mse_scaled=0.130401 val_mae=133.532 val_rmse=186.612 test_mae=133.908 test_rmse=188.668 tf=0.36lr=1.95313e-06
Epoch 319/400 train_mse_scaled=0.132235 val_mae=133.433 val_rmse=186.519 test_mae=133.816 test_rmse=188.586 tf=0.36lr=1.95313e-06
Epoch 320/400 train_mse_scaled=0.135197 val_mae=133.305 val_rmse=186.315 test_mae=133.687 test_rmse=188.393 tf=0.36lr=1.95313e-06
Epoch 321/400 train_mse_scaled=0.132307 val_mae=133.202 val_rmse=186.197 test_mae=133.614 test_rmse=188.290 tf=0.36lr=1.95313e-06
Epoch 322/400 train_mse_scaled=0.136001 val_mae=133.054 val_rmse=186.057 test_mae=133.455 test_rmse=188.138 tf=0.35lr=1.95313e-06
Epoch 323/400 train_mse_scaled=0.129057 val_mae=132.898 val_rmse=186.008 test_mae=133.326 test_rmse=188.098 tf=0.35lr=1.95313e-06
Epoch 324/400 train_mse_scaled=0.135321 val_mae=132.778 val_rmse=185.876 test_mae=133.158 test_rmse=187.935 tf=0.35lr=1.95313e-06
Epoch 325/400 train_mse_scaled=0.131369 val_mae=132.664 val_rmse=185.775 test_mae=133.039 test_rmse=187.812 tf=0.35lr=1.95313e-06
Epoch 326/400 train_mse_scaled=0.132639 val_mae=132.707 val_rmse=185.663 test_mae=133.080 test_rmse=187.696 tf=0.35lr=1.95313e-06
Epoch 327/400 train_mse_scaled=0.137099 val_mae=132.613 val_rmse=185.552 test_mae=132.975 test_rmse=187.574 tf=0.34lr=1.95313e-06
Epoch 328/400 train_mse_scaled=0.133808 val_mae=132.520 val_rmse=185.457 test_mae=132.883 test_rmse=187.460 tf=0.34lr=1.95313e-06
Epoch 329/400 train_mse_scaled=0.131962 val_mae=132.509 val_rmse=185.394 test_mae=132.853 test_rmse=187.381 tf=0.34lr=1.95313e-06
Epoch 330/400 train_mse_scaled=0.137178 val_mae=132.599 val_rmse=185.257 test_mae=133.025 test_rmse=187.318 tf=0.34lr=1.95313e-06
Epoch 331/400 train_mse_scaled=0.132100 val_mae=132.175 val_rmse=185.121 test_mae=132.533 test_rmse=187.109 tf=0.34lr=1.95313e-06
Epoch 332/400 train_mse_scaled=0.135547 val_mae=132.187 val_rmse=185.030 test_mae=132.565 test_rmse=187.014 tf=0.33lr=1.95313e-06
Epoch 333/400 train_mse_scaled=0.133684 val_mae=132.041 val_rmse=184.918 test_mae=132.385 test_rmse=186.868 tf=0.33lr=1.95313e-06
Epoch 334/400 train_mse_scaled=0.134557 val_mae=132.099 val_rmse=184.853 test_mae=132.435 test_rmse=186.789 tf=0.33lr=1.95313e-06
Epoch 335/400 train_mse_scaled=0.133628 val_mae=131.898 val_rmse=184.712 test_mae=132.241 test_rmse=186.671 tf=0.33lr=1.95313e-06
Epoch 336/400 train_mse_scaled=0.138461 val_mae=131.859 val_rmse=184.485 test_mae=132.237 test_rmse=186.476 tf=0.33lr=1.95313e-06
Epoch 337/400 train_mse_scaled=0.141134 val_mae=131.646 val_rmse=184.337 test_mae=132.020 test_rmse=186.334 tf=0.32lr=1.95313e-06
Epoch 338/400 train_mse_scaled=0.137176 val_mae=131.416 val_rmse=184.248 test_mae=131.805 test_rmse=186.255 tf=0.32lr=1.95313e-06
Epoch 339/400 train_mse_scaled=0.136046 val_mae=131.368 val_rmse=184.080 test_mae=131.751 test_rmse=186.080 tf=0.32lr=1.95313e-06
Epoch 340/400 train_mse_scaled=0.135671 val_mae=131.240 val_rmse=183.991 test_mae=131.566 test_rmse=185.939 tf=0.32lr=1.95313e-06
Epoch 341/400 train_mse_scaled=0.137316 val_mae=131.227 val_rmse=183.889 test_mae=131.585 test_rmse=185.846 tf=0.32lr=1.95313e-06
Epoch 342/400 train_mse_scaled=0.138387 val_mae=131.151 val_rmse=183.858 test_mae=131.494 test_rmse=185.794 tf=0.31lr=1.95313e-06
Epoch 343/400 train_mse_scaled=0.140363 val_mae=131.008 val_rmse=183.621 test_mae=131.393 test_rmse=185.600 tf=0.31lr=1.95313e-06
Epoch 344/400 train_mse_scaled=0.140791 val_mae=130.907 val_rmse=183.491 test_mae=131.243 test_rmse=185.411 tf=0.31lr=1.95313e-06
Epoch 345/400 train_mse_scaled=0.136220 val_mae=130.816 val_rmse=183.412 test_mae=131.163 test_rmse=185.324 tf=0.31lr=1.95313e-06
Epoch 346/400 train_mse_scaled=0.138161 val_mae=130.820 val_rmse=183.354 test_mae=131.119 test_rmse=185.234 tf=0.31lr=1.95313e-06
Epoch 347/400 train_mse_scaled=0.140270 val_mae=130.630 val_rmse=183.279 test_mae=130.927 test_rmse=185.142 tf=0.30lr=1.95313e-06
Epoch 348/400 train_mse_scaled=0.139548 val_mae=130.493 val_rmse=183.100 test_mae=130.786 test_rmse=184.952 tf=0.30lr=1.95313e-06
Epoch 349/400 train_mse_scaled=0.138663 val_mae=130.282 val_rmse=183.024 test_mae=130.566 test_rmse=184.869 tf=0.30lr=1.95313e-06
Epoch 350/400 train_mse_scaled=0.139353 val_mae=130.267 val_rmse=182.856 test_mae=130.577 test_rmse=184.705 tf=0.30lr=1.95313e-06
Epoch 351/400 train_mse_scaled=0.141684 val_mae=130.070 val_rmse=182.691 test_mae=130.330 test_rmse=184.492 tf=0.30lr=1.95313e-06
Epoch 352/400 train_mse_scaled=0.141178 val_mae=130.094 val_rmse=182.604 test_mae=130.387 test_rmse=184.429 tf=0.29lr=1.95313e-06
Epoch 353/400 train_mse_scaled=0.137902 val_mae=130.034 val_rmse=182.496 test_mae=130.301 test_rmse=184.292 tf=0.29lr=1.95313e-06
Epoch 354/400 train_mse_scaled=0.140163 val_mae=129.976 val_rmse=182.381 test_mae=130.248 test_rmse=184.169 tf=0.29lr=1.95313e-06
Epoch 355/400 train_mse_scaled=0.143039 val_mae=129.773 val_rmse=182.258 test_mae=130.013 test_rmse=184.016 tf=0.29lr=1.95313e-06
Epoch 356/400 train_mse_scaled=0.141760 val_mae=129.770 val_rmse=182.143 test_mae=130.049 test_rmse=183.948 tf=0.29lr=1.95313e-06
Epoch 357/400 train_mse_scaled=0.139308 val_mae=129.732 val_rmse=182.096 test_mae=130.039 test_rmse=183.904 tf=0.28lr=1.95313e-06
Epoch 358/400 train_mse_scaled=0.140216 val_mae=129.602 val_rmse=181.968 test_mae=129.876 test_rmse=183.744 tf=0.28lr=1.95313e-06
Epoch 359/400 train_mse_scaled=0.142572 val_mae=129.517 val_rmse=181.904 test_mae=129.771 test_rmse=183.669 tf=0.28lr=1.95313e-06
Epoch 360/400 train_mse_scaled=0.138690 val_mae=129.330 val_rmse=181.789 test_mae=129.574 test_rmse=183.544 tf=0.28lr=1.95313e-06
Epoch 361/400 train_mse_scaled=0.147173 val_mae=129.236 val_rmse=181.552 test_mae=129.500 test_rmse=183.339 tf=0.28lr=1.95313e-06
Epoch 362/400 train_mse_scaled=0.144362 val_mae=129.029 val_rmse=181.441 test_mae=129.267 test_rmse=183.203 tf=0.27lr=1.95313e-06
Epoch 363/400 train_mse_scaled=0.138305 val_mae=129.137 val_rmse=181.327 test_mae=129.412 test_rmse=183.134 tf=0.27lr=1.95313e-06
Epoch 364/400 train_mse_scaled=0.141089 val_mae=128.996 val_rmse=181.322 test_mae=129.276 test_rmse=183.144 tf=0.27lr=1.95313e-06
Epoch 365/400 train_mse_scaled=0.141725 val_mae=129.004 val_rmse=181.234 test_mae=129.240 test_rmse=182.998 tf=0.27lr=1.95313e-06
Epoch 366/400 train_mse_scaled=0.140787 val_mae=128.904 val_rmse=181.138 test_mae=129.164 test_rmse=182.929 tf=0.27lr=1.95313e-06
Epoch 367/400 train_mse_scaled=0.145459 val_mae=128.879 val_rmse=180.997 test_mae=129.158 test_rmse=182.804 tf=0.26lr=1.95313e-06
Epoch 368/400 train_mse_scaled=0.142708 val_mae=128.661 val_rmse=180.884 test_mae=128.927 test_rmse=182.662 tf=0.26lr=1.95313e-06
Epoch 369/400 train_mse_scaled=0.142564 val_mae=128.567 val_rmse=180.781 test_mae=128.789 test_rmse=182.514 tf=0.26lr=1.95313e-06
Epoch 370/400 train_mse_scaled=0.146006 val_mae=128.499 val_rmse=180.657 test_mae=128.711 test_rmse=182.389 tf=0.26lr=1.95313e-06
Epoch 371/400 train_mse_scaled=0.143601 val_mae=128.634 val_rmse=180.571 test_mae=128.887 test_rmse=182.337 tf=0.26lr=1.95313e-06
Epoch 372/400 train_mse_scaled=0.148500 val_mae=128.237 val_rmse=180.470 test_mae=128.402 test_rmse=182.136 tf=0.25lr=1.95313e-06
Epoch 373/400 train_mse_scaled=0.142349 val_mae=128.169 val_rmse=180.385 test_mae=128.361 test_rmse=182.064 tf=0.25lr=1.95313e-06
Epoch 374/400 train_mse_scaled=0.151624 val_mae=128.178 val_rmse=180.216 test_mae=128.347 test_rmse=181.877 tf=0.25lr=1.95313e-06
Epoch 375/400 train_mse_scaled=0.147075 val_mae=127.979 val_rmse=180.126 test_mae=128.195 test_rmse=181.826 tf=0.25lr=1.95313e-06
Epoch 376/400 train_mse_scaled=0.150937 val_mae=127.976 val_rmse=180.010 test_mae=128.198 test_rmse=181.697 tf=0.25lr=1.95313e-06
Epoch 377/400 train_mse_scaled=0.145445 val_mae=127.800 val_rmse=179.887 test_mae=127.987 test_rmse=181.529 tf=0.24lr=1.95313e-06
Epoch 378/400 train_mse_scaled=0.146330 val_mae=127.713 val_rmse=179.782 test_mae=127.907 test_rmse=181.433 tf=0.24lr=1.95313e-06
Epoch 379/400 train_mse_scaled=0.150950 val_mae=127.530 val_rmse=179.605 test_mae=127.698 test_rmse=181.248 tf=0.24lr=1.95313e-06
Epoch 380/400 train_mse_scaled=0.142904 val_mae=127.434 val_rmse=179.564 test_mae=127.593 test_rmse=181.182 tf=0.24lr=1.95313e-06
Epoch 381/400 train_mse_scaled=0.145916 val_mae=127.451 val_rmse=179.397 test_mae=127.631 test_rmse=181.041 tf=0.24lr=1.95313e-06
Epoch 382/400 train_mse_scaled=0.146674 val_mae=127.332 val_rmse=179.326 test_mae=127.490 test_rmse=180.952 tf=0.23lr=1.95313e-06
Epoch 383/400 train_mse_scaled=0.150581 val_mae=127.306 val_rmse=179.274 test_mae=127.449 test_rmse=180.860 tf=0.23lr=1.95313e-06
Epoch 384/400 train_mse_scaled=0.144937 val_mae=127.122 val_rmse=179.121 test_mae=127.255 test_rmse=180.678 tf=0.23lr=1.95313e-06
Epoch 385/400 train_mse_scaled=0.149845 val_mae=127.057 val_rmse=179.027 test_mae=127.194 test_rmse=180.585 tf=0.23lr=1.95313e-06
Epoch 386/400 train_mse_scaled=0.146160 val_mae=127.050 val_rmse=178.919 test_mae=127.191 test_rmse=180.490 tf=0.23lr=1.95313e-06
Epoch 387/400 train_mse_scaled=0.143575 val_mae=127.094 val_rmse=178.846 test_mae=127.273 test_rmse=180.473 tf=0.22lr=1.95313e-06
Epoch 388/400 train_mse_scaled=0.148674 val_mae=126.888 val_rmse=178.785 test_mae=127.033 test_rmse=180.358 tf=0.22lr=1.95313e-06
Epoch 389/400 train_mse_scaled=0.149400 val_mae=126.940 val_rmse=178.650 test_mae=127.104 test_rmse=180.245 tf=0.22lr=1.95313e-06
Epoch 390/400 train_mse_scaled=0.151102 val_mae=126.634 val_rmse=178.565 test_mae=126.747 test_rmse=180.083 tf=0.22lr=1.95313e-06
Epoch 391/400 train_mse_scaled=0.150949 val_mae=126.583 val_rmse=178.500 test_mae=126.687 test_rmse=180.001 tf=0.22lr=1.95313e-06
Epoch 392/400 train_mse_scaled=0.151763 val_mae=126.516 val_rmse=178.348 test_mae=126.645 test_rmse=179.903 tf=0.21lr=1.95313e-06
Epoch 393/400 train_mse_scaled=0.148781 val_mae=126.425 val_rmse=178.280 test_mae=126.552 test_rmse=179.842 tf=0.21lr=1.95313e-06
Epoch 394/400 train_mse_scaled=0.150268 val_mae=126.321 val_rmse=178.152 test_mae=126.426 test_rmse=179.674 tf=0.21lr=1.95313e-06
Epoch 395/400 train_mse_scaled=0.145117 val_mae=126.258 val_rmse=178.097 test_mae=126.370 test_rmse=179.640 tf=0.21lr=1.95313e-06
Epoch 396/400 train_mse_scaled=0.148098 val_mae=126.342 val_rmse=178.035 test_mae=126.498 test_rmse=179.603 tf=0.21lr=1.95313e-06
Epoch 397/400 train_mse_scaled=0.149710 val_mae=126.275 val_rmse=177.952 test_mae=126.415 test_rmse=179.508 tf=0.20lr=1.95313e-06
Epoch 398/400 train_mse_scaled=0.152164 val_mae=126.153 val_rmse=177.868 test_mae=126.265 test_rmse=179.379 tf=0.20lr=1.95313e-06
Epoch 399/400 train_mse_scaled=0.146470 val_mae=126.180 val_rmse=177.757 test_mae=126.307 test_rmse=179.274 tf=0.20lr=1.95313e-06
Epoch 400/400 train_mse_scaled=0.148504 val_mae=126.203 val_rmse=177.668 test_mae=126.364 test_rmse=179.229 tf=0.20lr=1.95313e-06
Training complete. Best checkpoint at: v2/results/checkpoints/seq2seq/best.pth
