Cleaned data: 787920 -> 609679 rows. Saved: v2/results/cleaned.csv
Samples -> train: 47900, val: 5988, test: 6059

Train samples (show 5):
  [0] TurbID=1, start_idx=2745, hist=(2020-05-21 08:00:00~2020-05-22 07:00:00), pred=(2020-05-22 08:00:00~2020-05-23 07:00:00)
  [1] TurbID=1, start_idx=3980, hist=(2020-08-01 17:00:00~2020-08-02 16:00:00), pred=(2020-08-02 17:00:00~2020-08-03 16:00:00)
  [2] TurbID=1, start_idx=3038, hist=(2020-06-04 18:00:00~2020-06-05 17:00:00), pred=(2020-06-05 18:00:00~2020-06-06 17:00:00)
  [3] TurbID=1, start_idx=307, hist=(2020-01-17 08:00:00~2020-01-18 07:00:00), pred=(2020-01-18 08:00:00~2020-01-19 07:00:00)
  [4] TurbID=1, start_idx=4413, hist=(2020-08-29 16:00:00~2020-08-30 15:00:00), pred=(2020-08-30 16:00:00~2020-08-31 15:00:00)

Val samples (show 5):
  [0] TurbID=1, start_idx=3666, hist=(2020-07-16 02:00:00~2020-07-17 01:00:00), pred=(2020-07-17 02:00:00~2020-07-18 01:00:00)
  [1] TurbID=1, start_idx=46, hist=(2020-01-03 00:00:00~2020-01-03 23:00:00), pred=(2020-01-04 00:00:00~2020-01-04 23:00:00)
  [2] TurbID=1, start_idx=2727, hist=(2020-05-20 14:00:00~2020-05-21 13:00:00), pred=(2020-05-21 14:00:00~2020-05-22 13:00:00)
  [3] TurbID=1, start_idx=2705, hist=(2020-05-19 16:00:00~2020-05-20 15:00:00), pred=(2020-05-20 16:00:00~2020-05-21 15:00:00)
  [4] TurbID=1, start_idx=2917, hist=(2020-05-29 14:00:00~2020-05-30 13:00:00), pred=(2020-05-30 14:00:00~2020-05-31 13:00:00)

Test samples (show 5):
  [0] TurbID=1, start_idx=3769, hist=(2020-07-21 10:00:00~2020-07-22 09:00:00), pred=(2020-07-22 10:00:00~2020-07-23 09:00:00)
  [1] TurbID=1, start_idx=293, hist=(2020-01-16 18:00:00~2020-01-17 17:00:00), pred=(2020-01-17 18:00:00~2020-01-18 17:00:00)
  [2] TurbID=1, start_idx=2751, hist=(2020-05-21 14:00:00~2020-05-22 13:00:00), pred=(2020-05-22 14:00:00~2020-05-23 13:00:00)
  [3] TurbID=1, start_idx=3823, hist=(2020-07-23 16:00:00~2020-07-24 15:00:00), pred=(2020-07-24 16:00:00~2020-07-25 15:00:00)
  [4] TurbID=1, start_idx=1108, hist=(2020-02-25 17:00:00~2020-02-26 16:00:00), pred=(2020-02-26 17:00:00~2020-02-27 16:00:00)
Epoch 1/400 train_mse_scaled=0.087825 val_mae=218.374 val_rmse=302.065 test_mae=216.395 test_rmse=299.970 tf=1.00lr=0.001
Epoch 2/400 train_mse_scaled=0.039191 val_mae=236.987 val_rmse=316.460 test_mae=235.559 test_rmse=316.133 tf=1.00lr=0.001
Epoch 3/400 train_mse_scaled=0.027252 val_mae=261.177 val_rmse=332.935 test_mae=260.966 test_rmse=333.227 tf=1.00lr=0.001
Epoch 4/400 train_mse_scaled=0.023060 val_mae=263.661 val_rmse=324.044 test_mae=263.461 test_rmse=323.895 tf=0.99lr=0.001
Epoch 5/400 train_mse_scaled=0.020530 val_mae=272.542 val_rmse=333.161 test_mae=272.487 test_rmse=333.357 tf=0.99lr=0.001
Epoch 6/400 train_mse_scaled=0.018835 val_mae=270.331 val_rmse=330.678 test_mae=270.391 test_rmse=330.959 tf=0.99lr=0.001
Epoch 7/400 train_mse_scaled=0.017651 val_mae=272.308 val_rmse=330.155 test_mae=272.053 test_rmse=330.006 tf=0.99lr=0.001
Epoch 8/400 train_mse_scaled=0.016978 val_mae=267.513 val_rmse=324.654 test_mae=267.330 test_rmse=324.445 tf=0.99lr=0.001
Epoch 9/400 train_mse_scaled=0.016406 val_mae=267.622 val_rmse=335.938 test_mae=267.009 test_rmse=335.765 tf=0.98lr=0.001
Epoch 10/400 train_mse_scaled=0.016107 val_mae=264.794 val_rmse=325.748 test_mae=264.844 test_rmse=326.361 tf=0.98lr=0.001
Epoch 11/400 train_mse_scaled=0.016074 val_mae=241.993 val_rmse=300.830 test_mae=241.358 test_rmse=300.598 tf=0.98lr=0.001
Epoch 12/400 train_mse_scaled=0.015748 val_mae=245.701 val_rmse=299.297 test_mae=245.787 test_rmse=299.535 tf=0.98lr=0.001
Epoch 13/400 train_mse_scaled=0.015467 val_mae=239.912 val_rmse=294.953 test_mae=239.303 test_rmse=294.488 tf=0.98lr=0.001
Epoch 14/400 train_mse_scaled=0.015253 val_mae=239.453 val_rmse=294.219 test_mae=239.325 test_rmse=294.118 tf=0.97lr=0.001
Epoch 15/400 train_mse_scaled=0.015335 val_mae=229.249 val_rmse=291.792 test_mae=228.137 test_rmse=291.171 tf=0.97lr=0.001
Epoch 16/400 train_mse_scaled=0.015491 val_mae=224.943 val_rmse=283.106 test_mae=224.318 test_rmse=282.719 tf=0.97lr=0.001
Epoch 17/400 train_mse_scaled=0.015307 val_mae=223.640 val_rmse=283.210 test_mae=222.835 test_rmse=282.789 tf=0.97lr=0.001
Epoch 18/400 train_mse_scaled=0.015215 val_mae=221.836 val_rmse=279.407 test_mae=220.633 test_rmse=278.331 tf=0.97lr=0.001
Epoch 19/400 train_mse_scaled=0.015351 val_mae=218.769 val_rmse=272.655 test_mae=218.291 test_rmse=272.429 tf=0.96lr=0.001
Epoch 20/400 train_mse_scaled=0.014981 val_mae=221.176 val_rmse=280.574 test_mae=220.347 test_rmse=280.218 tf=0.96lr=0.001
Epoch 21/400 train_mse_scaled=0.015228 val_mae=220.985 val_rmse=282.104 test_mae=220.369 test_rmse=282.050 tf=0.96lr=0.001
Epoch 22/400 train_mse_scaled=0.015293 val_mae=198.826 val_rmse=254.235 test_mae=197.919 test_rmse=253.756 tf=0.96lr=0.001
Epoch 23/400 train_mse_scaled=0.015192 val_mae=209.172 val_rmse=262.922 test_mae=208.384 test_rmse=262.435 tf=0.96lr=0.001
Epoch 24/400 train_mse_scaled=0.015026 val_mae=210.351 val_rmse=271.064 test_mae=209.264 test_rmse=270.416 tf=0.95lr=0.001
Epoch 25/400 train_mse_scaled=0.015135 val_mae=202.115 val_rmse=255.679 test_mae=201.299 test_rmse=255.134 tf=0.95lr=0.001
Epoch 26/400 train_mse_scaled=0.015333 val_mae=194.042 val_rmse=246.860 test_mae=193.456 test_rmse=246.420 tf=0.95lr=0.001
Epoch 27/400 train_mse_scaled=0.015656 val_mae=195.609 val_rmse=250.440 test_mae=194.870 test_rmse=249.994 tf=0.95lr=0.001
Epoch 28/400 train_mse_scaled=0.015434 val_mae=198.556 val_rmse=256.618 test_mae=197.844 test_rmse=256.264 tf=0.95lr=0.001
Epoch 29/400 train_mse_scaled=0.015303 val_mae=190.328 val_rmse=243.113 test_mae=189.790 test_rmse=242.965 tf=0.94lr=0.001
Epoch 30/400 train_mse_scaled=0.015477 val_mae=183.019 val_rmse=232.883 test_mae=182.630 test_rmse=232.919 tf=0.94lr=0.001
Epoch 31/400 train_mse_scaled=0.015463 val_mae=186.290 val_rmse=236.080 test_mae=185.317 test_rmse=235.400 tf=0.94lr=0.001
Epoch 32/400 train_mse_scaled=0.015496 val_mae=170.935 val_rmse=215.173 test_mae=170.220 test_rmse=214.351 tf=0.94lr=0.001
Epoch 33/400 train_mse_scaled=0.015645 val_mae=182.927 val_rmse=232.789 test_mae=182.523 test_rmse=232.769 tf=0.94lr=0.001
Epoch 34/400 train_mse_scaled=0.015541 val_mae=165.347 val_rmse=207.955 test_mae=164.891 test_rmse=207.718 tf=0.93lr=0.001
Epoch 35/400 train_mse_scaled=0.015954 val_mae=178.457 val_rmse=231.157 test_mae=177.842 test_rmse=230.918 tf=0.93lr=0.001
Epoch 36/400 train_mse_scaled=0.015716 val_mae=166.494 val_rmse=212.793 test_mae=165.699 test_rmse=212.177 tf=0.93lr=0.001
Epoch 37/400 train_mse_scaled=0.015584 val_mae=177.188 val_rmse=227.320 test_mae=176.449 test_rmse=227.001 tf=0.93lr=0.001
Epoch 38/400 train_mse_scaled=0.016029 val_mae=166.352 val_rmse=214.139 test_mae=165.583 test_rmse=213.458 tf=0.93lr=0.001
Epoch 39/400 train_mse_scaled=0.016163 val_mae=167.556 val_rmse=217.541 test_mae=166.919 test_rmse=217.232 tf=0.92lr=0.001
Epoch 40/400 train_mse_scaled=0.016058 val_mae=158.657 val_rmse=201.625 test_mae=157.859 test_rmse=200.894 tf=0.92lr=0.001
Epoch 41/400 train_mse_scaled=0.015936 val_mae=167.806 val_rmse=215.305 test_mae=167.614 test_rmse=215.500 tf=0.92lr=0.001
Epoch 42/400 train_mse_scaled=0.015780 val_mae=175.715 val_rmse=228.931 test_mae=174.947 test_rmse=228.560 tf=0.92lr=0.001
Epoch 43/400 train_mse_scaled=0.016127 val_mae=166.032 val_rmse=212.421 test_mae=165.626 test_rmse=212.325 tf=0.92lr=0.001
Epoch 44/400 train_mse_scaled=0.016298 val_mae=163.104 val_rmse=211.199 test_mae=162.653 test_rmse=211.036 tf=0.91lr=0.001
Epoch 45/400 train_mse_scaled=0.016269 val_mae=156.199 val_rmse=202.364 test_mae=155.738 test_rmse=202.074 tf=0.91lr=0.001
Epoch 46/400 train_mse_scaled=0.016419 val_mae=164.062 val_rmse=215.833 test_mae=163.599 test_rmse=215.574 tf=0.91lr=0.001
Epoch 47/400 train_mse_scaled=0.016277 val_mae=150.647 val_rmse=192.577 test_mae=150.125 test_rmse=192.038 tf=0.91lr=0.001
Epoch 48/400 train_mse_scaled=0.016621 val_mae=149.053 val_rmse=192.223 test_mae=148.408 test_rmse=191.618 tf=0.91lr=0.001
Epoch 49/400 train_mse_scaled=0.016560 val_mae=148.789 val_rmse=192.918 test_mae=148.019 test_rmse=192.093 tf=0.90lr=0.001
Epoch 50/400 train_mse_scaled=0.016558 val_mae=150.060 val_rmse=195.170 test_mae=149.725 test_rmse=194.964 tf=0.90lr=0.001
Epoch 51/400 train_mse_scaled=0.016500 val_mae=156.863 val_rmse=201.306 test_mae=156.202 test_rmse=200.815 tf=0.90lr=0.001
Epoch 52/400 train_mse_scaled=0.016542 val_mae=154.163 val_rmse=199.219 test_mae=153.620 test_rmse=198.812 tf=0.90lr=0.001
Epoch 53/400 train_mse_scaled=0.016745 val_mae=156.469 val_rmse=203.491 test_mae=155.762 test_rmse=202.932 tf=0.90lr=0.001
Epoch 54/400 train_mse_scaled=0.016858 val_mae=144.791 val_rmse=187.088 test_mae=144.642 test_rmse=187.020 tf=0.89lr=0.001
Epoch 55/400 train_mse_scaled=0.016923 val_mae=149.447 val_rmse=194.153 test_mae=149.321 test_rmse=194.060 tf=0.89lr=0.001
Epoch 56/400 train_mse_scaled=0.016931 val_mae=140.595 val_rmse=184.097 test_mae=140.356 test_rmse=183.744 tf=0.89lr=0.001
Epoch 57/400 train_mse_scaled=0.016725 val_mae=139.980 val_rmse=181.938 test_mae=139.631 test_rmse=181.690 tf=0.89lr=0.001
Epoch 58/400 train_mse_scaled=0.017049 val_mae=136.405 val_rmse=179.173 test_mae=135.859 test_rmse=178.788 tf=0.89lr=0.001
Epoch 59/400 train_mse_scaled=0.016749 val_mae=158.374 val_rmse=209.120 test_mae=158.375 test_rmse=209.448 tf=0.88lr=0.001
Epoch 60/400 train_mse_scaled=0.017044 val_mae=150.781 val_rmse=193.845 test_mae=150.822 test_rmse=193.927 tf=0.88lr=0.001
Epoch 61/400 train_mse_scaled=0.016737 val_mae=144.270 val_rmse=189.008 test_mae=143.974 test_rmse=188.692 tf=0.88lr=0.001
Epoch 62/400 train_mse_scaled=0.017052 val_mae=150.237 val_rmse=193.637 test_mae=150.061 test_rmse=193.397 tf=0.88lr=0.001
Epoch 63/400 train_mse_scaled=0.017316 val_mae=148.859 val_rmse=192.549 test_mae=148.741 test_rmse=192.397 tf=0.88lr=0.001
Epoch 64/400 train_mse_scaled=0.017096 val_mae=145.645 val_rmse=190.858 test_mae=145.696 test_rmse=191.147 tf=0.87lr=0.001
Epoch 65/400 train_mse_scaled=0.017016 val_mae=148.203 val_rmse=194.709 test_mae=148.052 test_rmse=194.555 tf=0.87lr=0.001
Epoch 66/400 train_mse_scaled=0.017292 val_mae=137.633 val_rmse=178.591 test_mae=137.271 test_rmse=178.065 tf=0.87lr=0.001
Epoch 67/400 train_mse_scaled=0.016899 val_mae=145.108 val_rmse=189.930 test_mae=144.987 test_rmse=189.941 tf=0.87lr=0.001
Epoch 68/400 train_mse_scaled=0.017480 val_mae=138.248 val_rmse=179.210 test_mae=138.356 test_rmse=179.262 tf=0.87lr=0.001
Epoch 69/400 train_mse_scaled=0.017620 val_mae=140.447 val_rmse=185.961 test_mae=140.810 test_rmse=186.485 tf=0.86lr=0.001
Epoch 70/400 train_mse_scaled=0.017562 val_mae=141.166 val_rmse=184.652 test_mae=141.180 test_rmse=184.557 tf=0.86lr=0.001
Epoch 71/400 train_mse_scaled=0.017829 val_mae=138.068 val_rmse=179.773 test_mae=138.246 test_rmse=179.888 tf=0.86lr=0.001
Epoch 72/400 train_mse_scaled=0.017641 val_mae=127.057 val_rmse=162.815 test_mae=126.931 test_rmse=162.204 tf=0.86lr=0.001
Epoch 73/400 train_mse_scaled=0.017913 val_mae=141.368 val_rmse=180.708 test_mae=141.255 test_rmse=180.163 tf=0.86lr=0.001
Epoch 74/400 train_mse_scaled=0.017452 val_mae=133.409 val_rmse=173.911 test_mae=133.329 test_rmse=173.662 tf=0.85lr=0.001
Epoch 75/400 train_mse_scaled=0.017456 val_mae=134.643 val_rmse=174.792 test_mae=134.887 test_rmse=174.772 tf=0.85lr=0.001
Epoch 76/400 train_mse_scaled=0.017491 val_mae=121.755 val_rmse=157.157 test_mae=121.590 test_rmse=156.628 tf=0.85lr=0.001
Epoch 77/400 train_mse_scaled=0.017754 val_mae=132.671 val_rmse=171.208 test_mae=132.819 test_rmse=171.030 tf=0.85lr=0.001
Epoch 78/400 train_mse_scaled=0.017443 val_mae=129.124 val_rmse=168.395 test_mae=129.169 test_rmse=168.199 tf=0.85lr=0.001
Epoch 79/400 train_mse_scaled=0.017853 val_mae=136.466 val_rmse=176.791 test_mae=136.756 test_rmse=176.929 tf=0.84lr=0.001
Epoch 80/400 train_mse_scaled=0.017778 val_mae=128.631 val_rmse=167.196 test_mae=128.912 test_rmse=167.245 tf=0.84lr=0.001
Epoch 81/400 train_mse_scaled=0.017900 val_mae=134.787 val_rmse=176.923 test_mae=134.664 test_rmse=176.769 tf=0.84lr=0.001
Epoch 82/400 train_mse_scaled=0.018303 val_mae=125.746 val_rmse=161.677 test_mae=125.916 test_rmse=161.460 tf=0.84lr=0.001
Epoch 83/400 train_mse_scaled=0.017919 val_mae=127.925 val_rmse=169.620 test_mae=127.755 test_rmse=169.286 tf=0.84lr=0.001
Epoch 84/400 train_mse_scaled=0.018042 val_mae=122.348 val_rmse=161.299 test_mae=122.282 test_rmse=160.911 tf=0.83lr=0.001
Epoch 85/400 train_mse_scaled=0.018264 val_mae=130.317 val_rmse=170.560 test_mae=130.547 test_rmse=170.602 tf=0.83lr=0.001
Epoch 86/400 train_mse_scaled=0.018130 val_mae=131.659 val_rmse=173.607 test_mae=131.623 test_rmse=173.398 tf=0.83lr=0.001
Epoch 87/400 train_mse_scaled=0.018358 val_mae=123.934 val_rmse=164.096 test_mae=123.788 test_rmse=163.755 tf=0.83lr=0.001
Epoch 88/400 train_mse_scaled=0.018181 val_mae=121.752 val_rmse=157.479 test_mae=121.997 test_rmse=157.680 tf=0.83lr=0.001
Epoch 89/400 train_mse_scaled=0.018101 val_mae=132.599 val_rmse=171.177 test_mae=132.729 test_rmse=171.059 tf=0.82lr=0.001
Epoch 90/400 train_mse_scaled=0.018433 val_mae=122.521 val_rmse=157.592 test_mae=122.674 test_rmse=157.252 tf=0.82lr=0.001
Epoch 91/400 train_mse_scaled=0.018567 val_mae=117.780 val_rmse=154.337 test_mae=118.112 test_rmse=154.545 tf=0.82lr=0.001
Epoch 92/400 train_mse_scaled=0.018603 val_mae=120.445 val_rmse=157.992 test_mae=120.164 test_rmse=157.446 tf=0.82lr=0.001
Epoch 93/400 train_mse_scaled=0.018364 val_mae=121.218 val_rmse=161.506 test_mae=121.424 test_rmse=161.804 tf=0.82lr=0.001
Epoch 94/400 train_mse_scaled=0.018658 val_mae=117.942 val_rmse=160.832 test_mae=117.588 test_rmse=160.495 tf=0.81lr=0.001
Epoch 95/400 train_mse_scaled=0.018641 val_mae=125.057 val_rmse=164.718 test_mae=125.242 test_rmse=165.006 tf=0.81lr=0.001
Epoch 96/400 train_mse_scaled=0.018625 val_mae=122.940 val_rmse=163.662 test_mae=123.313 test_rmse=164.001 tf=0.81lr=0.001
Epoch 97/400 train_mse_scaled=0.018729 val_mae=121.711 val_rmse=159.527 test_mae=121.702 test_rmse=159.433 tf=0.81lr=0.001
Epoch 98/400 train_mse_scaled=0.018669 val_mae=128.222 val_rmse=166.586 test_mae=128.239 test_rmse=166.504 tf=0.81lr=0.001
Epoch 99/400 train_mse_scaled=0.018866 val_mae=112.977 val_rmse=147.590 test_mae=113.337 test_rmse=147.711 tf=0.80lr=0.001
Epoch 100/400 train_mse_scaled=0.018850 val_mae=126.153 val_rmse=167.019 test_mae=126.106 test_rmse=167.039 tf=0.80lr=0.001
Epoch 101/400 train_mse_scaled=0.018807 val_mae=120.422 val_rmse=157.716 test_mae=120.409 test_rmse=157.615 tf=0.80lr=0.001
Epoch 102/400 train_mse_scaled=0.018952 val_mae=118.481 val_rmse=158.424 test_mae=118.674 test_rmse=158.540 tf=0.80lr=0.001
Epoch 103/400 train_mse_scaled=0.018875 val_mae=111.516 val_rmse=146.231 test_mae=111.778 test_rmse=146.453 tf=0.79lr=0.001
Epoch 104/400 train_mse_scaled=0.018768 val_mae=130.399 val_rmse=170.897 test_mae=130.548 test_rmse=171.073 tf=0.79lr=0.001
Epoch 105/400 train_mse_scaled=0.018890 val_mae=117.503 val_rmse=153.417 test_mae=117.784 test_rmse=153.789 tf=0.79lr=0.001
Epoch 106/400 train_mse_scaled=0.019075 val_mae=117.267 val_rmse=153.254 test_mae=117.335 test_rmse=153.098 tf=0.79lr=0.001
Epoch 107/400 train_mse_scaled=0.018875 val_mae=120.132 val_rmse=158.129 test_mae=120.487 test_rmse=158.558 tf=0.79lr=0.001
Epoch 108/400 train_mse_scaled=0.019006 val_mae=116.519 val_rmse=153.972 test_mae=116.778 test_rmse=154.277 tf=0.78lr=0.001
Epoch 109/400 train_mse_scaled=0.019044 val_mae=106.783 val_rmse=142.607 test_mae=106.955 test_rmse=142.709 tf=0.78lr=0.001
Epoch 110/400 train_mse_scaled=0.019190 val_mae=112.045 val_rmse=146.487 test_mae=112.171 test_rmse=146.329 tf=0.78lr=0.001
Epoch 111/400 train_mse_scaled=0.018966 val_mae=112.498 val_rmse=147.982 test_mae=112.910 test_rmse=148.253 tf=0.78lr=0.001
Epoch 112/400 train_mse_scaled=0.019273 val_mae=111.524 val_rmse=147.626 test_mae=111.365 test_rmse=146.942 tf=0.78lr=0.001
Epoch 113/400 train_mse_scaled=0.019081 val_mae=110.752 val_rmse=144.965 test_mae=110.687 test_rmse=144.368 tf=0.77lr=0.001
Epoch 114/400 train_mse_scaled=0.019564 val_mae=125.955 val_rmse=166.096 test_mae=126.405 test_rmse=166.798 tf=0.77lr=0.001
Epoch 115/400 train_mse_scaled=0.019384 val_mae=117.293 val_rmse=155.081 test_mae=117.825 test_rmse=155.614 tf=0.77lr=0.001
Epoch 116/400 train_mse_scaled=0.019489 val_mae=106.257 val_rmse=139.032 test_mae=106.485 test_rmse=138.732 tf=0.77lr=0.001
Epoch 117/400 train_mse_scaled=0.019562 val_mae=110.691 val_rmse=145.713 test_mae=110.836 test_rmse=145.253 tf=0.77lr=0.001
Epoch 118/400 train_mse_scaled=0.019605 val_mae=109.431 val_rmse=145.740 test_mae=109.700 test_rmse=145.863 tf=0.76lr=0.001
Epoch 119/400 train_mse_scaled=0.019747 val_mae=117.132 val_rmse=152.249 test_mae=117.497 test_rmse=152.396 tf=0.76lr=0.001
Epoch 120/400 train_mse_scaled=0.019740 val_mae=111.003 val_rmse=148.872 test_mae=111.244 test_rmse=148.971 tf=0.76lr=0.001
Epoch 121/400 train_mse_scaled=0.019704 val_mae=103.396 val_rmse=136.968 test_mae=103.583 test_rmse=136.467 tf=0.76lr=0.001
Epoch 122/400 train_mse_scaled=0.019877 val_mae=113.259 val_rmse=151.340 test_mae=113.499 test_rmse=151.141 tf=0.76lr=0.001
Epoch 123/400 train_mse_scaled=0.019702 val_mae=115.970 val_rmse=151.026 test_mae=116.138 test_rmse=150.822 tf=0.75lr=0.001
Epoch 124/400 train_mse_scaled=0.019839 val_mae=111.049 val_rmse=148.025 test_mae=111.400 test_rmse=148.302 tf=0.75lr=0.001
Epoch 125/400 train_mse_scaled=0.019774 val_mae=104.451 val_rmse=139.162 test_mae=104.535 test_rmse=138.928 tf=0.75lr=0.001
Epoch 126/400 train_mse_scaled=0.020008 val_mae=109.831 val_rmse=146.425 test_mae=110.097 test_rmse=146.675 tf=0.75lr=0.001
Epoch 127/400 train_mse_scaled=0.019743 val_mae=111.093 val_rmse=149.855 test_mae=111.250 test_rmse=150.095 tf=0.75lr=0.001
Epoch 128/400 train_mse_scaled=0.020054 val_mae=103.727 val_rmse=137.151 test_mae=104.161 test_rmse=137.436 tf=0.74lr=0.001
Epoch 129/400 train_mse_scaled=0.019982 val_mae=102.207 val_rmse=134.181 test_mae=102.399 test_rmse=133.781 tf=0.74lr=0.001
Epoch 130/400 train_mse_scaled=0.020013 val_mae=107.379 val_rmse=142.579 test_mae=107.716 test_rmse=142.629 tf=0.74lr=0.001
Epoch 131/400 train_mse_scaled=0.020126 val_mae=104.964 val_rmse=139.038 test_mae=105.180 test_rmse=139.085 tf=0.74lr=0.001
Epoch 132/400 train_mse_scaled=0.020056 val_mae=110.806 val_rmse=146.880 test_mae=111.264 test_rmse=147.259 tf=0.74lr=0.001
Epoch 133/400 train_mse_scaled=0.020179 val_mae=113.298 val_rmse=151.414 test_mae=113.579 test_rmse=151.543 tf=0.73lr=0.001
Epoch 134/400 train_mse_scaled=0.020257 val_mae=105.607 val_rmse=140.403 test_mae=105.756 test_rmse=140.232 tf=0.73lr=0.001
Epoch 135/400 train_mse_scaled=0.020250 val_mae=105.410 val_rmse=138.710 test_mae=105.585 test_rmse=138.286 tf=0.73lr=0.001
Epoch 136/400 train_mse_scaled=0.020313 val_mae=100.447 val_rmse=134.134 test_mae=100.633 test_rmse=133.859 tf=0.73lr=0.001
Epoch 137/400 train_mse_scaled=0.020217 val_mae=99.671 val_rmse=134.167 test_mae=100.101 test_rmse=134.466 tf=0.73lr=0.001
Epoch 138/400 train_mse_scaled=0.020473 val_mae=98.039 val_rmse=129.745 test_mae=98.228 test_rmse=129.503 tf=0.72lr=0.001
Epoch 139/400 train_mse_scaled=0.020515 val_mae=98.333 val_rmse=129.546 test_mae=98.524 test_rmse=129.058 tf=0.72lr=0.001
Epoch 140/400 train_mse_scaled=0.020384 val_mae=107.984 val_rmse=141.966 test_mae=108.307 test_rmse=142.038 tf=0.72lr=0.001
Epoch 141/400 train_mse_scaled=0.020495 val_mae=94.754 val_rmse=124.154 test_mae=95.068 test_rmse=123.628 tf=0.72lr=0.001
Epoch 142/400 train_mse_scaled=0.020361 val_mae=106.959 val_rmse=141.243 test_mae=107.198 test_rmse=141.291 tf=0.72lr=0.001
Epoch 143/400 train_mse_scaled=0.020459 val_mae=99.372 val_rmse=130.023 test_mae=99.245 test_rmse=129.187 tf=0.71lr=0.001
Epoch 144/400 train_mse_scaled=0.020782 val_mae=104.594 val_rmse=138.215 test_mae=104.655 test_rmse=137.737 tf=0.71lr=0.001
Epoch 145/400 train_mse_scaled=0.020724 val_mae=102.728 val_rmse=136.013 test_mae=103.089 test_rmse=136.035 tf=0.71lr=0.001
Epoch 146/400 train_mse_scaled=0.020899 val_mae=93.964 val_rmse=124.310 test_mae=94.094 test_rmse=123.718 tf=0.71lr=0.001
Epoch 147/400 train_mse_scaled=0.020859 val_mae=105.491 val_rmse=138.513 test_mae=105.884 test_rmse=138.767 tf=0.71lr=0.001
Epoch 148/400 train_mse_scaled=0.020894 val_mae=99.761 val_rmse=133.455 test_mae=99.821 test_rmse=133.101 tf=0.70lr=0.001
Epoch 149/400 train_mse_scaled=0.020976 val_mae=107.668 val_rmse=142.699 test_mae=108.071 test_rmse=142.778 tf=0.70lr=0.001
Epoch 150/400 train_mse_scaled=0.020805 val_mae=107.793 val_rmse=146.084 test_mae=108.197 test_rmse=146.223 tf=0.70lr=0.001
Epoch 151/400 train_mse_scaled=0.021098 val_mae=102.491 val_rmse=137.128 test_mae=102.888 test_rmse=137.211 tf=0.70lr=0.001
Epoch 152/400 train_mse_scaled=0.020844 val_mae=110.799 val_rmse=148.287 test_mae=111.456 test_rmse=148.872 tf=0.70lr=0.001
Epoch 153/400 train_mse_scaled=0.020917 val_mae=101.110 val_rmse=137.649 test_mae=101.165 test_rmse=137.512 tf=0.69lr=0.001
Epoch 154/400 train_mse_scaled=0.021231 val_mae=101.711 val_rmse=133.321 test_mae=101.848 test_rmse=132.893 tf=0.69lr=0.001
Epoch 155/400 train_mse_scaled=0.021207 val_mae=97.713 val_rmse=128.625 test_mae=97.742 test_rmse=127.720 tf=0.69lr=0.001
Epoch 156/400 train_mse_scaled=0.020942 val_mae=97.201 val_rmse=130.896 test_mae=97.129 test_rmse=130.116 tf=0.69lr=0.001
Epoch 157/400 train_mse_scaled=0.021269 val_mae=101.440 val_rmse=135.397 test_mae=101.776 test_rmse=135.196 tf=0.69lr=0.001
Epoch 158/400 train_mse_scaled=0.021417 val_mae=99.882 val_rmse=135.444 test_mae=100.023 test_rmse=135.380 tf=0.68lr=0.001
Epoch 159/400 train_mse_scaled=0.021256 val_mae=95.516 val_rmse=124.008 test_mae=95.743 test_rmse=123.592 tf=0.68lr=0.001
Epoch 160/400 train_mse_scaled=0.021357 val_mae=100.098 val_rmse=133.506 test_mae=100.118 test_rmse=133.063 tf=0.68lr=0.001
Epoch 161/400 train_mse_scaled=0.021412 val_mae=99.074 val_rmse=130.937 test_mae=99.244 test_rmse=130.541 tf=0.68lr=0.001
Epoch 162/400 train_mse_scaled=0.021113 val_mae=92.558 val_rmse=121.254 test_mae=92.743 test_rmse=120.738 tf=0.68lr=0.001
Epoch 163/400 train_mse_scaled=0.021679 val_mae=95.057 val_rmse=125.881 test_mae=95.200 test_rmse=125.385 tf=0.67lr=0.001
Epoch 164/400 train_mse_scaled=0.021414 val_mae=106.282 val_rmse=143.655 test_mae=106.696 test_rmse=143.981 tf=0.67lr=0.001
Epoch 165/400 train_mse_scaled=0.021460 val_mae=106.604 val_rmse=141.675 test_mae=107.046 test_rmse=141.678 tf=0.67lr=0.001
Epoch 166/400 train_mse_scaled=0.021795 val_mae=99.327 val_rmse=132.731 test_mae=99.554 test_rmse=132.497 tf=0.67lr=0.001
Epoch 167/400 train_mse_scaled=0.021573 val_mae=99.323 val_rmse=132.186 test_mae=99.275 test_rmse=131.369 tf=0.67lr=0.001
Epoch 168/400 train_mse_scaled=0.021789 val_mae=99.651 val_rmse=132.026 test_mae=99.929 test_rmse=131.781 tf=0.66lr=0.001
Epoch 169/400 train_mse_scaled=0.021591 val_mae=94.758 val_rmse=126.297 test_mae=94.987 test_rmse=125.906 tf=0.66lr=0.001
Epoch 170/400 train_mse_scaled=0.021884 val_mae=101.040 val_rmse=134.004 test_mae=101.159 test_rmse=133.649 tf=0.66lr=0.001
Epoch 171/400 train_mse_scaled=0.022049 val_mae=104.198 val_rmse=137.521 test_mae=104.633 test_rmse=137.774 tf=0.66lr=0.001
Epoch 172/400 train_mse_scaled=0.021728 val_mae=100.496 val_rmse=135.607 test_mae=100.857 test_rmse=135.602 tf=0.66lr=0.001
Epoch 173/400 train_mse_scaled=0.021736 val_mae=92.964 val_rmse=124.024 test_mae=93.232 test_rmse=123.869 tf=0.65lr=0.001
Epoch 174/400 train_mse_scaled=0.022070 val_mae=89.597 val_rmse=119.277 test_mae=89.697 test_rmse=118.716 tf=0.65lr=0.001
Epoch 175/400 train_mse_scaled=0.022244 val_mae=95.137 val_rmse=127.629 test_mae=95.242 test_rmse=127.400 tf=0.65lr=0.001
Epoch 176/400 train_mse_scaled=0.021909 val_mae=97.589 val_rmse=129.427 test_mae=97.892 test_rmse=129.325 tf=0.65lr=0.001
Epoch 177/400 train_mse_scaled=0.022311 val_mae=91.872 val_rmse=121.697 test_mae=92.156 test_rmse=121.401 tf=0.65lr=0.001
Epoch 178/400 train_mse_scaled=0.021932 val_mae=86.645 val_rmse=115.253 test_mae=86.743 test_rmse=114.674 tf=0.64lr=0.001
Epoch 179/400 train_mse_scaled=0.022267 val_mae=90.985 val_rmse=120.298 test_mae=90.962 test_rmse=119.453 tf=0.64lr=0.001
Epoch 180/400 train_mse_scaled=0.022219 val_mae=98.621 val_rmse=133.020 test_mae=98.771 test_rmse=132.536 tf=0.64lr=0.001
Epoch 181/400 train_mse_scaled=0.022248 val_mae=95.841 val_rmse=131.808 test_mae=95.770 test_rmse=131.303 tf=0.64lr=0.001
Epoch 182/400 train_mse_scaled=0.022383 val_mae=94.171 val_rmse=123.051 test_mae=94.433 test_rmse=122.592 tf=0.64lr=0.001
Epoch 183/400 train_mse_scaled=0.022162 val_mae=96.828 val_rmse=130.770 test_mae=97.161 test_rmse=130.924 tf=0.63lr=0.001
Epoch 184/400 train_mse_scaled=0.022233 val_mae=95.481 val_rmse=127.219 test_mae=95.806 test_rmse=127.077 tf=0.63lr=0.001
Epoch 185/400 train_mse_scaled=0.022767 val_mae=94.582 val_rmse=127.539 test_mae=94.571 test_rmse=126.939 tf=0.63lr=0.001
Epoch 186/400 train_mse_scaled=0.022400 val_mae=89.364 val_rmse=119.639 test_mae=89.507 test_rmse=119.267 tf=0.63lr=0.001
Epoch 187/400 train_mse_scaled=0.022591 val_mae=94.532 val_rmse=123.698 test_mae=94.898 test_rmse=123.310 tf=0.63lr=0.001
Epoch 188/400 train_mse_scaled=0.022548 val_mae=88.300 val_rmse=119.678 test_mae=88.466 test_rmse=119.211 tf=0.62lr=0.001
Epoch 189/400 train_mse_scaled=0.022283 val_mae=90.855 val_rmse=121.068 test_mae=91.117 test_rmse=120.891 tf=0.62lr=0.001
Epoch 190/400 train_mse_scaled=0.022597 val_mae=92.105 val_rmse=125.217 test_mae=92.140 test_rmse=124.732 tf=0.62lr=0.001
Epoch 191/400 train_mse_scaled=0.022740 val_mae=93.037 val_rmse=124.182 test_mae=93.196 test_rmse=123.694 tf=0.62lr=0.001
Epoch 192/400 train_mse_scaled=0.022732 val_mae=96.650 val_rmse=126.654 test_mae=96.941 test_rmse=126.264 tf=0.62lr=0.001
Epoch 193/400 train_mse_scaled=0.022583 val_mae=92.916 val_rmse=124.066 test_mae=93.003 test_rmse=123.636 tf=0.61lr=0.001
Epoch 194/400 train_mse_scaled=0.022962 val_mae=90.357 val_rmse=120.483 test_mae=90.467 test_rmse=119.904 tf=0.61lr=0.001
Epoch 195/400 train_mse_scaled=0.022969 val_mae=94.448 val_rmse=128.426 test_mae=94.803 test_rmse=128.482 tf=0.61lr=0.001
Epoch 196/400 train_mse_scaled=0.022871 val_mae=100.894 val_rmse=134.732 test_mae=101.197 test_rmse=134.889 tf=0.61lr=0.001
Epoch 197/400 train_mse_scaled=0.022868 val_mae=91.195 val_rmse=123.459 test_mae=91.417 test_rmse=123.119 tf=0.61lr=0.001
Epoch 198/400 train_mse_scaled=0.022779 val_mae=89.621 val_rmse=118.886 test_mae=90.022 test_rmse=118.665 tf=0.60lr=0.001
Epoch 199/400 train_mse_scaled=0.023050 val_mae=91.399 val_rmse=122.435 test_mae=91.672 test_rmse=122.201 tf=0.60lr=0.001
Epoch 200/400 train_mse_scaled=0.023096 val_mae=91.513 val_rmse=125.761 test_mae=91.964 test_rmse=125.987 tf=0.60lr=0.001
Epoch 201/400 train_mse_scaled=0.023044 val_mae=89.944 val_rmse=119.210 test_mae=90.142 test_rmse=118.685 tf=0.60lr=0.001
Epoch 202/400 train_mse_scaled=0.023207 val_mae=86.662 val_rmse=115.610 test_mae=87.089 test_rmse=115.367 tf=0.60lr=0.001
Epoch 203/400 train_mse_scaled=0.023082 val_mae=90.961 val_rmse=120.689 test_mae=91.185 test_rmse=120.289 tf=0.59lr=0.001
Epoch 204/400 train_mse_scaled=0.023255 val_mae=86.808 val_rmse=114.966 test_mae=87.162 test_rmse=114.960 tf=0.59lr=0.001
Epoch 205/400 train_mse_scaled=0.023310 val_mae=92.742 val_rmse=122.594 test_mae=92.950 test_rmse=122.267 tf=0.59lr=0.001
Epoch 206/400 train_mse_scaled=0.023464 val_mae=86.468 val_rmse=115.099 test_mae=86.553 test_rmse=114.340 tf=0.59lr=0.001
Epoch 207/400 train_mse_scaled=0.023296 val_mae=85.779 val_rmse=114.031 test_mae=86.149 test_rmse=113.580 tf=0.59lr=0.001
Epoch 208/400 train_mse_scaled=0.023640 val_mae=86.669 val_rmse=115.011 test_mae=86.653 test_rmse=114.187 tf=0.58lr=0.001
Epoch 209/400 train_mse_scaled=0.023445 val_mae=92.316 val_rmse=124.506 test_mae=92.619 test_rmse=124.398 tf=0.58lr=0.001
Epoch 210/400 train_mse_scaled=0.023378 val_mae=86.874 val_rmse=115.650 test_mae=86.958 test_rmse=114.929 tf=0.58lr=0.001
Epoch 211/400 train_mse_scaled=0.023347 val_mae=86.790 val_rmse=114.435 test_mae=86.995 test_rmse=113.908 tf=0.58lr=0.001
Epoch 212/400 train_mse_scaled=0.023579 val_mae=81.078 val_rmse=109.529 test_mae=81.185 test_rmse=108.732 tf=0.58lr=0.001
Epoch 213/400 train_mse_scaled=0.023836 val_mae=89.068 val_rmse=117.384 test_mae=89.428 test_rmse=117.041 tf=0.57lr=0.001
Epoch 214/400 train_mse_scaled=0.023616 val_mae=89.856 val_rmse=120.519 test_mae=89.947 test_rmse=119.991 tf=0.57lr=0.001
Epoch 215/400 train_mse_scaled=0.023700 val_mae=87.600 val_rmse=117.635 test_mae=87.547 test_rmse=116.750 tf=0.57lr=0.001
Epoch 216/400 train_mse_scaled=0.023707 val_mae=91.025 val_rmse=121.567 test_mae=91.315 test_rmse=121.076 tf=0.57lr=0.001
Epoch 217/400 train_mse_scaled=0.023793 val_mae=85.449 val_rmse=116.311 test_mae=85.617 test_rmse=115.782 tf=0.57lr=0.001
Epoch 218/400 train_mse_scaled=0.023967 val_mae=84.623 val_rmse=113.849 test_mae=84.866 test_rmse=113.474 tf=0.56lr=0.001
Epoch 219/400 train_mse_scaled=0.023953 val_mae=92.816 val_rmse=124.977 test_mae=93.237 test_rmse=124.853 tf=0.56lr=0.001
Epoch 220/400 train_mse_scaled=0.024019 val_mae=86.460 val_rmse=116.246 test_mae=87.029 test_rmse=116.144 tf=0.56lr=0.001
Epoch 221/400 train_mse_scaled=0.024156 val_mae=90.895 val_rmse=123.011 test_mae=91.126 test_rmse=122.546 tf=0.56lr=0.001
Epoch 222/400 train_mse_scaled=0.023925 val_mae=86.020 val_rmse=115.391 test_mae=86.328 test_rmse=115.077 tf=0.56lr=0.001
Epoch 223/400 train_mse_scaled=0.023978 val_mae=90.357 val_rmse=120.343 test_mae=90.819 test_rmse=120.225 tf=0.55lr=0.001
Epoch 224/400 train_mse_scaled=0.023825 val_mae=85.591 val_rmse=114.937 test_mae=85.881 test_rmse=114.705 tf=0.55lr=0.001
Epoch 225/400 train_mse_scaled=0.023866 val_mae=94.765 val_rmse=128.619 test_mae=95.318 test_rmse=128.854 tf=0.55lr=0.001
Epoch 226/400 train_mse_scaled=0.024189 val_mae=78.292 val_rmse=107.689 test_mae=78.196 test_rmse=106.720 tf=0.55lr=0.001
Epoch 227/400 train_mse_scaled=0.024308 val_mae=82.503 val_rmse=110.211 test_mae=82.679 test_rmse=109.445 tf=0.55lr=0.001
Epoch 228/400 train_mse_scaled=0.024238 val_mae=79.076 val_rmse=106.660 test_mae=79.077 test_rmse=105.742 tf=0.54lr=0.001
Epoch 229/400 train_mse_scaled=0.024332 val_mae=90.885 val_rmse=121.294 test_mae=91.314 test_rmse=121.169 tf=0.54lr=0.001
Epoch 230/400 train_mse_scaled=0.024319 val_mae=85.686 val_rmse=115.835 test_mae=86.199 test_rmse=115.882 tf=0.54lr=0.001
Epoch 231/400 train_mse_scaled=0.024333 val_mae=84.724 val_rmse=112.342 test_mae=85.031 test_rmse=111.878 tf=0.54lr=0.001
Epoch 232/400 train_mse_scaled=0.024574 val_mae=83.865 val_rmse=111.332 test_mae=84.270 test_rmse=111.138 tf=0.54lr=0.001
Epoch 233/400 train_mse_scaled=0.024256 val_mae=85.085 val_rmse=114.478 test_mae=85.325 test_rmse=114.189 tf=0.53lr=0.001
Epoch 234/400 train_mse_scaled=0.024470 val_mae=82.755 val_rmse=110.087 test_mae=83.062 test_rmse=109.625 tf=0.53lr=0.001
Epoch 235/400 train_mse_scaled=0.024608 val_mae=84.811 val_rmse=114.442 test_mae=85.208 test_rmse=114.242 tf=0.53lr=0.001
Epoch 236/400 train_mse_scaled=0.024637 val_mae=81.437 val_rmse=110.604 test_mae=81.695 test_rmse=110.042 tf=0.53lr=0.001
Epoch 237/400 train_mse_scaled=0.024681 val_mae=85.071 val_rmse=115.536 test_mae=85.495 test_rmse=115.389 tf=0.53lr=0.001
Epoch 238/400 train_mse_scaled=0.024461 val_mae=89.594 val_rmse=118.668 test_mae=90.087 test_rmse=118.697 tf=0.52lr=0.001
Epoch 239/400 train_mse_scaled=0.024601 val_mae=80.554 val_rmse=106.866 test_mae=80.844 test_rmse=106.416 tf=0.52lr=0.001
Epoch 240/400 train_mse_scaled=0.024535 val_mae=83.882 val_rmse=111.231 test_mae=84.313 test_rmse=111.061 tf=0.52lr=0.001
Epoch 241/400 train_mse_scaled=0.024759 val_mae=81.887 val_rmse=111.506 test_mae=82.315 test_rmse=111.551 tf=0.52lr=0.001
Epoch 242/400 train_mse_scaled=0.024696 val_mae=79.427 val_rmse=106.410 test_mae=79.793 test_rmse=106.134 tf=0.52lr=0.001
Epoch 243/400 train_mse_scaled=0.024842 val_mae=82.574 val_rmse=113.078 test_mae=82.975 test_rmse=113.222 tf=0.51lr=0.001
Epoch 244/400 train_mse_scaled=0.024666 val_mae=80.110 val_rmse=110.289 test_mae=80.624 test_rmse=110.279 tf=0.51lr=0.001
Epoch 245/400 train_mse_scaled=0.024907 val_mae=88.203 val_rmse=116.002 test_mae=88.796 test_rmse=115.913 tf=0.51lr=0.001
Epoch 246/400 train_mse_scaled=0.024897 val_mae=81.924 val_rmse=111.414 test_mae=82.369 test_rmse=111.404 tf=0.51lr=0.001
Epoch 247/400 train_mse_scaled=0.025162 val_mae=82.290 val_rmse=111.203 test_mae=82.918 test_rmse=111.193 tf=0.51lr=0.001
Epoch 248/400 train_mse_scaled=0.024851 val_mae=80.189 val_rmse=107.173 test_mae=80.723 test_rmse=107.026 tf=0.50lr=0.001
Epoch 249/400 train_mse_scaled=0.024914 val_mae=89.272 val_rmse=120.308 test_mae=89.862 test_rmse=120.426 tf=0.50lr=0.001
Epoch 250/400 train_mse_scaled=0.025028 val_mae=84.884 val_rmse=113.225 test_mae=85.373 test_rmse=113.259 tf=0.50lr=0.001
Epoch 251/400 train_mse_scaled=0.025222 val_mae=80.109 val_rmse=107.083 test_mae=80.583 test_rmse=106.957 tf=0.50lr=0.001
Epoch 252/400 train_mse_scaled=0.025161 val_mae=81.277 val_rmse=111.191 test_mae=81.852 test_rmse=111.199 tf=0.50lr=0.001
Epoch 253/400 train_mse_scaled=0.025348 val_mae=77.499 val_rmse=104.620 test_mae=77.709 test_rmse=104.285 tf=0.49lr=0.001
Epoch 254/400 train_mse_scaled=0.025320 val_mae=79.771 val_rmse=107.732 test_mae=80.129 test_rmse=107.119 tf=0.49lr=0.001
Epoch 255/400 train_mse_scaled=0.025439 val_mae=78.710 val_rmse=109.046 test_mae=79.226 test_rmse=108.979 tf=0.49lr=0.001
Epoch 256/400 train_mse_scaled=0.025177 val_mae=82.638 val_rmse=112.189 test_mae=83.080 test_rmse=112.171 tf=0.49lr=0.001
Epoch 257/400 train_mse_scaled=0.025098 val_mae=83.273 val_rmse=112.510 test_mae=83.772 test_rmse=112.472 tf=0.49lr=0.001
Epoch 258/400 train_mse_scaled=0.025617 val_mae=79.207 val_rmse=106.371 test_mae=79.549 test_rmse=105.718 tf=0.48lr=0.001
Epoch 259/400 train_mse_scaled=0.025565 val_mae=81.315 val_rmse=107.237 test_mae=81.476 test_rmse=106.643 tf=0.48lr=0.001
Epoch 260/400 train_mse_scaled=0.025713 val_mae=82.750 val_rmse=111.690 test_mae=83.190 test_rmse=111.667 tf=0.48lr=0.001
Epoch 261/400 train_mse_scaled=0.025743 val_mae=77.224 val_rmse=104.945 test_mae=77.656 test_rmse=104.795 tf=0.48lr=0.001
Epoch 262/400 train_mse_scaled=0.025638 val_mae=78.849 val_rmse=106.144 test_mae=79.075 test_rmse=105.686 tf=0.48lr=0.001
Epoch 263/400 train_mse_scaled=0.025914 val_mae=77.972 val_rmse=105.009 test_mae=78.211 test_rmse=104.375 tf=0.47lr=0.001
Epoch 264/400 train_mse_scaled=0.025418 val_mae=83.865 val_rmse=115.265 test_mae=84.234 test_rmse=115.080 tf=0.47lr=0.001
Epoch 265/400 train_mse_scaled=0.025751 val_mae=80.647 val_rmse=107.774 test_mae=81.128 test_rmse=107.719 tf=0.47lr=0.001
Epoch 266/400 train_mse_scaled=0.025968 val_mae=77.437 val_rmse=104.811 test_mae=77.529 test_rmse=103.962 tf=0.47lr=0.001
Epoch 267/400 train_mse_scaled=0.025783 val_mae=82.996 val_rmse=113.671 test_mae=83.235 test_rmse=113.470 tf=0.47lr=0.001
Epoch 268/400 train_mse_scaled=0.025843 val_mae=79.627 val_rmse=107.196 test_mae=80.100 test_rmse=107.123 tf=0.46lr=0.001
Epoch 269/400 train_mse_scaled=0.025758 val_mae=79.036 val_rmse=107.394 test_mae=79.582 test_rmse=107.499 tf=0.46lr=0.001
Epoch 270/400 train_mse_scaled=0.025940 val_mae=79.825 val_rmse=108.623 test_mae=80.404 test_rmse=108.707 tf=0.46lr=0.001
Epoch 271/400 train_mse_scaled=0.025818 val_mae=83.708 val_rmse=114.450 test_mae=84.172 test_rmse=114.401 tf=0.46lr=0.001
Epoch 272/400 train_mse_scaled=0.025747 val_mae=82.800 val_rmse=112.979 test_mae=83.257 test_rmse=112.892 tf=0.46lr=0.001
Epoch 273/400 train_mse_scaled=0.026246 val_mae=78.317 val_rmse=105.483 test_mae=78.842 test_rmse=105.290 tf=0.45lr=0.001
Epoch 274/400 train_mse_scaled=0.025927 val_mae=73.904 val_rmse=99.725 test_mae=74.129 test_rmse=99.123 tf=0.45lr=0.001
Epoch 275/400 train_mse_scaled=0.026088 val_mae=75.101 val_rmse=102.025 test_mae=75.418 test_rmse=101.646 tf=0.45lr=0.001
Epoch 276/400 train_mse_scaled=0.025915 val_mae=79.424 val_rmse=106.740 test_mae=79.740 test_rmse=106.392 tf=0.45lr=0.001
Epoch 277/400 train_mse_scaled=0.026181 val_mae=78.140 val_rmse=104.884 test_mae=78.705 test_rmse=104.882 tf=0.45lr=0.001
Epoch 278/400 train_mse_scaled=0.025938 val_mae=79.959 val_rmse=107.148 test_mae=80.498 test_rmse=107.122 tf=0.44lr=0.001
Epoch 279/400 train_mse_scaled=0.026242 val_mae=77.068 val_rmse=106.425 test_mae=77.473 test_rmse=106.382 tf=0.44lr=0.001
Epoch 280/400 train_mse_scaled=0.026430 val_mae=85.050 val_rmse=114.933 test_mae=85.563 test_rmse=114.864 tf=0.44lr=0.001
Epoch 281/400 train_mse_scaled=0.026202 val_mae=79.253 val_rmse=109.097 test_mae=79.713 test_rmse=108.892 tf=0.44lr=0.001
Epoch 282/400 train_mse_scaled=0.026544 val_mae=80.982 val_rmse=108.921 test_mae=81.583 test_rmse=108.806 tf=0.44lr=0.001
Epoch 283/400 train_mse_scaled=0.026176 val_mae=77.020 val_rmse=103.114 test_mae=77.500 test_rmse=103.107 tf=0.43lr=0.001
Epoch 284/400 train_mse_scaled=0.026449 val_mae=77.629 val_rmse=106.331 test_mae=78.075 test_rmse=106.206 tf=0.43lr=0.001
Epoch 285/400 train_mse_scaled=0.026588 val_mae=81.230 val_rmse=111.533 test_mae=81.820 test_rmse=111.324 tf=0.43lr=0.001
Epoch 286/400 train_mse_scaled=0.026538 val_mae=78.852 val_rmse=105.930 test_mae=79.499 test_rmse=105.870 tf=0.43lr=0.001
Epoch 287/400 train_mse_scaled=0.026531 val_mae=70.192 val_rmse=96.514 test_mae=70.578 test_rmse=96.075 tf=0.43lr=0.001
Epoch 288/400 train_mse_scaled=0.026527 val_mae=79.058 val_rmse=106.129 test_mae=79.472 test_rmse=105.927 tf=0.42lr=0.001
Epoch 289/400 train_mse_scaled=0.026271 val_mae=76.026 val_rmse=103.352 test_mae=76.375 test_rmse=102.974 tf=0.42lr=0.001
Epoch 290/400 train_mse_scaled=0.026676 val_mae=78.769 val_rmse=107.916 test_mae=79.306 test_rmse=107.984 tf=0.42lr=0.001
Epoch 291/400 train_mse_scaled=0.026742 val_mae=80.284 val_rmse=107.034 test_mae=80.854 test_rmse=106.977 tf=0.42lr=0.001
Epoch 292/400 train_mse_scaled=0.026720 val_mae=78.146 val_rmse=106.218 test_mae=78.579 test_rmse=105.962 tf=0.42lr=0.001
Epoch 293/400 train_mse_scaled=0.026765 val_mae=68.407 val_rmse=94.146 test_mae=68.747 test_rmse=93.636 tf=0.41lr=0.001
Epoch 294/400 train_mse_scaled=0.026592 val_mae=69.153 val_rmse=95.731 test_mae=69.358 test_rmse=94.976 tf=0.41lr=0.001
Epoch 295/400 train_mse_scaled=0.026802 val_mae=75.216 val_rmse=103.699 test_mae=75.986 test_rmse=104.056 tf=0.41lr=0.001
Epoch 296/400 train_mse_scaled=0.026949 val_mae=73.626 val_rmse=101.202 test_mae=74.060 test_rmse=101.001 tf=0.41lr=0.001
Epoch 297/400 train_mse_scaled=0.026913 val_mae=77.898 val_rmse=106.129 test_mae=78.289 test_rmse=105.825 tf=0.41lr=0.001
Epoch 298/400 train_mse_scaled=0.026896 val_mae=75.060 val_rmse=102.458 test_mae=75.797 test_rmse=102.758 tf=0.40lr=0.001
Epoch 299/400 train_mse_scaled=0.026939 val_mae=77.866 val_rmse=105.872 test_mae=78.681 test_rmse=106.279 tf=0.40lr=0.001
Epoch 300/400 train_mse_scaled=0.027085 val_mae=72.550 val_rmse=99.607 test_mae=73.079 test_rmse=99.795 tf=0.40lr=0.001
Epoch 301/400 train_mse_scaled=0.027206 val_mae=72.868 val_rmse=100.614 test_mae=73.195 test_rmse=99.960 tf=0.40lr=0.001
Epoch 302/400 train_mse_scaled=0.027101 val_mae=75.574 val_rmse=103.289 test_mae=76.062 test_rmse=103.199 tf=0.39lr=0.001
Epoch 303/400 train_mse_scaled=0.026849 val_mae=74.401 val_rmse=100.355 test_mae=74.895 test_rmse=100.221 tf=0.39lr=0.001
Epoch 304/400 train_mse_scaled=0.027186 val_mae=69.883 val_rmse=95.442 test_mae=70.358 test_rmse=95.292 tf=0.39lr=0.001
Epoch 305/400 train_mse_scaled=0.027179 val_mae=74.233 val_rmse=100.627 test_mae=74.714 test_rmse=100.580 tf=0.39lr=0.001
Epoch 306/400 train_mse_scaled=0.027106 val_mae=71.609 val_rmse=100.173 test_mae=72.053 test_rmse=99.985 tf=0.39lr=0.001
Epoch 307/400 train_mse_scaled=0.027205 val_mae=79.796 val_rmse=107.840 test_mae=80.512 test_rmse=108.113 tf=0.38lr=0.001
Epoch 308/400 train_mse_scaled=0.027257 val_mae=75.008 val_rmse=103.909 test_mae=75.369 test_rmse=103.499 tf=0.38lr=0.001
Epoch 309/400 train_mse_scaled=0.027393 val_mae=76.657 val_rmse=105.336 test_mae=77.193 test_rmse=105.232 tf=0.38lr=0.001
Epoch 310/400 train_mse_scaled=0.027351 val_mae=70.785 val_rmse=97.776 test_mae=71.258 test_rmse=97.592 tf=0.38lr=0.001
Epoch 311/400 train_mse_scaled=0.027293 val_mae=76.801 val_rmse=104.289 test_mae=77.230 test_rmse=104.423 tf=0.38lr=0.001
Epoch 312/400 train_mse_scaled=0.027375 val_mae=75.302 val_rmse=102.551 test_mae=75.866 test_rmse=102.632 tf=0.37lr=0.001
Epoch 313/400 train_mse_scaled=0.027254 val_mae=68.946 val_rmse=94.248 test_mae=69.211 test_rmse=93.774 tf=0.37lr=0.001
Epoch 314/400 train_mse_scaled=0.027775 val_mae=80.274 val_rmse=107.670 test_mae=80.826 test_rmse=107.530 tf=0.37lr=0.001
Epoch 315/400 train_mse_scaled=0.027568 val_mae=74.437 val_rmse=101.334 test_mae=74.799 test_rmse=100.969 tf=0.37lr=0.001
Epoch 316/400 train_mse_scaled=0.027484 val_mae=73.509 val_rmse=100.569 test_mae=74.177 test_rmse=100.821 tf=0.37lr=0.001
Epoch 317/400 train_mse_scaled=0.027507 val_mae=71.573 val_rmse=97.031 test_mae=72.128 test_rmse=97.276 tf=0.36lr=0.001
Epoch 318/400 train_mse_scaled=0.027600 val_mae=69.906 val_rmse=95.377 test_mae=70.493 test_rmse=95.191 tf=0.36lr=0.001
Epoch 319/400 train_mse_scaled=0.027624 val_mae=71.893 val_rmse=98.487 test_mae=72.368 test_rmse=98.388 tf=0.36lr=0.001
Epoch 320/400 train_mse_scaled=0.027718 val_mae=66.130 val_rmse=93.024 test_mae=66.804 test_rmse=93.014 tf=0.36lr=0.001
Epoch 321/400 train_mse_scaled=0.027839 val_mae=70.391 val_rmse=96.120 test_mae=71.197 test_rmse=96.788 tf=0.36lr=0.001
Epoch 322/400 train_mse_scaled=0.027850 val_mae=71.311 val_rmse=96.507 test_mae=72.169 test_rmse=96.976 tf=0.35lr=0.001
Epoch 323/400 train_mse_scaled=0.027786 val_mae=72.814 val_rmse=100.072 test_mae=73.277 test_rmse=100.092 tf=0.35lr=0.001
Epoch 324/400 train_mse_scaled=0.027697 val_mae=75.268 val_rmse=100.571 test_mae=76.020 test_rmse=100.878 tf=0.35lr=0.001
Epoch 325/400 train_mse_scaled=0.027686 val_mae=73.827 val_rmse=101.289 test_mae=74.564 test_rmse=101.458 tf=0.35lr=0.001
Epoch 326/400 train_mse_scaled=0.028108 val_mae=69.029 val_rmse=96.781 test_mae=69.352 test_rmse=96.383 tf=0.35lr=0.001
Epoch 327/400 train_mse_scaled=0.027897 val_mae=68.950 val_rmse=92.831 test_mae=69.774 test_rmse=93.447 tf=0.34lr=0.001
Epoch 328/400 train_mse_scaled=0.027708 val_mae=73.990 val_rmse=102.546 test_mae=74.727 test_rmse=102.791 tf=0.34lr=0.001
Epoch 329/400 train_mse_scaled=0.027903 val_mae=73.379 val_rmse=99.160 test_mae=74.258 test_rmse=99.628 tf=0.34lr=0.001
Epoch 330/400 train_mse_scaled=0.028165 val_mae=72.841 val_rmse=99.097 test_mae=73.523 test_rmse=99.299 tf=0.34lr=0.001
Epoch 331/400 train_mse_scaled=0.028113 val_mae=70.916 val_rmse=97.947 test_mae=71.673 test_rmse=98.334 tf=0.34lr=0.001
Epoch 332/400 train_mse_scaled=0.027966 val_mae=73.355 val_rmse=98.027 test_mae=73.803 test_rmse=97.717 tf=0.33lr=0.001
Epoch 333/400 train_mse_scaled=0.028119 val_mae=67.745 val_rmse=94.032 test_mae=68.352 test_rmse=93.961 tf=0.33lr=0.001
Epoch 334/400 train_mse_scaled=0.028065 val_mae=69.851 val_rmse=94.748 test_mae=70.500 test_rmse=94.922 tf=0.33lr=0.001
Epoch 335/400 train_mse_scaled=0.028130 val_mae=70.455 val_rmse=96.215 test_mae=71.183 test_rmse=96.703 tf=0.33lr=0.001
Epoch 336/400 train_mse_scaled=0.028041 val_mae=72.625 val_rmse=100.817 test_mae=73.085 test_rmse=100.890 tf=0.33lr=0.001
Epoch 337/400 train_mse_scaled=0.027786 val_mae=71.150 val_rmse=98.650 test_mae=71.730 test_rmse=98.635 tf=0.32lr=0.001
Epoch 338/400 train_mse_scaled=0.028211 val_mae=65.688 val_rmse=92.240 test_mae=66.197 test_rmse=92.225 tf=0.32lr=0.001
Epoch 339/400 train_mse_scaled=0.028229 val_mae=66.834 val_rmse=91.739 test_mae=67.453 test_rmse=92.037 tf=0.32lr=0.001
Epoch 340/400 train_mse_scaled=0.028010 val_mae=71.873 val_rmse=97.094 test_mae=72.643 test_rmse=97.600 tf=0.32lr=0.001
Epoch 341/400 train_mse_scaled=0.028218 val_mae=67.035 val_rmse=92.421 test_mae=67.655 test_rmse=92.526 tf=0.32lr=0.001
Epoch 342/400 train_mse_scaled=0.028306 val_mae=67.864 val_rmse=93.958 test_mae=68.360 test_rmse=93.634 tf=0.31lr=0.001
Epoch 343/400 train_mse_scaled=0.028443 val_mae=73.576 val_rmse=100.915 test_mae=74.176 test_rmse=100.979 tf=0.31lr=0.001
Epoch 344/400 train_mse_scaled=0.028965 val_mae=70.844 val_rmse=95.229 test_mae=71.442 test_rmse=95.175 tf=0.31lr=0.001
Epoch 345/400 train_mse_scaled=0.028490 val_mae=66.091 val_rmse=93.096 test_mae=66.511 test_rmse=92.805 tf=0.31lr=0.001
Epoch 346/400 train_mse_scaled=0.028199 val_mae=65.895 val_rmse=90.691 test_mae=66.513 test_rmse=90.666 tf=0.31lr=0.001
Epoch 347/400 train_mse_scaled=0.028140 val_mae=68.879 val_rmse=94.626 test_mae=69.451 test_rmse=94.216 tf=0.30lr=0.001
Epoch 348/400 train_mse_scaled=0.028396 val_mae=68.194 val_rmse=92.705 test_mae=68.808 test_rmse=92.612 tf=0.30lr=0.001
Epoch 349/400 train_mse_scaled=0.028767 val_mae=68.788 val_rmse=93.292 test_mae=69.428 test_rmse=93.382 tf=0.30lr=0.001
Epoch 350/400 train_mse_scaled=0.028518 val_mae=67.745 val_rmse=93.044 test_mae=68.507 test_rmse=93.184 tf=0.30lr=0.001
Epoch 351/400 train_mse_scaled=0.028719 val_mae=66.651 val_rmse=92.200 test_mae=67.290 test_rmse=92.089 tf=0.30lr=0.001
Epoch 352/400 train_mse_scaled=0.028747 val_mae=70.484 val_rmse=94.890 test_mae=71.129 test_rmse=95.017 tf=0.29lr=0.001
Epoch 353/400 train_mse_scaled=0.028419 val_mae=70.503 val_rmse=99.958 test_mae=71.210 test_rmse=100.239 tf=0.29lr=0.001
Epoch 354/400 train_mse_scaled=0.028561 val_mae=61.575 val_rmse=87.337 test_mae=62.005 test_rmse=87.157 tf=0.29lr=0.001
Epoch 355/400 train_mse_scaled=0.028737 val_mae=61.537 val_rmse=86.355 test_mae=62.062 test_rmse=86.255 tf=0.29lr=0.001
Epoch 356/400 train_mse_scaled=0.028943 val_mae=68.706 val_rmse=96.517 test_mae=69.366 test_rmse=96.676 tf=0.29lr=0.001
Epoch 357/400 train_mse_scaled=0.028530 val_mae=67.557 val_rmse=92.571 test_mae=67.992 test_rmse=92.363 tf=0.28lr=0.001
Epoch 358/400 train_mse_scaled=0.028767 val_mae=70.216 val_rmse=96.298 test_mae=70.847 test_rmse=96.362 tf=0.28lr=0.001
Epoch 359/400 train_mse_scaled=0.028888 val_mae=69.790 val_rmse=94.616 test_mae=70.425 test_rmse=94.608 tf=0.28lr=0.001
Epoch 360/400 train_mse_scaled=0.028604 val_mae=74.091 val_rmse=101.783 test_mae=74.533 test_rmse=101.294 tf=0.28lr=0.001
Epoch 361/400 train_mse_scaled=0.029154 val_mae=70.804 val_rmse=97.455 test_mae=71.417 test_rmse=97.559 tf=0.28lr=0.001
Epoch 362/400 train_mse_scaled=0.028895 val_mae=66.829 val_rmse=93.544 test_mae=67.338 test_rmse=93.203 tf=0.27lr=0.001
Epoch 363/400 train_mse_scaled=0.028760 val_mae=70.430 val_rmse=94.809 test_mae=70.982 test_rmse=94.559 tf=0.27lr=0.001
Epoch 364/400 train_mse_scaled=0.029138 val_mae=69.216 val_rmse=94.958 test_mae=69.913 test_rmse=95.051 tf=0.27lr=0.001
Epoch 365/400 train_mse_scaled=0.029160 val_mae=63.915 val_rmse=88.410 test_mae=64.680 test_rmse=88.720 tf=0.27lr=0.001
Epoch 366/400 train_mse_scaled=0.029025 val_mae=67.046 val_rmse=91.621 test_mae=67.511 test_rmse=91.169 tf=0.27lr=0.001
Epoch 367/400 train_mse_scaled=0.029079 val_mae=70.084 val_rmse=94.351 test_mae=70.701 test_rmse=94.318 tf=0.26lr=0.001
Epoch 368/400 train_mse_scaled=0.029235 val_mae=65.041 val_rmse=90.116 test_mae=65.639 test_rmse=90.258 tf=0.26lr=0.001
Epoch 369/400 train_mse_scaled=0.029064 val_mae=70.967 val_rmse=97.552 test_mae=71.368 test_rmse=97.274 tf=0.26lr=0.001
Epoch 370/400 train_mse_scaled=0.028962 val_mae=66.660 val_rmse=90.790 test_mae=67.244 test_rmse=90.769 tf=0.26lr=0.001
Epoch 371/400 train_mse_scaled=0.028963 val_mae=65.131 val_rmse=91.832 test_mae=65.776 test_rmse=91.910 tf=0.26lr=0.001
Epoch 372/400 train_mse_scaled=0.029360 val_mae=65.127 val_rmse=90.242 test_mae=65.810 test_rmse=90.366 tf=0.25lr=0.001
Epoch 373/400 train_mse_scaled=0.029184 val_mae=64.851 val_rmse=89.455 test_mae=65.541 test_rmse=89.769 tf=0.25lr=0.001
Epoch 374/400 train_mse_scaled=0.028947 val_mae=65.349 val_rmse=91.625 test_mae=65.746 test_rmse=91.127 tf=0.25lr=0.001
Epoch 375/400 train_mse_scaled=0.029153 val_mae=69.370 val_rmse=96.980 test_mae=70.218 test_rmse=97.568 tf=0.25lr=0.001
Epoch 376/400 train_mse_scaled=0.029137 val_mae=69.252 val_rmse=101.410 test_mae=69.798 test_rmse=101.258 tf=0.25lr=0.001
Epoch 377/400 train_mse_scaled=0.029217 val_mae=66.685 val_rmse=94.906 test_mae=67.151 test_rmse=94.845 tf=0.24lr=0.001
Epoch 378/400 train_mse_scaled=0.029032 val_mae=67.074 val_rmse=91.999 test_mae=67.837 test_rmse=92.250 tf=0.24lr=0.001
Epoch 379/400 train_mse_scaled=0.029321 val_mae=64.285 val_rmse=88.856 test_mae=64.988 test_rmse=89.030 tf=0.24lr=0.001
Epoch 380/400 train_mse_scaled=0.029564 val_mae=66.076 val_rmse=92.050 test_mae=66.722 test_rmse=92.033 tf=0.24lr=0.001
Epoch 381/400 train_mse_scaled=0.029581 val_mae=69.853 val_rmse=94.711 test_mae=70.691 test_rmse=95.095 tf=0.24lr=0.001
Epoch 382/400 train_mse_scaled=0.028951 val_mae=64.694 val_rmse=89.421 test_mae=65.201 test_rmse=88.981 tf=0.23lr=0.001
Epoch 383/400 train_mse_scaled=0.029236 val_mae=63.516 val_rmse=88.573 test_mae=64.305 test_rmse=88.849 tf=0.23lr=0.001
Epoch 384/400 train_mse_scaled=0.029129 val_mae=61.103 val_rmse=85.746 test_mae=61.717 test_rmse=85.654 tf=0.23lr=0.001
Epoch 385/400 train_mse_scaled=0.029585 val_mae=64.761 val_rmse=91.137 test_mae=65.470 test_rmse=91.356 tf=0.23lr=0.001
Epoch 386/400 train_mse_scaled=0.029478 val_mae=68.062 val_rmse=92.691 test_mae=68.535 test_rmse=92.441 tf=0.23lr=0.001
Epoch 387/400 train_mse_scaled=0.029393 val_mae=68.415 val_rmse=92.367 test_mae=69.078 test_rmse=92.059 tf=0.22lr=0.001
Epoch 388/400 train_mse_scaled=0.029362 val_mae=66.157 val_rmse=90.664 test_mae=66.789 test_rmse=90.710 tf=0.22lr=0.001
Epoch 389/400 train_mse_scaled=0.029401 val_mae=68.069 val_rmse=92.292 test_mae=68.671 test_rmse=92.172 tf=0.22lr=0.001
Epoch 390/400 train_mse_scaled=0.029821 val_mae=64.515 val_rmse=89.309 test_mae=65.081 test_rmse=89.271 tf=0.22lr=0.001
Epoch 391/400 train_mse_scaled=0.029548 val_mae=64.503 val_rmse=89.658 test_mae=64.879 test_rmse=89.171 tf=0.22lr=0.001
Epoch 392/400 train_mse_scaled=0.029387 val_mae=66.627 val_rmse=91.155 test_mae=67.261 test_rmse=90.969 tf=0.21lr=0.001
Epoch 393/400 train_mse_scaled=0.029676 val_mae=65.733 val_rmse=89.411 test_mae=66.404 test_rmse=89.699 tf=0.21lr=0.001
Epoch 394/400 train_mse_scaled=0.029605 val_mae=62.469 val_rmse=86.451 test_mae=62.926 test_rmse=86.136 tf=0.21lr=0.001
Epoch 395/400 train_mse_scaled=0.029575 val_mae=62.556 val_rmse=87.333 test_mae=63.168 test_rmse=87.201 tf=0.21lr=0.001
Epoch 396/400 train_mse_scaled=0.029634 val_mae=64.756 val_rmse=88.468 test_mae=65.500 test_rmse=88.483 tf=0.21lr=0.001
Epoch 397/400 train_mse_scaled=0.029606 val_mae=61.243 val_rmse=85.792 test_mae=61.534 test_rmse=84.996 tf=0.20lr=0.001
Epoch 398/400 train_mse_scaled=0.029509 val_mae=66.518 val_rmse=91.042 test_mae=66.856 test_rmse=90.531 tf=0.20lr=0.001
Epoch 399/400 train_mse_scaled=0.029859 val_mae=68.227 val_rmse=93.351 test_mae=69.355 test_rmse=94.566 tf=0.20lr=0.001
Epoch 400/400 train_mse_scaled=0.030004 val_mae=65.001 val_rmse=90.918 test_mae=65.587 test_rmse=90.953 tf=0.20lr=0.001
Training complete. Best checkpoint at: v2/results/checkpoints/seq2seq/best.pth
