Cleaned data: 787920 -> 609679 rows. Saved: v2/results/cleaned.csv
Samples -> train: 16453, val: 2056, test: 2121

Train samples (show 5):
  [0] TurbID=1, start_idx=3644, hist=(2020-07-15 04:00:00~2020-07-17 03:00:00), pred=(2020-07-17 04:00:00~2020-07-18 03:00:00)
  [1] TurbID=1, start_idx=298, hist=(2020-01-16 23:00:00~2020-01-18 22:00:00), pred=(2020-01-18 23:00:00~2020-01-19 22:00:00)
  [2] TurbID=1, start_idx=320, hist=(2020-01-17 21:00:00~2020-01-19 20:00:00), pred=(2020-01-19 21:00:00~2020-01-20 20:00:00)
  [3] TurbID=1, start_idx=3612, hist=(2020-07-13 20:00:00~2020-07-15 19:00:00), pred=(2020-07-15 20:00:00~2020-07-16 19:00:00)
  [4] TurbID=1, start_idx=2728, hist=(2020-05-20 15:00:00~2020-05-22 14:00:00), pred=(2020-05-22 15:00:00~2020-05-23 14:00:00)

Val samples (show 5):
  [0] TurbID=1, start_idx=3809, hist=(2020-07-23 02:00:00~2020-07-25 01:00:00), pred=(2020-07-25 02:00:00~2020-07-26 01:00:00)
  [1] TurbID=1, start_idx=317, hist=(2020-01-17 18:00:00~2020-01-19 17:00:00), pred=(2020-01-19 18:00:00~2020-01-20 17:00:00)
  [2] TurbID=1, start_idx=3774, hist=(2020-07-21 15:00:00~2020-07-23 14:00:00), pred=(2020-07-23 15:00:00~2020-07-24 14:00:00)
  [3] TurbID=1, start_idx=1784, hist=(2020-04-01 20:00:00~2020-04-03 19:00:00), pred=(2020-04-03 20:00:00~2020-04-04 19:00:00)
  [4] TurbID=1, start_idx=1836, hist=(2020-04-04 00:00:00~2020-04-05 23:00:00), pred=(2020-04-06 00:00:00~2020-04-06 23:00:00)

Test samples (show 5):
  [0] TurbID=1, start_idx=37, hist=(2020-01-02 15:00:00~2020-01-04 14:00:00), pred=(2020-01-04 15:00:00~2020-01-05 14:00:00)
  [1] TurbID=1, start_idx=3614, hist=(2020-07-13 22:00:00~2020-07-15 21:00:00), pred=(2020-07-15 22:00:00~2020-07-16 21:00:00)
  [2] TurbID=1, start_idx=29, hist=(2020-01-02 07:00:00~2020-01-04 06:00:00), pred=(2020-01-04 07:00:00~2020-01-05 06:00:00)
  [3] TurbID=1, start_idx=3766, hist=(2020-07-21 07:00:00~2020-07-23 06:00:00), pred=(2020-07-23 07:00:00~2020-07-24 06:00:00)
  [4] TurbID=1, start_idx=1768, hist=(2020-04-01 04:00:00~2020-04-03 03:00:00), pred=(2020-04-03 04:00:00~2020-04-04 03:00:00)
Epoch 1/1000 train_mse_scaled=0.649553 val_mae=200.356 val_rmse=263.276 tf=0.00lr=0.001
Epoch 2/1000 train_mse_scaled=0.295140 val_mae=153.944 val_rmse=210.255 tf=0.00lr=0.001
Epoch 3/1000 train_mse_scaled=0.231184 val_mae=136.230 val_rmse=189.280 tf=0.00lr=0.001
Epoch 4/1000 train_mse_scaled=0.200732 val_mae=123.754 val_rmse=174.185 tf=0.00lr=0.001
Epoch 5/1000 train_mse_scaled=0.176869 val_mae=115.274 val_rmse=160.899 tf=0.00lr=0.001
Epoch 6/1000 train_mse_scaled=0.158925 val_mae=108.116 val_rmse=152.072 tf=0.00lr=0.001
Epoch 7/1000 train_mse_scaled=0.145995 val_mae=104.739 val_rmse=146.929 tf=0.00lr=0.001
Epoch 8/1000 train_mse_scaled=0.136488 val_mae=98.597 val_rmse=140.757 tf=0.00lr=0.001
Epoch 9/1000 train_mse_scaled=0.127200 val_mae=96.197 val_rmse=137.320 tf=0.00lr=0.001
Epoch 10/1000 train_mse_scaled=0.119504 val_mae=91.558 val_rmse=131.597 tf=0.00lr=0.001
Epoch 11/1000 train_mse_scaled=0.114927 val_mae=89.296 val_rmse=129.899 tf=0.00lr=0.001
Epoch 12/1000 train_mse_scaled=0.109602 val_mae=87.583 val_rmse=126.403 tf=0.00lr=0.001
Epoch 13/1000 train_mse_scaled=0.106390 val_mae=87.558 val_rmse=125.957 tf=0.00lr=0.001
Epoch 14/1000 train_mse_scaled=0.103333 val_mae=85.158 val_rmse=122.736 tf=0.00lr=0.001
Epoch 15/1000 train_mse_scaled=0.099830 val_mae=84.198 val_rmse=122.231 tf=0.00lr=0.001
Epoch 16/1000 train_mse_scaled=0.097795 val_mae=82.079 val_rmse=119.810 tf=0.00lr=0.001
Epoch 17/1000 train_mse_scaled=0.095006 val_mae=82.473 val_rmse=119.307 tf=0.00lr=0.001
Epoch 18/1000 train_mse_scaled=0.093078 val_mae=83.385 val_rmse=118.942 tf=0.00lr=0.001
Epoch 19/1000 train_mse_scaled=0.090682 val_mae=80.129 val_rmse=115.971 tf=0.00lr=0.001
Epoch 20/1000 train_mse_scaled=0.089475 val_mae=80.736 val_rmse=115.394 tf=0.00lr=0.001
Epoch 21/1000 train_mse_scaled=0.087715 val_mae=79.518 val_rmse=115.281 tf=0.00lr=0.001
Epoch 22/1000 train_mse_scaled=0.086298 val_mae=79.483 val_rmse=115.246 tf=0.00lr=0.001
Epoch 23/1000 train_mse_scaled=0.083950 val_mae=76.911 val_rmse=112.441 tf=0.00lr=0.001
Epoch 24/1000 train_mse_scaled=0.082715 val_mae=77.479 val_rmse=112.122 tf=0.00lr=0.001
Epoch 25/1000 train_mse_scaled=0.081417 val_mae=78.516 val_rmse=113.116 tf=0.00lr=0.001
Epoch 26/1000 train_mse_scaled=0.080409 val_mae=75.494 val_rmse=109.762 tf=0.00lr=0.001
Epoch 27/1000 train_mse_scaled=0.079631 val_mae=76.276 val_rmse=109.315 tf=0.00lr=0.001
Epoch 28/1000 train_mse_scaled=0.077735 val_mae=75.924 val_rmse=108.940 tf=0.00lr=0.001
Epoch 29/1000 train_mse_scaled=0.077196 val_mae=74.037 val_rmse=107.048 tf=0.00lr=0.001
Epoch 30/1000 train_mse_scaled=0.075912 val_mae=74.820 val_rmse=108.269 tf=0.00lr=0.001
Epoch 31/1000 train_mse_scaled=0.074997 val_mae=74.054 val_rmse=106.790 tf=0.00lr=0.001
Epoch 32/1000 train_mse_scaled=0.073848 val_mae=73.253 val_rmse=106.087 tf=0.00lr=0.001
Epoch 33/1000 train_mse_scaled=0.073173 val_mae=73.182 val_rmse=105.577 tf=0.00lr=0.001
Epoch 34/1000 train_mse_scaled=0.072213 val_mae=72.548 val_rmse=104.554 tf=0.00lr=0.001
Epoch 35/1000 train_mse_scaled=0.071243 val_mae=72.223 val_rmse=104.469 tf=0.00lr=0.001
Epoch 36/1000 train_mse_scaled=0.070547 val_mae=71.176 val_rmse=102.769 tf=0.00lr=0.001
Epoch 37/1000 train_mse_scaled=0.070041 val_mae=71.303 val_rmse=102.737 tf=0.00lr=0.001
Epoch 38/1000 train_mse_scaled=0.068814 val_mae=69.421 val_rmse=101.393 tf=0.00lr=0.001
Epoch 39/1000 train_mse_scaled=0.068235 val_mae=71.532 val_rmse=101.844 tf=0.00lr=0.001
Epoch 40/1000 train_mse_scaled=0.067471 val_mae=69.022 val_rmse=101.181 tf=0.00lr=0.001
Epoch 41/1000 train_mse_scaled=0.066302 val_mae=69.127 val_rmse=100.812 tf=0.00lr=0.001
Epoch 42/1000 train_mse_scaled=0.065638 val_mae=69.827 val_rmse=99.827 tf=0.00lr=0.001
Epoch 43/1000 train_mse_scaled=0.064877 val_mae=68.517 val_rmse=99.227 tf=0.00lr=0.001
Epoch 44/1000 train_mse_scaled=0.064179 val_mae=68.406 val_rmse=98.566 tf=0.00lr=0.001
Epoch 45/1000 train_mse_scaled=0.063771 val_mae=68.176 val_rmse=97.895 tf=0.00lr=0.001
Epoch 46/1000 train_mse_scaled=0.063027 val_mae=67.037 val_rmse=97.458 tf=0.00lr=0.001
Epoch 47/1000 train_mse_scaled=0.061943 val_mae=68.121 val_rmse=97.163 tf=0.00lr=0.001
Epoch 48/1000 train_mse_scaled=0.062193 val_mae=66.113 val_rmse=96.077 tf=0.00lr=0.001
Epoch 49/1000 train_mse_scaled=0.061377 val_mae=67.390 val_rmse=96.645 tf=0.00lr=0.001
Epoch 50/1000 train_mse_scaled=0.060517 val_mae=65.411 val_rmse=95.245 tf=0.00lr=0.001
Epoch 51/1000 train_mse_scaled=0.060079 val_mae=65.414 val_rmse=94.442 tf=0.00lr=0.001
Epoch 52/1000 train_mse_scaled=0.059151 val_mae=66.545 val_rmse=95.882 tf=0.00lr=0.001
Epoch 53/1000 train_mse_scaled=0.058710 val_mae=65.321 val_rmse=94.220 tf=0.00lr=0.001
Epoch 54/1000 train_mse_scaled=0.058501 val_mae=65.771 val_rmse=93.755 tf=0.00lr=0.001
Epoch 55/1000 train_mse_scaled=0.057901 val_mae=64.228 val_rmse=92.746 tf=0.00lr=0.001
Epoch 56/1000 train_mse_scaled=0.056592 val_mae=63.351 val_rmse=92.896 tf=0.00lr=0.001
Epoch 57/1000 train_mse_scaled=0.056274 val_mae=63.764 val_rmse=92.419 tf=0.00lr=0.001
Epoch 58/1000 train_mse_scaled=0.056209 val_mae=62.460 val_rmse=91.389 tf=0.00lr=0.001
Epoch 59/1000 train_mse_scaled=0.055657 val_mae=63.228 val_rmse=91.226 tf=0.00lr=0.001
Epoch 60/1000 train_mse_scaled=0.054896 val_mae=61.753 val_rmse=89.736 tf=0.00lr=0.001
Epoch 61/1000 train_mse_scaled=0.054668 val_mae=61.169 val_rmse=90.170 tf=0.00lr=0.001
Epoch 62/1000 train_mse_scaled=0.054259 val_mae=63.093 val_rmse=90.778 tf=0.00lr=0.001
Epoch 63/1000 train_mse_scaled=0.053477 val_mae=62.722 val_rmse=90.107 tf=0.00lr=0.001
Epoch 64/1000 train_mse_scaled=0.053370 val_mae=59.975 val_rmse=88.092 tf=0.00lr=0.001
Epoch 65/1000 train_mse_scaled=0.052976 val_mae=59.934 val_rmse=87.889 tf=0.00lr=0.001
Epoch 66/1000 train_mse_scaled=0.052273 val_mae=62.365 val_rmse=89.474 tf=0.00lr=0.001
Epoch 67/1000 train_mse_scaled=0.052011 val_mae=60.723 val_rmse=88.184 tf=0.00lr=0.001
Epoch 68/1000 train_mse_scaled=0.051112 val_mae=60.047 val_rmse=87.521 tf=0.00lr=0.001
Epoch 69/1000 train_mse_scaled=0.051143 val_mae=60.004 val_rmse=87.540 tf=0.00lr=0.001
Epoch 70/1000 train_mse_scaled=0.050959 val_mae=60.251 val_rmse=87.501 tf=0.00lr=0.001
Epoch 71/1000 train_mse_scaled=0.050758 val_mae=60.817 val_rmse=87.704 tf=0.00lr=0.001
Epoch 72/1000 train_mse_scaled=0.049802 val_mae=59.087 val_rmse=86.146 tf=0.00lr=0.001
Epoch 73/1000 train_mse_scaled=0.049705 val_mae=59.537 val_rmse=86.133 tf=0.00lr=0.001
Epoch 74/1000 train_mse_scaled=0.049240 val_mae=59.697 val_rmse=86.138 tf=0.00lr=0.001
Epoch 75/1000 train_mse_scaled=0.048683 val_mae=59.586 val_rmse=86.002 tf=0.00lr=0.001
Epoch 76/1000 train_mse_scaled=0.048539 val_mae=58.407 val_rmse=85.002 tf=0.00lr=0.001
Epoch 77/1000 train_mse_scaled=0.048597 val_mae=57.537 val_rmse=84.122 tf=0.00lr=0.001
Epoch 78/1000 train_mse_scaled=0.047786 val_mae=57.546 val_rmse=84.280 tf=0.00lr=0.001
Epoch 79/1000 train_mse_scaled=0.047283 val_mae=58.268 val_rmse=84.405 tf=0.00lr=0.001
Epoch 80/1000 train_mse_scaled=0.047216 val_mae=57.661 val_rmse=83.870 tf=0.00lr=0.001
Epoch 81/1000 train_mse_scaled=0.047122 val_mae=59.239 val_rmse=84.749 tf=0.00lr=0.001
Epoch 82/1000 train_mse_scaled=0.046638 val_mae=57.541 val_rmse=83.196 tf=0.00lr=0.001
Epoch 83/1000 train_mse_scaled=0.046070 val_mae=55.577 val_rmse=81.886 tf=0.00lr=0.001
Epoch 84/1000 train_mse_scaled=0.046097 val_mae=55.823 val_rmse=82.188 tf=0.00lr=0.001
Epoch 85/1000 train_mse_scaled=0.045835 val_mae=55.979 val_rmse=82.128 tf=0.00lr=0.001
Epoch 86/1000 train_mse_scaled=0.045136 val_mae=56.732 val_rmse=82.616 tf=0.00lr=0.001
Epoch 87/1000 train_mse_scaled=0.044857 val_mae=56.027 val_rmse=81.662 tf=0.00lr=0.001
Epoch 88/1000 train_mse_scaled=0.044698 val_mae=56.503 val_rmse=81.826 tf=0.00lr=0.001
Epoch 89/1000 train_mse_scaled=0.044286 val_mae=54.763 val_rmse=81.183 tf=0.00lr=0.001
Epoch 90/1000 train_mse_scaled=0.044354 val_mae=55.421 val_rmse=80.559 tf=0.00lr=0.001
Epoch 91/1000 train_mse_scaled=0.044285 val_mae=55.430 val_rmse=80.351 tf=0.00lr=0.001
Epoch 92/1000 train_mse_scaled=0.043309 val_mae=55.756 val_rmse=80.992 tf=0.00lr=0.001
Epoch 93/1000 train_mse_scaled=0.043637 val_mae=54.492 val_rmse=80.364 tf=0.00lr=0.001
Epoch 94/1000 train_mse_scaled=0.042928 val_mae=53.331 val_rmse=78.651 tf=0.00lr=0.001
Epoch 95/1000 train_mse_scaled=0.042787 val_mae=54.435 val_rmse=79.664 tf=0.00lr=0.001
Epoch 96/1000 train_mse_scaled=0.042523 val_mae=52.933 val_rmse=78.494 tf=0.00lr=0.001
Epoch 97/1000 train_mse_scaled=0.042335 val_mae=54.191 val_rmse=79.149 tf=0.00lr=0.001
Epoch 98/1000 train_mse_scaled=0.041991 val_mae=54.626 val_rmse=78.915 tf=0.00lr=0.001
Epoch 99/1000 train_mse_scaled=0.042029 val_mae=54.343 val_rmse=78.343 tf=0.00lr=0.001
Epoch 100/1000 train_mse_scaled=0.041493 val_mae=53.535 val_rmse=77.924 tf=0.00lr=0.001
Epoch 101/1000 train_mse_scaled=0.041465 val_mae=51.753 val_rmse=77.296 tf=0.00lr=0.001
Epoch 102/1000 train_mse_scaled=0.041608 val_mae=53.547 val_rmse=77.801 tf=0.00lr=0.001
Epoch 103/1000 train_mse_scaled=0.041069 val_mae=53.148 val_rmse=77.500 tf=0.00lr=0.001
Epoch 104/1000 train_mse_scaled=0.040691 val_mae=54.848 val_rmse=78.304 tf=0.00lr=0.001
Epoch 105/1000 train_mse_scaled=0.040450 val_mae=53.880 val_rmse=78.303 tf=0.00lr=0.001
Epoch 106/1000 train_mse_scaled=0.039613 val_mae=52.396 val_rmse=76.072 tf=0.00lr=0.0005
Epoch 107/1000 train_mse_scaled=0.038996 val_mae=51.318 val_rmse=75.505 tf=0.00lr=0.0005
Epoch 108/1000 train_mse_scaled=0.039275 val_mae=51.685 val_rmse=75.585 tf=0.00lr=0.0005
Epoch 109/1000 train_mse_scaled=0.039048 val_mae=51.860 val_rmse=75.993 tf=0.00lr=0.0005
Epoch 110/1000 train_mse_scaled=0.038849 val_mae=51.812 val_rmse=75.685 tf=0.00lr=0.0005
Epoch 111/1000 train_mse_scaled=0.038689 val_mae=51.061 val_rmse=75.171 tf=0.00lr=0.0005
Epoch 112/1000 train_mse_scaled=0.038674 val_mae=52.487 val_rmse=76.084 tf=0.00lr=0.0005
Epoch 113/1000 train_mse_scaled=0.038682 val_mae=51.797 val_rmse=75.465 tf=0.00lr=0.0005
Epoch 114/1000 train_mse_scaled=0.038495 val_mae=52.341 val_rmse=75.829 tf=0.00lr=0.0005
Epoch 115/1000 train_mse_scaled=0.038532 val_mae=51.448 val_rmse=75.016 tf=0.00lr=0.0005
Epoch 116/1000 train_mse_scaled=0.038472 val_mae=51.286 val_rmse=74.859 tf=0.00lr=0.0005
Epoch 117/1000 train_mse_scaled=0.038148 val_mae=51.454 val_rmse=75.232 tf=0.00lr=0.0005
Epoch 118/1000 train_mse_scaled=0.038309 val_mae=52.160 val_rmse=75.771 tf=0.00lr=0.0005
Epoch 119/1000 train_mse_scaled=0.038107 val_mae=51.209 val_rmse=74.797 tf=0.00lr=0.0005
Epoch 120/1000 train_mse_scaled=0.037867 val_mae=51.110 val_rmse=74.794 tf=0.00lr=0.0005
Epoch 121/1000 train_mse_scaled=0.037889 val_mae=50.642 val_rmse=74.311 tf=0.00lr=0.0005
Epoch 122/1000 train_mse_scaled=0.037529 val_mae=51.869 val_rmse=75.039 tf=0.00lr=0.0005
Epoch 123/1000 train_mse_scaled=0.037458 val_mae=50.866 val_rmse=74.254 tf=0.00lr=0.0005
Epoch 124/1000 train_mse_scaled=0.037385 val_mae=50.430 val_rmse=74.130 tf=0.00lr=0.0005
Epoch 125/1000 train_mse_scaled=0.037419 val_mae=51.031 val_rmse=74.287 tf=0.00lr=0.0005
Epoch 126/1000 train_mse_scaled=0.037416 val_mae=50.524 val_rmse=73.759 tf=0.00lr=0.0005
Epoch 127/1000 train_mse_scaled=0.037335 val_mae=50.812 val_rmse=74.119 tf=0.00lr=0.0005
Epoch 128/1000 train_mse_scaled=0.037129 val_mae=51.085 val_rmse=74.238 tf=0.00lr=0.0005
Epoch 129/1000 train_mse_scaled=0.036940 val_mae=50.684 val_rmse=73.939 tf=0.00lr=0.0005
Epoch 130/1000 train_mse_scaled=0.037139 val_mae=50.812 val_rmse=73.737 tf=0.00lr=0.0005
Epoch 131/1000 train_mse_scaled=0.037124 val_mae=50.831 val_rmse=73.937 tf=0.00lr=0.0005
Epoch 132/1000 train_mse_scaled=0.036811 val_mae=49.931 val_rmse=73.579 tf=0.00lr=0.0005
Epoch 133/1000 train_mse_scaled=0.036677 val_mae=50.241 val_rmse=73.265 tf=0.00lr=0.0005
Epoch 134/1000 train_mse_scaled=0.036727 val_mae=50.805 val_rmse=73.545 tf=0.00lr=0.0005
Epoch 135/1000 train_mse_scaled=0.036591 val_mae=50.394 val_rmse=73.967 tf=0.00lr=0.0005
Epoch 136/1000 train_mse_scaled=0.036654 val_mae=49.869 val_rmse=73.012 tf=0.00lr=0.0005
Epoch 137/1000 train_mse_scaled=0.036556 val_mae=49.316 val_rmse=72.893 tf=0.00lr=0.0005
Epoch 138/1000 train_mse_scaled=0.036503 val_mae=50.232 val_rmse=73.324 tf=0.00lr=0.0005
Epoch 139/1000 train_mse_scaled=0.036174 val_mae=50.775 val_rmse=73.453 tf=0.00lr=0.0005
Epoch 140/1000 train_mse_scaled=0.036073 val_mae=50.625 val_rmse=73.313 tf=0.00lr=0.0005
Epoch 141/1000 train_mse_scaled=0.036115 val_mae=49.257 val_rmse=72.550 tf=0.00lr=0.0005
Epoch 142/1000 train_mse_scaled=0.035931 val_mae=49.291 val_rmse=72.315 tf=0.00lr=0.0005
Epoch 143/1000 train_mse_scaled=0.036138 val_mae=50.198 val_rmse=72.852 tf=0.00lr=0.0005
Epoch 144/1000 train_mse_scaled=0.035816 val_mae=49.095 val_rmse=72.227 tf=0.00lr=0.0005
Epoch 145/1000 train_mse_scaled=0.035586 val_mae=50.430 val_rmse=73.252 tf=0.00lr=0.0005
Epoch 146/1000 train_mse_scaled=0.035390 val_mae=50.819 val_rmse=73.781 tf=0.00lr=0.0005
Epoch 147/1000 train_mse_scaled=0.035545 val_mae=49.898 val_rmse=72.551 tf=0.00lr=0.0005
Epoch 148/1000 train_mse_scaled=0.035395 val_mae=48.822 val_rmse=71.898 tf=0.00lr=0.0005
Epoch 149/1000 train_mse_scaled=0.035471 val_mae=49.281 val_rmse=72.887 tf=0.00lr=0.0005
Epoch 150/1000 train_mse_scaled=0.035460 val_mae=49.843 val_rmse=72.708 tf=0.00lr=0.0005
Epoch 151/1000 train_mse_scaled=0.035191 val_mae=49.120 val_rmse=71.777 tf=0.00lr=0.0005
Epoch 152/1000 train_mse_scaled=0.035195 val_mae=49.830 val_rmse=72.387 tf=0.00lr=0.0005
Epoch 153/1000 train_mse_scaled=0.035222 val_mae=50.216 val_rmse=72.494 tf=0.00lr=0.0005
Epoch 154/1000 train_mse_scaled=0.035145 val_mae=49.439 val_rmse=72.046 tf=0.00lr=0.0005
Epoch 155/1000 train_mse_scaled=0.034830 val_mae=49.120 val_rmse=71.581 tf=0.00lr=0.0005
Epoch 156/1000 train_mse_scaled=0.034894 val_mae=49.379 val_rmse=71.697 tf=0.00lr=0.0005
Epoch 157/1000 train_mse_scaled=0.034595 val_mae=48.712 val_rmse=71.176 tf=0.00lr=0.0005
Epoch 158/1000 train_mse_scaled=0.034850 val_mae=49.039 val_rmse=71.332 tf=0.00lr=0.0005
Epoch 159/1000 train_mse_scaled=0.034468 val_mae=48.707 val_rmse=71.257 tf=0.00lr=0.0005
Epoch 160/1000 train_mse_scaled=0.034602 val_mae=48.834 val_rmse=71.168 tf=0.00lr=0.0005
Epoch 161/1000 train_mse_scaled=0.034544 val_mae=48.814 val_rmse=71.087 tf=0.00lr=0.0005
Epoch 162/1000 train_mse_scaled=0.034366 val_mae=48.789 val_rmse=70.959 tf=0.00lr=0.0005
Epoch 163/1000 train_mse_scaled=0.034460 val_mae=48.884 val_rmse=71.094 tf=0.00lr=0.0005
Epoch 164/1000 train_mse_scaled=0.034283 val_mae=50.234 val_rmse=72.161 tf=0.00lr=0.0005
Epoch 165/1000 train_mse_scaled=0.034241 val_mae=49.541 val_rmse=71.659 tf=0.00lr=0.0005
Epoch 166/1000 train_mse_scaled=0.034158 val_mae=48.886 val_rmse=71.112 tf=0.00lr=0.0005
Epoch 167/1000 train_mse_scaled=0.033639 val_mae=48.172 val_rmse=70.360 tf=0.00lr=0.00025
Epoch 168/1000 train_mse_scaled=0.033528 val_mae=49.001 val_rmse=70.810 tf=0.00lr=0.00025
Epoch 169/1000 train_mse_scaled=0.033570 val_mae=48.588 val_rmse=70.542 tf=0.00lr=0.00025
Epoch 170/1000 train_mse_scaled=0.033604 val_mae=48.221 val_rmse=70.372 tf=0.00lr=0.00025
Epoch 171/1000 train_mse_scaled=0.033428 val_mae=48.017 val_rmse=70.137 tf=0.00lr=0.00025
Epoch 172/1000 train_mse_scaled=0.033389 val_mae=47.415 val_rmse=69.827 tf=0.00lr=0.00025
Epoch 173/1000 train_mse_scaled=0.033472 val_mae=47.702 val_rmse=70.028 tf=0.00lr=0.00025
Epoch 174/1000 train_mse_scaled=0.033312 val_mae=48.584 val_rmse=70.450 tf=0.00lr=0.00025
Epoch 175/1000 train_mse_scaled=0.033267 val_mae=48.413 val_rmse=70.418 tf=0.00lr=0.00025
Epoch 176/1000 train_mse_scaled=0.033311 val_mae=48.232 val_rmse=70.474 tf=0.00lr=0.00025
Epoch 177/1000 train_mse_scaled=0.033073 val_mae=47.973 val_rmse=69.995 tf=0.00lr=0.000125
Epoch 178/1000 train_mse_scaled=0.032917 val_mae=47.414 val_rmse=69.544 tf=0.00lr=0.000125
Epoch 179/1000 train_mse_scaled=0.032961 val_mae=48.244 val_rmse=70.041 tf=0.00lr=0.000125
Epoch 180/1000 train_mse_scaled=0.033158 val_mae=47.740 val_rmse=69.618 tf=0.00lr=0.000125
Epoch 181/1000 train_mse_scaled=0.033115 val_mae=47.609 val_rmse=69.699 tf=0.00lr=0.000125
Epoch 182/1000 train_mse_scaled=0.032857 val_mae=47.482 val_rmse=69.562 tf=0.00lr=0.000125
Epoch 183/1000 train_mse_scaled=0.032920 val_mae=47.756 val_rmse=69.604 tf=0.00lr=6.25e-05
Epoch 184/1000 train_mse_scaled=0.032853 val_mae=47.596 val_rmse=69.479 tf=0.00lr=6.25e-05
Epoch 185/1000 train_mse_scaled=0.032821 val_mae=47.733 val_rmse=69.552 tf=0.00lr=6.25e-05
Epoch 186/1000 train_mse_scaled=0.032809 val_mae=47.755 val_rmse=69.542 tf=0.00lr=6.25e-05
Epoch 187/1000 train_mse_scaled=0.032959 val_mae=47.735 val_rmse=69.567 tf=0.00lr=6.25e-05
Epoch 188/1000 train_mse_scaled=0.032656 val_mae=47.428 val_rmse=69.368 tf=0.00lr=6.25e-05
Epoch 189/1000 train_mse_scaled=0.032740 val_mae=47.752 val_rmse=69.657 tf=0.00lr=6.25e-05
Epoch 190/1000 train_mse_scaled=0.032877 val_mae=47.800 val_rmse=69.713 tf=0.00lr=6.25e-05
Epoch 191/1000 train_mse_scaled=0.032842 val_mae=47.822 val_rmse=69.667 tf=0.00lr=6.25e-05
Epoch 192/1000 train_mse_scaled=0.032684 val_mae=47.689 val_rmse=69.456 tf=0.00lr=6.25e-05
Epoch 193/1000 train_mse_scaled=0.032999 val_mae=47.683 val_rmse=69.500 tf=0.00lr=3.125e-05
Epoch 194/1000 train_mse_scaled=0.032459 val_mae=47.876 val_rmse=69.650 tf=0.00lr=3.125e-05
Epoch 195/1000 train_mse_scaled=0.032708 val_mae=47.586 val_rmse=69.387 tf=0.00lr=3.125e-05
Epoch 196/1000 train_mse_scaled=0.032563 val_mae=47.730 val_rmse=69.485 tf=0.00lr=3.125e-05
Epoch 197/1000 train_mse_scaled=0.032626 val_mae=47.573 val_rmse=69.394 tf=0.00lr=1.5625e-05
Epoch 198/1000 train_mse_scaled=0.032566 val_mae=47.584 val_rmse=69.418 tf=0.00lr=1.5625e-05
Epoch 199/1000 train_mse_scaled=0.032752 val_mae=47.659 val_rmse=69.481 tf=0.00lr=1.5625e-05
Epoch 200/1000 train_mse_scaled=0.032484 val_mae=47.754 val_rmse=69.522 tf=0.00lr=1.5625e-05
Epoch 201/1000 train_mse_scaled=0.032706 val_mae=47.527 val_rmse=69.371 tf=0.00lr=7.8125e-06
Epoch 202/1000 train_mse_scaled=0.032543 val_mae=47.618 val_rmse=69.412 tf=0.00lr=7.8125e-06
Epoch 203/1000 train_mse_scaled=0.032472 val_mae=47.634 val_rmse=69.431 tf=0.00lr=7.8125e-06
Epoch 204/1000 train_mse_scaled=0.032658 val_mae=47.630 val_rmse=69.443 tf=0.00lr=7.8125e-06
Epoch 205/1000 train_mse_scaled=0.032605 val_mae=47.564 val_rmse=69.375 tf=0.00lr=3.90625e-06
Epoch 206/1000 train_mse_scaled=0.032543 val_mae=47.602 val_rmse=69.393 tf=0.00lr=3.90625e-06
Epoch 207/1000 train_mse_scaled=0.032775 val_mae=47.627 val_rmse=69.420 tf=0.00lr=3.90625e-06
Epoch 208/1000 train_mse_scaled=0.032496 val_mae=47.579 val_rmse=69.394 tf=0.00lr=3.90625e-06
Epoch 209/1000 train_mse_scaled=0.032555 val_mae=47.634 val_rmse=69.430 tf=0.00lr=1.95313e-06
Epoch 210/1000 train_mse_scaled=0.032537 val_mae=47.631 val_rmse=69.418 tf=0.00lr=1.95313e-06
Epoch 211/1000 train_mse_scaled=0.032581 val_mae=47.648 val_rmse=69.436 tf=0.00lr=1.95313e-06
Epoch 212/1000 train_mse_scaled=0.032520 val_mae=47.589 val_rmse=69.390 tf=0.00lr=1.95313e-06
Epoch 213/1000 train_mse_scaled=0.032537 val_mae=47.597 val_rmse=69.396 tf=0.00lr=9.76563e-07
Epoch 214/1000 train_mse_scaled=0.032523 val_mae=47.609 val_rmse=69.404 tf=0.00lr=9.76563e-07
Epoch 215/1000 train_mse_scaled=0.032664 val_mae=47.598 val_rmse=69.391 tf=0.00lr=9.76563e-07
Epoch 216/1000 train_mse_scaled=0.032511 val_mae=47.610 val_rmse=69.399 tf=0.00lr=9.76563e-07
Epoch 217/1000 train_mse_scaled=0.032748 val_mae=47.592 val_rmse=69.391 tf=0.00lr=4.88281e-07
Epoch 218/1000 train_mse_scaled=0.032502 val_mae=47.600 val_rmse=69.396 tf=0.00lr=4.88281e-07
Epoch 219/1000 train_mse_scaled=0.032458 val_mae=47.598 val_rmse=69.393 tf=0.00lr=4.88281e-07
Epoch 220/1000 train_mse_scaled=0.032561 val_mae=47.609 val_rmse=69.399 tf=0.00lr=4.88281e-07
Epoch 221/1000 train_mse_scaled=0.032711 val_mae=47.601 val_rmse=69.394 tf=0.00lr=2.44141e-07
Epoch 222/1000 train_mse_scaled=0.032640 val_mae=47.600 val_rmse=69.393 tf=0.00lr=2.44141e-07
Epoch 223/1000 train_mse_scaled=0.032678 val_mae=47.591 val_rmse=69.388 tf=0.00lr=2.44141e-07
Epoch 224/1000 train_mse_scaled=0.032602 val_mae=47.592 val_rmse=69.388 tf=0.00lr=2.44141e-07
Epoch 225/1000 train_mse_scaled=0.032474 val_mae=47.590 val_rmse=69.388 tf=0.00lr=1.2207e-07
Epoch 226/1000 train_mse_scaled=0.032640 val_mae=47.591 val_rmse=69.389 tf=0.00lr=1.2207e-07
Epoch 227/1000 train_mse_scaled=0.032594 val_mae=47.587 val_rmse=69.386 tf=0.00lr=1.2207e-07
Epoch 228/1000 train_mse_scaled=0.032468 val_mae=47.594 val_rmse=69.390 tf=0.00lr=1.2207e-07
Epoch 229/1000 train_mse_scaled=0.032534 val_mae=47.595 val_rmse=69.390 tf=0.00lr=6.10352e-08
Epoch 230/1000 train_mse_scaled=0.032617 val_mae=47.595 val_rmse=69.390 tf=0.00lr=6.10352e-08
Epoch 231/1000 train_mse_scaled=0.032765 val_mae=47.595 val_rmse=69.390 tf=0.00lr=6.10352e-08
Epoch 232/1000 train_mse_scaled=0.032580 val_mae=47.594 val_rmse=69.390 tf=0.00lr=6.10352e-08
Epoch 233/1000 train_mse_scaled=0.032577 val_mae=47.595 val_rmse=69.390 tf=0.00lr=3.05176e-08
Epoch 234/1000 train_mse_scaled=0.032583 val_mae=47.595 val_rmse=69.391 tf=0.00lr=3.05176e-08
Epoch 235/1000 train_mse_scaled=0.032566 val_mae=47.596 val_rmse=69.391 tf=0.00lr=3.05176e-08
Epoch 236/1000 train_mse_scaled=0.032352 val_mae=47.596 val_rmse=69.391 tf=0.00lr=3.05176e-08
Epoch 237/1000 train_mse_scaled=0.032761 val_mae=47.596 val_rmse=69.391 tf=0.00lr=1.52588e-08
Epoch 238/1000 train_mse_scaled=0.032489 val_mae=47.596 val_rmse=69.391 tf=0.00lr=1.52588e-08
Epoch 239/1000 train_mse_scaled=0.032495 val_mae=47.596 val_rmse=69.391 tf=0.00lr=1.52588e-08
Epoch 240/1000 train_mse_scaled=0.032533 val_mae=47.596 val_rmse=69.391 tf=0.00lr=1.52588e-08
Epoch 241/1000 train_mse_scaled=0.032593 val_mae=47.596 val_rmse=69.391 tf=0.00lr=1.52588e-08
Epoch 242/1000 train_mse_scaled=0.032691 val_mae=47.595 val_rmse=69.391 tf=0.00lr=1.52588e-08
Epoch 243/1000 train_mse_scaled=0.032714 val_mae=47.595 val_rmse=69.391 tf=0.00lr=1.52588e-08
Epoch 244/1000 train_mse_scaled=0.032623 val_mae=47.595 val_rmse=69.391 tf=0.00lr=1.52588e-08
Epoch 245/1000 train_mse_scaled=0.032566 val_mae=47.596 val_rmse=69.391 tf=0.00lr=1.52588e-08
Epoch 246/1000 train_mse_scaled=0.032614 val_mae=47.596 val_rmse=69.391 tf=0.00lr=1.52588e-08
Epoch 247/1000 train_mse_scaled=0.032519 val_mae=47.596 val_rmse=69.391 tf=0.00lr=1.52588e-08
Epoch 248/1000 train_mse_scaled=0.032617 val_mae=47.595 val_rmse=69.391 tf=0.00lr=1.52588e-08
Epoch 249/1000 train_mse_scaled=0.032556 val_mae=47.595 val_rmse=69.391 tf=0.00lr=1.52588e-08
Epoch 250/1000 train_mse_scaled=0.032547 val_mae=47.595 val_rmse=69.391 tf=0.00lr=1.52588e-08
Epoch 251/1000 train_mse_scaled=0.032668 val_mae=47.595 val_rmse=69.391 tf=0.00lr=1.52588e-08
Epoch 252/1000 train_mse_scaled=0.032689 val_mae=47.595 val_rmse=69.391 tf=0.00lr=1.52588e-08
Epoch 253/1000 train_mse_scaled=0.032591 val_mae=47.595 val_rmse=69.390 tf=0.00lr=1.52588e-08
Epoch 254/1000 train_mse_scaled=0.032676 val_mae=47.595 val_rmse=69.390 tf=0.00lr=1.52588e-08
Epoch 255/1000 train_mse_scaled=0.032737 val_mae=47.595 val_rmse=69.391 tf=0.00lr=1.52588e-08
Epoch 256/1000 train_mse_scaled=0.032739 val_mae=47.595 val_rmse=69.391 tf=0.00lr=1.52588e-08
Epoch 257/1000 train_mse_scaled=0.032549 val_mae=47.595 val_rmse=69.391 tf=0.00lr=1.52588e-08
Epoch 258/1000 train_mse_scaled=0.032615 val_mae=47.595 val_rmse=69.391 tf=0.00lr=1.52588e-08
Epoch 259/1000 train_mse_scaled=0.032632 val_mae=47.595 val_rmse=69.391 tf=0.00lr=1.52588e-08
Epoch 260/1000 train_mse_scaled=0.032550 val_mae=47.595 val_rmse=69.391 tf=0.00lr=1.52588e-08
Epoch 261/1000 train_mse_scaled=0.032621 val_mae=47.595 val_rmse=69.391 tf=0.00lr=1.52588e-08
Epoch 262/1000 train_mse_scaled=0.032585 val_mae=47.595 val_rmse=69.390 tf=0.00lr=1.52588e-08
Epoch 263/1000 train_mse_scaled=0.032479 val_mae=47.595 val_rmse=69.391 tf=0.00lr=1.52588e-08
Epoch 264/1000 train_mse_scaled=0.032821 val_mae=47.595 val_rmse=69.390 tf=0.00lr=1.52588e-08
Epoch 265/1000 train_mse_scaled=0.032821 val_mae=47.595 val_rmse=69.390 tf=0.00lr=1.52588e-08
Epoch 266/1000 train_mse_scaled=0.032835 val_mae=47.595 val_rmse=69.390 tf=0.00lr=1.52588e-08
Epoch 267/1000 train_mse_scaled=0.032480 val_mae=47.595 val_rmse=69.390 tf=0.00lr=1.52588e-08
Epoch 268/1000 train_mse_scaled=0.032811 val_mae=47.595 val_rmse=69.390 tf=0.00lr=1.52588e-08
Epoch 269/1000 train_mse_scaled=0.032578 val_mae=47.595 val_rmse=69.390 tf=0.00lr=1.52588e-08
Epoch 270/1000 train_mse_scaled=0.032649 val_mae=47.595 val_rmse=69.390 tf=0.00lr=1.52588e-08
Epoch 271/1000 train_mse_scaled=0.032624 val_mae=47.594 val_rmse=69.390 tf=0.00lr=1.52588e-08
Epoch 272/1000 train_mse_scaled=0.032488 val_mae=47.595 val_rmse=69.390 tf=0.00lr=1.52588e-08
Epoch 273/1000 train_mse_scaled=0.032360 val_mae=47.595 val_rmse=69.390 tf=0.00lr=1.52588e-08
Epoch 274/1000 train_mse_scaled=0.032476 val_mae=47.595 val_rmse=69.390 tf=0.00lr=1.52588e-08
Epoch 275/1000 train_mse_scaled=0.032652 val_mae=47.595 val_rmse=69.391 tf=0.00lr=1.52588e-08
Epoch 276/1000 train_mse_scaled=0.032559 val_mae=47.596 val_rmse=69.391 tf=0.00lr=1.52588e-08
Epoch 277/1000 train_mse_scaled=0.032654 val_mae=47.595 val_rmse=69.391 tf=0.00lr=1.52588e-08
Epoch 278/1000 train_mse_scaled=0.032669 val_mae=47.595 val_rmse=69.391 tf=0.00lr=1.52588e-08
Epoch 279/1000 train_mse_scaled=0.032591 val_mae=47.595 val_rmse=69.391 tf=0.00lr=1.52588e-08
Epoch 280/1000 train_mse_scaled=0.032435 val_mae=47.595 val_rmse=69.391 tf=0.00lr=1.52588e-08
Epoch 281/1000 train_mse_scaled=0.032506 val_mae=47.595 val_rmse=69.390 tf=0.00lr=1.52588e-08
Epoch 282/1000 train_mse_scaled=0.032549 val_mae=47.595 val_rmse=69.390 tf=0.00lr=1.52588e-08
Epoch 283/1000 train_mse_scaled=0.032497 val_mae=47.595 val_rmse=69.390 tf=0.00lr=1.52588e-08
Epoch 284/1000 train_mse_scaled=0.032543 val_mae=47.595 val_rmse=69.390 tf=0.00lr=1.52588e-08
Epoch 285/1000 train_mse_scaled=0.032638 val_mae=47.595 val_rmse=69.390 tf=0.00lr=1.52588e-08
Epoch 286/1000 train_mse_scaled=0.032598 val_mae=47.595 val_rmse=69.391 tf=0.00lr=1.52588e-08
Epoch 287/1000 train_mse_scaled=0.032796 val_mae=47.595 val_rmse=69.391 tf=0.00lr=1.52588e-08
Epoch 288/1000 train_mse_scaled=0.032602 val_mae=47.595 val_rmse=69.391 tf=0.00lr=1.52588e-08
Early stopping triggered at epoch 288. Best val RMSE: 69.368
Training complete. Best checkpoint at: v2/results/checkpoints/seq2seq/best.pth
