Cleaned data: 787920 -> 609679 rows. Saved: v2/results/cleaned.csv
Samples -> train: 47900, val: 5988, test: 6059

Train samples (show 5):
  [0] TurbID=1, start_idx=2745, hist=(2020-05-21 08:00:00~2020-05-22 07:00:00), pred=(2020-05-22 08:00:00~2020-05-23 07:00:00)
  [1] TurbID=1, start_idx=3980, hist=(2020-08-01 17:00:00~2020-08-02 16:00:00), pred=(2020-08-02 17:00:00~2020-08-03 16:00:00)
  [2] TurbID=1, start_idx=3038, hist=(2020-06-04 18:00:00~2020-06-05 17:00:00), pred=(2020-06-05 18:00:00~2020-06-06 17:00:00)
  [3] TurbID=1, start_idx=307, hist=(2020-01-17 08:00:00~2020-01-18 07:00:00), pred=(2020-01-18 08:00:00~2020-01-19 07:00:00)
  [4] TurbID=1, start_idx=4413, hist=(2020-08-29 16:00:00~2020-08-30 15:00:00), pred=(2020-08-30 16:00:00~2020-08-31 15:00:00)

Val samples (show 5):
  [0] TurbID=1, start_idx=3666, hist=(2020-07-16 02:00:00~2020-07-17 01:00:00), pred=(2020-07-17 02:00:00~2020-07-18 01:00:00)
  [1] TurbID=1, start_idx=46, hist=(2020-01-03 00:00:00~2020-01-03 23:00:00), pred=(2020-01-04 00:00:00~2020-01-04 23:00:00)
  [2] TurbID=1, start_idx=2727, hist=(2020-05-20 14:00:00~2020-05-21 13:00:00), pred=(2020-05-21 14:00:00~2020-05-22 13:00:00)
  [3] TurbID=1, start_idx=2705, hist=(2020-05-19 16:00:00~2020-05-20 15:00:00), pred=(2020-05-20 16:00:00~2020-05-21 15:00:00)
  [4] TurbID=1, start_idx=2917, hist=(2020-05-29 14:00:00~2020-05-30 13:00:00), pred=(2020-05-30 14:00:00~2020-05-31 13:00:00)

Test samples (show 5):
  [0] TurbID=1, start_idx=3769, hist=(2020-07-21 10:00:00~2020-07-22 09:00:00), pred=(2020-07-22 10:00:00~2020-07-23 09:00:00)
  [1] TurbID=1, start_idx=293, hist=(2020-01-16 18:00:00~2020-01-17 17:00:00), pred=(2020-01-17 18:00:00~2020-01-18 17:00:00)
  [2] TurbID=1, start_idx=2751, hist=(2020-05-21 14:00:00~2020-05-22 13:00:00), pred=(2020-05-22 14:00:00~2020-05-23 13:00:00)
  [3] TurbID=1, start_idx=3823, hist=(2020-07-23 16:00:00~2020-07-24 15:00:00), pred=(2020-07-24 16:00:00~2020-07-25 15:00:00)
  [4] TurbID=1, start_idx=1108, hist=(2020-02-25 17:00:00~2020-02-26 16:00:00), pred=(2020-02-26 17:00:00~2020-02-27 16:00:00)
Epoch 1/400 train_mse_scaled=0.087825 val_mae=218.374 val_rmse=302.065 test_mae=216.395 test_rmse=299.970 tf=1.00lr=0.001
Epoch 2/400 train_mse_scaled=0.039191 val_mae=236.987 val_rmse=316.460 test_mae=235.559 test_rmse=316.133 tf=1.00lr=0.001
Epoch 3/400 train_mse_scaled=0.027252 val_mae=261.177 val_rmse=332.935 test_mae=260.966 test_rmse=333.227 tf=1.00lr=0.001
Epoch 4/400 train_mse_scaled=0.023060 val_mae=263.661 val_rmse=324.044 test_mae=263.461 test_rmse=323.895 tf=0.99lr=0.001
Epoch 5/400 train_mse_scaled=0.020530 val_mae=272.542 val_rmse=333.161 test_mae=272.487 test_rmse=333.357 tf=0.99lr=0.001
Epoch 6/400 train_mse_scaled=0.018776 val_mae=268.407 val_rmse=326.754 test_mae=268.865 test_rmse=327.132 tf=0.99lr=0.0005
Epoch 7/400 train_mse_scaled=0.018145 val_mae=271.517 val_rmse=329.192 test_mae=271.361 test_rmse=328.924 tf=0.99lr=0.0005
Epoch 8/400 train_mse_scaled=0.017782 val_mae=273.941 val_rmse=331.401 test_mae=274.077 test_rmse=331.597 tf=0.99lr=0.0005
Epoch 9/400 train_mse_scaled=0.017395 val_mae=272.016 val_rmse=332.876 test_mae=271.792 test_rmse=332.909 tf=0.98lr=0.0005
Epoch 10/400 train_mse_scaled=0.017099 val_mae=261.186 val_rmse=318.374 test_mae=260.755 test_rmse=318.159 tf=0.98lr=0.00025
Epoch 11/400 train_mse_scaled=0.017344 val_mae=259.996 val_rmse=318.194 test_mae=259.730 test_rmse=318.184 tf=0.98lr=0.00025
Epoch 12/400 train_mse_scaled=0.017183 val_mae=258.678 val_rmse=317.945 test_mae=258.194 test_rmse=317.623 tf=0.98lr=0.00025
Epoch 13/400 train_mse_scaled=0.017197 val_mae=249.030 val_rmse=306.225 test_mae=248.521 test_rmse=305.915 tf=0.98lr=0.00025
Epoch 14/400 train_mse_scaled=0.017017 val_mae=242.230 val_rmse=299.663 test_mae=241.943 test_rmse=299.631 tf=0.97lr=0.000125
Epoch 15/400 train_mse_scaled=0.017296 val_mae=240.812 val_rmse=300.158 test_mae=240.413 test_rmse=299.999 tf=0.97lr=0.000125
Epoch 16/400 train_mse_scaled=0.017784 val_mae=243.191 val_rmse=302.074 test_mae=242.949 test_rmse=302.051 tf=0.97lr=0.000125
Epoch 17/400 train_mse_scaled=0.017772 val_mae=235.214 val_rmse=290.385 test_mae=234.571 test_rmse=289.857 tf=0.97lr=0.000125
Epoch 18/400 train_mse_scaled=0.017848 val_mae=239.500 val_rmse=294.274 test_mae=239.284 test_rmse=294.105 tf=0.97lr=0.000125
Epoch 19/400 train_mse_scaled=0.018207 val_mae=236.969 val_rmse=293.561 test_mae=236.564 test_rmse=293.393 tf=0.96lr=0.000125
Epoch 20/400 train_mse_scaled=0.017961 val_mae=230.782 val_rmse=286.015 test_mae=230.450 test_rmse=285.916 tf=0.96lr=0.000125
Epoch 21/400 train_mse_scaled=0.018480 val_mae=235.310 val_rmse=291.660 test_mae=235.260 test_rmse=291.979 tf=0.96lr=0.000125
Epoch 22/400 train_mse_scaled=0.018681 val_mae=222.807 val_rmse=275.329 test_mae=222.492 test_rmse=275.051 tf=0.96lr=0.000125
Epoch 23/400 train_mse_scaled=0.018827 val_mae=229.760 val_rmse=285.910 test_mae=229.474 test_rmse=285.978 tf=0.96lr=0.000125
Epoch 24/400 train_mse_scaled=0.018784 val_mae=224.703 val_rmse=279.672 test_mae=224.307 test_rmse=279.568 tf=0.95lr=0.000125
Epoch 25/400 train_mse_scaled=0.018993 val_mae=223.895 val_rmse=279.756 test_mae=223.348 test_rmse=279.552 tf=0.95lr=0.000125
Epoch 26/400 train_mse_scaled=0.019412 val_mae=218.051 val_rmse=274.161 test_mae=217.675 test_rmse=274.101 tf=0.95lr=0.000125
Epoch 27/400 train_mse_scaled=0.020066 val_mae=218.099 val_rmse=274.039 test_mae=218.123 test_rmse=274.469 tf=0.95lr=0.000125
Epoch 28/400 train_mse_scaled=0.019965 val_mae=217.706 val_rmse=273.979 test_mae=217.231 test_rmse=273.944 tf=0.95lr=0.000125
Epoch 29/400 train_mse_scaled=0.019959 val_mae=219.389 val_rmse=277.656 test_mae=218.894 test_rmse=277.630 tf=0.94lr=0.000125
Epoch 30/400 train_mse_scaled=0.020333 val_mae=213.126 val_rmse=268.089 test_mae=212.660 test_rmse=267.931 tf=0.94lr=0.000125
Epoch 31/400 train_mse_scaled=0.020322 val_mae=215.152 val_rmse=269.244 test_mae=214.804 test_rmse=269.163 tf=0.94lr=0.000125
Epoch 32/400 train_mse_scaled=0.020657 val_mae=207.967 val_rmse=259.138 test_mae=207.669 test_rmse=258.995 tf=0.94lr=0.000125
Epoch 33/400 train_mse_scaled=0.020904 val_mae=210.198 val_rmse=264.942 test_mae=209.804 test_rmse=264.944 tf=0.94lr=0.000125
Epoch 34/400 train_mse_scaled=0.020948 val_mae=213.745 val_rmse=268.034 test_mae=213.323 test_rmse=267.893 tf=0.93lr=0.000125
Epoch 35/400 train_mse_scaled=0.021512 val_mae=202.362 val_rmse=255.048 test_mae=201.939 test_rmse=254.870 tf=0.93lr=0.000125
Epoch 36/400 train_mse_scaled=0.021344 val_mae=204.279 val_rmse=256.924 test_mae=204.099 test_rmse=256.898 tf=0.93lr=0.000125
Epoch 37/400 train_mse_scaled=0.021306 val_mae=202.721 val_rmse=253.557 test_mae=202.463 test_rmse=253.565 tf=0.93lr=0.000125
Epoch 38/400 train_mse_scaled=0.021934 val_mae=198.964 val_rmse=249.536 test_mae=198.546 test_rmse=249.262 tf=0.93lr=0.000125
Epoch 39/400 train_mse_scaled=0.022241 val_mae=202.466 val_rmse=254.603 test_mae=202.147 test_rmse=254.425 tf=0.92lr=0.000125
Epoch 40/400 train_mse_scaled=0.022207 val_mae=194.495 val_rmse=244.117 test_mae=194.132 test_rmse=243.918 tf=0.92lr=0.000125
Epoch 41/400 train_mse_scaled=0.022149 val_mae=193.811 val_rmse=245.428 test_mae=193.193 test_rmse=244.964 tf=0.92lr=0.000125
Epoch 42/400 train_mse_scaled=0.021950 val_mae=200.901 val_rmse=254.546 test_mae=200.449 test_rmse=254.319 tf=0.92lr=0.000125
Epoch 43/400 train_mse_scaled=0.022483 val_mae=190.819 val_rmse=240.942 test_mae=190.275 test_rmse=240.507 tf=0.92lr=0.000125
Epoch 44/400 train_mse_scaled=0.022849 val_mae=195.985 val_rmse=247.265 test_mae=195.436 test_rmse=246.871 tf=0.91lr=0.000125
Epoch 45/400 train_mse_scaled=0.022908 val_mae=190.141 val_rmse=238.929 test_mae=189.546 test_rmse=238.368 tf=0.91lr=0.000125
Epoch 46/400 train_mse_scaled=0.023155 val_mae=189.273 val_rmse=238.972 test_mae=188.858 test_rmse=238.590 tf=0.91lr=0.000125
Epoch 47/400 train_mse_scaled=0.023157 val_mae=189.615 val_rmse=240.726 test_mae=189.115 test_rmse=240.407 tf=0.91lr=0.000125
Epoch 48/400 train_mse_scaled=0.023597 val_mae=189.776 val_rmse=238.742 test_mae=189.600 test_rmse=238.601 tf=0.91lr=0.000125
Epoch 49/400 train_mse_scaled=0.023609 val_mae=179.716 val_rmse=227.582 test_mae=179.087 test_rmse=226.890 tf=0.90lr=0.000125
Epoch 50/400 train_mse_scaled=0.023559 val_mae=182.321 val_rmse=231.550 test_mae=181.700 test_rmse=230.980 tf=0.90lr=0.000125
Epoch 51/400 train_mse_scaled=0.023530 val_mae=181.928 val_rmse=228.327 test_mae=181.557 test_rmse=227.833 tf=0.90lr=0.000125
Epoch 52/400 train_mse_scaled=0.023708 val_mae=185.552 val_rmse=233.753 test_mae=185.069 test_rmse=233.356 tf=0.90lr=0.000125
Epoch 53/400 train_mse_scaled=0.023916 val_mae=175.763 val_rmse=223.519 test_mae=174.999 test_rmse=222.767 tf=0.90lr=0.000125
Epoch 54/400 train_mse_scaled=0.024239 val_mae=176.741 val_rmse=225.692 test_mae=176.231 test_rmse=225.289 tf=0.89lr=0.000125
Epoch 55/400 train_mse_scaled=0.024381 val_mae=182.145 val_rmse=228.570 test_mae=181.957 test_rmse=228.263 tf=0.89lr=0.000125
Epoch 56/400 train_mse_scaled=0.024473 val_mae=175.673 val_rmse=221.883 test_mae=175.267 test_rmse=221.481 tf=0.89lr=0.000125
Epoch 57/400 train_mse_scaled=0.024203 val_mae=173.957 val_rmse=220.952 test_mae=173.458 test_rmse=220.423 tf=0.89lr=0.000125
Epoch 58/400 train_mse_scaled=0.024660 val_mae=172.060 val_rmse=216.582 test_mae=171.711 test_rmse=216.155 tf=0.89lr=0.000125
Epoch 59/400 train_mse_scaled=0.024538 val_mae=169.371 val_rmse=214.973 test_mae=168.873 test_rmse=214.407 tf=0.88lr=0.000125
Epoch 60/400 train_mse_scaled=0.024830 val_mae=174.472 val_rmse=220.414 test_mae=174.049 test_rmse=219.947 tf=0.88lr=0.000125
Epoch 61/400 train_mse_scaled=0.024513 val_mae=165.397 val_rmse=210.495 test_mae=164.792 test_rmse=209.722 tf=0.88lr=0.000125
Epoch 62/400 train_mse_scaled=0.025007 val_mae=168.623 val_rmse=213.154 test_mae=168.165 test_rmse=212.640 tf=0.88lr=0.000125
Epoch 63/400 train_mse_scaled=0.025308 val_mae=171.402 val_rmse=217.139 test_mae=170.911 test_rmse=216.546 tf=0.88lr=0.000125
Epoch 64/400 train_mse_scaled=0.025006 val_mae=170.006 val_rmse=215.986 test_mae=169.589 test_rmse=215.558 tf=0.87lr=0.000125
Epoch 65/400 train_mse_scaled=0.025096 val_mae=163.020 val_rmse=207.177 test_mae=162.386 test_rmse=206.381 tf=0.87lr=0.000125
Epoch 66/400 train_mse_scaled=0.025463 val_mae=161.411 val_rmse=205.267 test_mae=161.081 test_rmse=204.755 tf=0.87lr=0.000125
Epoch 67/400 train_mse_scaled=0.024893 val_mae=172.126 val_rmse=216.189 test_mae=171.792 test_rmse=215.765 tf=0.87lr=0.000125
Epoch 68/400 train_mse_scaled=0.025812 val_mae=161.136 val_rmse=204.044 test_mae=160.681 test_rmse=203.491 tf=0.87lr=0.000125
Epoch 69/400 train_mse_scaled=0.026130 val_mae=162.656 val_rmse=207.547 test_mae=162.047 test_rmse=206.997 tf=0.86lr=0.000125
Epoch 70/400 train_mse_scaled=0.026132 val_mae=166.497 val_rmse=209.669 test_mae=166.271 test_rmse=209.419 tf=0.86lr=0.000125
Epoch 71/400 train_mse_scaled=0.026474 val_mae=156.266 val_rmse=198.854 test_mae=155.789 test_rmse=198.202 tf=0.86lr=0.000125
Epoch 72/400 train_mse_scaled=0.026313 val_mae=158.599 val_rmse=200.185 test_mae=158.324 test_rmse=199.709 tf=0.86lr=0.000125
Epoch 73/400 train_mse_scaled=0.026598 val_mae=163.244 val_rmse=207.089 test_mae=162.931 test_rmse=206.760 tf=0.86lr=0.000125
Epoch 74/400 train_mse_scaled=0.026071 val_mae=155.871 val_rmse=198.833 test_mae=155.435 test_rmse=198.231 tf=0.85lr=0.000125
Epoch 75/400 train_mse_scaled=0.025987 val_mae=152.711 val_rmse=195.156 test_mae=152.262 test_rmse=194.470 tf=0.85lr=0.000125
Epoch 76/400 train_mse_scaled=0.026280 val_mae=147.358 val_rmse=187.659 test_mae=146.838 test_rmse=186.870 tf=0.85lr=0.000125
Epoch 77/400 train_mse_scaled=0.026548 val_mae=153.373 val_rmse=194.770 test_mae=153.048 test_rmse=194.257 tf=0.85lr=0.000125
Epoch 78/400 train_mse_scaled=0.026220 val_mae=149.852 val_rmse=190.993 test_mae=149.269 test_rmse=190.090 tf=0.85lr=0.000125
Epoch 79/400 train_mse_scaled=0.026744 val_mae=158.881 val_rmse=201.672 test_mae=158.591 test_rmse=201.256 tf=0.84lr=0.000125
Epoch 80/400 train_mse_scaled=0.026629 val_mae=148.590 val_rmse=189.288 test_mae=148.223 test_rmse=188.763 tf=0.84lr=0.000125
Epoch 81/400 train_mse_scaled=0.026772 val_mae=155.453 val_rmse=198.020 test_mae=155.039 test_rmse=197.472 tf=0.84lr=6.25e-05
Epoch 82/400 train_mse_scaled=0.027376 val_mae=148.923 val_rmse=189.677 test_mae=148.500 test_rmse=188.952 tf=0.84lr=6.25e-05
Epoch 83/400 train_mse_scaled=0.026833 val_mae=148.681 val_rmse=189.820 test_mae=148.328 test_rmse=189.216 tf=0.84lr=6.25e-05
Epoch 84/400 train_mse_scaled=0.027187 val_mae=147.402 val_rmse=188.198 test_mae=146.996 test_rmse=187.398 tf=0.83lr=6.25e-05
Epoch 85/400 train_mse_scaled=0.027562 val_mae=150.004 val_rmse=191.928 test_mae=149.529 test_rmse=191.189 tf=0.83lr=3.125e-05
Epoch 86/400 train_mse_scaled=0.027410 val_mae=148.305 val_rmse=189.665 test_mae=147.915 test_rmse=189.048 tf=0.83lr=3.125e-05
Epoch 87/400 train_mse_scaled=0.027856 val_mae=148.500 val_rmse=190.006 test_mae=148.103 test_rmse=189.384 tf=0.83lr=3.125e-05
Epoch 88/400 train_mse_scaled=0.027668 val_mae=146.719 val_rmse=187.883 test_mae=146.295 test_rmse=187.230 tf=0.83lr=3.125e-05
Epoch 89/400 train_mse_scaled=0.027671 val_mae=148.315 val_rmse=190.308 test_mae=147.874 test_rmse=189.644 tf=0.82lr=1.5625e-05
Epoch 90/400 train_mse_scaled=0.028196 val_mae=145.649 val_rmse=187.253 test_mae=145.180 test_rmse=186.575 tf=0.82lr=1.5625e-05
Epoch 91/400 train_mse_scaled=0.028459 val_mae=145.271 val_rmse=186.376 test_mae=144.863 test_rmse=185.692 tf=0.82lr=1.5625e-05
Epoch 92/400 train_mse_scaled=0.028565 val_mae=144.929 val_rmse=185.847 test_mae=144.494 test_rmse=185.117 tf=0.82lr=1.5625e-05
Epoch 93/400 train_mse_scaled=0.028328 val_mae=144.323 val_rmse=184.564 test_mae=143.940 test_rmse=183.861 tf=0.82lr=1.5625e-05
Epoch 94/400 train_mse_scaled=0.028676 val_mae=144.379 val_rmse=184.862 test_mae=143.974 test_rmse=184.187 tf=0.81lr=1.5625e-05
Epoch 95/400 train_mse_scaled=0.029014 val_mae=144.123 val_rmse=185.149 test_mae=143.694 test_rmse=184.451 tf=0.81lr=1.5625e-05
Epoch 96/400 train_mse_scaled=0.029123 val_mae=143.851 val_rmse=184.708 test_mae=143.449 test_rmse=184.051 tf=0.81lr=1.5625e-05
Epoch 97/400 train_mse_scaled=0.029059 val_mae=144.926 val_rmse=186.013 test_mae=144.539 test_rmse=185.424 tf=0.81lr=1.5625e-05
Epoch 98/400 train_mse_scaled=0.029119 val_mae=144.152 val_rmse=184.986 test_mae=143.725 test_rmse=184.326 tf=0.81lr=7.8125e-06
Epoch 99/400 train_mse_scaled=0.029645 val_mae=142.835 val_rmse=183.863 test_mae=142.377 test_rmse=183.183 tf=0.80lr=7.8125e-06
Epoch 100/400 train_mse_scaled=0.029698 val_mae=142.099 val_rmse=182.579 test_mae=141.645 test_rmse=181.813 tf=0.80lr=7.8125e-06
Epoch 101/400 train_mse_scaled=0.029839 val_mae=142.513 val_rmse=183.075 test_mae=142.081 test_rmse=182.345 tf=0.80lr=7.8125e-06
Epoch 102/400 train_mse_scaled=0.030151 val_mae=142.336 val_rmse=183.167 test_mae=141.835 test_rmse=182.383 tf=0.80lr=7.8125e-06
Epoch 103/400 train_mse_scaled=0.030020 val_mae=141.954 val_rmse=182.881 test_mae=141.476 test_rmse=182.167 tf=0.79lr=7.8125e-06
Epoch 104/400 train_mse_scaled=0.030021 val_mae=142.339 val_rmse=183.034 test_mae=141.874 test_rmse=182.286 tf=0.79lr=7.8125e-06
Epoch 105/400 train_mse_scaled=0.030191 val_mae=141.541 val_rmse=182.075 test_mae=141.105 test_rmse=181.355 tf=0.79lr=3.90625e-06
Epoch 106/400 train_mse_scaled=0.030671 val_mae=140.807 val_rmse=181.055 test_mae=140.375 test_rmse=180.305 tf=0.79lr=3.90625e-06
Epoch 107/400 train_mse_scaled=0.030391 val_mae=140.657 val_rmse=181.062 test_mae=140.183 test_rmse=180.269 tf=0.79lr=3.90625e-06
Epoch 108/400 train_mse_scaled=0.030800 val_mae=140.413 val_rmse=180.844 test_mae=140.022 test_rmse=180.183 tf=0.78lr=3.90625e-06
Epoch 109/400 train_mse_scaled=0.030989 val_mae=139.575 val_rmse=179.873 test_mae=139.134 test_rmse=179.143 tf=0.78lr=3.90625e-06
Epoch 110/400 train_mse_scaled=0.031254 val_mae=140.621 val_rmse=181.189 test_mae=140.152 test_rmse=180.424 tf=0.78lr=3.90625e-06
Epoch 111/400 train_mse_scaled=0.031180 val_mae=139.603 val_rmse=179.490 test_mae=139.140 test_rmse=178.694 tf=0.78lr=3.90625e-06
Epoch 112/400 train_mse_scaled=0.031484 val_mae=139.755 val_rmse=179.734 test_mae=139.315 test_rmse=179.004 tf=0.78lr=3.90625e-06
Epoch 113/400 train_mse_scaled=0.031322 val_mae=139.221 val_rmse=179.449 test_mae=138.798 test_rmse=178.728 tf=0.77lr=3.90625e-06
Epoch 114/400 train_mse_scaled=0.032308 val_mae=138.705 val_rmse=178.841 test_mae=138.316 test_rmse=178.193 tf=0.77lr=3.90625e-06
Epoch 115/400 train_mse_scaled=0.031967 val_mae=138.664 val_rmse=178.719 test_mae=138.227 test_rmse=178.002 tf=0.77lr=3.90625e-06
Epoch 116/400 train_mse_scaled=0.032392 val_mae=137.889 val_rmse=177.713 test_mae=137.468 test_rmse=176.952 tf=0.77lr=3.90625e-06
Epoch 117/400 train_mse_scaled=0.032551 val_mae=138.137 val_rmse=178.141 test_mae=137.726 test_rmse=177.444 tf=0.77lr=3.90625e-06
Epoch 118/400 train_mse_scaled=0.032478 val_mae=138.471 val_rmse=178.586 test_mae=138.081 test_rmse=177.917 tf=0.76lr=3.90625e-06
Epoch 119/400 train_mse_scaled=0.032898 val_mae=137.699 val_rmse=177.559 test_mae=137.248 test_rmse=176.799 tf=0.76lr=3.90625e-06
Epoch 120/400 train_mse_scaled=0.033099 val_mae=137.670 val_rmse=177.683 test_mae=137.230 test_rmse=176.953 tf=0.76lr=3.90625e-06
Epoch 121/400 train_mse_scaled=0.033289 val_mae=136.714 val_rmse=176.602 test_mae=136.268 test_rmse=175.821 tf=0.76lr=3.90625e-06
Epoch 122/400 train_mse_scaled=0.033482 val_mae=136.624 val_rmse=176.219 test_mae=136.245 test_rmse=175.502 tf=0.76lr=3.90625e-06
Epoch 123/400 train_mse_scaled=0.033480 val_mae=136.221 val_rmse=175.943 test_mae=135.808 test_rmse=175.206 tf=0.75lr=3.90625e-06
Epoch 124/400 train_mse_scaled=0.033783 val_mae=135.328 val_rmse=174.935 test_mae=134.943 test_rmse=174.224 tf=0.75lr=3.90625e-06
Epoch 125/400 train_mse_scaled=0.033624 val_mae=135.978 val_rmse=175.541 test_mae=135.630 test_rmse=174.883 tf=0.75lr=3.90625e-06
Epoch 126/400 train_mse_scaled=0.033929 val_mae=135.929 val_rmse=175.684 test_mae=135.602 test_rmse=175.065 tf=0.75lr=3.90625e-06
Epoch 127/400 train_mse_scaled=0.033714 val_mae=135.698 val_rmse=175.397 test_mae=135.330 test_rmse=174.722 tf=0.75lr=3.90625e-06
Epoch 128/400 train_mse_scaled=0.034302 val_mae=134.760 val_rmse=174.580 test_mae=134.390 test_rmse=173.898 tf=0.74lr=3.90625e-06
Epoch 129/400 train_mse_scaled=0.034439 val_mae=134.412 val_rmse=173.666 test_mae=134.093 test_rmse=173.012 tf=0.74lr=3.90625e-06
Epoch 130/400 train_mse_scaled=0.034578 val_mae=134.911 val_rmse=174.263 test_mae=134.574 test_rmse=173.602 tf=0.74lr=3.90625e-06
Epoch 131/400 train_mse_scaled=0.034743 val_mae=134.323 val_rmse=173.496 test_mae=133.997 test_rmse=172.789 tf=0.74lr=3.90625e-06
Epoch 132/400 train_mse_scaled=0.034743 val_mae=133.906 val_rmse=173.208 test_mae=133.562 test_rmse=172.549 tf=0.74lr=3.90625e-06
Epoch 133/400 train_mse_scaled=0.035026 val_mae=133.726 val_rmse=173.509 test_mae=133.344 test_rmse=172.827 tf=0.73lr=3.90625e-06
Epoch 134/400 train_mse_scaled=0.035148 val_mae=134.375 val_rmse=173.894 test_mae=134.004 test_rmse=173.177 tf=0.73lr=3.90625e-06
Epoch 135/400 train_mse_scaled=0.035323 val_mae=134.158 val_rmse=173.611 test_mae=133.810 test_rmse=172.918 tf=0.73lr=3.90625e-06
Epoch 136/400 train_mse_scaled=0.035465 val_mae=133.352 val_rmse=172.742 test_mae=132.982 test_rmse=172.032 tf=0.73lr=3.90625e-06
Epoch 137/400 train_mse_scaled=0.035719 val_mae=132.917 val_rmse=172.400 test_mae=132.555 test_rmse=171.715 tf=0.73lr=3.90625e-06
Epoch 138/400 train_mse_scaled=0.036177 val_mae=133.076 val_rmse=172.413 test_mae=132.723 test_rmse=171.725 tf=0.72lr=3.90625e-06
Epoch 139/400 train_mse_scaled=0.035987 val_mae=132.395 val_rmse=171.946 test_mae=132.021 test_rmse=171.239 tf=0.72lr=3.90625e-06
Epoch 140/400 train_mse_scaled=0.035986 val_mae=131.871 val_rmse=170.989 test_mae=131.517 test_rmse=170.239 tf=0.72lr=3.90625e-06
Epoch 141/400 train_mse_scaled=0.036294 val_mae=130.980 val_rmse=169.944 test_mae=130.613 test_rmse=169.152 tf=0.72lr=3.90625e-06
Epoch 142/400 train_mse_scaled=0.036301 val_mae=132.062 val_rmse=171.351 test_mae=131.729 test_rmse=170.653 tf=0.72lr=3.90625e-06
Epoch 143/400 train_mse_scaled=0.036606 val_mae=131.175 val_rmse=170.275 test_mae=130.820 test_rmse=169.542 tf=0.71lr=3.90625e-06
Epoch 144/400 train_mse_scaled=0.037032 val_mae=131.079 val_rmse=170.122 test_mae=130.703 test_rmse=169.354 tf=0.71lr=3.90625e-06
Epoch 145/400 train_mse_scaled=0.036896 val_mae=130.611 val_rmse=169.562 test_mae=130.281 test_rmse=168.877 tf=0.71lr=3.90625e-06
Epoch 146/400 train_mse_scaled=0.037411 val_mae=130.697 val_rmse=169.649 test_mae=130.379 test_rmse=168.988 tf=0.71lr=3.90625e-06
Epoch 147/400 train_mse_scaled=0.037402 val_mae=130.615 val_rmse=169.367 test_mae=130.308 test_rmse=168.652 tf=0.71lr=3.90625e-06
Epoch 148/400 train_mse_scaled=0.037386 val_mae=130.143 val_rmse=169.140 test_mae=129.838 test_rmse=168.475 tf=0.70lr=3.90625e-06
Epoch 149/400 train_mse_scaled=0.037657 val_mae=129.857 val_rmse=168.849 test_mae=129.523 test_rmse=168.134 tf=0.70lr=3.90625e-06
Epoch 150/400 train_mse_scaled=0.037628 val_mae=129.868 val_rmse=168.661 test_mae=129.543 test_rmse=167.916 tf=0.70lr=3.90625e-06
Epoch 151/400 train_mse_scaled=0.038039 val_mae=129.571 val_rmse=168.700 test_mae=129.254 test_rmse=168.018 tf=0.70lr=3.90625e-06
Epoch 152/400 train_mse_scaled=0.037832 val_mae=129.594 val_rmse=168.281 test_mae=129.283 test_rmse=167.539 tf=0.70lr=3.90625e-06
Epoch 153/400 train_mse_scaled=0.038137 val_mae=128.954 val_rmse=167.647 test_mae=128.646 test_rmse=166.935 tf=0.69lr=3.90625e-06
Epoch 154/400 train_mse_scaled=0.038527 val_mae=128.633 val_rmse=167.701 test_mae=128.276 test_rmse=166.933 tf=0.69lr=3.90625e-06
Epoch 155/400 train_mse_scaled=0.038899 val_mae=127.711 val_rmse=166.474 test_mae=127.390 test_rmse=165.756 tf=0.69lr=3.90625e-06
Epoch 156/400 train_mse_scaled=0.038266 val_mae=128.431 val_rmse=167.175 test_mae=128.108 test_rmse=166.464 tf=0.69lr=3.90625e-06
Epoch 157/400 train_mse_scaled=0.038804 val_mae=128.405 val_rmse=167.156 test_mae=128.061 test_rmse=166.383 tf=0.69lr=3.90625e-06
Epoch 158/400 train_mse_scaled=0.039373 val_mae=127.394 val_rmse=166.047 test_mae=127.044 test_rmse=165.227 tf=0.68lr=3.90625e-06
Epoch 159/400 train_mse_scaled=0.038933 val_mae=127.799 val_rmse=166.386 test_mae=127.525 test_rmse=165.701 tf=0.68lr=3.90625e-06
Epoch 160/400 train_mse_scaled=0.039352 val_mae=127.476 val_rmse=166.029 test_mae=127.210 test_rmse=165.347 tf=0.68lr=3.90625e-06
Epoch 161/400 train_mse_scaled=0.039431 val_mae=127.237 val_rmse=165.844 test_mae=126.938 test_rmse=165.154 tf=0.68lr=3.90625e-06
Epoch 162/400 train_mse_scaled=0.039204 val_mae=127.752 val_rmse=166.478 test_mae=127.433 test_rmse=165.726 tf=0.68lr=3.90625e-06
Epoch 163/400 train_mse_scaled=0.040011 val_mae=126.518 val_rmse=165.060 test_mae=126.170 test_rmse=164.264 tf=0.67lr=3.90625e-06
Epoch 164/400 train_mse_scaled=0.039500 val_mae=126.421 val_rmse=164.876 test_mae=126.099 test_rmse=164.099 tf=0.67lr=3.90625e-06
Epoch 165/400 train_mse_scaled=0.039675 val_mae=126.392 val_rmse=165.048 test_mae=126.085 test_rmse=164.295 tf=0.67lr=3.90625e-06
Epoch 166/400 train_mse_scaled=0.040110 val_mae=126.953 val_rmse=165.660 test_mae=126.682 test_rmse=164.929 tf=0.67lr=3.90625e-06
Epoch 167/400 train_mse_scaled=0.040397 val_mae=125.967 val_rmse=164.791 test_mae=125.662 test_rmse=164.073 tf=0.67lr=3.90625e-06
Epoch 168/400 train_mse_scaled=0.040586 val_mae=126.127 val_rmse=164.696 test_mae=125.867 test_rmse=163.954 tf=0.66lr=3.90625e-06
Epoch 169/400 train_mse_scaled=0.040254 val_mae=126.358 val_rmse=164.981 test_mae=126.067 test_rmse=164.190 tf=0.66lr=3.90625e-06
Epoch 170/400 train_mse_scaled=0.041095 val_mae=124.789 val_rmse=163.190 test_mae=124.513 test_rmse=162.396 tf=0.66lr=3.90625e-06
Epoch 171/400 train_mse_scaled=0.041266 val_mae=125.368 val_rmse=163.753 test_mae=125.108 test_rmse=163.003 tf=0.66lr=3.90625e-06
Epoch 172/400 train_mse_scaled=0.041026 val_mae=123.961 val_rmse=162.188 test_mae=123.688 test_rmse=161.383 tf=0.66lr=3.90625e-06
Epoch 173/400 train_mse_scaled=0.040887 val_mae=124.875 val_rmse=163.091 test_mae=124.618 test_rmse=162.311 tf=0.65lr=3.90625e-06
Epoch 174/400 train_mse_scaled=0.041525 val_mae=125.285 val_rmse=163.741 test_mae=125.041 test_rmse=163.012 tf=0.65lr=3.90625e-06
Epoch 175/400 train_mse_scaled=0.041784 val_mae=124.549 val_rmse=162.695 test_mae=124.327 test_rmse=161.944 tf=0.65lr=3.90625e-06
Epoch 176/400 train_mse_scaled=0.041489 val_mae=124.315 val_rmse=162.478 test_mae=124.050 test_rmse=161.654 tf=0.65lr=3.90625e-06
Epoch 177/400 train_mse_scaled=0.042140 val_mae=124.016 val_rmse=162.255 test_mae=123.742 test_rmse=161.455 tf=0.65lr=1.95313e-06
Epoch 178/400 train_mse_scaled=0.041597 val_mae=124.212 val_rmse=162.393 test_mae=123.965 test_rmse=161.606 tf=0.64lr=1.95313e-06
Epoch 179/400 train_mse_scaled=0.042031 val_mae=124.212 val_rmse=162.487 test_mae=123.966 test_rmse=161.711 tf=0.64lr=1.95313e-06
Epoch 180/400 train_mse_scaled=0.042081 val_mae=124.003 val_rmse=162.115 test_mae=123.745 test_rmse=161.312 tf=0.64lr=1.95313e-06
Epoch 181/400 train_mse_scaled=0.042345 val_mae=123.218 val_rmse=161.340 test_mae=122.990 test_rmse=160.559 tf=0.64lr=1.95313e-06
Epoch 182/400 train_mse_scaled=0.042815 val_mae=123.491 val_rmse=161.772 test_mae=123.263 test_rmse=161.032 tf=0.64lr=1.95313e-06
Epoch 183/400 train_mse_scaled=0.042397 val_mae=123.233 val_rmse=161.142 test_mae=122.995 test_rmse=160.316 tf=0.63lr=1.95313e-06
Epoch 184/400 train_mse_scaled=0.042544 val_mae=123.535 val_rmse=161.596 test_mae=123.324 test_rmse=160.840 tf=0.63lr=1.95313e-06
Epoch 185/400 train_mse_scaled=0.043410 val_mae=122.882 val_rmse=160.947 test_mae=122.639 test_rmse=160.122 tf=0.63lr=1.95313e-06
Epoch 186/400 train_mse_scaled=0.043113 val_mae=122.785 val_rmse=160.846 test_mae=122.562 test_rmse=160.061 tf=0.63lr=1.95313e-06
Epoch 187/400 train_mse_scaled=0.043539 val_mae=122.600 val_rmse=160.688 test_mae=122.353 test_rmse=159.877 tf=0.63lr=1.95313e-06
Epoch 188/400 train_mse_scaled=0.043535 val_mae=122.463 val_rmse=160.347 test_mae=122.257 test_rmse=159.550 tf=0.62lr=1.95313e-06
Epoch 189/400 train_mse_scaled=0.043376 val_mae=121.794 val_rmse=159.685 test_mae=121.600 test_rmse=158.915 tf=0.62lr=1.95313e-06
Epoch 190/400 train_mse_scaled=0.043610 val_mae=122.048 val_rmse=160.077 test_mae=121.827 test_rmse=159.281 tf=0.62lr=1.95313e-06
Epoch 191/400 train_mse_scaled=0.043779 val_mae=122.367 val_rmse=160.376 test_mae=122.172 test_rmse=159.650 tf=0.62lr=1.95313e-06
Epoch 192/400 train_mse_scaled=0.044373 val_mae=122.114 val_rmse=160.135 test_mae=121.890 test_rmse=159.345 tf=0.62lr=1.95313e-06
Epoch 193/400 train_mse_scaled=0.043796 val_mae=121.943 val_rmse=159.950 test_mae=121.699 test_rmse=159.131 tf=0.61lr=1.95313e-06
Epoch 194/400 train_mse_scaled=0.044715 val_mae=121.677 val_rmse=159.657 test_mae=121.427 test_rmse=158.844 tf=0.61lr=9.76563e-07
Epoch 195/400 train_mse_scaled=0.044582 val_mae=121.387 val_rmse=159.335 test_mae=121.149 test_rmse=158.528 tf=0.61lr=9.76563e-07
Epoch 196/400 train_mse_scaled=0.044652 val_mae=121.448 val_rmse=159.473 test_mae=121.190 test_rmse=158.651 tf=0.61lr=9.76563e-07
Epoch 197/400 train_mse_scaled=0.044716 val_mae=121.438 val_rmse=159.331 test_mae=121.190 test_rmse=158.494 tf=0.61lr=9.76563e-07
Epoch 198/400 train_mse_scaled=0.044851 val_mae=120.974 val_rmse=158.880 test_mae=120.732 test_rmse=158.048 tf=0.60lr=9.76563e-07
Epoch 199/400 train_mse_scaled=0.045265 val_mae=120.860 val_rmse=158.781 test_mae=120.614 test_rmse=157.933 tf=0.60lr=9.76563e-07
Epoch 200/400 train_mse_scaled=0.045225 val_mae=120.908 val_rmse=158.801 test_mae=120.664 test_rmse=157.971 tf=0.60lr=9.76563e-07
Epoch 201/400 train_mse_scaled=0.045147 val_mae=120.673 val_rmse=158.464 test_mae=120.413 test_rmse=157.582 tf=0.60lr=9.76563e-07
Epoch 202/400 train_mse_scaled=0.045710 val_mae=120.899 val_rmse=158.617 test_mae=120.666 test_rmse=157.801 tf=0.60lr=9.76563e-07
Epoch 203/400 train_mse_scaled=0.045561 val_mae=120.670 val_rmse=158.434 test_mae=120.427 test_rmse=157.592 tf=0.59lr=9.76563e-07
Epoch 204/400 train_mse_scaled=0.046099 val_mae=120.477 val_rmse=158.124 test_mae=120.259 test_rmse=157.312 tf=0.59lr=9.76563e-07
Epoch 205/400 train_mse_scaled=0.046025 val_mae=120.294 val_rmse=158.056 test_mae=120.069 test_rmse=157.243 tf=0.59lr=9.76563e-07
Epoch 206/400 train_mse_scaled=0.046345 val_mae=120.352 val_rmse=158.098 test_mae=120.127 test_rmse=157.291 tf=0.59lr=9.76563e-07
Epoch 207/400 train_mse_scaled=0.046220 val_mae=119.966 val_rmse=157.686 test_mae=119.742 test_rmse=156.868 tf=0.59lr=9.76563e-07
Epoch 208/400 train_mse_scaled=0.047027 val_mae=120.028 val_rmse=157.840 test_mae=119.845 test_rmse=157.089 tf=0.58lr=9.76563e-07
Epoch 209/400 train_mse_scaled=0.046718 val_mae=119.565 val_rmse=157.368 test_mae=119.355 test_rmse=156.607 tf=0.58lr=9.76563e-07
Epoch 210/400 train_mse_scaled=0.046495 val_mae=119.749 val_rmse=157.393 test_mae=119.536 test_rmse=156.605 tf=0.58lr=9.76563e-07
Epoch 211/400 train_mse_scaled=0.046877 val_mae=119.544 val_rmse=157.240 test_mae=119.347 test_rmse=156.466 tf=0.58lr=9.76563e-07
Epoch 212/400 train_mse_scaled=0.047034 val_mae=119.802 val_rmse=157.546 test_mae=119.636 test_rmse=156.828 tf=0.58lr=9.76563e-07
Epoch 213/400 train_mse_scaled=0.047268 val_mae=119.852 val_rmse=157.522 test_mae=119.670 test_rmse=156.773 tf=0.57lr=9.76563e-07
Epoch 214/400 train_mse_scaled=0.046980 val_mae=119.430 val_rmse=157.141 test_mae=119.257 test_rmse=156.399 tf=0.57lr=9.76563e-07
Epoch 215/400 train_mse_scaled=0.047664 val_mae=119.126 val_rmse=156.730 test_mae=118.932 test_rmse=155.935 tf=0.57lr=9.76563e-07
Epoch 216/400 train_mse_scaled=0.047824 val_mae=119.040 val_rmse=156.637 test_mae=118.844 test_rmse=155.832 tf=0.57lr=9.76563e-07
Epoch 217/400 train_mse_scaled=0.047907 val_mae=118.840 val_rmse=156.456 test_mae=118.625 test_rmse=155.608 tf=0.57lr=9.76563e-07
Epoch 218/400 train_mse_scaled=0.048154 val_mae=118.959 val_rmse=156.586 test_mae=118.753 test_rmse=155.760 tf=0.56lr=9.76563e-07
Epoch 219/400 train_mse_scaled=0.048286 val_mae=118.491 val_rmse=156.114 test_mae=118.281 test_rmse=155.269 tf=0.56lr=9.76563e-07
Epoch 220/400 train_mse_scaled=0.048378 val_mae=118.716 val_rmse=156.337 test_mae=118.533 test_rmse=155.534 tf=0.56lr=9.76563e-07
Epoch 221/400 train_mse_scaled=0.048936 val_mae=118.620 val_rmse=156.143 test_mae=118.467 test_rmse=155.370 tf=0.56lr=9.76563e-07
Epoch 222/400 train_mse_scaled=0.048579 val_mae=118.329 val_rmse=155.786 test_mae=118.155 test_rmse=154.980 tf=0.56lr=9.76563e-07
Epoch 223/400 train_mse_scaled=0.048803 val_mae=118.250 val_rmse=155.728 test_mae=118.057 test_rmse=154.891 tf=0.55lr=9.76563e-07
Epoch 224/400 train_mse_scaled=0.048453 val_mae=118.012 val_rmse=155.370 test_mae=117.818 test_rmse=154.528 tf=0.55lr=9.76563e-07
Epoch 225/400 train_mse_scaled=0.048625 val_mae=117.918 val_rmse=155.356 test_mae=117.753 test_rmse=154.563 tf=0.55lr=9.76563e-07
Epoch 226/400 train_mse_scaled=0.049568 val_mae=117.907 val_rmse=155.397 test_mae=117.744 test_rmse=154.598 tf=0.55lr=9.76563e-07
Epoch 227/400 train_mse_scaled=0.049841 val_mae=117.388 val_rmse=154.775 test_mae=117.221 test_rmse=153.948 tf=0.55lr=9.76563e-07
Epoch 228/400 train_mse_scaled=0.049351 val_mae=118.004 val_rmse=155.400 test_mae=117.824 test_rmse=154.561 tf=0.54lr=9.76563e-07
Epoch 229/400 train_mse_scaled=0.049828 val_mae=117.573 val_rmse=154.964 test_mae=117.413 test_rmse=154.151 tf=0.54lr=9.76563e-07
Epoch 230/400 train_mse_scaled=0.049984 val_mae=117.376 val_rmse=154.734 test_mae=117.211 test_rmse=153.914 tf=0.54lr=9.76563e-07
Epoch 231/400 train_mse_scaled=0.049676 val_mae=117.401 val_rmse=154.783 test_mae=117.224 test_rmse=153.947 tf=0.54lr=9.76563e-07
Epoch 232/400 train_mse_scaled=0.050395 val_mae=117.213 val_rmse=154.702 test_mae=117.038 test_rmse=153.851 tf=0.54lr=9.76563e-07
Epoch 233/400 train_mse_scaled=0.050089 val_mae=117.115 val_rmse=154.490 test_mae=116.922 test_rmse=153.610 tf=0.53lr=9.76563e-07
Epoch 234/400 train_mse_scaled=0.050808 val_mae=116.912 val_rmse=154.177 test_mae=116.747 test_rmse=153.319 tf=0.53lr=9.76563e-07
Epoch 235/400 train_mse_scaled=0.050633 val_mae=116.790 val_rmse=154.107 test_mae=116.599 test_rmse=153.202 tf=0.53lr=9.76563e-07
Epoch 236/400 train_mse_scaled=0.051132 val_mae=116.736 val_rmse=154.084 test_mae=116.545 test_rmse=153.167 tf=0.53lr=9.76563e-07
Epoch 237/400 train_mse_scaled=0.051157 val_mae=116.233 val_rmse=153.598 test_mae=116.060 test_rmse=152.729 tf=0.53lr=9.76563e-07
Epoch 238/400 train_mse_scaled=0.051091 val_mae=116.397 val_rmse=153.615 test_mae=116.227 test_rmse=152.735 tf=0.52lr=9.76563e-07
Epoch 239/400 train_mse_scaled=0.050830 val_mae=116.331 val_rmse=153.521 test_mae=116.163 test_rmse=152.655 tf=0.52lr=9.76563e-07
Epoch 240/400 train_mse_scaled=0.050839 val_mae=116.150 val_rmse=153.314 test_mae=115.974 test_rmse=152.426 tf=0.52lr=9.76563e-07
Epoch 241/400 train_mse_scaled=0.051438 val_mae=116.126 val_rmse=153.409 test_mae=115.955 test_rmse=152.535 tf=0.52lr=9.76563e-07
Epoch 242/400 train_mse_scaled=0.051359 val_mae=116.011 val_rmse=153.277 test_mae=115.825 test_rmse=152.375 tf=0.52lr=9.76563e-07
Epoch 243/400 train_mse_scaled=0.051986 val_mae=115.928 val_rmse=153.110 test_mae=115.766 test_rmse=152.235 tf=0.51lr=9.76563e-07
Epoch 244/400 train_mse_scaled=0.051559 val_mae=115.795 val_rmse=152.993 test_mae=115.603 test_rmse=152.083 tf=0.51lr=9.76563e-07
Epoch 245/400 train_mse_scaled=0.052156 val_mae=115.606 val_rmse=152.848 test_mae=115.414 test_rmse=151.940 tf=0.51lr=9.76563e-07
Epoch 246/400 train_mse_scaled=0.052289 val_mae=115.412 val_rmse=152.588 test_mae=115.223 test_rmse=151.654 tf=0.51lr=9.76563e-07
Epoch 247/400 train_mse_scaled=0.052478 val_mae=115.389 val_rmse=152.522 test_mae=115.212 test_rmse=151.604 tf=0.51lr=9.76563e-07
Epoch 248/400 train_mse_scaled=0.052317 val_mae=115.359 val_rmse=152.426 test_mae=115.167 test_rmse=151.499 tf=0.50lr=9.76563e-07
Epoch 249/400 train_mse_scaled=0.052437 val_mae=115.204 val_rmse=152.399 test_mae=114.998 test_rmse=151.489 tf=0.50lr=9.76563e-07
Epoch 250/400 train_mse_scaled=0.052697 val_mae=115.469 val_rmse=152.660 test_mae=115.303 test_rmse=151.793 tf=0.50lr=9.76563e-07
Epoch 251/400 train_mse_scaled=0.053273 val_mae=115.401 val_rmse=152.539 test_mae=115.226 test_rmse=151.644 tf=0.50lr=9.76563e-07
Epoch 252/400 train_mse_scaled=0.053089 val_mae=114.981 val_rmse=152.049 test_mae=114.786 test_rmse=151.100 tf=0.50lr=9.76563e-07
Epoch 253/400 train_mse_scaled=0.053493 val_mae=115.228 val_rmse=152.390 test_mae=115.071 test_rmse=151.541 tf=0.49lr=9.76563e-07
Epoch 254/400 train_mse_scaled=0.053834 val_mae=114.745 val_rmse=151.913 test_mae=114.534 test_rmse=150.960 tf=0.49lr=9.76563e-07
Epoch 255/400 train_mse_scaled=0.053721 val_mae=114.897 val_rmse=151.976 test_mae=114.716 test_rmse=151.088 tf=0.49lr=9.76563e-07
Epoch 256/400 train_mse_scaled=0.053675 val_mae=114.584 val_rmse=151.602 test_mae=114.404 test_rmse=150.690 tf=0.49lr=9.76563e-07
Epoch 257/400 train_mse_scaled=0.053393 val_mae=114.522 val_rmse=151.573 test_mae=114.335 test_rmse=150.643 tf=0.49lr=9.76563e-07
Epoch 258/400 train_mse_scaled=0.053965 val_mae=114.554 val_rmse=151.602 test_mae=114.377 test_rmse=150.686 tf=0.48lr=9.76563e-07
Epoch 259/400 train_mse_scaled=0.054148 val_mae=114.374 val_rmse=151.564 test_mae=114.211 test_rmse=150.683 tf=0.48lr=9.76563e-07
Epoch 260/400 train_mse_scaled=0.054950 val_mae=113.979 val_rmse=150.971 test_mae=113.804 test_rmse=150.049 tf=0.48lr=9.76563e-07
Epoch 261/400 train_mse_scaled=0.054867 val_mae=113.913 val_rmse=150.921 test_mae=113.742 test_rmse=149.992 tf=0.48lr=9.76563e-07
Epoch 262/400 train_mse_scaled=0.054832 val_mae=113.768 val_rmse=150.792 test_mae=113.602 test_rmse=149.881 tf=0.48lr=9.76563e-07
Epoch 263/400 train_mse_scaled=0.055175 val_mae=113.563 val_rmse=150.552 test_mae=113.410 test_rmse=149.649 tf=0.47lr=9.76563e-07
Epoch 264/400 train_mse_scaled=0.054523 val_mae=113.660 val_rmse=150.616 test_mae=113.511 test_rmse=149.711 tf=0.47lr=9.76563e-07
Epoch 265/400 train_mse_scaled=0.055095 val_mae=113.566 val_rmse=150.521 test_mae=113.414 test_rmse=149.604 tf=0.47lr=9.76563e-07
Epoch 266/400 train_mse_scaled=0.055479 val_mae=113.443 val_rmse=150.408 test_mae=113.305 test_rmse=149.515 tf=0.47lr=9.76563e-07
Epoch 267/400 train_mse_scaled=0.055342 val_mae=113.390 val_rmse=150.349 test_mae=113.252 test_rmse=149.485 tf=0.47lr=9.76563e-07
Epoch 268/400 train_mse_scaled=0.055477 val_mae=113.212 val_rmse=150.156 test_mae=113.067 test_rmse=149.252 tf=0.46lr=9.76563e-07
Epoch 269/400 train_mse_scaled=0.055590 val_mae=113.182 val_rmse=150.046 test_mae=113.041 test_rmse=149.162 tf=0.46lr=9.76563e-07
Epoch 270/400 train_mse_scaled=0.055739 val_mae=113.445 val_rmse=150.252 test_mae=113.304 test_rmse=149.361 tf=0.46lr=9.76563e-07
Epoch 271/400 train_mse_scaled=0.055808 val_mae=113.134 val_rmse=149.964 test_mae=113.005 test_rmse=149.104 tf=0.46lr=9.76563e-07
Epoch 272/400 train_mse_scaled=0.055867 val_mae=113.134 val_rmse=150.113 test_mae=113.015 test_rmse=149.286 tf=0.46lr=9.76563e-07
Epoch 273/400 train_mse_scaled=0.056600 val_mae=112.979 val_rmse=149.811 test_mae=112.838 test_rmse=148.915 tf=0.45lr=9.76563e-07
Epoch 274/400 train_mse_scaled=0.056131 val_mae=112.682 val_rmse=149.497 test_mae=112.545 test_rmse=148.624 tf=0.45lr=9.76563e-07
Epoch 275/400 train_mse_scaled=0.056668 val_mae=112.661 val_rmse=149.461 test_mae=112.519 test_rmse=148.570 tf=0.45lr=9.76563e-07
Epoch 276/400 train_mse_scaled=0.056673 val_mae=112.585 val_rmse=149.393 test_mae=112.419 test_rmse=148.450 tf=0.45lr=9.76563e-07
Epoch 277/400 train_mse_scaled=0.056922 val_mae=112.768 val_rmse=149.677 test_mae=112.624 test_rmse=148.765 tf=0.45lr=9.76563e-07
Epoch 278/400 train_mse_scaled=0.056748 val_mae=112.148 val_rmse=149.044 test_mae=111.965 test_rmse=148.082 tf=0.44lr=9.76563e-07
Epoch 279/400 train_mse_scaled=0.057110 val_mae=112.346 val_rmse=149.109 test_mae=112.180 test_rmse=148.146 tf=0.44lr=9.76563e-07
Epoch 280/400 train_mse_scaled=0.057222 val_mae=112.114 val_rmse=148.958 test_mae=111.987 test_rmse=148.057 tf=0.44lr=9.76563e-07
Epoch 281/400 train_mse_scaled=0.057228 val_mae=112.412 val_rmse=149.280 test_mae=112.255 test_rmse=148.330 tf=0.44lr=9.76563e-07
Epoch 282/400 train_mse_scaled=0.057897 val_mae=112.137 val_rmse=149.005 test_mae=112.004 test_rmse=148.096 tf=0.44lr=9.76563e-07
Epoch 283/400 train_mse_scaled=0.057318 val_mae=111.927 val_rmse=148.616 test_mae=111.790 test_rmse=147.693 tf=0.43lr=9.76563e-07
Epoch 284/400 train_mse_scaled=0.058148 val_mae=111.670 val_rmse=148.545 test_mae=111.524 test_rmse=147.607 tf=0.43lr=9.76563e-07
Epoch 285/400 train_mse_scaled=0.058186 val_mae=111.821 val_rmse=148.596 test_mae=111.680 test_rmse=147.665 tf=0.43lr=9.76563e-07
Epoch 286/400 train_mse_scaled=0.058476 val_mae=111.442 val_rmse=148.185 test_mae=111.299 test_rmse=147.232 tf=0.43lr=9.76563e-07
Epoch 287/400 train_mse_scaled=0.058321 val_mae=111.440 val_rmse=148.199 test_mae=111.313 test_rmse=147.304 tf=0.43lr=9.76563e-07
Epoch 288/400 train_mse_scaled=0.058569 val_mae=111.134 val_rmse=147.832 test_mae=111.001 test_rmse=146.915 tf=0.42lr=9.76563e-07
Epoch 289/400 train_mse_scaled=0.058394 val_mae=111.463 val_rmse=148.158 test_mae=111.333 test_rmse=147.249 tf=0.42lr=9.76563e-07
Epoch 290/400 train_mse_scaled=0.058646 val_mae=111.660 val_rmse=148.399 test_mae=111.520 test_rmse=147.492 tf=0.42lr=9.76563e-07
Epoch 291/400 train_mse_scaled=0.058830 val_mae=111.264 val_rmse=147.982 test_mae=111.120 test_rmse=147.061 tf=0.42lr=9.76563e-07
Epoch 292/400 train_mse_scaled=0.059378 val_mae=111.212 val_rmse=147.912 test_mae=111.070 test_rmse=146.996 tf=0.42lr=9.76563e-07
Epoch 293/400 train_mse_scaled=0.059126 val_mae=111.138 val_rmse=147.924 test_mae=111.005 test_rmse=147.037 tf=0.41lr=4.88281e-07
Epoch 294/400 train_mse_scaled=0.059216 val_mae=111.044 val_rmse=147.809 test_mae=110.874 test_rmse=146.844 tf=0.41lr=4.88281e-07
Epoch 295/400 train_mse_scaled=0.059323 val_mae=111.077 val_rmse=147.811 test_mae=110.906 test_rmse=146.837 tf=0.41lr=4.88281e-07
Epoch 296/400 train_mse_scaled=0.059801 val_mae=111.032 val_rmse=147.697 test_mae=110.875 test_rmse=146.738 tf=0.41lr=4.88281e-07
Epoch 297/400 train_mse_scaled=0.060070 val_mae=110.682 val_rmse=147.316 test_mae=110.531 test_rmse=146.366 tf=0.41lr=4.88281e-07
Epoch 298/400 train_mse_scaled=0.060164 val_mae=110.840 val_rmse=147.556 test_mae=110.682 test_rmse=146.611 tf=0.40lr=4.88281e-07
Epoch 299/400 train_mse_scaled=0.060233 val_mae=110.648 val_rmse=147.338 test_mae=110.465 test_rmse=146.342 tf=0.40lr=4.88281e-07
Epoch 300/400 train_mse_scaled=0.060206 val_mae=110.749 val_rmse=147.413 test_mae=110.597 test_rmse=146.466 tf=0.40lr=4.88281e-07
Epoch 301/400 train_mse_scaled=0.060600 val_mae=110.634 val_rmse=147.306 test_mae=110.471 test_rmse=146.335 tf=0.40lr=4.88281e-07
Epoch 302/400 train_mse_scaled=0.060849 val_mae=110.558 val_rmse=147.210 test_mae=110.390 test_rmse=146.221 tf=0.39lr=2.44141e-07
Epoch 303/400 train_mse_scaled=0.060337 val_mae=110.539 val_rmse=147.138 test_mae=110.382 test_rmse=146.160 tf=0.39lr=2.44141e-07
Epoch 304/400 train_mse_scaled=0.060830 val_mae=110.676 val_rmse=147.282 test_mae=110.510 test_rmse=146.289 tf=0.39lr=2.44141e-07
Epoch 305/400 train_mse_scaled=0.061163 val_mae=110.554 val_rmse=147.191 test_mae=110.394 test_rmse=146.221 tf=0.39lr=2.44141e-07
Epoch 306/400 train_mse_scaled=0.061144 val_mae=110.572 val_rmse=147.224 test_mae=110.417 test_rmse=146.266 tf=0.39lr=2.44141e-07
Epoch 307/400 train_mse_scaled=0.061745 val_mae=110.502 val_rmse=147.139 test_mae=110.327 test_rmse=146.136 tf=0.38lr=2.44141e-07
Epoch 308/400 train_mse_scaled=0.061682 val_mae=110.443 val_rmse=147.084 test_mae=110.289 test_rmse=146.129 tf=0.38lr=1.2207e-07
Epoch 309/400 train_mse_scaled=0.061832 val_mae=110.461 val_rmse=147.090 test_mae=110.283 test_rmse=146.081 tf=0.38lr=1.2207e-07
Epoch 310/400 train_mse_scaled=0.061747 val_mae=110.392 val_rmse=147.033 test_mae=110.240 test_rmse=146.082 tf=0.38lr=1.2207e-07
Epoch 311/400 train_mse_scaled=0.062034 val_mae=110.368 val_rmse=147.012 test_mae=110.213 test_rmse=146.045 tf=0.38lr=1.2207e-07
Epoch 312/400 train_mse_scaled=0.061834 val_mae=110.335 val_rmse=146.949 test_mae=110.176 test_rmse=145.975 tf=0.37lr=1.2207e-07
Epoch 313/400 train_mse_scaled=0.062208 val_mae=110.315 val_rmse=146.906 test_mae=110.160 test_rmse=145.937 tf=0.37lr=1.2207e-07
Epoch 314/400 train_mse_scaled=0.062597 val_mae=110.338 val_rmse=146.922 test_mae=110.192 test_rmse=145.967 tf=0.37lr=1.2207e-07
Epoch 315/400 train_mse_scaled=0.062874 val_mae=110.274 val_rmse=146.881 test_mae=110.131 test_rmse=145.915 tf=0.37lr=1.2207e-07
Epoch 316/400 train_mse_scaled=0.062704 val_mae=110.251 val_rmse=146.860 test_mae=110.103 test_rmse=145.894 tf=0.37lr=1.2207e-07
Epoch 317/400 train_mse_scaled=0.063277 val_mae=110.175 val_rmse=146.796 test_mae=110.026 test_rmse=145.811 tf=0.36lr=1.2207e-07
Epoch 318/400 train_mse_scaled=0.063345 val_mae=110.146 val_rmse=146.762 test_mae=110.010 test_rmse=145.820 tf=0.36lr=1.2207e-07
Epoch 319/400 train_mse_scaled=0.063484 val_mae=110.033 val_rmse=146.630 test_mae=109.902 test_rmse=145.697 tf=0.36lr=1.2207e-07
Epoch 320/400 train_mse_scaled=0.063214 val_mae=110.042 val_rmse=146.636 test_mae=109.906 test_rmse=145.692 tf=0.36lr=1.2207e-07
Epoch 321/400 train_mse_scaled=0.063945 val_mae=110.029 val_rmse=146.619 test_mae=109.888 test_rmse=145.670 tf=0.36lr=1.2207e-07
Epoch 322/400 train_mse_scaled=0.063717 val_mae=109.992 val_rmse=146.568 test_mae=109.864 test_rmse=145.643 tf=0.35lr=1.2207e-07
Epoch 323/400 train_mse_scaled=0.064421 val_mae=109.979 val_rmse=146.544 test_mae=109.842 test_rmse=145.610 tf=0.35lr=1.2207e-07
Epoch 324/400 train_mse_scaled=0.063992 val_mae=109.936 val_rmse=146.495 test_mae=109.805 test_rmse=145.557 tf=0.35lr=1.2207e-07
Epoch 325/400 train_mse_scaled=0.064124 val_mae=109.894 val_rmse=146.465 test_mae=109.757 test_rmse=145.531 tf=0.35lr=1.2207e-07
Epoch 326/400 train_mse_scaled=0.064678 val_mae=109.926 val_rmse=146.509 test_mae=109.795 test_rmse=145.592 tf=0.35lr=1.2207e-07
Epoch 327/400 train_mse_scaled=0.064860 val_mae=109.903 val_rmse=146.461 test_mae=109.779 test_rmse=145.551 tf=0.34lr=1.2207e-07
Epoch 328/400 train_mse_scaled=0.064534 val_mae=109.793 val_rmse=146.346 test_mae=109.667 test_rmse=145.424 tf=0.34lr=1.2207e-07
Epoch 329/400 train_mse_scaled=0.065059 val_mae=109.739 val_rmse=146.282 test_mae=109.612 test_rmse=145.352 tf=0.34lr=1.2207e-07
Epoch 330/400 train_mse_scaled=0.065446 val_mae=109.748 val_rmse=146.290 test_mae=109.633 test_rmse=145.379 tf=0.34lr=1.2207e-07
Epoch 331/400 train_mse_scaled=0.065411 val_mae=109.764 val_rmse=146.331 test_mae=109.646 test_rmse=145.428 tf=0.34lr=1.2207e-07
Epoch 332/400 train_mse_scaled=0.065426 val_mae=109.677 val_rmse=146.214 test_mae=109.546 test_rmse=145.295 tf=0.33lr=1.2207e-07
Epoch 333/400 train_mse_scaled=0.065346 val_mae=109.652 val_rmse=146.164 test_mae=109.525 test_rmse=145.247 tf=0.33lr=1.2207e-07
Epoch 334/400 train_mse_scaled=0.065507 val_mae=109.644 val_rmse=146.165 test_mae=109.507 test_rmse=145.233 tf=0.33lr=1.2207e-07
Epoch 335/400 train_mse_scaled=0.065973 val_mae=109.522 val_rmse=146.030 test_mae=109.381 test_rmse=145.091 tf=0.33lr=1.2207e-07
Epoch 336/400 train_mse_scaled=0.066128 val_mae=109.432 val_rmse=145.955 test_mae=109.286 test_rmse=145.013 tf=0.33lr=1.2207e-07
Epoch 337/400 train_mse_scaled=0.065693 val_mae=109.406 val_rmse=145.897 test_mae=109.269 test_rmse=144.967 tf=0.32lr=1.2207e-07
Epoch 338/400 train_mse_scaled=0.066119 val_mae=109.463 val_rmse=145.941 test_mae=109.331 test_rmse=145.027 tf=0.32lr=1.2207e-07
Epoch 339/400 train_mse_scaled=0.066685 val_mae=109.517 val_rmse=145.996 test_mae=109.400 test_rmse=145.106 tf=0.32lr=1.2207e-07
Epoch 340/400 train_mse_scaled=0.066313 val_mae=109.411 val_rmse=145.893 test_mae=109.276 test_rmse=144.975 tf=0.32lr=1.2207e-07
Epoch 341/400 train_mse_scaled=0.066717 val_mae=109.371 val_rmse=145.867 test_mae=109.245 test_rmse=144.964 tf=0.32lr=1.2207e-07
Epoch 342/400 train_mse_scaled=0.066726 val_mae=109.321 val_rmse=145.800 test_mae=109.184 test_rmse=144.873 tf=0.31lr=1.2207e-07
Epoch 343/400 train_mse_scaled=0.067133 val_mae=109.318 val_rmse=145.826 test_mae=109.195 test_rmse=144.933 tf=0.31lr=1.2207e-07
Epoch 344/400 train_mse_scaled=0.067373 val_mae=109.310 val_rmse=145.823 test_mae=109.174 test_rmse=144.898 tf=0.31lr=1.2207e-07
Epoch 345/400 train_mse_scaled=0.067439 val_mae=109.215 val_rmse=145.720 test_mae=109.084 test_rmse=144.808 tf=0.31lr=1.2207e-07
Epoch 346/400 train_mse_scaled=0.067501 val_mae=109.237 val_rmse=145.724 test_mae=109.095 test_rmse=144.789 tf=0.31lr=1.2207e-07
Epoch 347/400 train_mse_scaled=0.067056 val_mae=109.175 val_rmse=145.644 test_mae=109.042 test_rmse=144.720 tf=0.30lr=1.2207e-07
Epoch 348/400 train_mse_scaled=0.067581 val_mae=109.177 val_rmse=145.644 test_mae=109.036 test_rmse=144.705 tf=0.30lr=1.2207e-07
Epoch 349/400 train_mse_scaled=0.068150 val_mae=109.119 val_rmse=145.570 test_mae=108.977 test_rmse=144.629 tf=0.30lr=1.2207e-07
Epoch 350/400 train_mse_scaled=0.068983 val_mae=109.115 val_rmse=145.597 test_mae=108.972 test_rmse=144.653 tf=0.30lr=1.2207e-07
Epoch 351/400 train_mse_scaled=0.068621 val_mae=109.071 val_rmse=145.562 test_mae=108.920 test_rmse=144.607 tf=0.30lr=1.2207e-07
Epoch 352/400 train_mse_scaled=0.068442 val_mae=109.079 val_rmse=145.560 test_mae=108.934 test_rmse=144.628 tf=0.29lr=1.2207e-07
Epoch 353/400 train_mse_scaled=0.068242 val_mae=109.022 val_rmse=145.484 test_mae=108.883 test_rmse=144.564 tf=0.29lr=1.2207e-07
Epoch 354/400 train_mse_scaled=0.068820 val_mae=108.951 val_rmse=145.417 test_mae=108.799 test_rmse=144.459 tf=0.29lr=1.2207e-07
Epoch 355/400 train_mse_scaled=0.069336 val_mae=108.843 val_rmse=145.313 test_mae=108.702 test_rmse=144.383 tf=0.29lr=1.2207e-07
Epoch 356/400 train_mse_scaled=0.069300 val_mae=108.756 val_rmse=145.212 test_mae=108.605 test_rmse=144.260 tf=0.29lr=1.2207e-07
Epoch 357/400 train_mse_scaled=0.069480 val_mae=108.767 val_rmse=145.233 test_mae=108.610 test_rmse=144.272 tf=0.28lr=1.2207e-07
Epoch 358/400 train_mse_scaled=0.069726 val_mae=108.727 val_rmse=145.154 test_mae=108.585 test_rmse=144.225 tf=0.28lr=1.2207e-07
Epoch 359/400 train_mse_scaled=0.069756 val_mae=108.623 val_rmse=145.070 test_mae=108.480 test_rmse=144.128 tf=0.28lr=1.2207e-07
Epoch 360/400 train_mse_scaled=0.069634 val_mae=108.584 val_rmse=145.023 test_mae=108.438 test_rmse=144.072 tf=0.28lr=1.2207e-07
Epoch 361/400 train_mse_scaled=0.069950 val_mae=108.574 val_rmse=145.025 test_mae=108.417 test_rmse=144.042 tf=0.28lr=1.2207e-07
Epoch 362/400 train_mse_scaled=0.070357 val_mae=108.588 val_rmse=145.030 test_mae=108.445 test_rmse=144.067 tf=0.27lr=1.2207e-07
Epoch 363/400 train_mse_scaled=0.070413 val_mae=108.536 val_rmse=144.981 test_mae=108.388 test_rmse=144.015 tf=0.27lr=1.2207e-07
Epoch 364/400 train_mse_scaled=0.070472 val_mae=108.486 val_rmse=144.926 test_mae=108.347 test_rmse=143.965 tf=0.27lr=1.2207e-07
Epoch 365/400 train_mse_scaled=0.071023 val_mae=108.443 val_rmse=144.889 test_mae=108.295 test_rmse=143.909 tf=0.27lr=1.2207e-07
Epoch 366/400 train_mse_scaled=0.071315 val_mae=108.395 val_rmse=144.826 test_mae=108.265 test_rmse=143.880 tf=0.27lr=1.2207e-07
Epoch 367/400 train_mse_scaled=0.070893 val_mae=108.364 val_rmse=144.791 test_mae=108.221 test_rmse=143.819 tf=0.26lr=1.2207e-07
Epoch 368/400 train_mse_scaled=0.070926 val_mae=108.306 val_rmse=144.729 test_mae=108.168 test_rmse=143.762 tf=0.26lr=1.2207e-07
Epoch 369/400 train_mse_scaled=0.071287 val_mae=108.316 val_rmse=144.730 test_mae=108.166 test_rmse=143.746 tf=0.26lr=1.2207e-07
Epoch 370/400 train_mse_scaled=0.071408 val_mae=108.275 val_rmse=144.693 test_mae=108.127 test_rmse=143.710 tf=0.26lr=1.2207e-07
Epoch 371/400 train_mse_scaled=0.071757 val_mae=108.183 val_rmse=144.630 test_mae=108.035 test_rmse=143.639 tf=0.26lr=1.2207e-07
Epoch 372/400 train_mse_scaled=0.071879 val_mae=108.188 val_rmse=144.628 test_mae=108.052 test_rmse=143.655 tf=0.25lr=1.2207e-07
Epoch 373/400 train_mse_scaled=0.071916 val_mae=108.201 val_rmse=144.638 test_mae=108.064 test_rmse=143.658 tf=0.25lr=1.2207e-07
Epoch 374/400 train_mse_scaled=0.071873 val_mae=108.101 val_rmse=144.509 test_mae=107.969 test_rmse=143.542 tf=0.25lr=1.2207e-07
Epoch 375/400 train_mse_scaled=0.072242 val_mae=108.030 val_rmse=144.426 test_mae=107.892 test_rmse=143.449 tf=0.25lr=1.2207e-07
Epoch 376/400 train_mse_scaled=0.072701 val_mae=107.980 val_rmse=144.359 test_mae=107.844 test_rmse=143.389 tf=0.25lr=1.2207e-07
Epoch 377/400 train_mse_scaled=0.072740 val_mae=108.026 val_rmse=144.438 test_mae=107.895 test_rmse=143.472 tf=0.24lr=1.2207e-07
Epoch 378/400 train_mse_scaled=0.072584 val_mae=107.955 val_rmse=144.361 test_mae=107.824 test_rmse=143.390 tf=0.24lr=1.2207e-07
Epoch 379/400 train_mse_scaled=0.073505 val_mae=107.925 val_rmse=144.348 test_mae=107.800 test_rmse=143.389 tf=0.24lr=1.2207e-07
Epoch 380/400 train_mse_scaled=0.073351 val_mae=107.849 val_rmse=144.258 test_mae=107.718 test_rmse=143.286 tf=0.24lr=1.2207e-07
Epoch 381/400 train_mse_scaled=0.072917 val_mae=107.779 val_rmse=144.186 test_mae=107.654 test_rmse=143.216 tf=0.24lr=1.2207e-07
Epoch 382/400 train_mse_scaled=0.073024 val_mae=107.740 val_rmse=144.134 test_mae=107.611 test_rmse=143.144 tf=0.23lr=1.2207e-07
Epoch 383/400 train_mse_scaled=0.073084 val_mae=107.651 val_rmse=144.037 test_mae=107.527 test_rmse=143.069 tf=0.23lr=1.2207e-07
Epoch 384/400 train_mse_scaled=0.073638 val_mae=107.690 val_rmse=144.081 test_mae=107.557 test_rmse=143.081 tf=0.23lr=1.2207e-07
Epoch 385/400 train_mse_scaled=0.074066 val_mae=107.707 val_rmse=144.083 test_mae=107.575 test_rmse=143.092 tf=0.23lr=1.2207e-07
Epoch 386/400 train_mse_scaled=0.074187 val_mae=107.626 val_rmse=144.013 test_mae=107.488 test_rmse=142.998 tf=0.23lr=1.2207e-07
Epoch 387/400 train_mse_scaled=0.074251 val_mae=107.544 val_rmse=143.930 test_mae=107.401 test_rmse=142.910 tf=0.22lr=1.2207e-07
Epoch 388/400 train_mse_scaled=0.074304 val_mae=107.530 val_rmse=143.917 test_mae=107.385 test_rmse=142.906 tf=0.22lr=1.2207e-07
Epoch 389/400 train_mse_scaled=0.074625 val_mae=107.486 val_rmse=143.872 test_mae=107.338 test_rmse=142.857 tf=0.22lr=1.2207e-07
Epoch 390/400 train_mse_scaled=0.074996 val_mae=107.532 val_rmse=143.922 test_mae=107.385 test_rmse=142.913 tf=0.22lr=1.2207e-07
Epoch 391/400 train_mse_scaled=0.075045 val_mae=107.456 val_rmse=143.813 test_mae=107.299 test_rmse=142.773 tf=0.22lr=1.2207e-07
Epoch 392/400 train_mse_scaled=0.074882 val_mae=107.421 val_rmse=143.796 test_mae=107.269 test_rmse=142.775 tf=0.21lr=1.2207e-07
Epoch 393/400 train_mse_scaled=0.075716 val_mae=107.405 val_rmse=143.785 test_mae=107.242 test_rmse=142.741 tf=0.21lr=1.2207e-07
Epoch 394/400 train_mse_scaled=0.075521 val_mae=107.421 val_rmse=143.778 test_mae=107.263 test_rmse=142.751 tf=0.21lr=1.2207e-07
Epoch 395/400 train_mse_scaled=0.075608 val_mae=107.368 val_rmse=143.749 test_mae=107.196 test_rmse=142.691 tf=0.21lr=1.2207e-07
Epoch 396/400 train_mse_scaled=0.075530 val_mae=107.291 val_rmse=143.679 test_mae=107.115 test_rmse=142.614 tf=0.21lr=1.2207e-07
Epoch 397/400 train_mse_scaled=0.076082 val_mae=107.206 val_rmse=143.584 test_mae=107.025 test_rmse=142.504 tf=0.20lr=1.2207e-07
Epoch 398/400 train_mse_scaled=0.075487 val_mae=107.159 val_rmse=143.525 test_mae=106.983 test_rmse=142.451 tf=0.20lr=1.2207e-07
Epoch 399/400 train_mse_scaled=0.076581 val_mae=107.148 val_rmse=143.507 test_mae=106.971 test_rmse=142.429 tf=0.20lr=1.2207e-07
Epoch 400/400 train_mse_scaled=0.076450 val_mae=107.077 val_rmse=143.421 test_mae=106.902 test_rmse=142.349 tf=0.20lr=1.2207e-07
Training complete. Best checkpoint at: v2/results/checkpoints/seq2seq/best.pth
