Run args: {'data': 'data/wtbdata_hourly.csv', 'id_col': None, 'time_col': None, 'wind_col': None, 'power_col': None, 'hist_len': 24, 'pred_len': 24, 'stride': 1, 'time_encode': 'sin-cos', 'batch_size': 256, 'epochs': 2000, 'lr': 0.001, 'hidden_size': 32, 'num_layers': 2, 'dropout': 0.1, 'emb_dim': 5, 'teacher_start': 0.0, 'teacher_end': 0.0, 'patience': 100, 'seed': 42, 'num_workers': 20, 'shuffle_split': True, 'shuffle_seed': 42}
Cleaned data: 787920 -> 609679 rows. Saved: v2/results/cleaned.csv
[INFO] Saved cleaned snapshot to: v2/results/cleaned_snapshot_2234599aa02e3f340edf4bb0b7ed3062.csv (md5=2234599aa02e3f340edf4bb0b7ed3062)
[INFO] Loaded saved splits from: v2/results/splits_seq2seq.json
Samples -> train: 47900, val: 5988, test: 6059

Train samples (show 5):
  [0] TurbID=1, start_idx=2745, hist=(2020-05-21 08:00:00~2020-05-22 07:00:00), pred=(2020-05-22 08:00:00~2020-05-23 07:00:00)
  [1] TurbID=1, start_idx=3980, hist=(2020-08-01 17:00:00~2020-08-02 16:00:00), pred=(2020-08-02 17:00:00~2020-08-03 16:00:00)
  [2] TurbID=1, start_idx=3038, hist=(2020-06-04 18:00:00~2020-06-05 17:00:00), pred=(2020-06-05 18:00:00~2020-06-06 17:00:00)
  [3] TurbID=1, start_idx=307, hist=(2020-01-17 08:00:00~2020-01-18 07:00:00), pred=(2020-01-18 08:00:00~2020-01-19 07:00:00)
  [4] TurbID=1, start_idx=4413, hist=(2020-08-29 16:00:00~2020-08-30 15:00:00), pred=(2020-08-30 16:00:00~2020-08-31 15:00:00)

Val samples (show 5):
  [0] TurbID=1, start_idx=3666, hist=(2020-07-16 02:00:00~2020-07-17 01:00:00), pred=(2020-07-17 02:00:00~2020-07-18 01:00:00)
  [1] TurbID=1, start_idx=46, hist=(2020-01-03 00:00:00~2020-01-03 23:00:00), pred=(2020-01-04 00:00:00~2020-01-04 23:00:00)
  [2] TurbID=1, start_idx=2727, hist=(2020-05-20 14:00:00~2020-05-21 13:00:00), pred=(2020-05-21 14:00:00~2020-05-22 13:00:00)
  [3] TurbID=1, start_idx=2705, hist=(2020-05-19 16:00:00~2020-05-20 15:00:00), pred=(2020-05-20 16:00:00~2020-05-21 15:00:00)
  [4] TurbID=1, start_idx=2917, hist=(2020-05-29 14:00:00~2020-05-30 13:00:00), pred=(2020-05-30 14:00:00~2020-05-31 13:00:00)

Test samples (show 5):
  [0] TurbID=1, start_idx=3769, hist=(2020-07-21 10:00:00~2020-07-22 09:00:00), pred=(2020-07-22 10:00:00~2020-07-23 09:00:00)
  [1] TurbID=1, start_idx=293, hist=(2020-01-16 18:00:00~2020-01-17 17:00:00), pred=(2020-01-17 18:00:00~2020-01-18 17:00:00)
  [2] TurbID=1, start_idx=2751, hist=(2020-05-21 14:00:00~2020-05-22 13:00:00), pred=(2020-05-22 14:00:00~2020-05-23 13:00:00)
  [3] TurbID=1, start_idx=3823, hist=(2020-07-23 16:00:00~2020-07-24 15:00:00), pred=(2020-07-24 16:00:00~2020-07-25 15:00:00)
  [4] TurbID=1, start_idx=1108, hist=(2020-02-25 17:00:00~2020-02-26 16:00:00), pred=(2020-02-26 17:00:00~2020-02-27 16:00:00)
[DEBUG] target_scaler.scale_ : [460.11395043]
[DEBUG] train_ds.feature_scaler.mean_: [ 7.63311543e+00  7.25987039e+02  1.10326964e-18 -5.63146529e-18
  6.32851307e-04 -1.86239544e-01]
[DEBUG] train_ds.target_scaler.mean_: [746.06511492]
[DEBUG] train_ds.exo_scaler.mean_: [ 7.78879236e+00  1.10326964e-18 -5.63146529e-18 -1.45213366e-01
 -1.16613238e-01]
Epoch 1/2000 train_mse_scaled=0.421917 val_mae=156.268 val_rmse=218.687 tf=0.00lr=0.001
Saved validation predictions (best) to: v2/results/seq2seq_val_y_true.npy and v2/results/seq2seq_val_y_pred_mean.npy
Epoch 2/2000 train_mse_scaled=0.220041 val_mae=134.848 val_rmse=188.413 tf=0.00lr=0.001
Saved validation predictions (best) to: v2/results/seq2seq_val_y_true.npy and v2/results/seq2seq_val_y_pred_mean.npy
Epoch 3/2000 train_mse_scaled=0.180194 val_mae=121.216 val_rmse=172.460 tf=0.00lr=0.001
Saved validation predictions (best) to: v2/results/seq2seq_val_y_true.npy and v2/results/seq2seq_val_y_pred_mean.npy
Epoch 4/2000 train_mse_scaled=0.156710 val_mae=113.506 val_rmse=159.761 tf=0.00lr=0.001
Saved validation predictions (best) to: v2/results/seq2seq_val_y_true.npy and v2/results/seq2seq_val_y_pred_mean.npy
Epoch 5/2000 train_mse_scaled=0.141344 val_mae=107.015 val_rmse=152.794 tf=0.00lr=0.001
Saved validation predictions (best) to: v2/results/seq2seq_val_y_true.npy and v2/results/seq2seq_val_y_pred_mean.npy
Epoch 6/2000 train_mse_scaled=0.131545 val_mae=101.592 val_rmse=146.626 tf=0.00lr=0.001
Saved validation predictions (best) to: v2/results/seq2seq_val_y_true.npy and v2/results/seq2seq_val_y_pred_mean.npy
Epoch 7/2000 train_mse_scaled=0.123974 val_mae=98.844 val_rmse=142.598 tf=0.00lr=0.001
Saved validation predictions (best) to: v2/results/seq2seq_val_y_true.npy and v2/results/seq2seq_val_y_pred_mean.npy
Epoch 8/2000 train_mse_scaled=0.118346 val_mae=96.382 val_rmse=139.192 tf=0.00lr=0.001
Saved validation predictions (best) to: v2/results/seq2seq_val_y_true.npy and v2/results/seq2seq_val_y_pred_mean.npy
Epoch 9/2000 train_mse_scaled=0.112916 val_mae=96.020 val_rmse=136.595 tf=0.00lr=0.001
Saved validation predictions (best) to: v2/results/seq2seq_val_y_true.npy and v2/results/seq2seq_val_y_pred_mean.npy
Epoch 10/2000 train_mse_scaled=0.107653 val_mae=93.772 val_rmse=134.228 tf=0.00lr=0.001
Saved validation predictions (best) to: v2/results/seq2seq_val_y_true.npy and v2/results/seq2seq_val_y_pred_mean.npy
Epoch 11/2000 train_mse_scaled=0.102729 val_mae=90.470 val_rmse=129.549 tf=0.00lr=0.001
Saved validation predictions (best) to: v2/results/seq2seq_val_y_true.npy and v2/results/seq2seq_val_y_pred_mean.npy
Epoch 12/2000 train_mse_scaled=0.098306 val_mae=88.366 val_rmse=129.676 tf=0.00lr=0.001
Epoch 13/2000 train_mse_scaled=0.094827 val_mae=86.073 val_rmse=125.322 tf=0.00lr=0.001
Saved validation predictions (best) to: v2/results/seq2seq_val_y_true.npy and v2/results/seq2seq_val_y_pred_mean.npy
Epoch 14/2000 train_mse_scaled=0.091088 val_mae=85.950 val_rmse=123.965 tf=0.00lr=0.001
Saved validation predictions (best) to: v2/results/seq2seq_val_y_true.npy and v2/results/seq2seq_val_y_pred_mean.npy
Epoch 15/2000 train_mse_scaled=0.088247 val_mae=85.203 val_rmse=121.570 tf=0.00lr=0.001
Saved validation predictions (best) to: v2/results/seq2seq_val_y_true.npy and v2/results/seq2seq_val_y_pred_mean.npy
Epoch 16/2000 train_mse_scaled=0.085439 val_mae=82.397 val_rmse=119.610 tf=0.00lr=0.001
Saved validation predictions (best) to: v2/results/seq2seq_val_y_true.npy and v2/results/seq2seq_val_y_pred_mean.npy
Epoch 17/2000 train_mse_scaled=0.083242 val_mae=81.357 val_rmse=117.974 tf=0.00lr=0.001
Saved validation predictions (best) to: v2/results/seq2seq_val_y_true.npy and v2/results/seq2seq_val_y_pred_mean.npy
Epoch 18/2000 train_mse_scaled=0.080784 val_mae=79.598 val_rmse=115.695 tf=0.00lr=0.001
Saved validation predictions (best) to: v2/results/seq2seq_val_y_true.npy and v2/results/seq2seq_val_y_pred_mean.npy
Epoch 19/2000 train_mse_scaled=0.078645 val_mae=79.578 val_rmse=114.673 tf=0.00lr=0.001
Saved validation predictions (best) to: v2/results/seq2seq_val_y_true.npy and v2/results/seq2seq_val_y_pred_mean.npy
Epoch 20/2000 train_mse_scaled=0.076972 val_mae=78.558 val_rmse=113.508 tf=0.00lr=0.001
Saved validation predictions (best) to: v2/results/seq2seq_val_y_true.npy and v2/results/seq2seq_val_y_pred_mean.npy
Epoch 21/2000 train_mse_scaled=0.075176 val_mae=78.200 val_rmse=112.306 tf=0.00lr=0.001
Saved validation predictions (best) to: v2/results/seq2seq_val_y_true.npy and v2/results/seq2seq_val_y_pred_mean.npy
Epoch 22/2000 train_mse_scaled=0.073872 val_mae=76.772 val_rmse=111.107 tf=0.00lr=0.001
Saved validation predictions (best) to: v2/results/seq2seq_val_y_true.npy and v2/results/seq2seq_val_y_pred_mean.npy
Epoch 23/2000 train_mse_scaled=0.072220 val_mae=75.646 val_rmse=109.092 tf=0.00lr=0.001
Saved validation predictions (best) to: v2/results/seq2seq_val_y_true.npy and v2/results/seq2seq_val_y_pred_mean.npy
Epoch 24/2000 train_mse_scaled=0.070456 val_mae=73.770 val_rmse=108.598 tf=0.00lr=0.001
Saved validation predictions (best) to: v2/results/seq2seq_val_y_true.npy and v2/results/seq2seq_val_y_pred_mean.npy
Epoch 25/2000 train_mse_scaled=0.069525 val_mae=73.884 val_rmse=107.368 tf=0.00lr=0.001
Saved validation predictions (best) to: v2/results/seq2seq_val_y_true.npy and v2/results/seq2seq_val_y_pred_mean.npy
Epoch 26/2000 train_mse_scaled=0.068355 val_mae=73.130 val_rmse=106.560 tf=0.00lr=0.001
Saved validation predictions (best) to: v2/results/seq2seq_val_y_true.npy and v2/results/seq2seq_val_y_pred_mean.npy
Epoch 27/2000 train_mse_scaled=0.066853 val_mae=72.143 val_rmse=105.639 tf=0.00lr=0.001
Saved validation predictions (best) to: v2/results/seq2seq_val_y_true.npy and v2/results/seq2seq_val_y_pred_mean.npy
Epoch 28/2000 train_mse_scaled=0.066107 val_mae=70.001 val_rmse=103.912 tf=0.00lr=0.001
Saved validation predictions (best) to: v2/results/seq2seq_val_y_true.npy and v2/results/seq2seq_val_y_pred_mean.npy
Epoch 29/2000 train_mse_scaled=0.065186 val_mae=69.774 val_rmse=103.424 tf=0.00lr=0.001
Saved validation predictions (best) to: v2/results/seq2seq_val_y_true.npy and v2/results/seq2seq_val_y_pred_mean.npy
Epoch 30/2000 train_mse_scaled=0.064594 val_mae=71.098 val_rmse=103.485 tf=0.00lr=0.001
Epoch 31/2000 train_mse_scaled=0.063360 val_mae=66.999 val_rmse=101.333 tf=0.00lr=0.001
Saved validation predictions (best) to: v2/results/seq2seq_val_y_true.npy and v2/results/seq2seq_val_y_pred_mean.npy
Epoch 32/2000 train_mse_scaled=0.062495 val_mae=69.753 val_rmse=102.165 tf=0.00lr=0.001
Epoch 33/2000 train_mse_scaled=0.062793 val_mae=67.219 val_rmse=100.715 tf=0.00lr=0.001
Saved validation predictions (best) to: v2/results/seq2seq_val_y_true.npy and v2/results/seq2seq_val_y_pred_mean.npy
Epoch 34/2000 train_mse_scaled=0.061260 val_mae=66.923 val_rmse=100.257 tf=0.00lr=0.001
Saved validation predictions (best) to: v2/results/seq2seq_val_y_true.npy and v2/results/seq2seq_val_y_pred_mean.npy
Epoch 35/2000 train_mse_scaled=0.060659 val_mae=67.127 val_rmse=99.458 tf=0.00lr=0.001
Saved validation predictions (best) to: v2/results/seq2seq_val_y_true.npy and v2/results/seq2seq_val_y_pred_mean.npy
Epoch 36/2000 train_mse_scaled=0.059760 val_mae=68.075 val_rmse=99.681 tf=0.00lr=0.001
Epoch 37/2000 train_mse_scaled=0.059242 val_mae=68.410 val_rmse=99.799 tf=0.00lr=0.001
Epoch 38/2000 train_mse_scaled=0.058329 val_mae=66.630 val_rmse=98.362 tf=0.00lr=0.001
Saved validation predictions (best) to: v2/results/seq2seq_val_y_true.npy and v2/results/seq2seq_val_y_pred_mean.npy
Epoch 39/2000 train_mse_scaled=0.057795 val_mae=64.715 val_rmse=97.634 tf=0.00lr=0.001
Saved validation predictions (best) to: v2/results/seq2seq_val_y_true.npy and v2/results/seq2seq_val_y_pred_mean.npy
Epoch 40/2000 train_mse_scaled=0.057401 val_mae=64.104 val_rmse=96.593 tf=0.00lr=0.001
Saved validation predictions (best) to: v2/results/seq2seq_val_y_true.npy and v2/results/seq2seq_val_y_pred_mean.npy
Epoch 41/2000 train_mse_scaled=0.057770 val_mae=64.519 val_rmse=96.923 tf=0.00lr=0.001
Epoch 42/2000 train_mse_scaled=0.056309 val_mae=64.939 val_rmse=96.510 tf=0.00lr=0.001
Saved validation predictions (best) to: v2/results/seq2seq_val_y_true.npy and v2/results/seq2seq_val_y_pred_mean.npy
Epoch 43/2000 train_mse_scaled=0.055921 val_mae=65.672 val_rmse=96.681 tf=0.00lr=0.001
Epoch 44/2000 train_mse_scaled=0.055466 val_mae=63.839 val_rmse=95.561 tf=0.00lr=0.001
Saved validation predictions (best) to: v2/results/seq2seq_val_y_true.npy and v2/results/seq2seq_val_y_pred_mean.npy
Epoch 45/2000 train_mse_scaled=0.054770 val_mae=64.855 val_rmse=96.288 tf=0.00lr=0.001
Epoch 46/2000 train_mse_scaled=0.054649 val_mae=63.570 val_rmse=94.868 tf=0.00lr=0.001
Saved validation predictions (best) to: v2/results/seq2seq_val_y_true.npy and v2/results/seq2seq_val_y_pred_mean.npy
Epoch 47/2000 train_mse_scaled=0.054192 val_mae=64.282 val_rmse=95.254 tf=0.00lr=0.001
Epoch 48/2000 train_mse_scaled=0.053894 val_mae=63.354 val_rmse=94.510 tf=0.00lr=0.001
Saved validation predictions (best) to: v2/results/seq2seq_val_y_true.npy and v2/results/seq2seq_val_y_pred_mean.npy
Epoch 49/2000 train_mse_scaled=0.053408 val_mae=62.142 val_rmse=94.482 tf=0.00lr=0.001
Saved validation predictions (best) to: v2/results/seq2seq_val_y_true.npy and v2/results/seq2seq_val_y_pred_mean.npy
Epoch 50/2000 train_mse_scaled=0.053314 val_mae=63.495 val_rmse=95.357 tf=0.00lr=0.001
Epoch 51/2000 train_mse_scaled=0.053129 val_mae=63.449 val_rmse=94.508 tf=0.00lr=0.001
Epoch 52/2000 train_mse_scaled=0.052337 val_mae=61.001 val_rmse=92.743 tf=0.00lr=0.001
Saved validation predictions (best) to: v2/results/seq2seq_val_y_true.npy and v2/results/seq2seq_val_y_pred_mean.npy
Epoch 53/2000 train_mse_scaled=0.051999 val_mae=61.036 val_rmse=93.226 tf=0.00lr=0.001
Epoch 54/2000 train_mse_scaled=0.051691 val_mae=63.168 val_rmse=93.327 tf=0.00lr=0.001
Epoch 55/2000 train_mse_scaled=0.051423 val_mae=62.437 val_rmse=93.441 tf=0.00lr=0.001
Epoch 56/2000 train_mse_scaled=0.051155 val_mae=63.116 val_rmse=92.901 tf=0.00lr=0.001
Epoch 57/2000 train_mse_scaled=0.050994 val_mae=64.066 val_rmse=93.647 tf=0.00lr=0.001
Epoch 58/2000 train_mse_scaled=0.050377 val_mae=62.963 val_rmse=92.932 tf=0.00lr=0.001
Epoch 59/2000 train_mse_scaled=0.050093 val_mae=60.630 val_rmse=90.984 tf=0.00lr=0.001
Saved validation predictions (best) to: v2/results/seq2seq_val_y_true.npy and v2/results/seq2seq_val_y_pred_mean.npy
Epoch 60/2000 train_mse_scaled=0.049715 val_mae=61.584 val_rmse=91.702 tf=0.00lr=0.001
Epoch 61/2000 train_mse_scaled=0.049690 val_mae=59.118 val_rmse=90.370 tf=0.00lr=0.001
Saved validation predictions (best) to: v2/results/seq2seq_val_y_true.npy and v2/results/seq2seq_val_y_pred_mean.npy
Epoch 62/2000 train_mse_scaled=0.049093 val_mae=60.263 val_rmse=91.656 tf=0.00lr=0.001
Epoch 63/2000 train_mse_scaled=0.049539 val_mae=61.484 val_rmse=91.984 tf=0.00lr=0.001
Epoch 64/2000 train_mse_scaled=0.049149 val_mae=60.898 val_rmse=90.786 tf=0.00lr=0.001
Epoch 65/2000 train_mse_scaled=0.048295 val_mae=60.441 val_rmse=90.267 tf=0.00lr=0.001
Saved validation predictions (best) to: v2/results/seq2seq_val_y_true.npy and v2/results/seq2seq_val_y_pred_mean.npy
Epoch 66/2000 train_mse_scaled=0.048321 val_mae=60.480 val_rmse=90.380 tf=0.00lr=0.001
Epoch 67/2000 train_mse_scaled=0.047910 val_mae=59.841 val_rmse=89.868 tf=0.00lr=0.001
Saved validation predictions (best) to: v2/results/seq2seq_val_y_true.npy and v2/results/seq2seq_val_y_pred_mean.npy
Epoch 68/2000 train_mse_scaled=0.047697 val_mae=60.326 val_rmse=90.240 tf=0.00lr=0.001
Epoch 69/2000 train_mse_scaled=0.048169 val_mae=60.479 val_rmse=90.243 tf=0.00lr=0.001
Epoch 70/2000 train_mse_scaled=0.047239 val_mae=60.376 val_rmse=89.241 tf=0.00lr=0.001
Saved validation predictions (best) to: v2/results/seq2seq_val_y_true.npy and v2/results/seq2seq_val_y_pred_mean.npy
Epoch 71/2000 train_mse_scaled=0.047206 val_mae=60.545 val_rmse=89.573 tf=0.00lr=0.001
Epoch 72/2000 train_mse_scaled=0.046850 val_mae=60.225 val_rmse=89.373 tf=0.00lr=0.001
Epoch 73/2000 train_mse_scaled=0.046437 val_mae=59.244 val_rmse=88.876 tf=0.00lr=0.001
Saved validation predictions (best) to: v2/results/seq2seq_val_y_true.npy and v2/results/seq2seq_val_y_pred_mean.npy
Epoch 74/2000 train_mse_scaled=0.046681 val_mae=58.628 val_rmse=87.958 tf=0.00lr=0.001
Saved validation predictions (best) to: v2/results/seq2seq_val_y_true.npy and v2/results/seq2seq_val_y_pred_mean.npy
Epoch 75/2000 train_mse_scaled=0.046617 val_mae=60.949 val_rmse=89.921 tf=0.00lr=0.001
Epoch 76/2000 train_mse_scaled=0.046168 val_mae=57.514 val_rmse=87.524 tf=0.00lr=0.001
Saved validation predictions (best) to: v2/results/seq2seq_val_y_true.npy and v2/results/seq2seq_val_y_pred_mean.npy
Epoch 77/2000 train_mse_scaled=0.045561 val_mae=58.442 val_rmse=87.352 tf=0.00lr=0.001
Saved validation predictions (best) to: v2/results/seq2seq_val_y_true.npy and v2/results/seq2seq_val_y_pred_mean.npy
Epoch 78/2000 train_mse_scaled=0.045611 val_mae=59.345 val_rmse=88.366 tf=0.00lr=0.001
Epoch 79/2000 train_mse_scaled=0.045696 val_mae=61.012 val_rmse=89.422 tf=0.00lr=0.001
Epoch 80/2000 train_mse_scaled=0.045478 val_mae=58.398 val_rmse=87.927 tf=0.00lr=0.001
Epoch 81/2000 train_mse_scaled=0.044995 val_mae=59.285 val_rmse=87.619 tf=0.00lr=0.001
Epoch 82/2000 train_mse_scaled=0.044770 val_mae=58.888 val_rmse=87.733 tf=0.00lr=0.001
Epoch 83/2000 train_mse_scaled=0.044613 val_mae=56.801 val_rmse=86.080 tf=0.00lr=0.001
Saved validation predictions (best) to: v2/results/seq2seq_val_y_true.npy and v2/results/seq2seq_val_y_pred_mean.npy
Epoch 84/2000 train_mse_scaled=0.044701 val_mae=60.050 val_rmse=87.631 tf=0.00lr=0.001
Epoch 85/2000 train_mse_scaled=0.044579 val_mae=60.198 val_rmse=89.111 tf=0.00lr=0.001
