Cleaned data: 787920 -> 609679 rows. Saved: v2/results/cleaned.csv
Samples -> train: 16453, val: 2056, test: 2121

Train samples (show 5):
  [0] TurbID=1, start_idx=14, hist=(2020-01-01 16:00:00~2020-01-03 15:00:00), pred=(2020-01-03 16:00:00~2020-01-04 15:00:00)
  [1] TurbID=1, start_idx=15, hist=(2020-01-01 17:00:00~2020-01-03 16:00:00), pred=(2020-01-03 17:00:00~2020-01-04 16:00:00)
  [2] TurbID=1, start_idx=16, hist=(2020-01-01 18:00:00~2020-01-03 17:00:00), pred=(2020-01-03 18:00:00~2020-01-04 17:00:00)
  [3] TurbID=1, start_idx=17, hist=(2020-01-01 19:00:00~2020-01-03 18:00:00), pred=(2020-01-03 19:00:00~2020-01-04 18:00:00)
  [4] TurbID=1, start_idx=18, hist=(2020-01-01 20:00:00~2020-01-03 19:00:00), pred=(2020-01-03 20:00:00~2020-01-04 19:00:00)

Val samples (show 5):
  [0] TurbID=1, start_idx=3770, hist=(2020-07-21 11:00:00~2020-07-23 10:00:00), pred=(2020-07-23 11:00:00~2020-07-24 10:00:00)
  [1] TurbID=1, start_idx=3771, hist=(2020-07-21 12:00:00~2020-07-23 11:00:00), pred=(2020-07-23 12:00:00~2020-07-24 11:00:00)
  [2] TurbID=1, start_idx=3772, hist=(2020-07-21 13:00:00~2020-07-23 12:00:00), pred=(2020-07-23 13:00:00~2020-07-24 12:00:00)
  [3] TurbID=1, start_idx=3773, hist=(2020-07-21 14:00:00~2020-07-23 13:00:00), pred=(2020-07-23 14:00:00~2020-07-24 13:00:00)
  [4] TurbID=1, start_idx=3774, hist=(2020-07-21 15:00:00~2020-07-23 14:00:00), pred=(2020-07-23 15:00:00~2020-07-24 14:00:00)

Test samples (show 5):
  [0] TurbID=1, start_idx=3964, hist=(2020-08-01 01:00:00~2020-08-03 00:00:00), pred=(2020-08-03 01:00:00~2020-08-04 00:00:00)
  [1] TurbID=1, start_idx=3965, hist=(2020-08-01 02:00:00~2020-08-03 01:00:00), pred=(2020-08-03 02:00:00~2020-08-04 01:00:00)
  [2] TurbID=1, start_idx=3966, hist=(2020-08-01 03:00:00~2020-08-03 02:00:00), pred=(2020-08-03 03:00:00~2020-08-04 02:00:00)
  [3] TurbID=1, start_idx=3967, hist=(2020-08-01 04:00:00~2020-08-03 03:00:00), pred=(2020-08-03 04:00:00~2020-08-04 03:00:00)
  [4] TurbID=1, start_idx=3968, hist=(2020-08-01 05:00:00~2020-08-03 04:00:00), pred=(2020-08-03 05:00:00~2020-08-04 04:00:00)
Epoch 1/400 train_mse_scaled=0.645351 val_mae=209.531 val_rmse=267.037 tf=0.00lr=0.001
Epoch 2/400 train_mse_scaled=0.299902 val_mae=166.545 val_rmse=216.423 tf=0.00lr=0.001
Epoch 3/400 train_mse_scaled=0.231154 val_mae=158.489 val_rmse=208.237 tf=0.00lr=0.001
Epoch 4/400 train_mse_scaled=0.195766 val_mae=144.969 val_rmse=191.789 tf=0.00lr=0.001
Epoch 5/400 train_mse_scaled=0.168263 val_mae=143.109 val_rmse=189.690 tf=0.00lr=0.001
Epoch 6/400 train_mse_scaled=0.153205 val_mae=138.243 val_rmse=183.789 tf=0.00lr=0.001
Epoch 7/400 train_mse_scaled=0.142635 val_mae=131.291 val_rmse=174.950 tf=0.00lr=0.001
Epoch 8/400 train_mse_scaled=0.134605 val_mae=129.899 val_rmse=173.300 tf=0.00lr=0.001
Epoch 9/400 train_mse_scaled=0.127351 val_mae=120.596 val_rmse=159.549 tf=0.00lr=0.001
Epoch 10/400 train_mse_scaled=0.121365 val_mae=117.412 val_rmse=155.447 tf=0.00lr=0.001
Epoch 11/400 train_mse_scaled=0.116169 val_mae=117.088 val_rmse=155.118 tf=0.00lr=0.001
Epoch 12/400 train_mse_scaled=0.111534 val_mae=109.440 val_rmse=145.304 tf=0.00lr=0.001
Epoch 13/400 train_mse_scaled=0.107408 val_mae=101.207 val_rmse=135.645 tf=0.00lr=0.001
Epoch 14/400 train_mse_scaled=0.104044 val_mae=100.826 val_rmse=136.373 tf=0.00lr=0.001
Epoch 15/400 train_mse_scaled=0.100778 val_mae=93.217 val_rmse=126.086 tf=0.00lr=0.001
Epoch 16/400 train_mse_scaled=0.097758 val_mae=90.837 val_rmse=124.310 tf=0.00lr=0.001
Epoch 17/400 train_mse_scaled=0.095389 val_mae=94.955 val_rmse=128.578 tf=0.00lr=0.001
Epoch 18/400 train_mse_scaled=0.092887 val_mae=89.076 val_rmse=120.374 tf=0.00lr=0.001
Epoch 19/400 train_mse_scaled=0.090156 val_mae=87.481 val_rmse=118.735 tf=0.00lr=0.001
Epoch 20/400 train_mse_scaled=0.088407 val_mae=88.504 val_rmse=119.988 tf=0.00lr=0.001
Epoch 21/400 train_mse_scaled=0.086243 val_mae=87.770 val_rmse=119.735 tf=0.00lr=0.001
Epoch 22/400 train_mse_scaled=0.084780 val_mae=87.300 val_rmse=118.400 tf=0.00lr=0.001
Epoch 23/400 train_mse_scaled=0.082426 val_mae=85.843 val_rmse=116.623 tf=0.00lr=0.001
Epoch 24/400 train_mse_scaled=0.080974 val_mae=84.602 val_rmse=115.651 tf=0.00lr=0.001
Epoch 25/400 train_mse_scaled=0.079710 val_mae=85.711 val_rmse=116.884 tf=0.00lr=0.001
Epoch 26/400 train_mse_scaled=0.078229 val_mae=83.949 val_rmse=115.215 tf=0.00lr=0.001
Epoch 27/400 train_mse_scaled=0.076877 val_mae=83.001 val_rmse=115.110 tf=0.00lr=0.001
Epoch 28/400 train_mse_scaled=0.075073 val_mae=81.795 val_rmse=113.178 tf=0.00lr=0.001
Epoch 29/400 train_mse_scaled=0.074160 val_mae=83.062 val_rmse=115.475 tf=0.00lr=0.001
Epoch 30/400 train_mse_scaled=0.072620 val_mae=84.327 val_rmse=114.168 tf=0.00lr=0.001
Epoch 31/400 train_mse_scaled=0.071454 val_mae=86.276 val_rmse=114.635 tf=0.00lr=0.001
Epoch 32/400 train_mse_scaled=0.070724 val_mae=81.106 val_rmse=113.248 tf=0.00lr=0.001
Epoch 33/400 train_mse_scaled=0.069113 val_mae=81.336 val_rmse=112.644 tf=0.00lr=0.001
Epoch 34/400 train_mse_scaled=0.068147 val_mae=81.652 val_rmse=112.245 tf=0.00lr=0.001
Epoch 35/400 train_mse_scaled=0.067602 val_mae=82.179 val_rmse=111.721 tf=0.00lr=0.001
Epoch 36/400 train_mse_scaled=0.066515 val_mae=81.375 val_rmse=111.843 tf=0.00lr=0.001
Epoch 37/400 train_mse_scaled=0.065201 val_mae=79.716 val_rmse=111.037 tf=0.00lr=0.001
Epoch 38/400 train_mse_scaled=0.064439 val_mae=83.272 val_rmse=112.501 tf=0.00lr=0.001
Epoch 39/400 train_mse_scaled=0.063374 val_mae=81.890 val_rmse=111.647 tf=0.00lr=0.001
Epoch 40/400 train_mse_scaled=0.062999 val_mae=82.060 val_rmse=111.895 tf=0.00lr=0.001
Epoch 41/400 train_mse_scaled=0.061948 val_mae=81.224 val_rmse=109.956 tf=0.00lr=0.001
Epoch 42/400 train_mse_scaled=0.061550 val_mae=81.600 val_rmse=110.876 tf=0.00lr=0.001
Epoch 43/400 train_mse_scaled=0.060727 val_mae=82.720 val_rmse=112.681 tf=0.00lr=0.001
Epoch 44/400 train_mse_scaled=0.059647 val_mae=77.801 val_rmse=107.692 tf=0.00lr=0.001
Epoch 45/400 train_mse_scaled=0.059208 val_mae=86.196 val_rmse=114.113 tf=0.00lr=0.001
Epoch 46/400 train_mse_scaled=0.058741 val_mae=79.062 val_rmse=109.592 tf=0.00lr=0.001
Epoch 47/400 train_mse_scaled=0.057721 val_mae=80.634 val_rmse=109.131 tf=0.00lr=0.001
Epoch 48/400 train_mse_scaled=0.057015 val_mae=77.873 val_rmse=108.896 tf=0.00lr=0.001
Epoch 49/400 train_mse_scaled=0.056610 val_mae=77.942 val_rmse=107.242 tf=0.00lr=0.001
Epoch 50/400 train_mse_scaled=0.055922 val_mae=82.854 val_rmse=111.265 tf=0.00lr=0.001
Epoch 51/400 train_mse_scaled=0.055397 val_mae=79.250 val_rmse=108.695 tf=0.00lr=0.001
Epoch 52/400 train_mse_scaled=0.054794 val_mae=79.353 val_rmse=107.798 tf=0.00lr=0.001
Epoch 53/400 train_mse_scaled=0.054129 val_mae=75.541 val_rmse=105.611 tf=0.00lr=0.001
Epoch 54/400 train_mse_scaled=0.053460 val_mae=79.305 val_rmse=107.410 tf=0.00lr=0.001
Epoch 55/400 train_mse_scaled=0.053644 val_mae=77.048 val_rmse=108.479 tf=0.00lr=0.001
Epoch 56/400 train_mse_scaled=0.052596 val_mae=77.267 val_rmse=106.699 tf=0.00lr=0.001
Epoch 57/400 train_mse_scaled=0.052286 val_mae=77.364 val_rmse=106.748 tf=0.00lr=0.001
Epoch 58/400 train_mse_scaled=0.052044 val_mae=75.684 val_rmse=105.288 tf=0.00lr=0.001
Epoch 59/400 train_mse_scaled=0.051437 val_mae=76.167 val_rmse=107.245 tf=0.00lr=0.001
Epoch 60/400 train_mse_scaled=0.050735 val_mae=76.171 val_rmse=105.500 tf=0.00lr=0.001
Epoch 61/400 train_mse_scaled=0.050146 val_mae=77.091 val_rmse=105.696 tf=0.00lr=0.001
Epoch 62/400 train_mse_scaled=0.049839 val_mae=77.630 val_rmse=105.547 tf=0.00lr=0.001
Epoch 63/400 train_mse_scaled=0.049682 val_mae=76.723 val_rmse=106.183 tf=0.00lr=0.001
Epoch 64/400 train_mse_scaled=0.049207 val_mae=74.950 val_rmse=106.889 tf=0.00lr=0.001
Epoch 65/400 train_mse_scaled=0.048994 val_mae=77.615 val_rmse=106.859 tf=0.00lr=0.001
Epoch 66/400 train_mse_scaled=0.048587 val_mae=80.268 val_rmse=107.450 tf=0.00lr=0.001
Epoch 67/400 train_mse_scaled=0.048276 val_mae=75.308 val_rmse=106.871 tf=0.00lr=0.001
Epoch 68/400 train_mse_scaled=0.047736 val_mae=79.184 val_rmse=106.975 tf=0.00lr=0.001
Epoch 69/400 train_mse_scaled=0.047511 val_mae=75.637 val_rmse=109.227 tf=0.00lr=0.001
Epoch 70/400 train_mse_scaled=0.047081 val_mae=75.480 val_rmse=104.712 tf=0.00lr=0.001
Epoch 71/400 train_mse_scaled=0.046305 val_mae=74.930 val_rmse=105.190 tf=0.00lr=0.001
Epoch 72/400 train_mse_scaled=0.046394 val_mae=74.554 val_rmse=104.220 tf=0.00lr=0.001
Epoch 73/400 train_mse_scaled=0.045988 val_mae=76.339 val_rmse=106.171 tf=0.00lr=0.001
Epoch 74/400 train_mse_scaled=0.045766 val_mae=76.885 val_rmse=106.244 tf=0.00lr=0.001
Epoch 75/400 train_mse_scaled=0.045401 val_mae=72.950 val_rmse=104.256 tf=0.00lr=0.001
Epoch 76/400 train_mse_scaled=0.045077 val_mae=74.054 val_rmse=105.196 tf=0.00lr=0.001
Epoch 77/400 train_mse_scaled=0.044715 val_mae=73.671 val_rmse=103.511 tf=0.00lr=0.001
Epoch 78/400 train_mse_scaled=0.044544 val_mae=74.540 val_rmse=107.279 tf=0.00lr=0.001
Epoch 79/400 train_mse_scaled=0.043986 val_mae=75.490 val_rmse=105.408 tf=0.00lr=0.001
Epoch 80/400 train_mse_scaled=0.043825 val_mae=74.840 val_rmse=103.995 tf=0.00lr=0.001
Epoch 81/400 train_mse_scaled=0.043687 val_mae=75.000 val_rmse=104.796 tf=0.00lr=0.001
Epoch 82/400 train_mse_scaled=0.043444 val_mae=72.484 val_rmse=104.102 tf=0.00lr=0.001
Epoch 83/400 train_mse_scaled=0.043439 val_mae=71.715 val_rmse=103.454 tf=0.00lr=0.001
Epoch 84/400 train_mse_scaled=0.043248 val_mae=73.703 val_rmse=105.284 tf=0.00lr=0.001
Epoch 85/400 train_mse_scaled=0.042587 val_mae=78.267 val_rmse=106.128 tf=0.00lr=0.001
Epoch 86/400 train_mse_scaled=0.042404 val_mae=74.042 val_rmse=104.429 tf=0.00lr=0.001
Epoch 87/400 train_mse_scaled=0.041786 val_mae=72.707 val_rmse=103.130 tf=0.00lr=0.001
Epoch 88/400 train_mse_scaled=0.041796 val_mae=72.314 val_rmse=101.976 tf=0.00lr=0.001
Epoch 89/400 train_mse_scaled=0.041310 val_mae=73.934 val_rmse=104.061 tf=0.00lr=0.001
Epoch 90/400 train_mse_scaled=0.041477 val_mae=74.478 val_rmse=103.626 tf=0.00lr=0.001
Epoch 91/400 train_mse_scaled=0.041051 val_mae=70.276 val_rmse=102.168 tf=0.00lr=0.001
Epoch 92/400 train_mse_scaled=0.040629 val_mae=75.832 val_rmse=103.906 tf=0.00lr=0.001
Epoch 93/400 train_mse_scaled=0.040393 val_mae=72.364 val_rmse=102.495 tf=0.00lr=0.001
Epoch 94/400 train_mse_scaled=0.040070 val_mae=71.859 val_rmse=101.392 tf=0.00lr=0.001
Epoch 95/400 train_mse_scaled=0.039731 val_mae=73.814 val_rmse=102.499 tf=0.00lr=0.001
Epoch 96/400 train_mse_scaled=0.039890 val_mae=73.223 val_rmse=102.183 tf=0.00lr=0.001
Epoch 97/400 train_mse_scaled=0.039442 val_mae=72.966 val_rmse=101.314 tf=0.00lr=0.001
Epoch 98/400 train_mse_scaled=0.039479 val_mae=71.975 val_rmse=100.709 tf=0.00lr=0.001
Epoch 99/400 train_mse_scaled=0.039543 val_mae=70.823 val_rmse=101.276 tf=0.00lr=0.001
Epoch 100/400 train_mse_scaled=0.039304 val_mae=70.203 val_rmse=101.584 tf=0.00lr=0.001
Epoch 101/400 train_mse_scaled=0.038847 val_mae=72.026 val_rmse=103.007 tf=0.00lr=0.001
Epoch 102/400 train_mse_scaled=0.038730 val_mae=70.109 val_rmse=102.164 tf=0.00lr=0.001
Epoch 103/400 train_mse_scaled=0.038371 val_mae=73.822 val_rmse=101.919 tf=0.00lr=0.001
Epoch 104/400 train_mse_scaled=0.037926 val_mae=70.197 val_rmse=101.648 tf=0.00lr=0.001
Epoch 105/400 train_mse_scaled=0.037800 val_mae=68.363 val_rmse=100.033 tf=0.00lr=0.001
Epoch 106/400 train_mse_scaled=0.037915 val_mae=71.563 val_rmse=102.066 tf=0.00lr=0.001
Epoch 107/400 train_mse_scaled=0.037640 val_mae=68.422 val_rmse=100.947 tf=0.00lr=0.001
Epoch 108/400 train_mse_scaled=0.037331 val_mae=74.624 val_rmse=102.718 tf=0.00lr=0.001
Epoch 109/400 train_mse_scaled=0.037166 val_mae=68.741 val_rmse=101.243 tf=0.00lr=0.001
Epoch 110/400 train_mse_scaled=0.036955 val_mae=70.852 val_rmse=99.668 tf=0.00lr=0.001
Epoch 111/400 train_mse_scaled=0.036809 val_mae=72.853 val_rmse=101.733 tf=0.00lr=0.001
Epoch 112/400 train_mse_scaled=0.036775 val_mae=71.828 val_rmse=101.217 tf=0.00lr=0.001
Epoch 113/400 train_mse_scaled=0.036390 val_mae=72.062 val_rmse=100.385 tf=0.00lr=0.001
Epoch 114/400 train_mse_scaled=0.036461 val_mae=69.378 val_rmse=100.053 tf=0.00lr=0.001
Epoch 115/400 train_mse_scaled=0.036042 val_mae=71.470 val_rmse=101.688 tf=0.00lr=0.001
Epoch 116/400 train_mse_scaled=0.035763 val_mae=69.296 val_rmse=100.481 tf=0.00lr=0.001
Epoch 117/400 train_mse_scaled=0.035566 val_mae=73.102 val_rmse=100.280 tf=0.00lr=0.001
Epoch 118/400 train_mse_scaled=0.035674 val_mae=71.568 val_rmse=100.000 tf=0.00lr=0.001
Epoch 119/400 train_mse_scaled=0.035482 val_mae=67.413 val_rmse=98.123 tf=0.00lr=0.001
Epoch 120/400 train_mse_scaled=0.035595 val_mae=69.334 val_rmse=100.302 tf=0.00lr=0.001
Epoch 121/400 train_mse_scaled=0.035031 val_mae=75.367 val_rmse=102.219 tf=0.00lr=0.001
Epoch 122/400 train_mse_scaled=0.034949 val_mae=69.619 val_rmse=99.461 tf=0.00lr=0.001
Epoch 123/400 train_mse_scaled=0.034919 val_mae=71.653 val_rmse=100.268 tf=0.00lr=0.001
Epoch 124/400 train_mse_scaled=0.034622 val_mae=68.847 val_rmse=98.709 tf=0.00lr=0.001
Epoch 125/400 train_mse_scaled=0.034411 val_mae=68.956 val_rmse=99.278 tf=0.00lr=0.001
Epoch 126/400 train_mse_scaled=0.034093 val_mae=68.890 val_rmse=99.543 tf=0.00lr=0.001
Epoch 127/400 train_mse_scaled=0.034085 val_mae=70.569 val_rmse=99.638 tf=0.00lr=0.001
Epoch 128/400 train_mse_scaled=0.034151 val_mae=67.841 val_rmse=97.936 tf=0.00lr=0.001
Epoch 129/400 train_mse_scaled=0.034043 val_mae=66.710 val_rmse=97.240 tf=0.00lr=0.001
Epoch 130/400 train_mse_scaled=0.033630 val_mae=69.863 val_rmse=99.275 tf=0.00lr=0.001
Epoch 131/400 train_mse_scaled=0.033621 val_mae=72.160 val_rmse=99.437 tf=0.00lr=0.001
Epoch 132/400 train_mse_scaled=0.033756 val_mae=69.616 val_rmse=98.045 tf=0.00lr=0.001
Epoch 133/400 train_mse_scaled=0.033231 val_mae=66.894 val_rmse=96.839 tf=0.00lr=0.001
Epoch 134/400 train_mse_scaled=0.033230 val_mae=68.491 val_rmse=98.598 tf=0.00lr=0.001
Epoch 135/400 train_mse_scaled=0.033229 val_mae=68.508 val_rmse=98.316 tf=0.00lr=0.001
Epoch 136/400 train_mse_scaled=0.033174 val_mae=72.470 val_rmse=99.765 tf=0.00lr=0.001
Epoch 137/400 train_mse_scaled=0.032908 val_mae=70.825 val_rmse=99.271 tf=0.00lr=0.001
Epoch 138/400 train_mse_scaled=0.032520 val_mae=66.103 val_rmse=97.018 tf=0.00lr=0.001
Epoch 139/400 train_mse_scaled=0.032393 val_mae=71.393 val_rmse=98.143 tf=0.00lr=0.001
Epoch 140/400 train_mse_scaled=0.032773 val_mae=73.129 val_rmse=100.652 tf=0.00lr=0.001
Epoch 141/400 train_mse_scaled=0.032281 val_mae=67.899 val_rmse=97.301 tf=0.00lr=0.001
Epoch 142/400 train_mse_scaled=0.031971 val_mae=70.144 val_rmse=99.048 tf=0.00lr=0.001
Epoch 143/400 train_mse_scaled=0.032241 val_mae=66.700 val_rmse=96.424 tf=0.00lr=0.001
Epoch 144/400 train_mse_scaled=0.031753 val_mae=72.736 val_rmse=99.182 tf=0.00lr=0.001
Epoch 145/400 train_mse_scaled=0.031775 val_mae=66.150 val_rmse=95.853 tf=0.00lr=0.001
Epoch 146/400 train_mse_scaled=0.031606 val_mae=67.855 val_rmse=97.431 tf=0.00lr=0.001
Epoch 147/400 train_mse_scaled=0.031434 val_mae=68.574 val_rmse=97.486 tf=0.00lr=0.001
Epoch 148/400 train_mse_scaled=0.031295 val_mae=66.617 val_rmse=96.079 tf=0.00lr=0.001
Epoch 149/400 train_mse_scaled=0.031403 val_mae=67.681 val_rmse=96.052 tf=0.00lr=0.001
Epoch 150/400 train_mse_scaled=0.031362 val_mae=65.450 val_rmse=96.359 tf=0.00lr=0.001
Epoch 151/400 train_mse_scaled=0.031007 val_mae=69.436 val_rmse=98.476 tf=0.00lr=0.001
Epoch 152/400 train_mse_scaled=0.031204 val_mae=67.406 val_rmse=98.614 tf=0.00lr=0.001
Epoch 153/400 train_mse_scaled=0.030889 val_mae=70.816 val_rmse=97.299 tf=0.00lr=0.001
Epoch 154/400 train_mse_scaled=0.030863 val_mae=68.049 val_rmse=95.518 tf=0.00lr=0.001
Epoch 155/400 train_mse_scaled=0.030599 val_mae=67.693 val_rmse=97.031 tf=0.00lr=0.001
Epoch 156/400 train_mse_scaled=0.030512 val_mae=71.317 val_rmse=97.170 tf=0.00lr=0.001
Epoch 157/400 train_mse_scaled=0.030555 val_mae=64.749 val_rmse=96.149 tf=0.00lr=0.001
Epoch 158/400 train_mse_scaled=0.030252 val_mae=66.006 val_rmse=95.696 tf=0.00lr=0.001
Epoch 159/400 train_mse_scaled=0.030298 val_mae=66.825 val_rmse=96.899 tf=0.00lr=0.001
Epoch 160/400 train_mse_scaled=0.030788 val_mae=67.839 val_rmse=97.007 tf=0.00lr=0.001
Epoch 161/400 train_mse_scaled=0.030091 val_mae=69.716 val_rmse=96.110 tf=0.00lr=0.001
Epoch 162/400 train_mse_scaled=0.030082 val_mae=67.621 val_rmse=96.427 tf=0.00lr=0.001
Epoch 163/400 train_mse_scaled=0.029916 val_mae=65.606 val_rmse=95.354 tf=0.00lr=0.001
Epoch 164/400 train_mse_scaled=0.029756 val_mae=70.998 val_rmse=98.080 tf=0.00lr=0.001
Epoch 165/400 train_mse_scaled=0.029766 val_mae=63.724 val_rmse=93.072 tf=0.00lr=0.001
Epoch 166/400 train_mse_scaled=0.029868 val_mae=64.340 val_rmse=95.208 tf=0.00lr=0.001
Epoch 167/400 train_mse_scaled=0.029541 val_mae=68.620 val_rmse=95.794 tf=0.00lr=0.001
Epoch 168/400 train_mse_scaled=0.029515 val_mae=65.652 val_rmse=97.177 tf=0.00lr=0.001
Epoch 169/400 train_mse_scaled=0.029346 val_mae=63.208 val_rmse=93.973 tf=0.00lr=0.001
Epoch 170/400 train_mse_scaled=0.029134 val_mae=65.515 val_rmse=94.891 tf=0.00lr=0.001
Epoch 171/400 train_mse_scaled=0.028998 val_mae=65.778 val_rmse=95.708 tf=0.00lr=0.001
Epoch 172/400 train_mse_scaled=0.029248 val_mae=68.854 val_rmse=96.335 tf=0.00lr=0.001
Epoch 173/400 train_mse_scaled=0.029109 val_mae=67.355 val_rmse=95.718 tf=0.00lr=0.001
Epoch 174/400 train_mse_scaled=0.028915 val_mae=66.633 val_rmse=96.673 tf=0.00lr=0.001
Epoch 175/400 train_mse_scaled=0.028804 val_mae=67.458 val_rmse=94.802 tf=0.00lr=0.001
Epoch 176/400 train_mse_scaled=0.028832 val_mae=73.184 val_rmse=98.671 tf=0.00lr=0.001
Epoch 177/400 train_mse_scaled=0.028701 val_mae=63.674 val_rmse=94.826 tf=0.00lr=0.001
Epoch 178/400 train_mse_scaled=0.028538 val_mae=63.602 val_rmse=95.776 tf=0.00lr=0.001
Epoch 179/400 train_mse_scaled=0.028543 val_mae=63.376 val_rmse=93.606 tf=0.00lr=0.001
Epoch 180/400 train_mse_scaled=0.028341 val_mae=64.372 val_rmse=94.149 tf=0.00lr=0.001
Epoch 181/400 train_mse_scaled=0.028389 val_mae=66.299 val_rmse=94.127 tf=0.00lr=0.001
Epoch 182/400 train_mse_scaled=0.028112 val_mae=65.902 val_rmse=93.152 tf=0.00lr=0.001
Epoch 183/400 train_mse_scaled=0.028156 val_mae=65.744 val_rmse=94.109 tf=0.00lr=0.001
Epoch 184/400 train_mse_scaled=0.028134 val_mae=69.315 val_rmse=95.595 tf=0.00lr=0.001
Epoch 185/400 train_mse_scaled=0.027883 val_mae=61.865 val_rmse=93.015 tf=0.00lr=0.001
Epoch 186/400 train_mse_scaled=0.027782 val_mae=65.592 val_rmse=94.839 tf=0.00lr=0.001
Epoch 187/400 train_mse_scaled=0.028012 val_mae=63.899 val_rmse=93.785 tf=0.00lr=0.001
Epoch 188/400 train_mse_scaled=0.027672 val_mae=63.570 val_rmse=95.767 tf=0.00lr=0.001
Epoch 189/400 train_mse_scaled=0.027724 val_mae=64.568 val_rmse=94.794 tf=0.00lr=0.001
Epoch 190/400 train_mse_scaled=0.027723 val_mae=65.211 val_rmse=93.723 tf=0.00lr=0.001
Epoch 191/400 train_mse_scaled=0.027596 val_mae=69.815 val_rmse=96.777 tf=0.00lr=0.001
Epoch 192/400 train_mse_scaled=0.027406 val_mae=64.183 val_rmse=94.632 tf=0.00lr=0.001
Epoch 193/400 train_mse_scaled=0.027560 val_mae=66.064 val_rmse=95.070 tf=0.00lr=0.001
Epoch 194/400 train_mse_scaled=0.027411 val_mae=66.236 val_rmse=96.416 tf=0.00lr=0.001
Epoch 195/400 train_mse_scaled=0.027132 val_mae=65.418 val_rmse=94.318 tf=0.00lr=0.001
Epoch 196/400 train_mse_scaled=0.027547 val_mae=68.244 val_rmse=96.848 tf=0.00lr=0.001
Epoch 197/400 train_mse_scaled=0.027254 val_mae=64.259 val_rmse=94.682 tf=0.00lr=0.001
Epoch 198/400 train_mse_scaled=0.027110 val_mae=65.441 val_rmse=95.064 tf=0.00lr=0.001
Epoch 199/400 train_mse_scaled=0.027061 val_mae=65.906 val_rmse=94.073 tf=0.00lr=0.001
Epoch 200/400 train_mse_scaled=0.027901 val_mae=65.719 val_rmse=94.100 tf=0.00lr=0.001
Epoch 201/400 train_mse_scaled=0.028158 val_mae=64.570 val_rmse=95.229 tf=0.00lr=0.001
Epoch 202/400 train_mse_scaled=0.026946 val_mae=65.600 val_rmse=94.338 tf=0.00lr=0.001
Epoch 203/400 train_mse_scaled=0.026835 val_mae=63.660 val_rmse=94.277 tf=0.00lr=0.001
Epoch 204/400 train_mse_scaled=0.026675 val_mae=65.341 val_rmse=94.811 tf=0.00lr=0.001
Epoch 205/400 train_mse_scaled=0.026720 val_mae=63.762 val_rmse=95.216 tf=0.00lr=0.001
Epoch 206/400 train_mse_scaled=0.026708 val_mae=67.252 val_rmse=95.509 tf=0.00lr=0.001
Epoch 207/400 train_mse_scaled=0.026433 val_mae=66.486 val_rmse=94.822 tf=0.00lr=0.001
Epoch 208/400 train_mse_scaled=0.026442 val_mae=68.536 val_rmse=95.695 tf=0.00lr=0.001
Epoch 209/400 train_mse_scaled=0.026686 val_mae=63.056 val_rmse=92.051 tf=0.00lr=0.001
Epoch 210/400 train_mse_scaled=0.026345 val_mae=65.370 val_rmse=94.450 tf=0.00lr=0.001
Epoch 211/400 train_mse_scaled=0.026270 val_mae=69.628 val_rmse=96.819 tf=0.00lr=0.001
Epoch 212/400 train_mse_scaled=0.026106 val_mae=67.424 val_rmse=95.423 tf=0.00lr=0.001
Epoch 213/400 train_mse_scaled=0.026291 val_mae=64.196 val_rmse=94.125 tf=0.00lr=0.001
Epoch 214/400 train_mse_scaled=0.026035 val_mae=64.913 val_rmse=94.729 tf=0.00lr=0.001
Epoch 215/400 train_mse_scaled=0.026463 val_mae=60.477 val_rmse=90.923 tf=0.00lr=0.001
Epoch 216/400 train_mse_scaled=0.026280 val_mae=65.988 val_rmse=94.156 tf=0.00lr=0.001
Epoch 217/400 train_mse_scaled=0.026862 val_mae=62.734 val_rmse=93.985 tf=0.00lr=0.001
Epoch 218/400 train_mse_scaled=0.026297 val_mae=64.728 val_rmse=95.142 tf=0.00lr=0.001
Epoch 219/400 train_mse_scaled=0.030078 val_mae=60.918 val_rmse=91.170 tf=0.00lr=0.001
Epoch 220/400 train_mse_scaled=0.026797 val_mae=65.313 val_rmse=94.131 tf=0.00lr=0.001
Epoch 221/400 train_mse_scaled=0.026081 val_mae=65.812 val_rmse=93.195 tf=0.00lr=0.001
Epoch 222/400 train_mse_scaled=0.025919 val_mae=65.716 val_rmse=94.663 tf=0.00lr=0.001
Epoch 223/400 train_mse_scaled=0.025941 val_mae=67.347 val_rmse=95.778 tf=0.00lr=0.001
Epoch 224/400 train_mse_scaled=0.025541 val_mae=69.082 val_rmse=95.897 tf=0.00lr=0.001
Epoch 225/400 train_mse_scaled=0.025580 val_mae=65.885 val_rmse=95.055 tf=0.00lr=0.001
Epoch 226/400 train_mse_scaled=0.025609 val_mae=67.538 val_rmse=96.257 tf=0.00lr=0.001
Epoch 227/400 train_mse_scaled=0.025561 val_mae=67.146 val_rmse=95.019 tf=0.00lr=0.001
Epoch 228/400 train_mse_scaled=0.025296 val_mae=63.101 val_rmse=92.212 tf=0.00lr=0.001
Epoch 229/400 train_mse_scaled=0.025535 val_mae=65.477 val_rmse=97.017 tf=0.00lr=0.001
Epoch 230/400 train_mse_scaled=0.025652 val_mae=66.051 val_rmse=94.584 tf=0.00lr=0.001
Epoch 231/400 train_mse_scaled=0.025409 val_mae=69.719 val_rmse=96.856 tf=0.00lr=0.001
Epoch 232/400 train_mse_scaled=0.025298 val_mae=62.575 val_rmse=91.295 tf=0.00lr=0.001
Epoch 233/400 train_mse_scaled=0.025027 val_mae=63.781 val_rmse=93.361 tf=0.00lr=0.001
Epoch 234/400 train_mse_scaled=0.025169 val_mae=66.330 val_rmse=94.237 tf=0.00lr=0.001
Epoch 235/400 train_mse_scaled=0.025179 val_mae=63.040 val_rmse=93.224 tf=0.00lr=0.001
Epoch 236/400 train_mse_scaled=0.025057 val_mae=63.087 val_rmse=92.876 tf=0.00lr=0.001
Epoch 237/400 train_mse_scaled=0.025002 val_mae=65.393 val_rmse=93.877 tf=0.00lr=0.001
Epoch 238/400 train_mse_scaled=0.024927 val_mae=63.330 val_rmse=92.773 tf=0.00lr=0.001
Epoch 239/400 train_mse_scaled=0.024991 val_mae=64.700 val_rmse=94.822 tf=0.00lr=0.001
Epoch 240/400 train_mse_scaled=0.025003 val_mae=64.753 val_rmse=93.423 tf=0.00lr=0.001
Epoch 241/400 train_mse_scaled=0.024856 val_mae=66.353 val_rmse=95.305 tf=0.00lr=0.001
Epoch 242/400 train_mse_scaled=0.024889 val_mae=63.777 val_rmse=94.113 tf=0.00lr=0.001
Epoch 243/400 train_mse_scaled=0.025103 val_mae=64.356 val_rmse=92.958 tf=0.00lr=0.001
Epoch 244/400 train_mse_scaled=0.024705 val_mae=66.594 val_rmse=94.592 tf=0.00lr=0.001
Epoch 245/400 train_mse_scaled=0.024757 val_mae=63.516 val_rmse=93.794 tf=0.00lr=0.001
Epoch 246/400 train_mse_scaled=0.024551 val_mae=65.372 val_rmse=93.492 tf=0.00lr=0.001
Epoch 247/400 train_mse_scaled=0.024563 val_mae=66.061 val_rmse=94.368 tf=0.00lr=0.001
Epoch 248/400 train_mse_scaled=0.024554 val_mae=62.942 val_rmse=93.970 tf=0.00lr=0.001
Epoch 249/400 train_mse_scaled=0.024544 val_mae=63.381 val_rmse=92.203 tf=0.00lr=0.001
Epoch 250/400 train_mse_scaled=0.024641 val_mae=61.850 val_rmse=92.400 tf=0.00lr=0.001
Epoch 251/400 train_mse_scaled=0.024321 val_mae=65.706 val_rmse=94.214 tf=0.00lr=0.001
Epoch 252/400 train_mse_scaled=0.024313 val_mae=68.621 val_rmse=95.715 tf=0.00lr=0.001
Epoch 253/400 train_mse_scaled=0.024336 val_mae=64.542 val_rmse=94.981 tf=0.00lr=0.001
Epoch 254/400 train_mse_scaled=0.024275 val_mae=62.006 val_rmse=93.031 tf=0.00lr=0.001
Epoch 255/400 train_mse_scaled=0.024172 val_mae=64.158 val_rmse=94.217 tf=0.00lr=0.001
Epoch 256/400 train_mse_scaled=0.024249 val_mae=66.346 val_rmse=93.837 tf=0.00lr=0.001
Epoch 257/400 train_mse_scaled=0.026221 val_mae=67.645 val_rmse=97.835 tf=0.00lr=0.001
Epoch 258/400 train_mse_scaled=0.028051 val_mae=63.947 val_rmse=95.118 tf=0.00lr=0.001
Epoch 259/400 train_mse_scaled=0.025084 val_mae=63.982 val_rmse=92.834 tf=0.00lr=0.001
Epoch 260/400 train_mse_scaled=0.024387 val_mae=62.495 val_rmse=92.849 tf=0.00lr=0.001
Epoch 261/400 train_mse_scaled=0.024495 val_mae=64.323 val_rmse=93.975 tf=0.00lr=0.001
Epoch 262/400 train_mse_scaled=0.024228 val_mae=65.874 val_rmse=93.163 tf=0.00lr=0.001
Epoch 263/400 train_mse_scaled=0.023999 val_mae=63.387 val_rmse=92.851 tf=0.00lr=0.001
Epoch 264/400 train_mse_scaled=0.024179 val_mae=66.917 val_rmse=95.119 tf=0.00lr=0.001
Epoch 265/400 train_mse_scaled=0.023962 val_mae=64.306 val_rmse=93.935 tf=0.00lr=0.001
Early stopping triggered at epoch 265. Best val RMSE: 90.923
Training complete. Best checkpoint at: v2/results/checkpoints/seq2seq/best.pth
