Cleaned data: 787920 -> 609679 rows. Saved: v2/results/cleaned.csv
Samples -> train: 10331, val: 1295, test: 1357

Train samples (show 5):
  [0] TurbID=1, start_idx=14, hist=(2020-01-01 16:00:00~2020-01-02 15:00:00), pred=(2020-01-02 16:00:00~2020-01-03 15:00:00)
  [1] TurbID=1, start_idx=19, hist=(2020-01-01 21:00:00~2020-01-02 20:00:00), pred=(2020-01-02 21:00:00~2020-01-03 20:00:00)
  [2] TurbID=1, start_idx=24, hist=(2020-01-02 02:00:00~2020-01-03 01:00:00), pred=(2020-01-03 02:00:00~2020-01-04 01:00:00)
  [3] TurbID=1, start_idx=29, hist=(2020-01-02 07:00:00~2020-01-03 06:00:00), pred=(2020-01-03 07:00:00~2020-01-04 06:00:00)
  [4] TurbID=1, start_idx=34, hist=(2020-01-02 12:00:00~2020-01-03 11:00:00), pred=(2020-01-03 12:00:00~2020-01-04 11:00:00)

Val samples (show 5):
  [0] TurbID=1, start_idx=3788, hist=(2020-07-22 05:00:00~2020-07-23 04:00:00), pred=(2020-07-23 05:00:00~2020-07-24 04:00:00)
  [1] TurbID=1, start_idx=3793, hist=(2020-07-22 10:00:00~2020-07-23 09:00:00), pred=(2020-07-23 10:00:00~2020-07-24 09:00:00)
  [2] TurbID=1, start_idx=3798, hist=(2020-07-22 15:00:00~2020-07-23 14:00:00), pred=(2020-07-23 15:00:00~2020-07-24 14:00:00)
  [3] TurbID=1, start_idx=3803, hist=(2020-07-22 20:00:00~2020-07-23 19:00:00), pred=(2020-07-23 20:00:00~2020-07-24 19:00:00)
  [4] TurbID=1, start_idx=3808, hist=(2020-07-23 01:00:00~2020-07-24 00:00:00), pred=(2020-07-24 01:00:00~2020-07-25 00:00:00)

Test samples (show 5):
  [0] TurbID=1, start_idx=3994, hist=(2020-08-02 07:00:00~2020-08-03 06:00:00), pred=(2020-08-03 07:00:00~2020-08-04 06:00:00)
  [1] TurbID=1, start_idx=3999, hist=(2020-08-02 12:00:00~2020-08-03 11:00:00), pred=(2020-08-03 12:00:00~2020-08-04 11:00:00)
  [2] TurbID=1, start_idx=4004, hist=(2020-08-02 17:00:00~2020-08-03 16:00:00), pred=(2020-08-03 17:00:00~2020-08-04 16:00:00)
  [3] TurbID=1, start_idx=4009, hist=(2020-08-02 22:00:00~2020-08-03 21:00:00), pred=(2020-08-03 22:00:00~2020-08-04 21:00:00)
  [4] TurbID=1, start_idx=4014, hist=(2020-08-03 03:00:00~2020-08-04 02:00:00), pred=(2020-08-04 03:00:00~2020-08-05 02:00:00)
Epoch 1/400 train_mse_scaled=0.491326 val_mae=180.784 val_rmse=229.227 test_mae=217.253 test_rmse=268.641 tf=1.00lr=0.001
Epoch 2/400 train_mse_scaled=0.113438 val_mae=165.730 val_rmse=225.561 test_mae=241.847 test_rmse=305.784 tf=1.00lr=0.001
Epoch 3/400 train_mse_scaled=0.072589 val_mae=179.667 val_rmse=240.919 test_mae=214.885 test_rmse=274.760 tf=1.00lr=0.001
Epoch 4/400 train_mse_scaled=0.067900 val_mae=188.246 val_rmse=251.636 test_mae=203.941 test_rmse=266.731 tf=0.99lr=0.001
Epoch 5/400 train_mse_scaled=0.064065 val_mae=181.508 val_rmse=242.195 test_mae=196.058 test_rmse=253.399 tf=0.99lr=0.001
Epoch 6/400 train_mse_scaled=0.062935 val_mae=180.975 val_rmse=243.482 test_mae=196.504 test_rmse=254.339 tf=0.99lr=0.001
Epoch 7/400 train_mse_scaled=0.062640 val_mae=173.170 val_rmse=233.787 test_mae=190.484 test_rmse=245.547 tf=0.99lr=0.0005
Epoch 8/400 train_mse_scaled=0.062000 val_mae=174.722 val_rmse=235.367 test_mae=184.468 test_rmse=239.776 tf=0.99lr=0.0005
Epoch 9/400 train_mse_scaled=0.059401 val_mae=180.539 val_rmse=242.058 test_mae=187.922 test_rmse=245.220 tf=0.98lr=0.0005
Epoch 10/400 train_mse_scaled=0.061802 val_mae=177.179 val_rmse=237.535 test_mae=179.658 test_rmse=237.281 tf=0.98lr=0.0005
Epoch 11/400 train_mse_scaled=0.058633 val_mae=168.853 val_rmse=227.504 test_mae=178.214 test_rmse=232.264 tf=0.98lr=0.00025
Epoch 12/400 train_mse_scaled=0.059554 val_mae=173.602 val_rmse=234.035 test_mae=183.027 test_rmse=239.097 tf=0.98lr=0.00025
Epoch 13/400 train_mse_scaled=0.060525 val_mae=170.122 val_rmse=228.916 test_mae=176.225 test_rmse=231.109 tf=0.98lr=0.00025
Epoch 14/400 train_mse_scaled=0.059722 val_mae=168.007 val_rmse=226.229 test_mae=176.890 test_rmse=231.138 tf=0.97lr=0.00025
Epoch 15/400 train_mse_scaled=0.059648 val_mae=169.509 val_rmse=227.400 test_mae=175.484 test_rmse=230.887 tf=0.97lr=0.000125
Epoch 16/400 train_mse_scaled=0.060623 val_mae=172.405 val_rmse=231.149 test_mae=175.545 test_rmse=231.606 tf=0.97lr=0.000125
Epoch 17/400 train_mse_scaled=0.058509 val_mae=177.812 val_rmse=238.306 test_mae=177.753 test_rmse=235.471 tf=0.97lr=0.000125
Epoch 18/400 train_mse_scaled=0.060298 val_mae=170.264 val_rmse=229.630 test_mae=174.469 test_rmse=229.835 tf=0.97lr=0.000125
Epoch 19/400 train_mse_scaled=0.060231 val_mae=169.148 val_rmse=227.576 test_mae=173.513 test_rmse=228.500 tf=0.96lr=6.25e-05
Epoch 20/400 train_mse_scaled=0.061327 val_mae=170.806 val_rmse=229.220 test_mae=173.397 test_rmse=229.217 tf=0.96lr=6.25e-05
Epoch 21/400 train_mse_scaled=0.062317 val_mae=170.622 val_rmse=229.037 test_mae=173.310 test_rmse=229.132 tf=0.96lr=6.25e-05
Epoch 22/400 train_mse_scaled=0.059390 val_mae=170.215 val_rmse=228.684 test_mae=172.026 test_rmse=227.612 tf=0.96lr=6.25e-05
Epoch 23/400 train_mse_scaled=0.062263 val_mae=169.585 val_rmse=227.702 test_mae=171.688 test_rmse=227.250 tf=0.96lr=3.125e-05
Epoch 24/400 train_mse_scaled=0.065055 val_mae=167.919 val_rmse=225.956 test_mae=170.828 test_rmse=225.610 tf=0.95lr=3.125e-05
Epoch 25/400 train_mse_scaled=0.062141 val_mae=167.879 val_rmse=225.845 test_mae=170.198 test_rmse=225.204 tf=0.95lr=3.125e-05
Epoch 26/400 train_mse_scaled=0.063287 val_mae=166.937 val_rmse=224.432 test_mae=170.274 test_rmse=225.204 tf=0.95lr=3.125e-05
Epoch 27/400 train_mse_scaled=0.063285 val_mae=167.275 val_rmse=224.895 test_mae=169.354 test_rmse=224.359 tf=0.95lr=3.125e-05
Epoch 28/400 train_mse_scaled=0.063853 val_mae=170.765 val_rmse=228.853 test_mae=170.660 test_rmse=226.845 tf=0.95lr=3.125e-05
Epoch 29/400 train_mse_scaled=0.059216 val_mae=169.224 val_rmse=227.117 test_mae=170.457 test_rmse=226.182 tf=0.94lr=3.125e-05
Epoch 30/400 train_mse_scaled=0.065261 val_mae=165.844 val_rmse=223.216 test_mae=167.771 test_rmse=221.758 tf=0.94lr=3.125e-05
Epoch 31/400 train_mse_scaled=0.063244 val_mae=166.132 val_rmse=223.985 test_mae=168.302 test_rmse=222.608 tf=0.94lr=3.125e-05
Epoch 32/400 train_mse_scaled=0.065312 val_mae=166.128 val_rmse=223.729 test_mae=167.530 test_rmse=221.585 tf=0.94lr=3.125e-05
Epoch 33/400 train_mse_scaled=0.063322 val_mae=165.671 val_rmse=223.210 test_mae=167.298 test_rmse=221.342 tf=0.94lr=3.125e-05
Epoch 34/400 train_mse_scaled=0.064704 val_mae=166.242 val_rmse=223.709 test_mae=166.755 test_rmse=221.193 tf=0.93lr=3.125e-05
Epoch 35/400 train_mse_scaled=0.064778 val_mae=167.174 val_rmse=224.804 test_mae=167.283 test_rmse=222.383 tf=0.93lr=1.5625e-05
Epoch 36/400 train_mse_scaled=0.066389 val_mae=169.692 val_rmse=227.466 test_mae=168.658 test_rmse=224.696 tf=0.93lr=1.5625e-05
Epoch 37/400 train_mse_scaled=0.065448 val_mae=166.214 val_rmse=223.644 test_mae=166.680 test_rmse=221.525 tf=0.93lr=1.5625e-05
Epoch 38/400 train_mse_scaled=0.065984 val_mae=167.799 val_rmse=225.277 test_mae=167.504 test_rmse=223.042 tf=0.93lr=1.5625e-05
Epoch 39/400 train_mse_scaled=0.064801 val_mae=167.045 val_rmse=224.481 test_mae=166.789 test_rmse=221.880 tf=0.92lr=7.8125e-06
Epoch 40/400 train_mse_scaled=0.068522 val_mae=164.758 val_rmse=221.556 test_mae=166.014 test_rmse=220.257 tf=0.92lr=7.8125e-06
Epoch 41/400 train_mse_scaled=0.066497 val_mae=166.297 val_rmse=223.613 test_mae=166.183 test_rmse=220.984 tf=0.92lr=7.8125e-06
Epoch 42/400 train_mse_scaled=0.065262 val_mae=166.271 val_rmse=223.646 test_mae=166.030 test_rmse=220.877 tf=0.92lr=7.8125e-06
Epoch 43/400 train_mse_scaled=0.066301 val_mae=164.852 val_rmse=221.624 test_mae=165.747 test_rmse=220.445 tf=0.92lr=7.8125e-06
Epoch 44/400 train_mse_scaled=0.068656 val_mae=165.007 val_rmse=222.099 test_mae=165.306 test_rmse=219.843 tf=0.91lr=7.8125e-06
Epoch 45/400 train_mse_scaled=0.069227 val_mae=165.711 val_rmse=222.775 test_mae=165.809 test_rmse=220.549 tf=0.91lr=3.90625e-06
Epoch 46/400 train_mse_scaled=0.068919 val_mae=165.112 val_rmse=221.993 test_mae=165.590 test_rmse=220.246 tf=0.91lr=3.90625e-06
Epoch 47/400 train_mse_scaled=0.068463 val_mae=164.467 val_rmse=221.305 test_mae=165.103 test_rmse=219.487 tf=0.91lr=3.90625e-06
Epoch 48/400 train_mse_scaled=0.067940 val_mae=164.675 val_rmse=221.593 test_mae=164.956 test_rmse=219.417 tf=0.91lr=3.90625e-06
Epoch 49/400 train_mse_scaled=0.065840 val_mae=165.401 val_rmse=222.500 test_mae=165.205 test_rmse=219.838 tf=0.90lr=3.90625e-06
Epoch 50/400 train_mse_scaled=0.068742 val_mae=164.080 val_rmse=220.988 test_mae=164.541 test_rmse=218.645 tf=0.90lr=3.90625e-06
Epoch 51/400 train_mse_scaled=0.069755 val_mae=164.420 val_rmse=221.241 test_mae=164.644 test_rmse=219.078 tf=0.90lr=3.90625e-06
Epoch 52/400 train_mse_scaled=0.067828 val_mae=165.495 val_rmse=222.429 test_mae=165.032 test_rmse=219.898 tf=0.90lr=3.90625e-06
Epoch 53/400 train_mse_scaled=0.072739 val_mae=164.183 val_rmse=220.708 test_mae=164.361 test_rmse=218.836 tf=0.90lr=3.90625e-06
Epoch 54/400 train_mse_scaled=0.072431 val_mae=163.728 val_rmse=220.297 test_mae=163.859 test_rmse=218.060 tf=0.89lr=3.90625e-06
Epoch 55/400 train_mse_scaled=0.067298 val_mae=164.513 val_rmse=221.315 test_mae=163.994 test_rmse=218.333 tf=0.89lr=3.90625e-06
Epoch 56/400 train_mse_scaled=0.072823 val_mae=163.787 val_rmse=220.294 test_mae=163.832 test_rmse=218.102 tf=0.89lr=3.90625e-06
Epoch 57/400 train_mse_scaled=0.073997 val_mae=163.555 val_rmse=220.150 test_mae=163.520 test_rmse=217.699 tf=0.89lr=3.90625e-06
Epoch 58/400 train_mse_scaled=0.071063 val_mae=164.058 val_rmse=220.730 test_mae=163.622 test_rmse=218.014 tf=0.89lr=3.90625e-06
Epoch 59/400 train_mse_scaled=0.074680 val_mae=163.139 val_rmse=219.551 test_mae=163.154 test_rmse=217.372 tf=0.88lr=3.90625e-06
Epoch 60/400 train_mse_scaled=0.073118 val_mae=163.565 val_rmse=220.080 test_mae=163.120 test_rmse=217.494 tf=0.88lr=3.90625e-06
Epoch 61/400 train_mse_scaled=0.069661 val_mae=163.588 val_rmse=220.155 test_mae=162.977 test_rmse=217.400 tf=0.88lr=3.90625e-06
Epoch 62/400 train_mse_scaled=0.071670 val_mae=164.308 val_rmse=220.971 test_mae=163.339 test_rmse=217.953 tf=0.88lr=3.90625e-06
Epoch 63/400 train_mse_scaled=0.072797 val_mae=163.474 val_rmse=220.034 test_mae=162.730 test_rmse=217.032 tf=0.88lr=3.90625e-06
Epoch 64/400 train_mse_scaled=0.074010 val_mae=162.887 val_rmse=219.274 test_mae=162.426 test_rmse=216.556 tf=0.87lr=1.95313e-06
Epoch 65/400 train_mse_scaled=0.076097 val_mae=163.313 val_rmse=219.741 test_mae=162.536 test_rmse=216.836 tf=0.87lr=1.95313e-06
Epoch 66/400 train_mse_scaled=0.073260 val_mae=161.870 val_rmse=218.066 test_mae=161.786 test_rmse=215.510 tf=0.87lr=1.95313e-06
Epoch 67/400 train_mse_scaled=0.076501 val_mae=161.751 val_rmse=217.815 test_mae=161.754 test_rmse=215.524 tf=0.87lr=1.95313e-06
Epoch 68/400 train_mse_scaled=0.077697 val_mae=161.769 val_rmse=217.767 test_mae=161.790 test_rmse=215.715 tf=0.87lr=1.95313e-06
Epoch 69/400 train_mse_scaled=0.077797 val_mae=161.725 val_rmse=217.736 test_mae=161.571 test_rmse=215.472 tf=0.86lr=1.95313e-06
Epoch 70/400 train_mse_scaled=0.074028 val_mae=162.574 val_rmse=218.758 test_mae=161.816 test_rmse=216.011 tf=0.86lr=1.95313e-06
Epoch 71/400 train_mse_scaled=0.079050 val_mae=162.093 val_rmse=218.160 test_mae=161.600 test_rmse=215.648 tf=0.86lr=1.95313e-06
Epoch 72/400 train_mse_scaled=0.081683 val_mae=160.727 val_rmse=216.465 test_mae=160.880 test_rmse=214.513 tf=0.86lr=1.95313e-06
Epoch 73/400 train_mse_scaled=0.081680 val_mae=160.832 val_rmse=216.595 test_mae=160.763 test_rmse=214.446 tf=0.86lr=1.95313e-06
Epoch 74/400 train_mse_scaled=0.080160 val_mae=161.093 val_rmse=216.896 test_mae=160.817 test_rmse=214.604 tf=0.85lr=1.95313e-06
Epoch 75/400 train_mse_scaled=0.079054 val_mae=160.012 val_rmse=215.625 test_mae=160.304 test_rmse=213.676 tf=0.85lr=1.95313e-06
Epoch 76/400 train_mse_scaled=0.079184 val_mae=162.108 val_rmse=218.117 test_mae=161.147 test_rmse=215.354 tf=0.85lr=1.95313e-06
Epoch 77/400 train_mse_scaled=0.079522 val_mae=161.894 val_rmse=217.876 test_mae=160.947 test_rmse=215.069 tf=0.85lr=1.95313e-06
Epoch 78/400 train_mse_scaled=0.079563 val_mae=160.694 val_rmse=216.490 test_mae=160.203 test_rmse=213.884 tf=0.85lr=1.95313e-06
Epoch 79/400 train_mse_scaled=0.076384 val_mae=161.855 val_rmse=217.840 test_mae=160.697 test_rmse=214.820 tf=0.84lr=1.95313e-06
Epoch 80/400 train_mse_scaled=0.076817 val_mae=161.789 val_rmse=217.769 test_mae=160.662 test_rmse=214.761 tf=0.84lr=9.76563e-07
Epoch 81/400 train_mse_scaled=0.076484 val_mae=161.224 val_rmse=217.138 test_mae=160.307 test_rmse=214.185 tf=0.84lr=9.76563e-07
Epoch 82/400 train_mse_scaled=0.085130 val_mae=161.239 val_rmse=217.056 test_mae=160.427 test_rmse=214.421 tf=0.84lr=9.76563e-07
Epoch 83/400 train_mse_scaled=0.082012 val_mae=160.486 val_rmse=216.205 test_mae=159.893 test_rmse=213.560 tf=0.84lr=9.76563e-07
Epoch 84/400 train_mse_scaled=0.078417 val_mae=161.233 val_rmse=217.050 test_mae=160.312 test_rmse=214.299 tf=0.83lr=4.88281e-07
Epoch 85/400 train_mse_scaled=0.083703 val_mae=160.858 val_rmse=216.595 test_mae=160.117 test_rmse=213.987 tf=0.83lr=4.88281e-07
Epoch 86/400 train_mse_scaled=0.087835 val_mae=160.684 val_rmse=216.329 test_mae=160.101 test_rmse=213.966 tf=0.83lr=4.88281e-07
Epoch 87/400 train_mse_scaled=0.078138 val_mae=160.269 val_rmse=215.849 test_mae=159.829 test_rmse=213.528 tf=0.83lr=4.88281e-07
Epoch 88/400 train_mse_scaled=0.083598 val_mae=160.432 val_rmse=216.037 test_mae=159.909 test_rmse=213.680 tf=0.83lr=2.44141e-07
Epoch 89/400 train_mse_scaled=0.080968 val_mae=160.349 val_rmse=215.953 test_mae=159.827 test_rmse=213.555 tf=0.82lr=2.44141e-07
Epoch 90/400 train_mse_scaled=0.086121 val_mae=160.443 val_rmse=216.044 test_mae=159.917 test_rmse=213.710 tf=0.82lr=2.44141e-07
Epoch 91/400 train_mse_scaled=0.083910 val_mae=160.447 val_rmse=216.044 test_mae=159.899 test_rmse=213.696 tf=0.82lr=2.44141e-07
Epoch 92/400 train_mse_scaled=0.088181 val_mae=160.384 val_rmse=215.967 test_mae=159.866 test_rmse=213.647 tf=0.82lr=1.2207e-07
Epoch 93/400 train_mse_scaled=0.089190 val_mae=160.316 val_rmse=215.888 test_mae=159.820 test_rmse=213.574 tf=0.82lr=1.2207e-07
Epoch 94/400 train_mse_scaled=0.086174 val_mae=160.179 val_rmse=215.725 test_mae=159.736 test_rmse=213.437 tf=0.81lr=1.2207e-07
Epoch 95/400 train_mse_scaled=0.089443 val_mae=160.246 val_rmse=215.796 test_mae=159.772 test_rmse=213.504 tf=0.81lr=1.2207e-07
Epoch 96/400 train_mse_scaled=0.088441 val_mae=160.263 val_rmse=215.808 test_mae=159.794 test_rmse=213.540 tf=0.81lr=6.10352e-08
Epoch 97/400 train_mse_scaled=0.085314 val_mae=160.246 val_rmse=215.783 test_mae=159.787 test_rmse=213.530 tf=0.81lr=6.10352e-08
Epoch 98/400 train_mse_scaled=0.084141 val_mae=160.202 val_rmse=215.732 test_mae=159.755 test_rmse=213.480 tf=0.81lr=6.10352e-08
Epoch 99/400 train_mse_scaled=0.091734 val_mae=160.202 val_rmse=215.730 test_mae=159.748 test_rmse=213.473 tf=0.80lr=6.10352e-08
Epoch 100/400 train_mse_scaled=0.091102 val_mae=160.195 val_rmse=215.719 test_mae=159.746 test_rmse=213.470 tf=0.80lr=3.05176e-08
Epoch 101/400 train_mse_scaled=0.087669 val_mae=160.177 val_rmse=215.696 test_mae=159.739 test_rmse=213.456 tf=0.80lr=3.05176e-08
Epoch 102/400 train_mse_scaled=0.090570 val_mae=160.157 val_rmse=215.670 test_mae=159.725 test_rmse=213.435 tf=0.80lr=3.05176e-08
Epoch 103/400 train_mse_scaled=0.083823 val_mae=160.155 val_rmse=215.667 test_mae=159.724 test_rmse=213.435 tf=0.79lr=3.05176e-08
Epoch 104/400 train_mse_scaled=0.092793 val_mae=160.158 val_rmse=215.671 test_mae=159.726 test_rmse=213.439 tf=0.79lr=1.52588e-08
Epoch 105/400 train_mse_scaled=0.088077 val_mae=160.148 val_rmse=215.658 test_mae=159.718 test_rmse=213.426 tf=0.79lr=1.52588e-08
Epoch 106/400 train_mse_scaled=0.092060 val_mae=160.161 val_rmse=215.672 test_mae=159.730 test_rmse=213.446 tf=0.79lr=1.52588e-08
Epoch 107/400 train_mse_scaled=0.089737 val_mae=160.150 val_rmse=215.657 test_mae=159.724 test_rmse=213.437 tf=0.79lr=1.52588e-08
Epoch 108/400 train_mse_scaled=0.092373 val_mae=160.137 val_rmse=215.641 test_mae=159.716 test_rmse=213.425 tf=0.78lr=1.52588e-08
Epoch 109/400 train_mse_scaled=0.094888 val_mae=160.118 val_rmse=215.618 test_mae=159.710 test_rmse=213.412 tf=0.78lr=1.52588e-08
Epoch 110/400 train_mse_scaled=0.094053 val_mae=160.121 val_rmse=215.620 test_mae=159.711 test_rmse=213.416 tf=0.78lr=1.52588e-08
Epoch 111/400 train_mse_scaled=0.094881 val_mae=160.120 val_rmse=215.618 test_mae=159.710 test_rmse=213.416 tf=0.78lr=1.52588e-08
Epoch 112/400 train_mse_scaled=0.092223 val_mae=160.130 val_rmse=215.628 test_mae=159.717 test_rmse=213.429 tf=0.78lr=1.52588e-08
Epoch 113/400 train_mse_scaled=0.098188 val_mae=160.116 val_rmse=215.608 test_mae=159.715 test_rmse=213.424 tf=0.77lr=1.52588e-08
Epoch 114/400 train_mse_scaled=0.089827 val_mae=160.110 val_rmse=215.600 test_mae=159.711 test_rmse=213.418 tf=0.77lr=1.52588e-08
Epoch 115/400 train_mse_scaled=0.093176 val_mae=160.104 val_rmse=215.593 test_mae=159.704 test_rmse=213.410 tf=0.77lr=1.52588e-08
Epoch 116/400 train_mse_scaled=0.094259 val_mae=160.098 val_rmse=215.585 test_mae=159.701 test_rmse=213.406 tf=0.77lr=1.52588e-08
Epoch 117/400 train_mse_scaled=0.095738 val_mae=160.087 val_rmse=215.569 test_mae=159.696 test_rmse=213.397 tf=0.77lr=1.52588e-08
Epoch 118/400 train_mse_scaled=0.096536 val_mae=160.062 val_rmse=215.540 test_mae=159.684 test_rmse=213.376 tf=0.76lr=1.52588e-08
Epoch 119/400 train_mse_scaled=0.097360 val_mae=160.049 val_rmse=215.523 test_mae=159.679 test_rmse=213.369 tf=0.76lr=1.52588e-08
Epoch 120/400 train_mse_scaled=0.095641 val_mae=160.034 val_rmse=215.502 test_mae=159.675 test_rmse=213.361 tf=0.76lr=1.52588e-08
Epoch 121/400 train_mse_scaled=0.095850 val_mae=160.041 val_rmse=215.509 test_mae=159.680 test_rmse=213.370 tf=0.76lr=1.52588e-08
Epoch 122/400 train_mse_scaled=0.101437 val_mae=160.033 val_rmse=215.498 test_mae=159.678 test_rmse=213.368 tf=0.76lr=1.52588e-08
Epoch 123/400 train_mse_scaled=0.096545 val_mae=160.043 val_rmse=215.507 test_mae=159.686 test_rmse=213.382 tf=0.75lr=1.52588e-08
Epoch 124/400 train_mse_scaled=0.098098 val_mae=160.033 val_rmse=215.493 test_mae=159.685 test_rmse=213.380 tf=0.75lr=1.52588e-08
Epoch 125/400 train_mse_scaled=0.098664 val_mae=160.020 val_rmse=215.475 test_mae=159.682 test_rmse=213.374 tf=0.75lr=1.52588e-08
Epoch 126/400 train_mse_scaled=0.099116 val_mae=160.033 val_rmse=215.488 test_mae=159.688 test_rmse=213.386 tf=0.75lr=1.52588e-08
Epoch 127/400 train_mse_scaled=0.098800 val_mae=160.034 val_rmse=215.487 test_mae=159.691 test_rmse=213.391 tf=0.75lr=1.52588e-08
Epoch 128/400 train_mse_scaled=0.098824 val_mae=159.997 val_rmse=215.441 test_mae=159.678 test_rmse=213.368 tf=0.74lr=1.52588e-08
Epoch 129/400 train_mse_scaled=0.100768 val_mae=159.989 val_rmse=215.429 test_mae=159.677 test_rmse=213.367 tf=0.74lr=1.52588e-08
Epoch 130/400 train_mse_scaled=0.102106 val_mae=159.985 val_rmse=215.423 test_mae=159.678 test_rmse=213.368 tf=0.74lr=1.52588e-08
Epoch 131/400 train_mse_scaled=0.099012 val_mae=159.975 val_rmse=215.409 test_mae=159.675 test_rmse=213.363 tf=0.74lr=1.52588e-08
Epoch 132/400 train_mse_scaled=0.103404 val_mae=159.964 val_rmse=215.394 test_mae=159.670 test_rmse=213.355 tf=0.74lr=1.52588e-08
Epoch 133/400 train_mse_scaled=0.098154 val_mae=159.970 val_rmse=215.399 test_mae=159.675 test_rmse=213.364 tf=0.73lr=1.52588e-08
Epoch 134/400 train_mse_scaled=0.100432 val_mae=159.964 val_rmse=215.389 test_mae=159.677 test_rmse=213.367 tf=0.73lr=1.52588e-08
Epoch 135/400 train_mse_scaled=0.102677 val_mae=159.954 val_rmse=215.374 test_mae=159.674 test_rmse=213.363 tf=0.73lr=1.52588e-08
Epoch 136/400 train_mse_scaled=0.102655 val_mae=159.944 val_rmse=215.358 test_mae=159.673 test_rmse=213.361 tf=0.73lr=1.52588e-08
Epoch 137/400 train_mse_scaled=0.101906 val_mae=159.944 val_rmse=215.356 test_mae=159.679 test_rmse=213.370 tf=0.73lr=1.52588e-08
Epoch 138/400 train_mse_scaled=0.107706 val_mae=159.943 val_rmse=215.352 test_mae=159.682 test_rmse=213.375 tf=0.72lr=1.52588e-08
Epoch 139/400 train_mse_scaled=0.106366 val_mae=159.932 val_rmse=215.337 test_mae=159.681 test_rmse=213.373 tf=0.72lr=1.52588e-08
Epoch 140/400 train_mse_scaled=0.100779 val_mae=159.922 val_rmse=215.322 test_mae=159.676 test_rmse=213.366 tf=0.72lr=1.52588e-08
Epoch 141/400 train_mse_scaled=0.103470 val_mae=159.917 val_rmse=215.314 test_mae=159.677 test_rmse=213.368 tf=0.72lr=1.52588e-08
Epoch 142/400 train_mse_scaled=0.108864 val_mae=159.903 val_rmse=215.294 test_mae=159.674 test_rmse=213.363 tf=0.72lr=1.52588e-08
Epoch 143/400 train_mse_scaled=0.104792 val_mae=159.890 val_rmse=215.276 test_mae=159.673 test_rmse=213.359 tf=0.71lr=1.52588e-08
Epoch 144/400 train_mse_scaled=0.105053 val_mae=159.896 val_rmse=215.280 test_mae=159.680 test_rmse=213.371 tf=0.71lr=1.52588e-08
Epoch 145/400 train_mse_scaled=0.103377 val_mae=159.880 val_rmse=215.259 test_mae=159.674 test_rmse=213.361 tf=0.71lr=1.52588e-08
Epoch 146/400 train_mse_scaled=0.108130 val_mae=159.876 val_rmse=215.251 test_mae=159.675 test_rmse=213.362 tf=0.71lr=1.52588e-08
Epoch 147/400 train_mse_scaled=0.110208 val_mae=159.855 val_rmse=215.224 test_mae=159.668 test_rmse=213.350 tf=0.71lr=1.52588e-08
Epoch 148/400 train_mse_scaled=0.104600 val_mae=159.844 val_rmse=215.208 test_mae=159.664 test_rmse=213.345 tf=0.70lr=1.52588e-08
Epoch 149/400 train_mse_scaled=0.105402 val_mae=159.840 val_rmse=215.200 test_mae=159.670 test_rmse=213.353 tf=0.70lr=1.52588e-08
Epoch 150/400 train_mse_scaled=0.115782 val_mae=159.814 val_rmse=215.167 test_mae=159.662 test_rmse=213.339 tf=0.70lr=1.52588e-08
Epoch 151/400 train_mse_scaled=0.108778 val_mae=159.801 val_rmse=215.148 test_mae=159.658 test_rmse=213.334 tf=0.70lr=1.52588e-08
Epoch 152/400 train_mse_scaled=0.111033 val_mae=159.768 val_rmse=215.108 test_mae=159.644 test_rmse=213.308 tf=0.70lr=1.52588e-08
Epoch 153/400 train_mse_scaled=0.112759 val_mae=159.755 val_rmse=215.089 test_mae=159.642 test_rmse=213.305 tf=0.69lr=1.52588e-08
Epoch 154/400 train_mse_scaled=0.110777 val_mae=159.750 val_rmse=215.079 test_mae=159.645 test_rmse=213.309 tf=0.69lr=1.52588e-08
Epoch 155/400 train_mse_scaled=0.109694 val_mae=159.753 val_rmse=215.080 test_mae=159.653 test_rmse=213.321 tf=0.69lr=1.52588e-08
Epoch 156/400 train_mse_scaled=0.113417 val_mae=159.735 val_rmse=215.056 test_mae=159.647 test_rmse=213.310 tf=0.69lr=1.52588e-08
Epoch 157/400 train_mse_scaled=0.107304 val_mae=159.717 val_rmse=215.034 test_mae=159.638 test_rmse=213.296 tf=0.69lr=1.52588e-08
Epoch 158/400 train_mse_scaled=0.105385 val_mae=159.709 val_rmse=215.023 test_mae=159.634 test_rmse=213.290 tf=0.68lr=1.52588e-08
Epoch 159/400 train_mse_scaled=0.103965 val_mae=159.694 val_rmse=215.003 test_mae=159.630 test_rmse=213.283 tf=0.68lr=1.52588e-08
Epoch 160/400 train_mse_scaled=0.109313 val_mae=159.689 val_rmse=214.996 test_mae=159.631 test_rmse=213.285 tf=0.68lr=1.52588e-08
Epoch 161/400 train_mse_scaled=0.112306 val_mae=159.661 val_rmse=214.959 test_mae=159.620 test_rmse=213.266 tf=0.68lr=1.52588e-08
Epoch 162/400 train_mse_scaled=0.110614 val_mae=159.642 val_rmse=214.936 test_mae=159.613 test_rmse=213.254 tf=0.68lr=1.52588e-08
Epoch 163/400 train_mse_scaled=0.119466 val_mae=159.614 val_rmse=214.898 test_mae=159.605 test_rmse=213.239 tf=0.67lr=1.52588e-08
Epoch 164/400 train_mse_scaled=0.115257 val_mae=159.599 val_rmse=214.878 test_mae=159.602 test_rmse=213.233 tf=0.67lr=1.52588e-08
Epoch 165/400 train_mse_scaled=0.108848 val_mae=159.576 val_rmse=214.848 test_mae=159.591 test_rmse=213.215 tf=0.67lr=1.52588e-08
Epoch 166/400 train_mse_scaled=0.120038 val_mae=159.576 val_rmse=214.845 test_mae=159.600 test_rmse=213.227 tf=0.67lr=1.52588e-08
Epoch 167/400 train_mse_scaled=0.112914 val_mae=159.560 val_rmse=214.824 test_mae=159.596 test_rmse=213.220 tf=0.67lr=1.52588e-08
Epoch 168/400 train_mse_scaled=0.120794 val_mae=159.544 val_rmse=214.802 test_mae=159.592 test_rmse=213.213 tf=0.66lr=1.52588e-08
Epoch 169/400 train_mse_scaled=0.125831 val_mae=159.527 val_rmse=214.778 test_mae=159.588 test_rmse=213.208 tf=0.66lr=1.52588e-08
Epoch 170/400 train_mse_scaled=0.123609 val_mae=159.510 val_rmse=214.755 test_mae=159.586 test_rmse=213.203 tf=0.66lr=1.52588e-08
Epoch 171/400 train_mse_scaled=0.121633 val_mae=159.515 val_rmse=214.757 test_mae=159.596 test_rmse=213.220 tf=0.66lr=1.52588e-08
Epoch 172/400 train_mse_scaled=0.118718 val_mae=159.494 val_rmse=214.729 test_mae=159.591 test_rmse=213.211 tf=0.66lr=1.52588e-08
Epoch 173/400 train_mse_scaled=0.116323 val_mae=159.493 val_rmse=214.723 test_mae=159.598 test_rmse=213.222 tf=0.65lr=1.52588e-08
Epoch 174/400 train_mse_scaled=0.124234 val_mae=159.481 val_rmse=214.706 test_mae=159.597 test_rmse=213.220 tf=0.65lr=1.52588e-08
Epoch 175/400 train_mse_scaled=0.118543 val_mae=159.468 val_rmse=214.687 test_mae=159.598 test_rmse=213.220 tf=0.65lr=1.52588e-08
Epoch 176/400 train_mse_scaled=0.121769 val_mae=159.461 val_rmse=214.676 test_mae=159.600 test_rmse=213.222 tf=0.65lr=1.52588e-08
Epoch 177/400 train_mse_scaled=0.122672 val_mae=159.432 val_rmse=214.638 test_mae=159.588 test_rmse=213.204 tf=0.65lr=1.52588e-08
Epoch 178/400 train_mse_scaled=0.117860 val_mae=159.417 val_rmse=214.618 test_mae=159.580 test_rmse=213.192 tf=0.64lr=1.52588e-08
Epoch 179/400 train_mse_scaled=0.117036 val_mae=159.402 val_rmse=214.597 test_mae=159.577 test_rmse=213.186 tf=0.64lr=1.52588e-08
Epoch 180/400 train_mse_scaled=0.125738 val_mae=159.377 val_rmse=214.564 test_mae=159.570 test_rmse=213.174 tf=0.64lr=1.52588e-08
Epoch 181/400 train_mse_scaled=0.123561 val_mae=159.357 val_rmse=214.537 test_mae=159.566 test_rmse=213.166 tf=0.64lr=1.52588e-08
Epoch 182/400 train_mse_scaled=0.122739 val_mae=159.348 val_rmse=214.524 test_mae=159.567 test_rmse=213.166 tf=0.64lr=1.52588e-08
Epoch 183/400 train_mse_scaled=0.129476 val_mae=159.338 val_rmse=214.508 test_mae=159.568 test_rmse=213.167 tf=0.63lr=1.52588e-08
Epoch 184/400 train_mse_scaled=0.128961 val_mae=159.333 val_rmse=214.497 test_mae=159.574 test_rmse=213.176 tf=0.63lr=1.52588e-08
Epoch 185/400 train_mse_scaled=0.123471 val_mae=159.314 val_rmse=214.473 test_mae=159.568 test_rmse=213.167 tf=0.63lr=1.52588e-08
Epoch 186/400 train_mse_scaled=0.125530 val_mae=159.299 val_rmse=214.452 test_mae=159.566 test_rmse=213.163 tf=0.63lr=1.52588e-08
Epoch 187/400 train_mse_scaled=0.121896 val_mae=159.286 val_rmse=214.434 test_mae=159.564 test_rmse=213.158 tf=0.63lr=1.52588e-08
Epoch 188/400 train_mse_scaled=0.120404 val_mae=159.261 val_rmse=214.402 test_mae=159.554 test_rmse=213.141 tf=0.62lr=1.52588e-08
Epoch 189/400 train_mse_scaled=0.130452 val_mae=159.244 val_rmse=214.378 test_mae=159.553 test_rmse=213.137 tf=0.62lr=1.52588e-08
Epoch 190/400 train_mse_scaled=0.130500 val_mae=159.214 val_rmse=214.341 test_mae=159.537 test_rmse=213.112 tf=0.62lr=1.52588e-08
Epoch 191/400 train_mse_scaled=0.128416 val_mae=159.202 val_rmse=214.323 test_mae=159.536 test_rmse=213.109 tf=0.62lr=1.52588e-08
Epoch 192/400 train_mse_scaled=0.130109 val_mae=159.186 val_rmse=214.302 test_mae=159.534 test_rmse=213.106 tf=0.62lr=1.52588e-08
Epoch 193/400 train_mse_scaled=0.126370 val_mae=159.192 val_rmse=214.305 test_mae=159.542 test_rmse=213.120 tf=0.61lr=1.52588e-08
Epoch 194/400 train_mse_scaled=0.125372 val_mae=159.172 val_rmse=214.279 test_mae=159.536 test_rmse=213.109 tf=0.61lr=1.52588e-08
Epoch 195/400 train_mse_scaled=0.122534 val_mae=159.166 val_rmse=214.269 test_mae=159.537 test_rmse=213.112 tf=0.61lr=1.52588e-08
Epoch 196/400 train_mse_scaled=0.127219 val_mae=159.162 val_rmse=214.262 test_mae=159.540 test_rmse=213.116 tf=0.61lr=1.52588e-08
Epoch 197/400 train_mse_scaled=0.130277 val_mae=159.160 val_rmse=214.255 test_mae=159.548 test_rmse=213.128 tf=0.61lr=1.52588e-08
Epoch 198/400 train_mse_scaled=0.131561 val_mae=159.151 val_rmse=214.241 test_mae=159.553 test_rmse=213.134 tf=0.60lr=1.52588e-08
Epoch 199/400 train_mse_scaled=0.134912 val_mae=159.129 val_rmse=214.211 test_mae=159.547 test_rmse=213.123 tf=0.60lr=1.52588e-08
Epoch 200/400 train_mse_scaled=0.130340 val_mae=159.108 val_rmse=214.184 test_mae=159.542 test_rmse=213.114 tf=0.60lr=1.52588e-08
Epoch 201/400 train_mse_scaled=0.139937 val_mae=159.087 val_rmse=214.157 test_mae=159.538 test_rmse=213.103 tf=0.60lr=1.52588e-08
Epoch 202/400 train_mse_scaled=0.142218 val_mae=159.057 val_rmse=214.117 test_mae=159.523 test_rmse=213.081 tf=0.60lr=1.52588e-08
Epoch 203/400 train_mse_scaled=0.131429 val_mae=159.042 val_rmse=214.095 test_mae=159.518 test_rmse=213.074 tf=0.59lr=1.52588e-08
Epoch 204/400 train_mse_scaled=0.132545 val_mae=159.028 val_rmse=214.077 test_mae=159.517 test_rmse=213.071 tf=0.59lr=1.52588e-08
Epoch 205/400 train_mse_scaled=0.131877 val_mae=159.018 val_rmse=214.062 test_mae=159.516 test_rmse=213.070 tf=0.59lr=1.52588e-08
Epoch 206/400 train_mse_scaled=0.126455 val_mae=158.996 val_rmse=214.033 test_mae=159.506 test_rmse=213.053 tf=0.59lr=1.52588e-08
Epoch 207/400 train_mse_scaled=0.141013 val_mae=158.976 val_rmse=214.007 test_mae=159.504 test_rmse=213.047 tf=0.59lr=1.52588e-08
Epoch 208/400 train_mse_scaled=0.135516 val_mae=158.961 val_rmse=213.986 test_mae=159.503 test_rmse=213.045 tf=0.58lr=1.52588e-08
Epoch 209/400 train_mse_scaled=0.136043 val_mae=158.949 val_rmse=213.967 test_mae=159.506 test_rmse=213.047 tf=0.58lr=1.52588e-08
Epoch 210/400 train_mse_scaled=0.136103 val_mae=158.937 val_rmse=213.951 test_mae=159.504 test_rmse=213.045 tf=0.58lr=1.52588e-08
Epoch 211/400 train_mse_scaled=0.135164 val_mae=158.921 val_rmse=213.928 test_mae=159.501 test_rmse=213.037 tf=0.58lr=1.52588e-08
Epoch 212/400 train_mse_scaled=0.136909 val_mae=158.889 val_rmse=213.888 test_mae=159.486 test_rmse=213.012 tf=0.58lr=1.52588e-08
Epoch 213/400 train_mse_scaled=0.147722 val_mae=158.873 val_rmse=213.866 test_mae=159.483 test_rmse=213.005 tf=0.57lr=1.52588e-08
Epoch 214/400 train_mse_scaled=0.142362 val_mae=158.854 val_rmse=213.841 test_mae=159.479 test_rmse=212.998 tf=0.57lr=1.52588e-08
Epoch 215/400 train_mse_scaled=0.136862 val_mae=158.840 val_rmse=213.821 test_mae=159.479 test_rmse=212.997 tf=0.57lr=1.52588e-08
Epoch 216/400 train_mse_scaled=0.144519 val_mae=158.837 val_rmse=213.813 test_mae=159.487 test_rmse=213.008 tf=0.57lr=1.52588e-08
Epoch 217/400 train_mse_scaled=0.135765 val_mae=158.822 val_rmse=213.791 test_mae=159.485 test_rmse=213.003 tf=0.57lr=1.52588e-08
Epoch 218/400 train_mse_scaled=0.137680 val_mae=158.797 val_rmse=213.760 test_mae=159.475 test_rmse=212.988 tf=0.56lr=1.52588e-08
Epoch 219/400 train_mse_scaled=0.141669 val_mae=158.789 val_rmse=213.747 test_mae=159.476 test_rmse=212.989 tf=0.56lr=1.52588e-08
Epoch 220/400 train_mse_scaled=0.143871 val_mae=158.777 val_rmse=213.729 test_mae=159.476 test_rmse=212.988 tf=0.56lr=1.52588e-08
Epoch 221/400 train_mse_scaled=0.133344 val_mae=158.761 val_rmse=213.707 test_mae=159.472 test_rmse=212.981 tf=0.56lr=1.52588e-08
Epoch 222/400 train_mse_scaled=0.139219 val_mae=158.751 val_rmse=213.693 test_mae=159.475 test_rmse=212.985 tf=0.56lr=1.52588e-08
Epoch 223/400 train_mse_scaled=0.144651 val_mae=158.750 val_rmse=213.688 test_mae=159.483 test_rmse=212.996 tf=0.55lr=1.52588e-08
Epoch 224/400 train_mse_scaled=0.139524 val_mae=158.724 val_rmse=213.654 test_mae=159.471 test_rmse=212.976 tf=0.55lr=1.52588e-08
Epoch 225/400 train_mse_scaled=0.147250 val_mae=158.711 val_rmse=213.635 test_mae=159.477 test_rmse=212.985 tf=0.55lr=1.52588e-08
Epoch 226/400 train_mse_scaled=0.148861 val_mae=158.690 val_rmse=213.606 test_mae=159.475 test_rmse=212.979 tf=0.55lr=1.52588e-08
Epoch 227/400 train_mse_scaled=0.151502 val_mae=158.654 val_rmse=213.559 test_mae=159.465 test_rmse=212.959 tf=0.55lr=1.52588e-08
Epoch 228/400 train_mse_scaled=0.141652 val_mae=158.635 val_rmse=213.533 test_mae=159.461 test_rmse=212.952 tf=0.54lr=1.52588e-08
Epoch 229/400 train_mse_scaled=0.145396 val_mae=158.617 val_rmse=213.510 test_mae=159.457 test_rmse=212.945 tf=0.54lr=1.52588e-08
Epoch 230/400 train_mse_scaled=0.151913 val_mae=158.582 val_rmse=213.465 test_mae=159.445 test_rmse=212.924 tf=0.54lr=1.52588e-08
Epoch 231/400 train_mse_scaled=0.149854 val_mae=158.556 val_rmse=213.430 test_mae=159.438 test_rmse=212.911 tf=0.54lr=1.52588e-08
Epoch 232/400 train_mse_scaled=0.148585 val_mae=158.545 val_rmse=213.416 test_mae=159.435 test_rmse=212.907 tf=0.54lr=1.52588e-08
Epoch 233/400 train_mse_scaled=0.153497 val_mae=158.529 val_rmse=213.393 test_mae=159.434 test_rmse=212.904 tf=0.53lr=1.52588e-08
Epoch 234/400 train_mse_scaled=0.146920 val_mae=158.513 val_rmse=213.372 test_mae=159.430 test_rmse=212.897 tf=0.53lr=1.52588e-08
Epoch 235/400 train_mse_scaled=0.146165 val_mae=158.491 val_rmse=213.342 test_mae=159.423 test_rmse=212.884 tf=0.53lr=1.52588e-08
Epoch 236/400 train_mse_scaled=0.142270 val_mae=158.475 val_rmse=213.321 test_mae=159.420 test_rmse=212.877 tf=0.53lr=1.52588e-08
Epoch 237/400 train_mse_scaled=0.150373 val_mae=158.446 val_rmse=213.283 test_mae=159.413 test_rmse=212.863 tf=0.53lr=1.52588e-08
Epoch 238/400 train_mse_scaled=0.151154 val_mae=158.420 val_rmse=213.249 test_mae=159.407 test_rmse=212.852 tf=0.52lr=1.52588e-08
Epoch 239/400 train_mse_scaled=0.147066 val_mae=158.408 val_rmse=213.231 test_mae=159.404 test_rmse=212.846 tf=0.52lr=1.52588e-08
Epoch 240/400 train_mse_scaled=0.148643 val_mae=158.396 val_rmse=213.214 test_mae=159.405 test_rmse=212.847 tf=0.52lr=1.52588e-08
Epoch 241/400 train_mse_scaled=0.157552 val_mae=158.368 val_rmse=213.179 test_mae=159.391 test_rmse=212.825 tf=0.52lr=1.52588e-08
Epoch 242/400 train_mse_scaled=0.155111 val_mae=158.365 val_rmse=213.172 test_mae=159.398 test_rmse=212.834 tf=0.52lr=1.52588e-08
Epoch 243/400 train_mse_scaled=0.159310 val_mae=158.341 val_rmse=213.139 test_mae=159.393 test_rmse=212.825 tf=0.51lr=1.52588e-08
Epoch 244/400 train_mse_scaled=0.155563 val_mae=158.305 val_rmse=213.093 test_mae=159.377 test_rmse=212.799 tf=0.51lr=1.52588e-08
Epoch 245/400 train_mse_scaled=0.162849 val_mae=158.276 val_rmse=213.055 test_mae=159.370 test_rmse=212.786 tf=0.51lr=1.52588e-08
Epoch 246/400 train_mse_scaled=0.162089 val_mae=158.265 val_rmse=213.037 test_mae=159.373 test_rmse=212.789 tf=0.51lr=1.52588e-08
Epoch 247/400 train_mse_scaled=0.149367 val_mae=158.251 val_rmse=213.018 test_mae=159.371 test_rmse=212.785 tf=0.51lr=1.52588e-08
Epoch 248/400 train_mse_scaled=0.152831 val_mae=158.227 val_rmse=212.987 test_mae=159.363 test_rmse=212.771 tf=0.50lr=1.52588e-08
Epoch 249/400 train_mse_scaled=0.150985 val_mae=158.214 val_rmse=212.970 test_mae=159.362 test_rmse=212.768 tf=0.50lr=1.52588e-08
Epoch 250/400 train_mse_scaled=0.153952 val_mae=158.190 val_rmse=212.938 test_mae=159.353 test_rmse=212.753 tf=0.50lr=1.52588e-08
Epoch 251/400 train_mse_scaled=0.164593 val_mae=158.169 val_rmse=212.910 test_mae=159.348 test_rmse=212.744 tf=0.50lr=1.52588e-08
Epoch 252/400 train_mse_scaled=0.153872 val_mae=158.165 val_rmse=212.902 test_mae=159.356 test_rmse=212.756 tf=0.50lr=1.52588e-08
Epoch 253/400 train_mse_scaled=0.166536 val_mae=158.150 val_rmse=212.880 test_mae=159.355 test_rmse=212.753 tf=0.49lr=1.52588e-08
Epoch 254/400 train_mse_scaled=0.162210 val_mae=158.119 val_rmse=212.840 test_mae=159.344 test_rmse=212.735 tf=0.49lr=1.52588e-08
Epoch 255/400 train_mse_scaled=0.159161 val_mae=158.090 val_rmse=212.803 test_mae=159.332 test_rmse=212.713 tf=0.49lr=1.52588e-08
Epoch 256/400 train_mse_scaled=0.161711 val_mae=158.064 val_rmse=212.770 test_mae=159.324 test_rmse=212.700 tf=0.49lr=1.52588e-08
Epoch 257/400 train_mse_scaled=0.162865 val_mae=158.027 val_rmse=212.722 test_mae=159.309 test_rmse=212.673 tf=0.49lr=1.52588e-08
Epoch 258/400 train_mse_scaled=0.156174 val_mae=158.018 val_rmse=212.710 test_mae=159.309 test_rmse=212.674 tf=0.48lr=1.52588e-08
Epoch 259/400 train_mse_scaled=0.158274 val_mae=157.995 val_rmse=212.679 test_mae=159.306 test_rmse=212.666 tf=0.48lr=1.52588e-08
Epoch 260/400 train_mse_scaled=0.164758 val_mae=157.970 val_rmse=212.647 test_mae=159.298 test_rmse=212.653 tf=0.48lr=1.52588e-08
Epoch 261/400 train_mse_scaled=0.169789 val_mae=157.952 val_rmse=212.622 test_mae=159.297 test_rmse=212.649 tf=0.48lr=1.52588e-08
Epoch 262/400 train_mse_scaled=0.165204 val_mae=157.931 val_rmse=212.594 test_mae=159.291 test_rmse=212.639 tf=0.48lr=1.52588e-08
Epoch 263/400 train_mse_scaled=0.169328 val_mae=157.904 val_rmse=212.559 test_mae=159.282 test_rmse=212.624 tf=0.47lr=1.52588e-08
Epoch 264/400 train_mse_scaled=0.161397 val_mae=157.889 val_rmse=212.538 test_mae=159.281 test_rmse=212.619 tf=0.47lr=1.52588e-08
Epoch 265/400 train_mse_scaled=0.168166 val_mae=157.866 val_rmse=212.507 test_mae=159.276 test_rmse=212.611 tf=0.47lr=1.52588e-08
Epoch 266/400 train_mse_scaled=0.164746 val_mae=157.843 val_rmse=212.477 test_mae=159.271 test_rmse=212.599 tf=0.47lr=1.52588e-08
Epoch 267/400 train_mse_scaled=0.170837 val_mae=157.820 val_rmse=212.446 test_mae=159.268 test_rmse=212.592 tf=0.47lr=1.52588e-08
Epoch 268/400 train_mse_scaled=0.166167 val_mae=157.779 val_rmse=212.396 test_mae=159.249 test_rmse=212.559 tf=0.46lr=1.52588e-08
Epoch 269/400 train_mse_scaled=0.173876 val_mae=157.755 val_rmse=212.364 test_mae=159.244 test_rmse=212.550 tf=0.46lr=1.52588e-08
Epoch 270/400 train_mse_scaled=0.166688 val_mae=157.732 val_rmse=212.333 test_mae=159.238 test_rmse=212.538 tf=0.46lr=1.52588e-08
Epoch 271/400 train_mse_scaled=0.163455 val_mae=157.720 val_rmse=212.317 test_mae=159.237 test_rmse=212.535 tf=0.46lr=1.52588e-08
Epoch 272/400 train_mse_scaled=0.172211 val_mae=157.691 val_rmse=212.279 test_mae=159.229 test_rmse=212.520 tf=0.46lr=1.52588e-08
Epoch 273/400 train_mse_scaled=0.176564 val_mae=157.677 val_rmse=212.259 test_mae=159.228 test_rmse=212.519 tf=0.45lr=1.52588e-08
Epoch 274/400 train_mse_scaled=0.171375 val_mae=157.658 val_rmse=212.234 test_mae=159.228 test_rmse=212.515 tf=0.45lr=1.52588e-08
Epoch 275/400 train_mse_scaled=0.165999 val_mae=157.641 val_rmse=212.209 test_mae=159.228 test_rmse=212.513 tf=0.45lr=1.52588e-08
Epoch 276/400 train_mse_scaled=0.177283 val_mae=157.612 val_rmse=212.172 test_mae=159.216 test_rmse=212.494 tf=0.45lr=1.52588e-08
Epoch 277/400 train_mse_scaled=0.169403 val_mae=157.583 val_rmse=212.135 test_mae=159.206 test_rmse=212.476 tf=0.45lr=1.52588e-08
Epoch 278/400 train_mse_scaled=0.173336 val_mae=157.562 val_rmse=212.106 test_mae=159.200 test_rmse=212.465 tf=0.44lr=1.52588e-08
Epoch 279/400 train_mse_scaled=0.168032 val_mae=157.550 val_rmse=212.089 test_mae=159.202 test_rmse=212.467 tf=0.44lr=1.52588e-08
Epoch 280/400 train_mse_scaled=0.175560 val_mae=157.540 val_rmse=212.074 test_mae=159.207 test_rmse=212.474 tf=0.44lr=1.52588e-08
Epoch 281/400 train_mse_scaled=0.173576 val_mae=157.526 val_rmse=212.056 test_mae=159.209 test_rmse=212.475 tf=0.44lr=1.52588e-08
Epoch 282/400 train_mse_scaled=0.178384 val_mae=157.505 val_rmse=212.027 test_mae=159.206 test_rmse=212.468 tf=0.44lr=1.52588e-08
Epoch 283/400 train_mse_scaled=0.172327 val_mae=157.472 val_rmse=211.985 test_mae=159.192 test_rmse=212.445 tf=0.43lr=1.52588e-08
Epoch 284/400 train_mse_scaled=0.182004 val_mae=157.445 val_rmse=211.949 test_mae=159.185 test_rmse=212.431 tf=0.43lr=1.52588e-08
Epoch 285/400 train_mse_scaled=0.175390 val_mae=157.414 val_rmse=211.911 test_mae=159.176 test_rmse=212.413 tf=0.43lr=1.52588e-08
Epoch 286/400 train_mse_scaled=0.174123 val_mae=157.404 val_rmse=211.896 test_mae=159.178 test_rmse=212.416 tf=0.43lr=1.52588e-08
Epoch 287/400 train_mse_scaled=0.188338 val_mae=157.395 val_rmse=211.881 test_mae=159.181 test_rmse=212.419 tf=0.43lr=1.52588e-08
Epoch 288/400 train_mse_scaled=0.179209 val_mae=157.381 val_rmse=211.862 test_mae=159.178 test_rmse=212.415 tf=0.42lr=1.52588e-08
Epoch 289/400 train_mse_scaled=0.179108 val_mae=157.363 val_rmse=211.837 test_mae=159.177 test_rmse=212.410 tf=0.42lr=1.52588e-08
Epoch 290/400 train_mse_scaled=0.182977 val_mae=157.342 val_rmse=211.809 test_mae=159.168 test_rmse=212.397 tf=0.42lr=1.52588e-08
Epoch 291/400 train_mse_scaled=0.180131 val_mae=157.315 val_rmse=211.775 test_mae=159.161 test_rmse=212.383 tf=0.42lr=1.52588e-08
Epoch 292/400 train_mse_scaled=0.182150 val_mae=157.275 val_rmse=211.725 test_mae=159.141 test_rmse=212.350 tf=0.42lr=1.52588e-08
Epoch 293/400 train_mse_scaled=0.180170 val_mae=157.244 val_rmse=211.686 test_mae=159.131 test_rmse=212.333 tf=0.41lr=1.52588e-08
Epoch 294/400 train_mse_scaled=0.174881 val_mae=157.225 val_rmse=211.658 test_mae=159.126 test_rmse=212.323 tf=0.41lr=1.52588e-08
Epoch 295/400 train_mse_scaled=0.187960 val_mae=157.202 val_rmse=211.629 test_mae=159.123 test_rmse=212.316 tf=0.41lr=1.52588e-08
Epoch 296/400 train_mse_scaled=0.185144 val_mae=157.187 val_rmse=211.608 test_mae=159.122 test_rmse=212.314 tf=0.41lr=1.52588e-08
Epoch 297/400 train_mse_scaled=0.195774 val_mae=157.153 val_rmse=211.565 test_mae=159.110 test_rmse=212.293 tf=0.41lr=1.52588e-08
Epoch 298/400 train_mse_scaled=0.188919 val_mae=157.123 val_rmse=211.527 test_mae=159.098 test_rmse=212.271 tf=0.40lr=1.52588e-08
Epoch 299/400 train_mse_scaled=0.184652 val_mae=157.088 val_rmse=211.482 test_mae=159.084 test_rmse=212.248 tf=0.40lr=1.52588e-08
Epoch 300/400 train_mse_scaled=0.184321 val_mae=157.059 val_rmse=211.444 test_mae=159.079 test_rmse=212.237 tf=0.40lr=1.52588e-08
Epoch 301/400 train_mse_scaled=0.194177 val_mae=157.040 val_rmse=211.419 test_mae=159.073 test_rmse=212.228 tf=0.40lr=1.52588e-08
Epoch 302/400 train_mse_scaled=0.186946 val_mae=157.022 val_rmse=211.394 test_mae=159.071 test_rmse=212.223 tf=0.39lr=1.52588e-08
Epoch 303/400 train_mse_scaled=0.185153 val_mae=157.008 val_rmse=211.374 test_mae=159.070 test_rmse=212.223 tf=0.39lr=1.52588e-08
Epoch 304/400 train_mse_scaled=0.192293 val_mae=156.984 val_rmse=211.343 test_mae=159.063 test_rmse=212.210 tf=0.39lr=1.52588e-08
Epoch 305/400 train_mse_scaled=0.187473 val_mae=156.959 val_rmse=211.311 test_mae=159.057 test_rmse=212.198 tf=0.39lr=1.52588e-08
Epoch 306/400 train_mse_scaled=0.182889 val_mae=156.939 val_rmse=211.284 test_mae=159.052 test_rmse=212.188 tf=0.39lr=1.52588e-08
Epoch 307/400 train_mse_scaled=0.180410 val_mae=156.919 val_rmse=211.258 test_mae=159.045 test_rmse=212.176 tf=0.38lr=1.52588e-08
Epoch 308/400 train_mse_scaled=0.199293 val_mae=156.881 val_rmse=211.210 test_mae=159.030 test_rmse=212.150 tf=0.38lr=1.52588e-08
Epoch 309/400 train_mse_scaled=0.193985 val_mae=156.847 val_rmse=211.167 test_mae=159.015 test_rmse=212.123 tf=0.38lr=1.52588e-08
Epoch 310/400 train_mse_scaled=0.197570 val_mae=156.812 val_rmse=211.123 test_mae=159.004 test_rmse=212.103 tf=0.38lr=1.52588e-08
Epoch 311/400 train_mse_scaled=0.196708 val_mae=156.784 val_rmse=211.086 test_mae=158.996 test_rmse=212.088 tf=0.38lr=1.52588e-08
Epoch 312/400 train_mse_scaled=0.201630 val_mae=156.769 val_rmse=211.064 test_mae=158.995 test_rmse=212.086 tf=0.37lr=1.52588e-08
Epoch 313/400 train_mse_scaled=0.200460 val_mae=156.744 val_rmse=211.032 test_mae=158.990 test_rmse=212.075 tf=0.37lr=1.52588e-08
Epoch 314/400 train_mse_scaled=0.198129 val_mae=156.708 val_rmse=210.985 test_mae=158.975 test_rmse=212.050 tf=0.37lr=1.52588e-08
Epoch 315/400 train_mse_scaled=0.197178 val_mae=156.699 val_rmse=210.972 test_mae=158.978 test_rmse=212.053 tf=0.37lr=1.52588e-08
Epoch 316/400 train_mse_scaled=0.201705 val_mae=156.666 val_rmse=210.931 test_mae=158.964 test_rmse=212.029 tf=0.37lr=1.52588e-08
Epoch 317/400 train_mse_scaled=0.194721 val_mae=156.633 val_rmse=210.889 test_mae=158.950 test_rmse=212.005 tf=0.36lr=1.52588e-08
Epoch 318/400 train_mse_scaled=0.191212 val_mae=156.601 val_rmse=210.849 test_mae=158.938 test_rmse=211.984 tf=0.36lr=1.52588e-08
Epoch 319/400 train_mse_scaled=0.200887 val_mae=156.588 val_rmse=210.831 test_mae=158.937 test_rmse=211.982 tf=0.36lr=1.52588e-08
Epoch 320/400 train_mse_scaled=0.205055 val_mae=156.554 val_rmse=210.788 test_mae=158.923 test_rmse=211.958 tf=0.36lr=1.52588e-08
Epoch 321/400 train_mse_scaled=0.200649 val_mae=156.534 val_rmse=210.762 test_mae=158.920 test_rmse=211.952 tf=0.36lr=1.52588e-08
Epoch 322/400 train_mse_scaled=0.210225 val_mae=156.502 val_rmse=210.720 test_mae=158.910 test_rmse=211.934 tf=0.35lr=1.52588e-08
Epoch 323/400 train_mse_scaled=0.188161 val_mae=156.481 val_rmse=210.693 test_mae=158.904 test_rmse=211.923 tf=0.35lr=1.52588e-08
Epoch 324/400 train_mse_scaled=0.203463 val_mae=156.451 val_rmse=210.655 test_mae=158.895 test_rmse=211.905 tf=0.35lr=1.52588e-08
Epoch 325/400 train_mse_scaled=0.201114 val_mae=156.421 val_rmse=210.616 test_mae=158.884 test_rmse=211.887 tf=0.35lr=1.52588e-08
Epoch 326/400 train_mse_scaled=0.203311 val_mae=156.405 val_rmse=210.595 test_mae=158.884 test_rmse=211.884 tf=0.35lr=1.52588e-08
Epoch 327/400 train_mse_scaled=0.210693 val_mae=156.390 val_rmse=210.573 test_mae=158.882 test_rmse=211.880 tf=0.34lr=1.52588e-08
Epoch 328/400 train_mse_scaled=0.201362 val_mae=156.378 val_rmse=210.556 test_mae=158.885 test_rmse=211.883 tf=0.34lr=1.52588e-08
Epoch 329/400 train_mse_scaled=0.197368 val_mae=156.358 val_rmse=210.531 test_mae=158.881 test_rmse=211.874 tf=0.34lr=1.52588e-08
Epoch 330/400 train_mse_scaled=0.211021 val_mae=156.334 val_rmse=210.499 test_mae=158.874 test_rmse=211.863 tf=0.34lr=1.52588e-08
Epoch 331/400 train_mse_scaled=0.200736 val_mae=156.306 val_rmse=210.462 test_mae=158.864 test_rmse=211.845 tf=0.34lr=1.52588e-08
Epoch 332/400 train_mse_scaled=0.205417 val_mae=156.298 val_rmse=210.450 test_mae=158.868 test_rmse=211.851 tf=0.33lr=1.52588e-08
Epoch 333/400 train_mse_scaled=0.204324 val_mae=156.278 val_rmse=210.425 test_mae=158.866 test_rmse=211.845 tf=0.33lr=1.52588e-08
Epoch 334/400 train_mse_scaled=0.201808 val_mae=156.259 val_rmse=210.400 test_mae=158.864 test_rmse=211.841 tf=0.33lr=1.52588e-08
Epoch 335/400 train_mse_scaled=0.203499 val_mae=156.236 val_rmse=210.369 test_mae=158.857 test_rmse=211.827 tf=0.33lr=1.52588e-08
Epoch 336/400 train_mse_scaled=0.213880 val_mae=156.216 val_rmse=210.342 test_mae=158.857 test_rmse=211.823 tf=0.33lr=1.52588e-08
Epoch 337/400 train_mse_scaled=0.217691 val_mae=156.183 val_rmse=210.300 test_mae=158.843 test_rmse=211.801 tf=0.32lr=1.52588e-08
Epoch 338/400 train_mse_scaled=0.211189 val_mae=156.149 val_rmse=210.257 test_mae=158.829 test_rmse=211.776 tf=0.32lr=1.52588e-08
Epoch 339/400 train_mse_scaled=0.209239 val_mae=156.118 val_rmse=210.217 test_mae=158.822 test_rmse=211.762 tf=0.32lr=1.52588e-08
Epoch 340/400 train_mse_scaled=0.207157 val_mae=156.089 val_rmse=210.181 test_mae=158.811 test_rmse=211.742 tf=0.32lr=1.52588e-08
Epoch 341/400 train_mse_scaled=0.211410 val_mae=156.069 val_rmse=210.154 test_mae=158.801 test_rmse=211.729 tf=0.32lr=1.52588e-08
Epoch 342/400 train_mse_scaled=0.211060 val_mae=156.058 val_rmse=210.137 test_mae=158.803 test_rmse=211.730 tf=0.31lr=1.52588e-08
Epoch 343/400 train_mse_scaled=0.218880 val_mae=156.037 val_rmse=210.110 test_mae=158.798 test_rmse=211.720 tf=0.31lr=1.52588e-08
Epoch 344/400 train_mse_scaled=0.221809 val_mae=156.009 val_rmse=210.075 test_mae=158.789 test_rmse=211.704 tf=0.31lr=1.52588e-08
Epoch 345/400 train_mse_scaled=0.210960 val_mae=155.982 val_rmse=210.040 test_mae=158.778 test_rmse=211.687 tf=0.31lr=1.52588e-08
Epoch 346/400 train_mse_scaled=0.214622 val_mae=155.963 val_rmse=210.014 test_mae=158.773 test_rmse=211.678 tf=0.31lr=1.52588e-08
Epoch 347/400 train_mse_scaled=0.224594 val_mae=155.925 val_rmse=209.967 test_mae=158.757 test_rmse=211.650 tf=0.30lr=1.52588e-08
Epoch 348/400 train_mse_scaled=0.221020 val_mae=155.908 val_rmse=209.943 test_mae=158.755 test_rmse=211.645 tf=0.30lr=1.52588e-08
Epoch 349/400 train_mse_scaled=0.215993 val_mae=155.887 val_rmse=209.916 test_mae=158.752 test_rmse=211.638 tf=0.30lr=1.52588e-08
Epoch 350/400 train_mse_scaled=0.219469 val_mae=155.866 val_rmse=209.887 test_mae=158.749 test_rmse=211.631 tf=0.30lr=1.52588e-08
Epoch 351/400 train_mse_scaled=0.224531 val_mae=155.835 val_rmse=209.848 test_mae=158.736 test_rmse=211.609 tf=0.30lr=1.52588e-08
Epoch 352/400 train_mse_scaled=0.225037 val_mae=155.802 val_rmse=209.806 test_mae=158.725 test_rmse=211.589 tf=0.29lr=1.52588e-08
Epoch 353/400 train_mse_scaled=0.216844 val_mae=155.779 val_rmse=209.777 test_mae=158.717 test_rmse=211.576 tf=0.29lr=1.52588e-08
Epoch 354/400 train_mse_scaled=0.218597 val_mae=155.749 val_rmse=209.738 test_mae=158.707 test_rmse=211.557 tf=0.29lr=1.52588e-08
Epoch 355/400 train_mse_scaled=0.227245 val_mae=155.720 val_rmse=209.701 test_mae=158.698 test_rmse=211.542 tf=0.29lr=1.52588e-08
Epoch 356/400 train_mse_scaled=0.224965 val_mae=155.683 val_rmse=209.654 test_mae=158.683 test_rmse=211.515 tf=0.29lr=1.52588e-08
Epoch 357/400 train_mse_scaled=0.220786 val_mae=155.663 val_rmse=209.628 test_mae=158.678 test_rmse=211.507 tf=0.28lr=1.52588e-08
Epoch 358/400 train_mse_scaled=0.222963 val_mae=155.633 val_rmse=209.590 test_mae=158.665 test_rmse=211.485 tf=0.28lr=1.52588e-08
Epoch 359/400 train_mse_scaled=0.226149 val_mae=155.609 val_rmse=209.558 test_mae=158.658 test_rmse=211.471 tf=0.28lr=1.52588e-08
Epoch 360/400 train_mse_scaled=0.218804 val_mae=155.579 val_rmse=209.519 test_mae=158.648 test_rmse=211.451 tf=0.28lr=1.52588e-08
Epoch 361/400 train_mse_scaled=0.236424 val_mae=155.530 val_rmse=209.459 test_mae=158.625 test_rmse=211.413 tf=0.28lr=1.52588e-08
Epoch 362/400 train_mse_scaled=0.231774 val_mae=155.494 val_rmse=209.414 test_mae=158.609 test_rmse=211.385 tf=0.27lr=1.52588e-08
Epoch 363/400 train_mse_scaled=0.216778 val_mae=155.465 val_rmse=209.377 test_mae=158.597 test_rmse=211.365 tf=0.27lr=1.52588e-08
Epoch 364/400 train_mse_scaled=0.222894 val_mae=155.444 val_rmse=209.350 test_mae=158.590 test_rmse=211.353 tf=0.27lr=1.52588e-08
Epoch 365/400 train_mse_scaled=0.230390 val_mae=155.432 val_rmse=209.333 test_mae=158.592 test_rmse=211.355 tf=0.27lr=1.52588e-08
Epoch 366/400 train_mse_scaled=0.225659 val_mae=155.414 val_rmse=209.308 test_mae=158.588 test_rmse=211.347 tf=0.27lr=1.52588e-08
Epoch 367/400 train_mse_scaled=0.234602 val_mae=155.386 val_rmse=209.272 test_mae=158.578 test_rmse=211.330 tf=0.26lr=1.52588e-08
Epoch 368/400 train_mse_scaled=0.229031 val_mae=155.355 val_rmse=209.233 test_mae=158.565 test_rmse=211.308 tf=0.26lr=1.52588e-08
Epoch 369/400 train_mse_scaled=0.233664 val_mae=155.337 val_rmse=209.209 test_mae=158.564 test_rmse=211.303 tf=0.26lr=1.52588e-08
Epoch 370/400 train_mse_scaled=0.238404 val_mae=155.305 val_rmse=209.168 test_mae=158.549 test_rmse=211.278 tf=0.26lr=1.52588e-08
Epoch 371/400 train_mse_scaled=0.232489 val_mae=155.287 val_rmse=209.144 test_mae=158.547 test_rmse=211.274 tf=0.26lr=1.52588e-08
Epoch 372/400 train_mse_scaled=0.247371 val_mae=155.263 val_rmse=209.112 test_mae=158.542 test_rmse=211.265 tf=0.25lr=1.52588e-08
Epoch 373/400 train_mse_scaled=0.229492 val_mae=155.223 val_rmse=209.062 test_mae=158.523 test_rmse=211.232 tf=0.25lr=1.52588e-08
Epoch 374/400 train_mse_scaled=0.250281 val_mae=155.194 val_rmse=209.024 test_mae=158.512 test_rmse=211.213 tf=0.25lr=1.52588e-08
Epoch 375/400 train_mse_scaled=0.238477 val_mae=155.168 val_rmse=208.990 test_mae=158.502 test_rmse=211.196 tf=0.25lr=1.52588e-08
Epoch 376/400 train_mse_scaled=0.251278 val_mae=155.155 val_rmse=208.972 test_mae=158.507 test_rmse=211.201 tf=0.25lr=1.52588e-08
Epoch 377/400 train_mse_scaled=0.238269 val_mae=155.119 val_rmse=208.927 test_mae=158.494 test_rmse=211.178 tf=0.24lr=1.52588e-08
Epoch 378/400 train_mse_scaled=0.241768 val_mae=155.107 val_rmse=208.908 test_mae=158.496 test_rmse=211.180 tf=0.24lr=1.52588e-08
Epoch 379/400 train_mse_scaled=0.255843 val_mae=155.073 val_rmse=208.866 test_mae=158.483 test_rmse=211.158 tf=0.24lr=1.52588e-08
Epoch 380/400 train_mse_scaled=0.236515 val_mae=155.054 val_rmse=208.840 test_mae=158.477 test_rmse=211.148 tf=0.24lr=1.52588e-08
Epoch 381/400 train_mse_scaled=0.245403 val_mae=155.014 val_rmse=208.790 test_mae=158.463 test_rmse=211.121 tf=0.24lr=1.52588e-08
Epoch 382/400 train_mse_scaled=0.241900 val_mae=154.978 val_rmse=208.744 test_mae=158.442 test_rmse=211.089 tf=0.23lr=1.52588e-08
Epoch 383/400 train_mse_scaled=0.249304 val_mae=154.950 val_rmse=208.707 test_mae=158.430 test_rmse=211.068 tf=0.23lr=1.52588e-08
Epoch 384/400 train_mse_scaled=0.240990 val_mae=154.926 val_rmse=208.677 test_mae=158.424 test_rmse=211.057 tf=0.23lr=1.52588e-08
Epoch 385/400 train_mse_scaled=0.254729 val_mae=154.901 val_rmse=208.644 test_mae=158.416 test_rmse=211.044 tf=0.23lr=1.52588e-08
Epoch 386/400 train_mse_scaled=0.245244 val_mae=154.890 val_rmse=208.628 test_mae=158.420 test_rmse=211.048 tf=0.23lr=1.52588e-08
Epoch 387/400 train_mse_scaled=0.236999 val_mae=154.854 val_rmse=208.584 test_mae=158.403 test_rmse=211.020 tf=0.22lr=1.52588e-08
Epoch 388/400 train_mse_scaled=0.246706 val_mae=154.816 val_rmse=208.536 test_mae=158.383 test_rmse=210.988 tf=0.22lr=1.52588e-08
Epoch 389/400 train_mse_scaled=0.252616 val_mae=154.804 val_rmse=208.519 test_mae=158.386 test_rmse=210.991 tf=0.22lr=1.52588e-08
Epoch 390/400 train_mse_scaled=0.256276 val_mae=154.766 val_rmse=208.472 test_mae=158.368 test_rmse=210.960 tf=0.22lr=1.52588e-08
Epoch 391/400 train_mse_scaled=0.250780 val_mae=154.747 val_rmse=208.447 test_mae=158.365 test_rmse=210.953 tf=0.22lr=1.52588e-08
Epoch 392/400 train_mse_scaled=0.262367 val_mae=154.710 val_rmse=208.400 test_mae=158.347 test_rmse=210.923 tf=0.21lr=1.52588e-08
Epoch 393/400 train_mse_scaled=0.248678 val_mae=154.691 val_rmse=208.374 test_mae=158.345 test_rmse=210.918 tf=0.21lr=1.52588e-08
Epoch 394/400 train_mse_scaled=0.257260 val_mae=154.672 val_rmse=208.349 test_mae=158.338 test_rmse=210.908 tf=0.21lr=1.52588e-08
Epoch 395/400 train_mse_scaled=0.241654 val_mae=154.636 val_rmse=208.304 test_mae=158.320 test_rmse=210.876 tf=0.21lr=1.52588e-08
Epoch 396/400 train_mse_scaled=0.249243 val_mae=154.608 val_rmse=208.268 test_mae=158.310 test_rmse=210.860 tf=0.21lr=1.52588e-08
Epoch 397/400 train_mse_scaled=0.254869 val_mae=154.586 val_rmse=208.240 test_mae=158.304 test_rmse=210.848 tf=0.20lr=1.52588e-08
Epoch 398/400 train_mse_scaled=0.256102 val_mae=154.564 val_rmse=208.210 test_mae=158.302 test_rmse=210.842 tf=0.20lr=1.52588e-08
Epoch 399/400 train_mse_scaled=0.244604 val_mae=154.526 val_rmse=208.163 test_mae=158.282 test_rmse=210.809 tf=0.20lr=1.52588e-08
Epoch 400/400 train_mse_scaled=0.249478 val_mae=154.493 val_rmse=208.121 test_mae=158.269 test_rmse=210.786 tf=0.20lr=1.52588e-08
Training complete. Best checkpoint at: v2/results/checkpoints/seq2seq/best.pth
