Run args: {'data': 'data/wtbdata_hourly.csv', 'id_col': None, 'time_col': None, 'wind_col': None, 'power_col': None, 'hist_len': 24, 'pred_len': 24, 'stride': 1, 'time_encode': 'sin-cos', 'batch_size': 256, 'epochs': 2000, 'lr': 0.001, 'hidden_size': 32, 'num_layers': 2, 'dropout': 0.1, 'emb_dim': 5, 'teacher_start': 0.0, 'teacher_end': 0.0, 'patience': 100, 'seed': 42, 'num_workers': 20, 'shuffle_split': True, 'shuffle_seed': 42}
Cleaned data: 787920 -> 609679 rows. Saved: v2/results/cleaned.csv
[INFO] Loaded saved splits from: v2/results/splits_seq2seq.json
Samples -> train: 47900, val: 5988, test: 6059

Train samples (show 5):
  [0] TurbID=1, start_idx=2745, hist=(2020-05-21 08:00:00~2020-05-22 07:00:00), pred=(2020-05-22 08:00:00~2020-05-23 07:00:00)
  [1] TurbID=1, start_idx=3980, hist=(2020-08-01 17:00:00~2020-08-02 16:00:00), pred=(2020-08-02 17:00:00~2020-08-03 16:00:00)
  [2] TurbID=1, start_idx=3038, hist=(2020-06-04 18:00:00~2020-06-05 17:00:00), pred=(2020-06-05 18:00:00~2020-06-06 17:00:00)
  [3] TurbID=1, start_idx=307, hist=(2020-01-17 08:00:00~2020-01-18 07:00:00), pred=(2020-01-18 08:00:00~2020-01-19 07:00:00)
  [4] TurbID=1, start_idx=4413, hist=(2020-08-29 16:00:00~2020-08-30 15:00:00), pred=(2020-08-30 16:00:00~2020-08-31 15:00:00)

Val samples (show 5):
  [0] TurbID=1, start_idx=3666, hist=(2020-07-16 02:00:00~2020-07-17 01:00:00), pred=(2020-07-17 02:00:00~2020-07-18 01:00:00)
  [1] TurbID=1, start_idx=46, hist=(2020-01-03 00:00:00~2020-01-03 23:00:00), pred=(2020-01-04 00:00:00~2020-01-04 23:00:00)
  [2] TurbID=1, start_idx=2727, hist=(2020-05-20 14:00:00~2020-05-21 13:00:00), pred=(2020-05-21 14:00:00~2020-05-22 13:00:00)
  [3] TurbID=1, start_idx=2705, hist=(2020-05-19 16:00:00~2020-05-20 15:00:00), pred=(2020-05-20 16:00:00~2020-05-21 15:00:00)
  [4] TurbID=1, start_idx=2917, hist=(2020-05-29 14:00:00~2020-05-30 13:00:00), pred=(2020-05-30 14:00:00~2020-05-31 13:00:00)

Test samples (show 5):
  [0] TurbID=1, start_idx=3769, hist=(2020-07-21 10:00:00~2020-07-22 09:00:00), pred=(2020-07-22 10:00:00~2020-07-23 09:00:00)
  [1] TurbID=1, start_idx=293, hist=(2020-01-16 18:00:00~2020-01-17 17:00:00), pred=(2020-01-17 18:00:00~2020-01-18 17:00:00)
  [2] TurbID=1, start_idx=2751, hist=(2020-05-21 14:00:00~2020-05-22 13:00:00), pred=(2020-05-22 14:00:00~2020-05-23 13:00:00)
  [3] TurbID=1, start_idx=3823, hist=(2020-07-23 16:00:00~2020-07-24 15:00:00), pred=(2020-07-24 16:00:00~2020-07-25 15:00:00)
  [4] TurbID=1, start_idx=1108, hist=(2020-02-25 17:00:00~2020-02-26 16:00:00), pred=(2020-02-26 17:00:00~2020-02-27 16:00:00)
[DEBUG] train_ds.feature_scaler.mean_: [ 7.63311543e+00  7.25987039e+02  1.10326964e-18 -5.63146529e-18
  6.32851307e-04 -1.86239544e-01]
[DEBUG] train_ds.target_scaler.mean_: [746.06511492]
[DEBUG] train_ds.exo_scaler.mean_: [ 7.78879236e+00  1.10326964e-18 -5.63146529e-18 -1.45213366e-01
 -1.16613238e-01]
Epoch 1/2000 train_mse_scaled=0.421917 val_mae=156.268 val_rmse=218.687 tf=0.00lr=0.001
Saved validation predictions (best) to: v2/results/seq2seq_val_y_true.npy and v2/results/seq2seq_val_y_pred_mean.npy
Epoch 2/2000 train_mse_scaled=0.220041 val_mae=134.848 val_rmse=188.413 tf=0.00lr=0.001
Saved validation predictions (best) to: v2/results/seq2seq_val_y_true.npy and v2/results/seq2seq_val_y_pred_mean.npy
Epoch 3/2000 train_mse_scaled=0.180194 val_mae=121.216 val_rmse=172.460 tf=0.00lr=0.001
Saved validation predictions (best) to: v2/results/seq2seq_val_y_true.npy and v2/results/seq2seq_val_y_pred_mean.npy
Epoch 4/2000 train_mse_scaled=0.156710 val_mae=113.506 val_rmse=159.761 tf=0.00lr=0.001
Saved validation predictions (best) to: v2/results/seq2seq_val_y_true.npy and v2/results/seq2seq_val_y_pred_mean.npy
Epoch 5/2000 train_mse_scaled=0.141344 val_mae=107.015 val_rmse=152.794 tf=0.00lr=0.001
Saved validation predictions (best) to: v2/results/seq2seq_val_y_true.npy and v2/results/seq2seq_val_y_pred_mean.npy
Epoch 6/2000 train_mse_scaled=0.131545 val_mae=101.592 val_rmse=146.626 tf=0.00lr=0.001
Saved validation predictions (best) to: v2/results/seq2seq_val_y_true.npy and v2/results/seq2seq_val_y_pred_mean.npy
Epoch 7/2000 train_mse_scaled=0.123974 val_mae=98.844 val_rmse=142.598 tf=0.00lr=0.001
Saved validation predictions (best) to: v2/results/seq2seq_val_y_true.npy and v2/results/seq2seq_val_y_pred_mean.npy
Epoch 8/2000 train_mse_scaled=0.118346 val_mae=96.382 val_rmse=139.192 tf=0.00lr=0.001
Saved validation predictions (best) to: v2/results/seq2seq_val_y_true.npy and v2/results/seq2seq_val_y_pred_mean.npy
Epoch 9/2000 train_mse_scaled=0.112916 val_mae=96.020 val_rmse=136.595 tf=0.00lr=0.001
Saved validation predictions (best) to: v2/results/seq2seq_val_y_true.npy and v2/results/seq2seq_val_y_pred_mean.npy
Epoch 10/2000 train_mse_scaled=0.107653 val_mae=93.772 val_rmse=134.228 tf=0.00lr=0.001
Saved validation predictions (best) to: v2/results/seq2seq_val_y_true.npy and v2/results/seq2seq_val_y_pred_mean.npy
Epoch 11/2000 train_mse_scaled=0.102729 val_mae=90.470 val_rmse=129.549 tf=0.00lr=0.001
Saved validation predictions (best) to: v2/results/seq2seq_val_y_true.npy and v2/results/seq2seq_val_y_pred_mean.npy
Epoch 12/2000 train_mse_scaled=0.098306 val_mae=88.366 val_rmse=129.676 tf=0.00lr=0.001
Epoch 13/2000 train_mse_scaled=0.094827 val_mae=86.073 val_rmse=125.322 tf=0.00lr=0.001
Saved validation predictions (best) to: v2/results/seq2seq_val_y_true.npy and v2/results/seq2seq_val_y_pred_mean.npy
Epoch 14/2000 train_mse_scaled=0.091088 val_mae=85.950 val_rmse=123.965 tf=0.00lr=0.001
Saved validation predictions (best) to: v2/results/seq2seq_val_y_true.npy and v2/results/seq2seq_val_y_pred_mean.npy
Epoch 15/2000 train_mse_scaled=0.088247 val_mae=85.203 val_rmse=121.570 tf=0.00lr=0.001
Saved validation predictions (best) to: v2/results/seq2seq_val_y_true.npy and v2/results/seq2seq_val_y_pred_mean.npy
Epoch 16/2000 train_mse_scaled=0.085439 val_mae=82.397 val_rmse=119.610 tf=0.00lr=0.001
Saved validation predictions (best) to: v2/results/seq2seq_val_y_true.npy and v2/results/seq2seq_val_y_pred_mean.npy
Epoch 17/2000 train_mse_scaled=0.083242 val_mae=81.357 val_rmse=117.974 tf=0.00lr=0.001
Saved validation predictions (best) to: v2/results/seq2seq_val_y_true.npy and v2/results/seq2seq_val_y_pred_mean.npy
Epoch 18/2000 train_mse_scaled=0.080784 val_mae=79.598 val_rmse=115.695 tf=0.00lr=0.001
Saved validation predictions (best) to: v2/results/seq2seq_val_y_true.npy and v2/results/seq2seq_val_y_pred_mean.npy
Epoch 19/2000 train_mse_scaled=0.078645 val_mae=79.578 val_rmse=114.673 tf=0.00lr=0.001
Saved validation predictions (best) to: v2/results/seq2seq_val_y_true.npy and v2/results/seq2seq_val_y_pred_mean.npy
Epoch 20/2000 train_mse_scaled=0.076972 val_mae=78.558 val_rmse=113.508 tf=0.00lr=0.001
Saved validation predictions (best) to: v2/results/seq2seq_val_y_true.npy and v2/results/seq2seq_val_y_pred_mean.npy
Epoch 21/2000 train_mse_scaled=0.075176 val_mae=78.200 val_rmse=112.306 tf=0.00lr=0.001
Saved validation predictions (best) to: v2/results/seq2seq_val_y_true.npy and v2/results/seq2seq_val_y_pred_mean.npy
Epoch 22/2000 train_mse_scaled=0.073872 val_mae=76.772 val_rmse=111.107 tf=0.00lr=0.001
Saved validation predictions (best) to: v2/results/seq2seq_val_y_true.npy and v2/results/seq2seq_val_y_pred_mean.npy
Epoch 23/2000 train_mse_scaled=0.072220 val_mae=75.646 val_rmse=109.092 tf=0.00lr=0.001
Saved validation predictions (best) to: v2/results/seq2seq_val_y_true.npy and v2/results/seq2seq_val_y_pred_mean.npy
Epoch 24/2000 train_mse_scaled=0.070456 val_mae=73.770 val_rmse=108.598 tf=0.00lr=0.001
Saved validation predictions (best) to: v2/results/seq2seq_val_y_true.npy and v2/results/seq2seq_val_y_pred_mean.npy
Epoch 25/2000 train_mse_scaled=0.069525 val_mae=73.884 val_rmse=107.368 tf=0.00lr=0.001
Saved validation predictions (best) to: v2/results/seq2seq_val_y_true.npy and v2/results/seq2seq_val_y_pred_mean.npy
Epoch 26/2000 train_mse_scaled=0.068355 val_mae=73.130 val_rmse=106.560 tf=0.00lr=0.001
Saved validation predictions (best) to: v2/results/seq2seq_val_y_true.npy and v2/results/seq2seq_val_y_pred_mean.npy
Epoch 27/2000 train_mse_scaled=0.066853 val_mae=72.143 val_rmse=105.639 tf=0.00lr=0.001
Saved validation predictions (best) to: v2/results/seq2seq_val_y_true.npy and v2/results/seq2seq_val_y_pred_mean.npy
Epoch 28/2000 train_mse_scaled=0.066107 val_mae=70.001 val_rmse=103.912 tf=0.00lr=0.001
Saved validation predictions (best) to: v2/results/seq2seq_val_y_true.npy and v2/results/seq2seq_val_y_pred_mean.npy
Epoch 29/2000 train_mse_scaled=0.065186 val_mae=69.774 val_rmse=103.424 tf=0.00lr=0.001
Saved validation predictions (best) to: v2/results/seq2seq_val_y_true.npy and v2/results/seq2seq_val_y_pred_mean.npy
Epoch 30/2000 train_mse_scaled=0.064594 val_mae=71.098 val_rmse=103.485 tf=0.00lr=0.001
Epoch 31/2000 train_mse_scaled=0.063360 val_mae=66.999 val_rmse=101.333 tf=0.00lr=0.001
Saved validation predictions (best) to: v2/results/seq2seq_val_y_true.npy and v2/results/seq2seq_val_y_pred_mean.npy
Epoch 32/2000 train_mse_scaled=0.062495 val_mae=69.753 val_rmse=102.165 tf=0.00lr=0.001
Epoch 33/2000 train_mse_scaled=0.062793 val_mae=67.219 val_rmse=100.715 tf=0.00lr=0.001
Saved validation predictions (best) to: v2/results/seq2seq_val_y_true.npy and v2/results/seq2seq_val_y_pred_mean.npy
Epoch 34/2000 train_mse_scaled=0.061260 val_mae=66.923 val_rmse=100.257 tf=0.00lr=0.001
Saved validation predictions (best) to: v2/results/seq2seq_val_y_true.npy and v2/results/seq2seq_val_y_pred_mean.npy
Epoch 35/2000 train_mse_scaled=0.060659 val_mae=67.127 val_rmse=99.458 tf=0.00lr=0.001
Saved validation predictions (best) to: v2/results/seq2seq_val_y_true.npy and v2/results/seq2seq_val_y_pred_mean.npy
Epoch 36/2000 train_mse_scaled=0.059760 val_mae=68.075 val_rmse=99.681 tf=0.00lr=0.001
Epoch 37/2000 train_mse_scaled=0.059242 val_mae=68.410 val_rmse=99.799 tf=0.00lr=0.001
Epoch 38/2000 train_mse_scaled=0.058329 val_mae=66.630 val_rmse=98.362 tf=0.00lr=0.001
Saved validation predictions (best) to: v2/results/seq2seq_val_y_true.npy and v2/results/seq2seq_val_y_pred_mean.npy
Epoch 39/2000 train_mse_scaled=0.057795 val_mae=64.715 val_rmse=97.634 tf=0.00lr=0.001
Saved validation predictions (best) to: v2/results/seq2seq_val_y_true.npy and v2/results/seq2seq_val_y_pred_mean.npy
Epoch 40/2000 train_mse_scaled=0.057401 val_mae=64.104 val_rmse=96.593 tf=0.00lr=0.001
Saved validation predictions (best) to: v2/results/seq2seq_val_y_true.npy and v2/results/seq2seq_val_y_pred_mean.npy
Epoch 41/2000 train_mse_scaled=0.057770 val_mae=64.519 val_rmse=96.923 tf=0.00lr=0.001
Epoch 42/2000 train_mse_scaled=0.056309 val_mae=64.939 val_rmse=96.510 tf=0.00lr=0.001
Saved validation predictions (best) to: v2/results/seq2seq_val_y_true.npy and v2/results/seq2seq_val_y_pred_mean.npy
Epoch 43/2000 train_mse_scaled=0.055921 val_mae=65.672 val_rmse=96.681 tf=0.00lr=0.001
Epoch 44/2000 train_mse_scaled=0.055466 val_mae=63.839 val_rmse=95.561 tf=0.00lr=0.001
Saved validation predictions (best) to: v2/results/seq2seq_val_y_true.npy and v2/results/seq2seq_val_y_pred_mean.npy
Epoch 45/2000 train_mse_scaled=0.054770 val_mae=64.855 val_rmse=96.288 tf=0.00lr=0.001
Epoch 46/2000 train_mse_scaled=0.054649 val_mae=63.570 val_rmse=94.868 tf=0.00lr=0.001
Saved validation predictions (best) to: v2/results/seq2seq_val_y_true.npy and v2/results/seq2seq_val_y_pred_mean.npy
Epoch 47/2000 train_mse_scaled=0.054192 val_mae=64.282 val_rmse=95.254 tf=0.00lr=0.001
Epoch 48/2000 train_mse_scaled=0.053894 val_mae=63.354 val_rmse=94.510 tf=0.00lr=0.001
Saved validation predictions (best) to: v2/results/seq2seq_val_y_true.npy and v2/results/seq2seq_val_y_pred_mean.npy
Epoch 49/2000 train_mse_scaled=0.053408 val_mae=62.142 val_rmse=94.482 tf=0.00lr=0.001
Saved validation predictions (best) to: v2/results/seq2seq_val_y_true.npy and v2/results/seq2seq_val_y_pred_mean.npy
Epoch 50/2000 train_mse_scaled=0.053314 val_mae=63.495 val_rmse=95.357 tf=0.00lr=0.001
Epoch 51/2000 train_mse_scaled=0.053129 val_mae=63.449 val_rmse=94.508 tf=0.00lr=0.001
Epoch 52/2000 train_mse_scaled=0.052337 val_mae=61.001 val_rmse=92.743 tf=0.00lr=0.001
Saved validation predictions (best) to: v2/results/seq2seq_val_y_true.npy and v2/results/seq2seq_val_y_pred_mean.npy
Epoch 53/2000 train_mse_scaled=0.051999 val_mae=61.036 val_rmse=93.226 tf=0.00lr=0.001
Epoch 54/2000 train_mse_scaled=0.051691 val_mae=63.168 val_rmse=93.327 tf=0.00lr=0.001
Epoch 55/2000 train_mse_scaled=0.051423 val_mae=62.437 val_rmse=93.441 tf=0.00lr=0.001
Epoch 56/2000 train_mse_scaled=0.051155 val_mae=63.116 val_rmse=92.901 tf=0.00lr=0.001
Epoch 57/2000 train_mse_scaled=0.050994 val_mae=64.066 val_rmse=93.647 tf=0.00lr=0.001
Epoch 58/2000 train_mse_scaled=0.050377 val_mae=62.963 val_rmse=92.932 tf=0.00lr=0.001
Epoch 59/2000 train_mse_scaled=0.050093 val_mae=60.630 val_rmse=90.984 tf=0.00lr=0.001
Saved validation predictions (best) to: v2/results/seq2seq_val_y_true.npy and v2/results/seq2seq_val_y_pred_mean.npy
Epoch 60/2000 train_mse_scaled=0.049715 val_mae=61.584 val_rmse=91.702 tf=0.00lr=0.001
Epoch 61/2000 train_mse_scaled=0.049690 val_mae=59.118 val_rmse=90.370 tf=0.00lr=0.001
Saved validation predictions (best) to: v2/results/seq2seq_val_y_true.npy and v2/results/seq2seq_val_y_pred_mean.npy
Epoch 62/2000 train_mse_scaled=0.049093 val_mae=60.263 val_rmse=91.656 tf=0.00lr=0.001
Epoch 63/2000 train_mse_scaled=0.049539 val_mae=61.484 val_rmse=91.984 tf=0.00lr=0.001
Epoch 64/2000 train_mse_scaled=0.049149 val_mae=60.898 val_rmse=90.786 tf=0.00lr=0.001
Epoch 65/2000 train_mse_scaled=0.048295 val_mae=60.441 val_rmse=90.267 tf=0.00lr=0.001
Saved validation predictions (best) to: v2/results/seq2seq_val_y_true.npy and v2/results/seq2seq_val_y_pred_mean.npy
Epoch 66/2000 train_mse_scaled=0.048321 val_mae=60.480 val_rmse=90.380 tf=0.00lr=0.001
Epoch 67/2000 train_mse_scaled=0.047910 val_mae=59.841 val_rmse=89.868 tf=0.00lr=0.001
Saved validation predictions (best) to: v2/results/seq2seq_val_y_true.npy and v2/results/seq2seq_val_y_pred_mean.npy
Epoch 68/2000 train_mse_scaled=0.047697 val_mae=60.326 val_rmse=90.240 tf=0.00lr=0.001
Epoch 69/2000 train_mse_scaled=0.048169 val_mae=60.479 val_rmse=90.243 tf=0.00lr=0.001
Epoch 70/2000 train_mse_scaled=0.047239 val_mae=60.376 val_rmse=89.241 tf=0.00lr=0.001
Saved validation predictions (best) to: v2/results/seq2seq_val_y_true.npy and v2/results/seq2seq_val_y_pred_mean.npy
Epoch 71/2000 train_mse_scaled=0.047206 val_mae=60.545 val_rmse=89.573 tf=0.00lr=0.001
Epoch 72/2000 train_mse_scaled=0.046850 val_mae=60.225 val_rmse=89.373 tf=0.00lr=0.001
Epoch 73/2000 train_mse_scaled=0.046437 val_mae=59.244 val_rmse=88.876 tf=0.00lr=0.001
Saved validation predictions (best) to: v2/results/seq2seq_val_y_true.npy and v2/results/seq2seq_val_y_pred_mean.npy
Epoch 74/2000 train_mse_scaled=0.046681 val_mae=58.628 val_rmse=87.958 tf=0.00lr=0.001
Saved validation predictions (best) to: v2/results/seq2seq_val_y_true.npy and v2/results/seq2seq_val_y_pred_mean.npy
Epoch 75/2000 train_mse_scaled=0.046617 val_mae=60.949 val_rmse=89.921 tf=0.00lr=0.001
Epoch 76/2000 train_mse_scaled=0.046168 val_mae=57.514 val_rmse=87.524 tf=0.00lr=0.001
Saved validation predictions (best) to: v2/results/seq2seq_val_y_true.npy and v2/results/seq2seq_val_y_pred_mean.npy
Epoch 77/2000 train_mse_scaled=0.045561 val_mae=58.442 val_rmse=87.352 tf=0.00lr=0.001
Saved validation predictions (best) to: v2/results/seq2seq_val_y_true.npy and v2/results/seq2seq_val_y_pred_mean.npy
Epoch 78/2000 train_mse_scaled=0.045611 val_mae=59.345 val_rmse=88.366 tf=0.00lr=0.001
Epoch 79/2000 train_mse_scaled=0.045696 val_mae=61.012 val_rmse=89.422 tf=0.00lr=0.001
Epoch 80/2000 train_mse_scaled=0.045478 val_mae=58.398 val_rmse=87.927 tf=0.00lr=0.001
Epoch 81/2000 train_mse_scaled=0.044995 val_mae=59.285 val_rmse=87.619 tf=0.00lr=0.001
Epoch 82/2000 train_mse_scaled=0.044770 val_mae=58.888 val_rmse=87.733 tf=0.00lr=0.001
Epoch 83/2000 train_mse_scaled=0.044613 val_mae=56.801 val_rmse=86.080 tf=0.00lr=0.001
Saved validation predictions (best) to: v2/results/seq2seq_val_y_true.npy and v2/results/seq2seq_val_y_pred_mean.npy
Epoch 84/2000 train_mse_scaled=0.044701 val_mae=60.050 val_rmse=87.631 tf=0.00lr=0.001
Epoch 85/2000 train_mse_scaled=0.044579 val_mae=60.198 val_rmse=89.111 tf=0.00lr=0.001
Epoch 86/2000 train_mse_scaled=0.044372 val_mae=57.184 val_rmse=85.374 tf=0.00lr=0.001
Saved validation predictions (best) to: v2/results/seq2seq_val_y_true.npy and v2/results/seq2seq_val_y_pred_mean.npy
Epoch 87/2000 train_mse_scaled=0.044238 val_mae=57.946 val_rmse=86.761 tf=0.00lr=0.001
Epoch 88/2000 train_mse_scaled=0.044677 val_mae=57.564 val_rmse=87.504 tf=0.00lr=0.001
Epoch 89/2000 train_mse_scaled=0.044097 val_mae=57.896 val_rmse=86.317 tf=0.00lr=0.001
Epoch 90/2000 train_mse_scaled=0.043446 val_mae=56.397 val_rmse=85.204 tf=0.00lr=0.001
Saved validation predictions (best) to: v2/results/seq2seq_val_y_true.npy and v2/results/seq2seq_val_y_pred_mean.npy
Epoch 91/2000 train_mse_scaled=0.043897 val_mae=56.004 val_rmse=86.628 tf=0.00lr=0.001
Epoch 92/2000 train_mse_scaled=0.043902 val_mae=57.762 val_rmse=86.338 tf=0.00lr=0.001
Epoch 93/2000 train_mse_scaled=0.043145 val_mae=56.580 val_rmse=84.721 tf=0.00lr=0.001
Saved validation predictions (best) to: v2/results/seq2seq_val_y_true.npy and v2/results/seq2seq_val_y_pred_mean.npy
Epoch 94/2000 train_mse_scaled=0.042974 val_mae=56.623 val_rmse=85.222 tf=0.00lr=0.001
Epoch 95/2000 train_mse_scaled=0.042838 val_mae=55.172 val_rmse=84.169 tf=0.00lr=0.001
Saved validation predictions (best) to: v2/results/seq2seq_val_y_true.npy and v2/results/seq2seq_val_y_pred_mean.npy
Epoch 96/2000 train_mse_scaled=0.042616 val_mae=56.725 val_rmse=85.014 tf=0.00lr=0.001
Epoch 97/2000 train_mse_scaled=0.042661 val_mae=54.021 val_rmse=83.602 tf=0.00lr=0.001
Saved validation predictions (best) to: v2/results/seq2seq_val_y_true.npy and v2/results/seq2seq_val_y_pred_mean.npy
Epoch 98/2000 train_mse_scaled=0.042778 val_mae=55.756 val_rmse=84.277 tf=0.00lr=0.001
Epoch 99/2000 train_mse_scaled=0.042349 val_mae=58.335 val_rmse=87.112 tf=0.00lr=0.001
Epoch 100/2000 train_mse_scaled=0.043096 val_mae=57.787 val_rmse=85.254 tf=0.00lr=0.001
Epoch 101/2000 train_mse_scaled=0.042456 val_mae=56.131 val_rmse=84.755 tf=0.00lr=0.001
Epoch 102/2000 train_mse_scaled=0.042113 val_mae=58.799 val_rmse=85.855 tf=0.00lr=0.001
Epoch 103/2000 train_mse_scaled=0.041990 val_mae=56.654 val_rmse=84.099 tf=0.00lr=0.001
Epoch 104/2000 train_mse_scaled=0.041674 val_mae=56.250 val_rmse=83.800 tf=0.00lr=0.001
Epoch 105/2000 train_mse_scaled=0.041631 val_mae=55.526 val_rmse=84.028 tf=0.00lr=0.001
Epoch 106/2000 train_mse_scaled=0.042490 val_mae=54.118 val_rmse=82.494 tf=0.00lr=0.001
Saved validation predictions (best) to: v2/results/seq2seq_val_y_true.npy and v2/results/seq2seq_val_y_pred_mean.npy
Epoch 107/2000 train_mse_scaled=0.041428 val_mae=57.132 val_rmse=84.118 tf=0.00lr=0.001
Epoch 108/2000 train_mse_scaled=0.041339 val_mae=56.420 val_rmse=83.905 tf=0.00lr=0.001
Epoch 109/2000 train_mse_scaled=0.041150 val_mae=57.903 val_rmse=84.469 tf=0.00lr=0.001
Epoch 110/2000 train_mse_scaled=0.041281 val_mae=56.418 val_rmse=83.855 tf=0.00lr=0.001
Epoch 111/2000 train_mse_scaled=0.040959 val_mae=55.946 val_rmse=83.087 tf=0.00lr=0.001
Epoch 112/2000 train_mse_scaled=0.040824 val_mae=55.635 val_rmse=82.895 tf=0.00lr=0.001
Epoch 113/2000 train_mse_scaled=0.040779 val_mae=55.044 val_rmse=83.118 tf=0.00lr=0.001
Epoch 114/2000 train_mse_scaled=0.040711 val_mae=55.070 val_rmse=82.499 tf=0.00lr=0.001
Epoch 115/2000 train_mse_scaled=0.040713 val_mae=54.545 val_rmse=82.308 tf=0.00lr=0.001
Saved validation predictions (best) to: v2/results/seq2seq_val_y_true.npy and v2/results/seq2seq_val_y_pred_mean.npy
Epoch 116/2000 train_mse_scaled=0.041189 val_mae=54.603 val_rmse=83.581 tf=0.00lr=0.001
Epoch 117/2000 train_mse_scaled=0.040810 val_mae=53.390 val_rmse=82.012 tf=0.00lr=0.001
Saved validation predictions (best) to: v2/results/seq2seq_val_y_true.npy and v2/results/seq2seq_val_y_pred_mean.npy
Epoch 118/2000 train_mse_scaled=0.040372 val_mae=54.127 val_rmse=82.043 tf=0.00lr=0.001
Epoch 119/2000 train_mse_scaled=0.041136 val_mae=56.523 val_rmse=83.548 tf=0.00lr=0.001
Epoch 120/2000 train_mse_scaled=0.040233 val_mae=55.988 val_rmse=82.592 tf=0.00lr=0.001
Epoch 121/2000 train_mse_scaled=0.040149 val_mae=54.733 val_rmse=81.823 tf=0.00lr=0.001
Saved validation predictions (best) to: v2/results/seq2seq_val_y_true.npy and v2/results/seq2seq_val_y_pred_mean.npy
Epoch 122/2000 train_mse_scaled=0.039966 val_mae=56.249 val_rmse=82.903 tf=0.00lr=0.001
Epoch 123/2000 train_mse_scaled=0.039885 val_mae=52.561 val_rmse=80.399 tf=0.00lr=0.001
Saved validation predictions (best) to: v2/results/seq2seq_val_y_true.npy and v2/results/seq2seq_val_y_pred_mean.npy
Epoch 124/2000 train_mse_scaled=0.039790 val_mae=53.807 val_rmse=81.128 tf=0.00lr=0.001
Epoch 125/2000 train_mse_scaled=0.039893 val_mae=53.749 val_rmse=81.230 tf=0.00lr=0.001
Epoch 126/2000 train_mse_scaled=0.039719 val_mae=54.599 val_rmse=81.853 tf=0.00lr=0.001
Epoch 127/2000 train_mse_scaled=0.040168 val_mae=54.992 val_rmse=81.500 tf=0.00lr=0.001
Epoch 128/2000 train_mse_scaled=0.039430 val_mae=54.182 val_rmse=81.135 tf=0.00lr=0.001
Epoch 129/2000 train_mse_scaled=0.039546 val_mae=53.922 val_rmse=81.069 tf=0.00lr=0.001
Epoch 130/2000 train_mse_scaled=0.040280 val_mae=54.738 val_rmse=82.374 tf=0.00lr=0.001
Epoch 131/2000 train_mse_scaled=0.039530 val_mae=54.059 val_rmse=81.402 tf=0.00lr=0.001
Epoch 132/2000 train_mse_scaled=0.039174 val_mae=53.861 val_rmse=80.925 tf=0.00lr=0.001
Epoch 133/2000 train_mse_scaled=0.039034 val_mae=53.908 val_rmse=80.511 tf=0.00lr=0.001
Epoch 134/2000 train_mse_scaled=0.039240 val_mae=53.166 val_rmse=80.148 tf=0.00lr=0.001
Saved validation predictions (best) to: v2/results/seq2seq_val_y_true.npy and v2/results/seq2seq_val_y_pred_mean.npy
Epoch 135/2000 train_mse_scaled=0.039021 val_mae=53.450 val_rmse=80.948 tf=0.00lr=0.001
Epoch 136/2000 train_mse_scaled=0.038975 val_mae=55.088 val_rmse=81.059 tf=0.00lr=0.001
Epoch 137/2000 train_mse_scaled=0.038480 val_mae=54.634 val_rmse=81.027 tf=0.00lr=0.001
Epoch 138/2000 train_mse_scaled=0.038612 val_mae=55.658 val_rmse=82.689 tf=0.00lr=0.001
Epoch 139/2000 train_mse_scaled=0.038986 val_mae=56.305 val_rmse=82.068 tf=0.00lr=0.001
Epoch 140/2000 train_mse_scaled=0.038508 val_mae=54.742 val_rmse=80.930 tf=0.00lr=0.001
Epoch 141/2000 train_mse_scaled=0.038349 val_mae=52.840 val_rmse=79.707 tf=0.00lr=0.001
Saved validation predictions (best) to: v2/results/seq2seq_val_y_true.npy and v2/results/seq2seq_val_y_pred_mean.npy
Epoch 142/2000 train_mse_scaled=0.038368 val_mae=53.396 val_rmse=80.535 tf=0.00lr=0.001
Epoch 143/2000 train_mse_scaled=0.038369 val_mae=54.270 val_rmse=80.480 tf=0.00lr=0.001
Epoch 144/2000 train_mse_scaled=0.038600 val_mae=55.004 val_rmse=81.154 tf=0.00lr=0.001
Epoch 145/2000 train_mse_scaled=0.038082 val_mae=52.562 val_rmse=79.177 tf=0.00lr=0.001
Saved validation predictions (best) to: v2/results/seq2seq_val_y_true.npy and v2/results/seq2seq_val_y_pred_mean.npy
Epoch 146/2000 train_mse_scaled=0.038391 val_mae=52.946 val_rmse=80.079 tf=0.00lr=0.001
Epoch 147/2000 train_mse_scaled=0.038174 val_mae=53.818 val_rmse=80.703 tf=0.00lr=0.001
Epoch 148/2000 train_mse_scaled=0.038186 val_mae=53.233 val_rmse=80.918 tf=0.00lr=0.001
Epoch 149/2000 train_mse_scaled=0.037879 val_mae=54.342 val_rmse=81.612 tf=0.00lr=0.001
Epoch 150/2000 train_mse_scaled=0.037974 val_mae=53.233 val_rmse=79.878 tf=0.00lr=0.001
Epoch 151/2000 train_mse_scaled=0.037600 val_mae=55.174 val_rmse=80.641 tf=0.00lr=0.001
Epoch 152/2000 train_mse_scaled=0.037936 val_mae=51.851 val_rmse=78.863 tf=0.00lr=0.001
Saved validation predictions (best) to: v2/results/seq2seq_val_y_true.npy and v2/results/seq2seq_val_y_pred_mean.npy
Epoch 153/2000 train_mse_scaled=0.037769 val_mae=54.499 val_rmse=80.192 tf=0.00lr=0.001
Epoch 154/2000 train_mse_scaled=0.037417 val_mae=51.279 val_rmse=77.869 tf=0.00lr=0.001
Saved validation predictions (best) to: v2/results/seq2seq_val_y_true.npy and v2/results/seq2seq_val_y_pred_mean.npy
Epoch 155/2000 train_mse_scaled=0.037466 val_mae=52.977 val_rmse=79.114 tf=0.00lr=0.001
Epoch 156/2000 train_mse_scaled=0.037715 val_mae=51.804 val_rmse=78.400 tf=0.00lr=0.001
Epoch 157/2000 train_mse_scaled=0.037368 val_mae=53.174 val_rmse=79.046 tf=0.00lr=0.001
Epoch 158/2000 train_mse_scaled=0.038175 val_mae=53.480 val_rmse=79.186 tf=0.00lr=0.001
Epoch 159/2000 train_mse_scaled=0.037000 val_mae=53.996 val_rmse=80.541 tf=0.00lr=0.001
Epoch 160/2000 train_mse_scaled=0.037388 val_mae=55.826 val_rmse=81.392 tf=0.00lr=0.001
Epoch 161/2000 train_mse_scaled=0.037084 val_mae=53.175 val_rmse=79.066 tf=0.00lr=0.001
Epoch 162/2000 train_mse_scaled=0.036917 val_mae=53.925 val_rmse=79.620 tf=0.00lr=0.001
Epoch 163/2000 train_mse_scaled=0.037144 val_mae=53.602 val_rmse=79.596 tf=0.00lr=0.001
Epoch 164/2000 train_mse_scaled=0.037211 val_mae=51.560 val_rmse=77.658 tf=0.00lr=0.001
Saved validation predictions (best) to: v2/results/seq2seq_val_y_true.npy and v2/results/seq2seq_val_y_pred_mean.npy
Epoch 165/2000 train_mse_scaled=0.037721 val_mae=53.444 val_rmse=79.211 tf=0.00lr=0.001
Epoch 166/2000 train_mse_scaled=0.037298 val_mae=52.954 val_rmse=78.909 tf=0.00lr=0.001
Epoch 167/2000 train_mse_scaled=0.036697 val_mae=50.978 val_rmse=77.362 tf=0.00lr=0.001
Saved validation predictions (best) to: v2/results/seq2seq_val_y_true.npy and v2/results/seq2seq_val_y_pred_mean.npy
Epoch 168/2000 train_mse_scaled=0.036797 val_mae=51.780 val_rmse=77.789 tf=0.00lr=0.001
Epoch 169/2000 train_mse_scaled=0.036485 val_mae=51.255 val_rmse=77.573 tf=0.00lr=0.001
Epoch 170/2000 train_mse_scaled=0.036700 val_mae=55.700 val_rmse=80.707 tf=0.00lr=0.001
Epoch 171/2000 train_mse_scaled=0.036398 val_mae=52.662 val_rmse=78.410 tf=0.00lr=0.001
Epoch 172/2000 train_mse_scaled=0.036652 val_mae=54.236 val_rmse=79.841 tf=0.00lr=0.001
Epoch 173/2000 train_mse_scaled=0.036521 val_mae=52.485 val_rmse=78.033 tf=0.00lr=0.001
Epoch 174/2000 train_mse_scaled=0.036356 val_mae=55.116 val_rmse=79.662 tf=0.00lr=0.001
Epoch 175/2000 train_mse_scaled=0.036396 val_mae=52.701 val_rmse=78.040 tf=0.00lr=0.001
Epoch 176/2000 train_mse_scaled=0.036832 val_mae=51.139 val_rmse=77.873 tf=0.00lr=0.001
Epoch 177/2000 train_mse_scaled=0.036324 val_mae=51.162 val_rmse=77.013 tf=0.00lr=0.001
Saved validation predictions (best) to: v2/results/seq2seq_val_y_true.npy and v2/results/seq2seq_val_y_pred_mean.npy
Epoch 178/2000 train_mse_scaled=0.036312 val_mae=53.512 val_rmse=79.139 tf=0.00lr=0.001
Epoch 179/2000 train_mse_scaled=0.036393 val_mae=52.515 val_rmse=78.249 tf=0.00lr=0.001
Epoch 180/2000 train_mse_scaled=0.036123 val_mae=51.552 val_rmse=77.559 tf=0.00lr=0.001
Epoch 181/2000 train_mse_scaled=0.036989 val_mae=54.184 val_rmse=79.319 tf=0.00lr=0.001
Epoch 182/2000 train_mse_scaled=0.035925 val_mae=51.334 val_rmse=77.094 tf=0.00lr=0.001
Epoch 183/2000 train_mse_scaled=0.035974 val_mae=52.768 val_rmse=78.456 tf=0.00lr=0.001
Epoch 184/2000 train_mse_scaled=0.035881 val_mae=54.765 val_rmse=79.239 tf=0.00lr=0.001
Epoch 185/2000 train_mse_scaled=0.035679 val_mae=49.149 val_rmse=75.828 tf=0.00lr=0.001
Saved validation predictions (best) to: v2/results/seq2seq_val_y_true.npy and v2/results/seq2seq_val_y_pred_mean.npy
Epoch 186/2000 train_mse_scaled=0.036276 val_mae=51.113 val_rmse=77.777 tf=0.00lr=0.001
Epoch 187/2000 train_mse_scaled=0.035789 val_mae=52.408 val_rmse=78.200 tf=0.00lr=0.001
Epoch 188/2000 train_mse_scaled=0.035730 val_mae=51.915 val_rmse=77.735 tf=0.00lr=0.001
Epoch 189/2000 train_mse_scaled=0.035671 val_mae=52.697 val_rmse=77.619 tf=0.00lr=0.001
Epoch 190/2000 train_mse_scaled=0.035571 val_mae=52.474 val_rmse=78.001 tf=0.00lr=0.001
Epoch 191/2000 train_mse_scaled=0.035329 val_mae=51.493 val_rmse=77.257 tf=0.00lr=0.001
Epoch 192/2000 train_mse_scaled=0.035403 val_mae=52.204 val_rmse=77.442 tf=0.00lr=0.001
Epoch 193/2000 train_mse_scaled=0.035364 val_mae=52.557 val_rmse=77.767 tf=0.00lr=0.001
Epoch 194/2000 train_mse_scaled=0.035540 val_mae=51.654 val_rmse=76.832 tf=0.00lr=0.001
Epoch 195/2000 train_mse_scaled=0.035505 val_mae=50.166 val_rmse=75.971 tf=0.00lr=0.001
Epoch 196/2000 train_mse_scaled=0.035293 val_mae=50.678 val_rmse=76.102 tf=0.00lr=0.001
Epoch 197/2000 train_mse_scaled=0.035294 val_mae=52.657 val_rmse=77.743 tf=0.00lr=0.001
Epoch 198/2000 train_mse_scaled=0.035095 val_mae=52.641 val_rmse=77.511 tf=0.00lr=0.001
Epoch 199/2000 train_mse_scaled=0.035658 val_mae=51.799 val_rmse=77.037 tf=0.00lr=0.001
Epoch 200/2000 train_mse_scaled=0.035169 val_mae=52.108 val_rmse=77.107 tf=0.00lr=0.001
Epoch 201/2000 train_mse_scaled=0.035309 val_mae=53.262 val_rmse=77.944 tf=0.00lr=0.001
Epoch 202/2000 train_mse_scaled=0.034810 val_mae=51.734 val_rmse=77.080 tf=0.00lr=0.001
Epoch 203/2000 train_mse_scaled=0.035175 val_mae=51.547 val_rmse=76.924 tf=0.00lr=0.001
Epoch 204/2000 train_mse_scaled=0.034926 val_mae=51.011 val_rmse=76.435 tf=0.00lr=0.001
Epoch 205/2000 train_mse_scaled=0.034870 val_mae=51.747 val_rmse=78.557 tf=0.00lr=0.001
Epoch 206/2000 train_mse_scaled=0.035203 val_mae=53.747 val_rmse=78.279 tf=0.00lr=0.001
Epoch 207/2000 train_mse_scaled=0.034952 val_mae=52.669 val_rmse=77.698 tf=0.00lr=0.001
Epoch 208/2000 train_mse_scaled=0.034838 val_mae=50.374 val_rmse=75.846 tf=0.00lr=0.001
Epoch 209/2000 train_mse_scaled=0.034986 val_mae=52.560 val_rmse=77.305 tf=0.00lr=0.001
Epoch 210/2000 train_mse_scaled=0.034730 val_mae=53.044 val_rmse=77.655 tf=0.00lr=0.001
Epoch 211/2000 train_mse_scaled=0.035023 val_mae=50.739 val_rmse=77.499 tf=0.00lr=0.001
Epoch 212/2000 train_mse_scaled=0.035389 val_mae=50.466 val_rmse=75.674 tf=0.00lr=0.001
Saved validation predictions (best) to: v2/results/seq2seq_val_y_true.npy and v2/results/seq2seq_val_y_pred_mean.npy
Epoch 213/2000 train_mse_scaled=0.034541 val_mae=52.564 val_rmse=77.202 tf=0.00lr=0.001
Epoch 214/2000 train_mse_scaled=0.034597 val_mae=53.688 val_rmse=77.728 tf=0.00lr=0.001
Epoch 215/2000 train_mse_scaled=0.034548 val_mae=51.471 val_rmse=76.331 tf=0.00lr=0.001
Epoch 216/2000 train_mse_scaled=0.034583 val_mae=50.964 val_rmse=76.157 tf=0.00lr=0.001
Epoch 217/2000 train_mse_scaled=0.034349 val_mae=51.644 val_rmse=76.279 tf=0.00lr=0.001
Epoch 218/2000 train_mse_scaled=0.036838 val_mae=50.426 val_rmse=75.720 tf=0.00lr=0.001
Epoch 219/2000 train_mse_scaled=0.034403 val_mae=51.295 val_rmse=76.630 tf=0.00lr=0.001
Epoch 220/2000 train_mse_scaled=0.034353 val_mae=50.144 val_rmse=76.252 tf=0.00lr=0.001
Epoch 221/2000 train_mse_scaled=0.034852 val_mae=51.945 val_rmse=76.690 tf=0.00lr=0.001
Epoch 222/2000 train_mse_scaled=0.034251 val_mae=51.082 val_rmse=76.432 tf=0.00lr=0.001
Epoch 223/2000 train_mse_scaled=0.034714 val_mae=53.097 val_rmse=77.319 tf=0.00lr=0.001
Epoch 224/2000 train_mse_scaled=0.034162 val_mae=50.475 val_rmse=75.829 tf=0.00lr=0.001
Epoch 225/2000 train_mse_scaled=0.034218 val_mae=51.575 val_rmse=77.995 tf=0.00lr=0.001
Epoch 226/2000 train_mse_scaled=0.034091 val_mae=50.515 val_rmse=75.619 tf=0.00lr=0.001
Saved validation predictions (best) to: v2/results/seq2seq_val_y_true.npy and v2/results/seq2seq_val_y_pred_mean.npy
Epoch 227/2000 train_mse_scaled=0.033996 val_mae=50.307 val_rmse=75.269 tf=0.00lr=0.001
Saved validation predictions (best) to: v2/results/seq2seq_val_y_true.npy and v2/results/seq2seq_val_y_pred_mean.npy
Epoch 228/2000 train_mse_scaled=0.033942 val_mae=50.180 val_rmse=75.902 tf=0.00lr=0.001
Epoch 229/2000 train_mse_scaled=0.034052 val_mae=50.176 val_rmse=75.282 tf=0.00lr=0.001
Epoch 230/2000 train_mse_scaled=0.033943 val_mae=50.551 val_rmse=75.447 tf=0.00lr=0.001
Epoch 231/2000 train_mse_scaled=0.034335 val_mae=49.560 val_rmse=75.407 tf=0.00lr=0.001
Epoch 232/2000 train_mse_scaled=0.033891 val_mae=49.806 val_rmse=75.097 tf=0.00lr=0.001
Saved validation predictions (best) to: v2/results/seq2seq_val_y_true.npy and v2/results/seq2seq_val_y_pred_mean.npy
Epoch 233/2000 train_mse_scaled=0.033724 val_mae=49.588 val_rmse=74.576 tf=0.00lr=0.001
Saved validation predictions (best) to: v2/results/seq2seq_val_y_true.npy and v2/results/seq2seq_val_y_pred_mean.npy
Epoch 234/2000 train_mse_scaled=0.033886 val_mae=51.339 val_rmse=76.696 tf=0.00lr=0.001
Epoch 235/2000 train_mse_scaled=0.034404 val_mae=50.322 val_rmse=76.382 tf=0.00lr=0.001
Epoch 236/2000 train_mse_scaled=0.033880 val_mae=49.694 val_rmse=74.501 tf=0.00lr=0.001
Saved validation predictions (best) to: v2/results/seq2seq_val_y_true.npy and v2/results/seq2seq_val_y_pred_mean.npy
Epoch 237/2000 train_mse_scaled=0.033641 val_mae=51.714 val_rmse=75.818 tf=0.00lr=0.001
Epoch 238/2000 train_mse_scaled=0.033562 val_mae=51.662 val_rmse=76.287 tf=0.00lr=0.001
Epoch 239/2000 train_mse_scaled=0.033948 val_mae=49.612 val_rmse=75.409 tf=0.00lr=0.001
Epoch 240/2000 train_mse_scaled=0.033915 val_mae=52.376 val_rmse=76.602 tf=0.00lr=0.001
Epoch 241/2000 train_mse_scaled=0.033674 val_mae=49.311 val_rmse=74.307 tf=0.00lr=0.001
Saved validation predictions (best) to: v2/results/seq2seq_val_y_true.npy and v2/results/seq2seq_val_y_pred_mean.npy
Epoch 242/2000 train_mse_scaled=0.033623 val_mae=49.519 val_rmse=75.524 tf=0.00lr=0.001
Epoch 243/2000 train_mse_scaled=0.033583 val_mae=51.636 val_rmse=75.966 tf=0.00lr=0.001
Epoch 244/2000 train_mse_scaled=0.033628 val_mae=52.488 val_rmse=76.971 tf=0.00lr=0.001
Epoch 245/2000 train_mse_scaled=0.033589 val_mae=50.460 val_rmse=75.269 tf=0.00lr=0.001
Epoch 246/2000 train_mse_scaled=0.033536 val_mae=48.638 val_rmse=74.048 tf=0.00lr=0.001
Saved validation predictions (best) to: v2/results/seq2seq_val_y_true.npy and v2/results/seq2seq_val_y_pred_mean.npy
Epoch 247/2000 train_mse_scaled=0.033395 val_mae=49.324 val_rmse=74.302 tf=0.00lr=0.001
Epoch 248/2000 train_mse_scaled=0.033364 val_mae=49.964 val_rmse=74.966 tf=0.00lr=0.001
Epoch 249/2000 train_mse_scaled=0.034388 val_mae=51.370 val_rmse=77.458 tf=0.00lr=0.001
Epoch 250/2000 train_mse_scaled=0.033548 val_mae=49.333 val_rmse=74.293 tf=0.00lr=0.001
Epoch 251/2000 train_mse_scaled=0.033457 val_mae=52.544 val_rmse=76.637 tf=0.00lr=0.001
Epoch 252/2000 train_mse_scaled=0.033660 val_mae=51.594 val_rmse=75.915 tf=0.00lr=0.001
Epoch 253/2000 train_mse_scaled=0.033315 val_mae=49.972 val_rmse=75.090 tf=0.00lr=0.001
Epoch 254/2000 train_mse_scaled=0.033172 val_mae=50.533 val_rmse=74.779 tf=0.00lr=0.001
Epoch 255/2000 train_mse_scaled=0.033141 val_mae=50.309 val_rmse=75.547 tf=0.00lr=0.001
Epoch 256/2000 train_mse_scaled=0.033193 val_mae=51.361 val_rmse=75.808 tf=0.00lr=0.001
Epoch 257/2000 train_mse_scaled=0.033190 val_mae=50.637 val_rmse=75.430 tf=0.00lr=0.001
Epoch 258/2000 train_mse_scaled=0.033124 val_mae=51.607 val_rmse=75.629 tf=0.00lr=0.001
Epoch 259/2000 train_mse_scaled=0.033051 val_mae=49.910 val_rmse=74.956 tf=0.00lr=0.001
Epoch 260/2000 train_mse_scaled=0.032986 val_mae=49.806 val_rmse=74.581 tf=0.00lr=0.001
Epoch 261/2000 train_mse_scaled=0.032833 val_mae=48.786 val_rmse=74.081 tf=0.00lr=0.001
Epoch 262/2000 train_mse_scaled=0.033050 val_mae=50.664 val_rmse=75.084 tf=0.00lr=0.001
Epoch 263/2000 train_mse_scaled=0.033186 val_mae=50.212 val_rmse=75.499 tf=0.00lr=0.001
Epoch 264/2000 train_mse_scaled=0.032974 val_mae=52.154 val_rmse=76.005 tf=0.00lr=0.001
Epoch 265/2000 train_mse_scaled=0.033021 val_mae=48.074 val_rmse=73.377 tf=0.00lr=0.001
Saved validation predictions (best) to: v2/results/seq2seq_val_y_true.npy and v2/results/seq2seq_val_y_pred_mean.npy
Epoch 266/2000 train_mse_scaled=0.033062 val_mae=53.287 val_rmse=77.362 tf=0.00lr=0.001
Epoch 267/2000 train_mse_scaled=0.032704 val_mae=48.189 val_rmse=73.263 tf=0.00lr=0.001
Saved validation predictions (best) to: v2/results/seq2seq_val_y_true.npy and v2/results/seq2seq_val_y_pred_mean.npy
Epoch 268/2000 train_mse_scaled=0.032801 val_mae=51.712 val_rmse=75.746 tf=0.00lr=0.001
Epoch 269/2000 train_mse_scaled=0.032764 val_mae=49.459 val_rmse=73.863 tf=0.00lr=0.001
Epoch 270/2000 train_mse_scaled=0.032778 val_mae=51.595 val_rmse=75.837 tf=0.00lr=0.001
Epoch 271/2000 train_mse_scaled=0.033068 val_mae=48.570 val_rmse=74.004 tf=0.00lr=0.001
Epoch 272/2000 train_mse_scaled=0.032831 val_mae=49.577 val_rmse=74.207 tf=0.00lr=0.001
Epoch 273/2000 train_mse_scaled=0.032488 val_mae=49.521 val_rmse=73.917 tf=0.00lr=0.001
Epoch 274/2000 train_mse_scaled=0.032655 val_mae=48.765 val_rmse=73.686 tf=0.00lr=0.001
Epoch 275/2000 train_mse_scaled=0.033135 val_mae=50.461 val_rmse=75.151 tf=0.00lr=0.001
Epoch 276/2000 train_mse_scaled=0.032538 val_mae=49.982 val_rmse=74.314 tf=0.00lr=0.001
Epoch 277/2000 train_mse_scaled=0.032582 val_mae=52.160 val_rmse=76.122 tf=0.00lr=0.001
Epoch 278/2000 train_mse_scaled=0.032826 val_mae=49.815 val_rmse=74.367 tf=0.00lr=0.001
Epoch 279/2000 train_mse_scaled=0.032810 val_mae=50.757 val_rmse=74.890 tf=0.00lr=0.001
Epoch 280/2000 train_mse_scaled=0.032348 val_mae=49.528 val_rmse=74.154 tf=0.00lr=0.001
Epoch 281/2000 train_mse_scaled=0.032530 val_mae=51.517 val_rmse=75.368 tf=0.00lr=0.001
Epoch 282/2000 train_mse_scaled=0.032549 val_mae=51.476 val_rmse=75.721 tf=0.00lr=0.001
Epoch 283/2000 train_mse_scaled=0.032800 val_mae=50.160 val_rmse=74.165 tf=0.00lr=0.001
Epoch 284/2000 train_mse_scaled=0.032222 val_mae=48.782 val_rmse=73.650 tf=0.00lr=0.001
Epoch 285/2000 train_mse_scaled=0.032446 val_mae=50.690 val_rmse=75.138 tf=0.00lr=0.001
Epoch 286/2000 train_mse_scaled=0.032407 val_mae=48.702 val_rmse=73.229 tf=0.00lr=0.001
Saved validation predictions (best) to: v2/results/seq2seq_val_y_true.npy and v2/results/seq2seq_val_y_pred_mean.npy
Epoch 287/2000 train_mse_scaled=0.033654 val_mae=50.573 val_rmse=74.934 tf=0.00lr=0.001
Epoch 288/2000 train_mse_scaled=0.032320 val_mae=48.662 val_rmse=73.405 tf=0.00lr=0.001
Epoch 289/2000 train_mse_scaled=0.032164 val_mae=49.539 val_rmse=73.928 tf=0.00lr=0.001
Epoch 290/2000 train_mse_scaled=0.033389 val_mae=55.422 val_rmse=80.297 tf=0.00lr=0.001
Epoch 291/2000 train_mse_scaled=0.032966 val_mae=50.205 val_rmse=74.211 tf=0.00lr=0.001
Epoch 292/2000 train_mse_scaled=0.032187 val_mae=48.713 val_rmse=72.940 tf=0.00lr=0.001
Saved validation predictions (best) to: v2/results/seq2seq_val_y_true.npy and v2/results/seq2seq_val_y_pred_mean.npy
Epoch 293/2000 train_mse_scaled=0.032178 val_mae=48.395 val_rmse=72.920 tf=0.00lr=0.001
Saved validation predictions (best) to: v2/results/seq2seq_val_y_true.npy and v2/results/seq2seq_val_y_pred_mean.npy
Epoch 294/2000 train_mse_scaled=0.032204 val_mae=49.155 val_rmse=73.418 tf=0.00lr=0.001
Epoch 295/2000 train_mse_scaled=0.032121 val_mae=48.612 val_rmse=73.069 tf=0.00lr=0.001
Epoch 296/2000 train_mse_scaled=0.032108 val_mae=49.694 val_rmse=73.605 tf=0.00lr=0.001
Epoch 297/2000 train_mse_scaled=0.032111 val_mae=48.928 val_rmse=73.317 tf=0.00lr=0.001
Epoch 298/2000 train_mse_scaled=0.032011 val_mae=50.176 val_rmse=74.510 tf=0.00lr=0.001
Epoch 299/2000 train_mse_scaled=0.032045 val_mae=49.781 val_rmse=73.893 tf=0.00lr=0.001
Epoch 300/2000 train_mse_scaled=0.032058 val_mae=48.476 val_rmse=73.144 tf=0.00lr=0.001
Epoch 301/2000 train_mse_scaled=0.032131 val_mae=48.615 val_rmse=73.228 tf=0.00lr=0.001
Epoch 302/2000 train_mse_scaled=0.031938 val_mae=49.655 val_rmse=73.591 tf=0.00lr=0.001
Epoch 303/2000 train_mse_scaled=0.032766 val_mae=50.370 val_rmse=74.354 tf=0.00lr=0.001
Epoch 304/2000 train_mse_scaled=0.032229 val_mae=49.320 val_rmse=73.549 tf=0.00lr=0.001
Epoch 305/2000 train_mse_scaled=0.032209 val_mae=49.696 val_rmse=73.687 tf=0.00lr=0.001
Epoch 306/2000 train_mse_scaled=0.031950 val_mae=50.472 val_rmse=74.238 tf=0.00lr=0.001
Epoch 307/2000 train_mse_scaled=0.031803 val_mae=50.241 val_rmse=74.159 tf=0.00lr=0.001
Epoch 308/2000 train_mse_scaled=0.031976 val_mae=48.016 val_rmse=72.478 tf=0.00lr=0.001
Saved validation predictions (best) to: v2/results/seq2seq_val_y_true.npy and v2/results/seq2seq_val_y_pred_mean.npy
Epoch 309/2000 train_mse_scaled=0.031893 val_mae=50.365 val_rmse=73.886 tf=0.00lr=0.001
Epoch 310/2000 train_mse_scaled=0.031910 val_mae=47.611 val_rmse=71.995 tf=0.00lr=0.001
Saved validation predictions (best) to: v2/results/seq2seq_val_y_true.npy and v2/results/seq2seq_val_y_pred_mean.npy
Epoch 311/2000 train_mse_scaled=0.031880 val_mae=51.581 val_rmse=74.805 tf=0.00lr=0.001
Epoch 312/2000 train_mse_scaled=0.031856 val_mae=50.001 val_rmse=73.452 tf=0.00lr=0.001
Epoch 313/2000 train_mse_scaled=0.031841 val_mae=47.862 val_rmse=72.984 tf=0.00lr=0.001
Epoch 314/2000 train_mse_scaled=0.031726 val_mae=50.513 val_rmse=73.884 tf=0.00lr=0.001
Epoch 315/2000 train_mse_scaled=0.031592 val_mae=50.857 val_rmse=74.516 tf=0.00lr=0.001
Epoch 316/2000 train_mse_scaled=0.031911 val_mae=47.617 val_rmse=72.151 tf=0.00lr=0.001
Epoch 317/2000 train_mse_scaled=0.031562 val_mae=48.785 val_rmse=73.018 tf=0.00lr=0.001
Epoch 318/2000 train_mse_scaled=0.031767 val_mae=50.906 val_rmse=74.363 tf=0.00lr=0.001
Epoch 319/2000 train_mse_scaled=0.031752 val_mae=51.271 val_rmse=75.067 tf=0.00lr=0.001
Epoch 320/2000 train_mse_scaled=0.031420 val_mae=48.756 val_rmse=72.882 tf=0.00lr=0.001
Epoch 321/2000 train_mse_scaled=0.031577 val_mae=50.950 val_rmse=74.111 tf=0.00lr=0.001
Epoch 322/2000 train_mse_scaled=0.031833 val_mae=50.659 val_rmse=74.178 tf=0.00lr=0.001
Epoch 323/2000 train_mse_scaled=0.031604 val_mae=49.311 val_rmse=73.000 tf=0.00lr=0.001
Epoch 324/2000 train_mse_scaled=0.033217 val_mae=51.340 val_rmse=76.215 tf=0.00lr=0.001
Epoch 325/2000 train_mse_scaled=0.031671 val_mae=48.534 val_rmse=72.614 tf=0.00lr=0.001
Epoch 326/2000 train_mse_scaled=0.031504 val_mae=49.818 val_rmse=73.538 tf=0.00lr=0.001
Epoch 327/2000 train_mse_scaled=0.031242 val_mae=50.729 val_rmse=73.902 tf=0.00lr=0.001
Epoch 328/2000 train_mse_scaled=0.031238 val_mae=49.015 val_rmse=73.353 tf=0.00lr=0.001
Epoch 329/2000 train_mse_scaled=0.031276 val_mae=51.308 val_rmse=74.398 tf=0.00lr=0.001
Epoch 330/2000 train_mse_scaled=0.031527 val_mae=51.394 val_rmse=74.716 tf=0.00lr=0.001
Epoch 331/2000 train_mse_scaled=0.031194 val_mae=49.489 val_rmse=73.065 tf=0.00lr=0.001
Epoch 332/2000 train_mse_scaled=0.031175 val_mae=48.716 val_rmse=72.730 tf=0.00lr=0.001
Epoch 333/2000 train_mse_scaled=0.031347 val_mae=50.060 val_rmse=73.382 tf=0.00lr=0.001
Epoch 334/2000 train_mse_scaled=0.031322 val_mae=50.358 val_rmse=73.840 tf=0.00lr=0.001
Epoch 335/2000 train_mse_scaled=0.031381 val_mae=49.407 val_rmse=73.501 tf=0.00lr=0.001
Epoch 336/2000 train_mse_scaled=0.031397 val_mae=49.660 val_rmse=73.020 tf=0.00lr=0.001
Epoch 337/2000 train_mse_scaled=0.031147 val_mae=49.240 val_rmse=73.240 tf=0.00lr=0.001
Epoch 338/2000 train_mse_scaled=0.031405 val_mae=49.694 val_rmse=73.749 tf=0.00lr=0.001
Epoch 339/2000 train_mse_scaled=0.031203 val_mae=48.687 val_rmse=72.910 tf=0.00lr=0.001
Epoch 340/2000 train_mse_scaled=0.031108 val_mae=51.576 val_rmse=74.613 tf=0.00lr=0.001
Epoch 341/2000 train_mse_scaled=0.031146 val_mae=47.828 val_rmse=72.332 tf=0.00lr=0.001
Epoch 342/2000 train_mse_scaled=0.031498 val_mae=48.647 val_rmse=73.238 tf=0.00lr=0.001
Epoch 343/2000 train_mse_scaled=0.031320 val_mae=48.712 val_rmse=72.595 tf=0.00lr=0.001
Epoch 344/2000 train_mse_scaled=0.031035 val_mae=48.518 val_rmse=72.820 tf=0.00lr=0.001
Epoch 345/2000 train_mse_scaled=0.031265 val_mae=51.472 val_rmse=74.180 tf=0.00lr=0.001
Epoch 346/2000 train_mse_scaled=0.031104 val_mae=49.984 val_rmse=73.478 tf=0.00lr=0.001
Epoch 347/2000 train_mse_scaled=0.030952 val_mae=48.855 val_rmse=72.607 tf=0.00lr=0.001
Epoch 348/2000 train_mse_scaled=0.031008 val_mae=48.948 val_rmse=72.807 tf=0.00lr=0.001
Epoch 349/2000 train_mse_scaled=0.031139 val_mae=49.670 val_rmse=72.783 tf=0.00lr=0.001
Epoch 350/2000 train_mse_scaled=0.030876 val_mae=49.476 val_rmse=73.101 tf=0.00lr=0.001
Epoch 351/2000 train_mse_scaled=0.031189 val_mae=49.501 val_rmse=73.103 tf=0.00lr=0.001
Epoch 352/2000 train_mse_scaled=0.030959 val_mae=48.532 val_rmse=72.740 tf=0.00lr=0.001
Epoch 353/2000 train_mse_scaled=0.031366 val_mae=47.805 val_rmse=72.013 tf=0.00lr=0.001
Epoch 354/2000 train_mse_scaled=0.030795 val_mae=50.149 val_rmse=73.350 tf=0.00lr=0.001
Epoch 355/2000 train_mse_scaled=0.031843 val_mae=47.676 val_rmse=71.813 tf=0.00lr=0.001
Saved validation predictions (best) to: v2/results/seq2seq_val_y_true.npy and v2/results/seq2seq_val_y_pred_mean.npy
Epoch 356/2000 train_mse_scaled=0.030745 val_mae=46.991 val_rmse=71.392 tf=0.00lr=0.001
Saved validation predictions (best) to: v2/results/seq2seq_val_y_true.npy and v2/results/seq2seq_val_y_pred_mean.npy
Epoch 357/2000 train_mse_scaled=0.030972 val_mae=50.036 val_rmse=73.196 tf=0.00lr=0.001
Epoch 358/2000 train_mse_scaled=0.030621 val_mae=47.839 val_rmse=71.912 tf=0.00lr=0.001
Epoch 359/2000 train_mse_scaled=0.030789 val_mae=47.980 val_rmse=71.943 tf=0.00lr=0.001
Epoch 360/2000 train_mse_scaled=0.031086 val_mae=51.566 val_rmse=77.155 tf=0.00lr=0.001
Epoch 361/2000 train_mse_scaled=0.030995 val_mae=48.158 val_rmse=71.934 tf=0.00lr=0.001
Epoch 362/2000 train_mse_scaled=0.030863 val_mae=48.768 val_rmse=72.144 tf=0.00lr=0.001
Epoch 363/2000 train_mse_scaled=0.030813 val_mae=47.887 val_rmse=71.971 tf=0.00lr=0.001
Epoch 364/2000 train_mse_scaled=0.030870 val_mae=47.506 val_rmse=71.599 tf=0.00lr=0.001
Epoch 365/2000 train_mse_scaled=0.030542 val_mae=48.680 val_rmse=72.180 tf=0.00lr=0.001
Epoch 366/2000 train_mse_scaled=0.030579 val_mae=49.329 val_rmse=74.746 tf=0.00lr=0.001
Epoch 367/2000 train_mse_scaled=0.030964 val_mae=50.054 val_rmse=73.023 tf=0.00lr=0.001
Epoch 368/2000 train_mse_scaled=0.030487 val_mae=48.349 val_rmse=72.278 tf=0.00lr=0.001
Epoch 369/2000 train_mse_scaled=0.030731 val_mae=49.705 val_rmse=73.231 tf=0.00lr=0.001
Epoch 370/2000 train_mse_scaled=0.030721 val_mae=49.671 val_rmse=73.363 tf=0.00lr=0.001
Epoch 371/2000 train_mse_scaled=0.030568 val_mae=49.028 val_rmse=72.349 tf=0.00lr=0.001
Epoch 372/2000 train_mse_scaled=0.030718 val_mae=47.742 val_rmse=71.749 tf=0.00lr=0.001
Epoch 373/2000 train_mse_scaled=0.030569 val_mae=47.942 val_rmse=71.423 tf=0.00lr=0.001
Epoch 374/2000 train_mse_scaled=0.030563 val_mae=50.534 val_rmse=73.619 tf=0.00lr=0.001
Epoch 375/2000 train_mse_scaled=0.030665 val_mae=46.709 val_rmse=71.380 tf=0.00lr=0.001
Saved validation predictions (best) to: v2/results/seq2seq_val_y_true.npy and v2/results/seq2seq_val_y_pred_mean.npy
Epoch 376/2000 train_mse_scaled=0.030683 val_mae=48.105 val_rmse=71.828 tf=0.00lr=0.001
Epoch 377/2000 train_mse_scaled=0.030429 val_mae=47.828 val_rmse=71.457 tf=0.00lr=0.001
Epoch 378/2000 train_mse_scaled=0.030399 val_mae=49.939 val_rmse=73.056 tf=0.00lr=0.001
Epoch 379/2000 train_mse_scaled=0.030564 val_mae=47.811 val_rmse=71.312 tf=0.00lr=0.001
Saved validation predictions (best) to: v2/results/seq2seq_val_y_true.npy and v2/results/seq2seq_val_y_pred_mean.npy
Epoch 380/2000 train_mse_scaled=0.030441 val_mae=48.304 val_rmse=71.531 tf=0.00lr=0.001
Epoch 381/2000 train_mse_scaled=0.030489 val_mae=46.968 val_rmse=70.962 tf=0.00lr=0.001
Saved validation predictions (best) to: v2/results/seq2seq_val_y_true.npy and v2/results/seq2seq_val_y_pred_mean.npy
Epoch 382/2000 train_mse_scaled=0.030553 val_mae=49.762 val_rmse=72.751 tf=0.00lr=0.001
Epoch 383/2000 train_mse_scaled=0.030583 val_mae=46.986 val_rmse=70.800 tf=0.00lr=0.001
Saved validation predictions (best) to: v2/results/seq2seq_val_y_true.npy and v2/results/seq2seq_val_y_pred_mean.npy
Epoch 384/2000 train_mse_scaled=0.030746 val_mae=48.709 val_rmse=74.693 tf=0.00lr=0.001
Epoch 385/2000 train_mse_scaled=0.030709 val_mae=47.566 val_rmse=71.957 tf=0.00lr=0.001
Epoch 386/2000 train_mse_scaled=0.030600 val_mae=48.813 val_rmse=72.355 tf=0.00lr=0.001
Epoch 387/2000 train_mse_scaled=0.030969 val_mae=47.824 val_rmse=71.496 tf=0.00lr=0.001
Epoch 388/2000 train_mse_scaled=0.030418 val_mae=47.286 val_rmse=70.801 tf=0.00lr=0.001
Epoch 389/2000 train_mse_scaled=0.030653 val_mae=47.994 val_rmse=73.064 tf=0.00lr=0.001
Epoch 390/2000 train_mse_scaled=0.030411 val_mae=48.650 val_rmse=71.487 tf=0.00lr=0.001
Epoch 391/2000 train_mse_scaled=0.030366 val_mae=49.747 val_rmse=72.483 tf=0.00lr=0.001
Epoch 392/2000 train_mse_scaled=0.030271 val_mae=48.997 val_rmse=71.644 tf=0.00lr=0.001
Epoch 393/2000 train_mse_scaled=0.030079 val_mae=48.222 val_rmse=71.355 tf=0.00lr=0.001
Epoch 394/2000 train_mse_scaled=0.030205 val_mae=48.273 val_rmse=71.853 tf=0.00lr=0.001
Epoch 395/2000 train_mse_scaled=0.030197 val_mae=48.666 val_rmse=71.626 tf=0.00lr=0.001
Epoch 396/2000 train_mse_scaled=0.030116 val_mae=47.700 val_rmse=71.181 tf=0.00lr=0.001
Epoch 397/2000 train_mse_scaled=0.030033 val_mae=50.318 val_rmse=72.849 tf=0.00lr=0.001
Epoch 398/2000 train_mse_scaled=0.030618 val_mae=49.034 val_rmse=72.141 tf=0.00lr=0.001
