Cleaned data: 787920 -> 609679 rows. Saved: v2/results/cleaned.csv
Samples -> train: 16453, val: 2056, test: 2121

Train samples (show 5):
  [0] TurbID=1, start_idx=14, hist=(2020-01-01 16:00:00~2020-01-03 15:00:00), pred=(2020-01-03 16:00:00~2020-01-04 15:00:00)
  [1] TurbID=1, start_idx=15, hist=(2020-01-01 17:00:00~2020-01-03 16:00:00), pred=(2020-01-03 17:00:00~2020-01-04 16:00:00)
  [2] TurbID=1, start_idx=16, hist=(2020-01-01 18:00:00~2020-01-03 17:00:00), pred=(2020-01-03 18:00:00~2020-01-04 17:00:00)
  [3] TurbID=1, start_idx=17, hist=(2020-01-01 19:00:00~2020-01-03 18:00:00), pred=(2020-01-03 19:00:00~2020-01-04 18:00:00)
  [4] TurbID=1, start_idx=18, hist=(2020-01-01 20:00:00~2020-01-03 19:00:00), pred=(2020-01-03 20:00:00~2020-01-04 19:00:00)

Val samples (show 5):
  [0] TurbID=1, start_idx=3770, hist=(2020-07-21 11:00:00~2020-07-23 10:00:00), pred=(2020-07-23 11:00:00~2020-07-24 10:00:00)
  [1] TurbID=1, start_idx=3771, hist=(2020-07-21 12:00:00~2020-07-23 11:00:00), pred=(2020-07-23 12:00:00~2020-07-24 11:00:00)
  [2] TurbID=1, start_idx=3772, hist=(2020-07-21 13:00:00~2020-07-23 12:00:00), pred=(2020-07-23 13:00:00~2020-07-24 12:00:00)
  [3] TurbID=1, start_idx=3773, hist=(2020-07-21 14:00:00~2020-07-23 13:00:00), pred=(2020-07-23 14:00:00~2020-07-24 13:00:00)
  [4] TurbID=1, start_idx=3774, hist=(2020-07-21 15:00:00~2020-07-23 14:00:00), pred=(2020-07-23 15:00:00~2020-07-24 14:00:00)

Test samples (show 5):
  [0] TurbID=1, start_idx=3964, hist=(2020-08-01 01:00:00~2020-08-03 00:00:00), pred=(2020-08-03 01:00:00~2020-08-04 00:00:00)
  [1] TurbID=1, start_idx=3965, hist=(2020-08-01 02:00:00~2020-08-03 01:00:00), pred=(2020-08-03 02:00:00~2020-08-04 01:00:00)
  [2] TurbID=1, start_idx=3966, hist=(2020-08-01 03:00:00~2020-08-03 02:00:00), pred=(2020-08-03 03:00:00~2020-08-04 02:00:00)
  [3] TurbID=1, start_idx=3967, hist=(2020-08-01 04:00:00~2020-08-03 03:00:00), pred=(2020-08-03 04:00:00~2020-08-04 03:00:00)
  [4] TurbID=1, start_idx=3968, hist=(2020-08-01 05:00:00~2020-08-03 04:00:00), pred=(2020-08-03 05:00:00~2020-08-04 04:00:00)
Epoch 1/400 train_mse_scaled=0.354895 val_mae=185.903 val_rmse=240.200 test_mae=144.861 test_rmse=188.883 tf=1.00lr=0.001
Epoch 2/400 train_mse_scaled=0.075231 val_mae=206.654 val_rmse=264.940 test_mae=151.653 test_rmse=199.330 tf=1.00lr=0.001
Epoch 3/400 train_mse_scaled=0.062247 val_mae=179.482 val_rmse=232.010 test_mae=154.778 test_rmse=191.234 tf=1.00lr=0.001
Epoch 4/400 train_mse_scaled=0.058631 val_mae=178.774 val_rmse=231.033 test_mae=147.856 test_rmse=187.480 tf=0.99lr=0.001
Epoch 5/400 train_mse_scaled=0.056526 val_mae=183.333 val_rmse=236.648 test_mae=149.503 test_rmse=192.474 tf=0.99lr=0.001
Epoch 6/400 train_mse_scaled=0.053362 val_mae=172.676 val_rmse=224.736 test_mae=140.384 test_rmse=178.482 tf=0.99lr=0.001
Epoch 7/400 train_mse_scaled=0.051927 val_mae=160.664 val_rmse=208.181 test_mae=140.749 test_rmse=177.032 tf=0.99lr=0.001
Epoch 8/400 train_mse_scaled=0.048539 val_mae=159.123 val_rmse=207.177 test_mae=137.732 test_rmse=174.461 tf=0.99lr=0.001
Epoch 9/400 train_mse_scaled=0.047055 val_mae=155.102 val_rmse=203.978 test_mae=139.072 test_rmse=176.750 tf=0.98lr=0.001
Epoch 10/400 train_mse_scaled=0.044466 val_mae=149.093 val_rmse=198.028 test_mae=139.387 test_rmse=174.931 tf=0.98lr=0.001
Epoch 11/400 train_mse_scaled=0.041982 val_mae=144.325 val_rmse=191.156 test_mae=139.787 test_rmse=174.815 tf=0.98lr=0.001
Epoch 12/400 train_mse_scaled=0.038201 val_mae=149.688 val_rmse=202.304 test_mae=139.033 test_rmse=177.389 tf=0.98lr=0.001
Epoch 13/400 train_mse_scaled=0.037963 val_mae=137.653 val_rmse=184.865 test_mae=137.924 test_rmse=173.929 tf=0.98lr=0.001
Epoch 14/400 train_mse_scaled=0.033748 val_mae=136.004 val_rmse=182.901 test_mae=143.400 test_rmse=178.351 tf=0.97lr=0.001
Epoch 15/400 train_mse_scaled=0.032602 val_mae=123.937 val_rmse=166.125 test_mae=133.913 test_rmse=166.459 tf=0.97lr=0.001
Epoch 16/400 train_mse_scaled=0.031072 val_mae=125.723 val_rmse=166.453 test_mae=143.612 test_rmse=174.441 tf=0.97lr=0.001
Epoch 17/400 train_mse_scaled=0.029611 val_mae=125.118 val_rmse=166.887 test_mae=136.522 test_rmse=170.004 tf=0.97lr=0.001
Epoch 18/400 train_mse_scaled=0.027111 val_mae=124.324 val_rmse=162.870 test_mae=140.773 test_rmse=172.492 tf=0.97lr=0.001
Epoch 19/400 train_mse_scaled=0.024941 val_mae=127.621 val_rmse=163.745 test_mae=146.782 test_rmse=176.485 tf=0.96lr=0.001
Epoch 20/400 train_mse_scaled=0.023636 val_mae=125.108 val_rmse=158.893 test_mae=148.639 test_rmse=177.740 tf=0.96lr=0.001
Epoch 21/400 train_mse_scaled=0.022671 val_mae=125.990 val_rmse=160.024 test_mae=150.549 test_rmse=179.632 tf=0.96lr=0.001
Epoch 22/400 train_mse_scaled=0.021231 val_mae=120.418 val_rmse=154.872 test_mae=138.411 test_rmse=166.556 tf=0.96lr=0.001
Epoch 23/400 train_mse_scaled=0.021599 val_mae=123.117 val_rmse=156.314 test_mae=146.353 test_rmse=175.006 tf=0.96lr=0.001
Epoch 24/400 train_mse_scaled=0.020315 val_mae=127.160 val_rmse=163.668 test_mae=139.736 test_rmse=170.425 tf=0.95lr=0.001
Epoch 25/400 train_mse_scaled=0.019312 val_mae=119.497 val_rmse=153.648 test_mae=142.721 test_rmse=172.418 tf=0.95lr=0.001
Epoch 26/400 train_mse_scaled=0.019259 val_mae=116.261 val_rmse=148.108 test_mae=138.982 test_rmse=167.902 tf=0.95lr=0.001
Epoch 27/400 train_mse_scaled=0.017815 val_mae=121.471 val_rmse=153.269 test_mae=141.908 test_rmse=170.544 tf=0.95lr=0.001
Epoch 28/400 train_mse_scaled=0.017529 val_mae=123.537 val_rmse=163.557 test_mae=135.944 test_rmse=170.672 tf=0.95lr=0.001
Epoch 29/400 train_mse_scaled=0.018056 val_mae=119.043 val_rmse=149.610 test_mae=146.371 test_rmse=175.847 tf=0.94lr=0.001
Epoch 30/400 train_mse_scaled=0.016860 val_mae=116.618 val_rmse=150.006 test_mae=134.092 test_rmse=164.596 tf=0.94lr=0.001
Epoch 31/400 train_mse_scaled=0.015495 val_mae=120.133 val_rmse=151.511 test_mae=146.975 test_rmse=178.080 tf=0.94lr=0.0005
Epoch 32/400 train_mse_scaled=0.015370 val_mae=116.262 val_rmse=149.271 test_mae=140.919 test_rmse=173.627 tf=0.94lr=0.0005
Epoch 33/400 train_mse_scaled=0.014888 val_mae=113.579 val_rmse=144.763 test_mae=138.064 test_rmse=168.971 tf=0.94lr=0.0005
Epoch 34/400 train_mse_scaled=0.015929 val_mae=114.883 val_rmse=147.702 test_mae=139.384 test_rmse=172.495 tf=0.93lr=0.0005
Epoch 35/400 train_mse_scaled=0.015446 val_mae=113.028 val_rmse=144.231 test_mae=138.669 test_rmse=170.739 tf=0.93lr=0.0005
Epoch 36/400 train_mse_scaled=0.016500 val_mae=110.599 val_rmse=141.383 test_mae=139.435 test_rmse=172.452 tf=0.93lr=0.0005
Epoch 37/400 train_mse_scaled=0.015825 val_mae=106.263 val_rmse=137.278 test_mae=133.183 test_rmse=167.020 tf=0.93lr=0.0005
Epoch 38/400 train_mse_scaled=0.015284 val_mae=108.714 val_rmse=140.417 test_mae=135.887 test_rmse=168.202 tf=0.93lr=0.0005
Epoch 39/400 train_mse_scaled=0.014305 val_mae=112.451 val_rmse=143.582 test_mae=139.964 test_rmse=173.162 tf=0.92lr=0.0005
Epoch 40/400 train_mse_scaled=0.015082 val_mae=106.780 val_rmse=135.743 test_mae=136.920 test_rmse=169.055 tf=0.92lr=0.0005
Epoch 41/400 train_mse_scaled=0.014528 val_mae=107.733 val_rmse=139.714 test_mae=130.896 test_rmse=165.446 tf=0.92lr=0.0005
Epoch 42/400 train_mse_scaled=0.014918 val_mae=105.051 val_rmse=136.424 test_mae=135.793 test_rmse=170.270 tf=0.92lr=0.0005
Epoch 43/400 train_mse_scaled=0.015613 val_mae=104.413 val_rmse=134.672 test_mae=130.724 test_rmse=163.034 tf=0.92lr=0.0005
Epoch 44/400 train_mse_scaled=0.014554 val_mae=102.333 val_rmse=134.833 test_mae=127.332 test_rmse=162.238 tf=0.91lr=0.0005
Epoch 45/400 train_mse_scaled=0.015065 val_mae=101.287 val_rmse=133.612 test_mae=125.128 test_rmse=160.493 tf=0.91lr=0.0005
Epoch 46/400 train_mse_scaled=0.015246 val_mae=100.349 val_rmse=131.716 test_mae=126.861 test_rmse=161.991 tf=0.91lr=0.0005
Epoch 47/400 train_mse_scaled=0.014440 val_mae=104.407 val_rmse=133.875 test_mae=133.846 test_rmse=168.286 tf=0.91lr=0.0005
Epoch 48/400 train_mse_scaled=0.014321 val_mae=103.492 val_rmse=133.410 test_mae=133.946 test_rmse=168.363 tf=0.91lr=0.0005
Epoch 49/400 train_mse_scaled=0.014556 val_mae=103.192 val_rmse=132.048 test_mae=133.460 test_rmse=167.995 tf=0.90lr=0.0005
Epoch 50/400 train_mse_scaled=0.013498 val_mae=103.181 val_rmse=132.552 test_mae=128.701 test_rmse=163.194 tf=0.90lr=0.0005
Epoch 51/400 train_mse_scaled=0.013585 val_mae=99.208 val_rmse=128.436 test_mae=129.365 test_rmse=165.663 tf=0.90lr=0.00025
Epoch 52/400 train_mse_scaled=0.013474 val_mae=100.197 val_rmse=128.215 test_mae=128.163 test_rmse=162.632 tf=0.90lr=0.00025
Epoch 53/400 train_mse_scaled=0.013396 val_mae=95.761 val_rmse=125.677 test_mae=124.521 test_rmse=160.169 tf=0.90lr=0.00025
Epoch 54/400 train_mse_scaled=0.013803 val_mae=96.478 val_rmse=126.283 test_mae=126.996 test_rmse=164.500 tf=0.89lr=0.00025
Epoch 55/400 train_mse_scaled=0.013350 val_mae=98.068 val_rmse=126.708 test_mae=129.419 test_rmse=166.001 tf=0.89lr=0.00025
Epoch 56/400 train_mse_scaled=0.013646 val_mae=96.989 val_rmse=125.422 test_mae=128.770 test_rmse=163.671 tf=0.89lr=0.00025
Epoch 57/400 train_mse_scaled=0.013871 val_mae=91.955 val_rmse=121.022 test_mae=123.144 test_rmse=160.230 tf=0.89lr=0.00025
Epoch 58/400 train_mse_scaled=0.013382 val_mae=98.238 val_rmse=126.256 test_mae=131.823 test_rmse=168.859 tf=0.89lr=0.00025
Epoch 59/400 train_mse_scaled=0.014552 val_mae=94.801 val_rmse=123.142 test_mae=127.937 test_rmse=164.992 tf=0.88lr=0.00025
Epoch 60/400 train_mse_scaled=0.013797 val_mae=96.012 val_rmse=124.134 test_mae=130.036 test_rmse=167.563 tf=0.88lr=0.00025
Epoch 61/400 train_mse_scaled=0.014089 val_mae=93.800 val_rmse=121.907 test_mae=123.463 test_rmse=160.699 tf=0.88lr=0.00025
Epoch 62/400 train_mse_scaled=0.013308 val_mae=92.711 val_rmse=121.281 test_mae=125.466 test_rmse=163.641 tf=0.88lr=0.000125
Epoch 63/400 train_mse_scaled=0.013921 val_mae=93.991 val_rmse=123.740 test_mae=126.216 test_rmse=165.317 tf=0.88lr=0.000125
Epoch 64/400 train_mse_scaled=0.013360 val_mae=94.883 val_rmse=123.118 test_mae=129.382 test_rmse=167.068 tf=0.87lr=0.000125
Epoch 65/400 train_mse_scaled=0.013423 val_mae=92.286 val_rmse=121.029 test_mae=125.896 test_rmse=164.178 tf=0.87lr=0.000125
Epoch 66/400 train_mse_scaled=0.013298 val_mae=93.654 val_rmse=122.353 test_mae=127.256 test_rmse=165.158 tf=0.87lr=6.25e-05
Epoch 67/400 train_mse_scaled=0.013731 val_mae=92.805 val_rmse=120.948 test_mae=126.822 test_rmse=165.145 tf=0.87lr=6.25e-05
Epoch 68/400 train_mse_scaled=0.013891 val_mae=92.000 val_rmse=121.190 test_mae=126.448 test_rmse=165.694 tf=0.87lr=6.25e-05
Epoch 69/400 train_mse_scaled=0.013998 val_mae=90.409 val_rmse=120.014 test_mae=124.939 test_rmse=165.316 tf=0.86lr=6.25e-05
Epoch 70/400 train_mse_scaled=0.013646 val_mae=90.793 val_rmse=119.448 test_mae=124.355 test_rmse=163.784 tf=0.86lr=6.25e-05
Epoch 71/400 train_mse_scaled=0.013728 val_mae=91.896 val_rmse=120.867 test_mae=126.404 test_rmse=165.929 tf=0.86lr=6.25e-05
Epoch 72/400 train_mse_scaled=0.013373 val_mae=90.908 val_rmse=121.152 test_mae=124.564 test_rmse=165.634 tf=0.86lr=6.25e-05
Epoch 73/400 train_mse_scaled=0.014135 val_mae=90.855 val_rmse=120.157 test_mae=125.024 test_rmse=165.542 tf=0.86lr=6.25e-05
Epoch 74/400 train_mse_scaled=0.013402 val_mae=89.999 val_rmse=118.752 test_mae=124.570 test_rmse=164.652 tf=0.85lr=6.25e-05
Epoch 75/400 train_mse_scaled=0.013599 val_mae=90.994 val_rmse=119.610 test_mae=125.196 test_rmse=164.615 tf=0.85lr=6.25e-05
Epoch 76/400 train_mse_scaled=0.013627 val_mae=88.633 val_rmse=118.099 test_mae=121.963 test_rmse=162.804 tf=0.85lr=6.25e-05
Epoch 77/400 train_mse_scaled=0.014368 val_mae=89.721 val_rmse=119.113 test_mae=124.207 test_rmse=164.165 tf=0.85lr=6.25e-05
Epoch 78/400 train_mse_scaled=0.014192 val_mae=91.941 val_rmse=119.590 test_mae=127.880 test_rmse=166.570 tf=0.85lr=6.25e-05
Epoch 79/400 train_mse_scaled=0.014086 val_mae=91.009 val_rmse=118.851 test_mae=126.473 test_rmse=165.666 tf=0.84lr=6.25e-05
Epoch 80/400 train_mse_scaled=0.014062 val_mae=88.352 val_rmse=117.564 test_mae=123.305 test_rmse=163.858 tf=0.84lr=6.25e-05
Epoch 81/400 train_mse_scaled=0.014065 val_mae=89.729 val_rmse=118.023 test_mae=125.160 test_rmse=165.086 tf=0.84lr=6.25e-05
Epoch 82/400 train_mse_scaled=0.013538 val_mae=89.494 val_rmse=118.942 test_mae=125.900 test_rmse=167.432 tf=0.84lr=6.25e-05
Epoch 83/400 train_mse_scaled=0.013958 val_mae=89.342 val_rmse=117.864 test_mae=125.839 test_rmse=166.685 tf=0.84lr=6.25e-05
Epoch 84/400 train_mse_scaled=0.013858 val_mae=87.025 val_rmse=116.138 test_mae=122.904 test_rmse=164.587 tf=0.83lr=6.25e-05
Epoch 85/400 train_mse_scaled=0.014142 val_mae=86.959 val_rmse=116.383 test_mae=122.099 test_rmse=163.048 tf=0.83lr=6.25e-05
Epoch 86/400 train_mse_scaled=0.014292 val_mae=88.200 val_rmse=116.498 test_mae=125.188 test_rmse=166.093 tf=0.83lr=6.25e-05
Epoch 87/400 train_mse_scaled=0.014484 val_mae=86.921 val_rmse=115.624 test_mae=123.323 test_rmse=164.276 tf=0.83lr=6.25e-05
Epoch 88/400 train_mse_scaled=0.014299 val_mae=86.101 val_rmse=115.360 test_mae=122.026 test_rmse=164.242 tf=0.83lr=6.25e-05
Epoch 89/400 train_mse_scaled=0.013815 val_mae=86.921 val_rmse=116.479 test_mae=122.863 test_rmse=164.882 tf=0.82lr=6.25e-05
Epoch 90/400 train_mse_scaled=0.014170 val_mae=87.788 val_rmse=116.674 test_mae=124.678 test_rmse=166.162 tf=0.82lr=6.25e-05
Epoch 91/400 train_mse_scaled=0.014362 val_mae=87.958 val_rmse=116.406 test_mae=124.574 test_rmse=165.802 tf=0.82lr=6.25e-05
Epoch 92/400 train_mse_scaled=0.014924 val_mae=84.700 val_rmse=115.148 test_mae=122.575 test_rmse=165.727 tf=0.82lr=6.25e-05
Epoch 93/400 train_mse_scaled=0.014388 val_mae=87.460 val_rmse=117.115 test_mae=125.304 test_rmse=167.722 tf=0.82lr=6.25e-05
Epoch 94/400 train_mse_scaled=0.014882 val_mae=85.763 val_rmse=114.898 test_mae=125.133 test_rmse=168.087 tf=0.81lr=6.25e-05
Epoch 95/400 train_mse_scaled=0.014528 val_mae=84.750 val_rmse=113.102 test_mae=121.953 test_rmse=164.013 tf=0.81lr=6.25e-05
Epoch 96/400 train_mse_scaled=0.014213 val_mae=86.192 val_rmse=114.966 test_mae=123.191 test_rmse=165.544 tf=0.81lr=6.25e-05
Epoch 97/400 train_mse_scaled=0.014925 val_mae=85.218 val_rmse=114.068 test_mae=124.795 test_rmse=167.669 tf=0.81lr=6.25e-05
Epoch 98/400 train_mse_scaled=0.014360 val_mae=84.664 val_rmse=114.493 test_mae=123.073 test_rmse=166.477 tf=0.81lr=6.25e-05
Epoch 99/400 train_mse_scaled=0.013875 val_mae=86.210 val_rmse=115.083 test_mae=123.182 test_rmse=165.338 tf=0.80lr=6.25e-05
Epoch 100/400 train_mse_scaled=0.014060 val_mae=85.036 val_rmse=113.741 test_mae=122.117 test_rmse=164.520 tf=0.80lr=3.125e-05
Epoch 101/400 train_mse_scaled=0.014555 val_mae=84.829 val_rmse=113.761 test_mae=122.638 test_rmse=164.909 tf=0.80lr=3.125e-05
Epoch 102/400 train_mse_scaled=0.014646 val_mae=85.227 val_rmse=114.123 test_mae=123.786 test_rmse=166.059 tf=0.80lr=3.125e-05
Epoch 103/400 train_mse_scaled=0.014881 val_mae=85.810 val_rmse=114.135 test_mae=124.312 test_rmse=166.013 tf=0.79lr=3.125e-05
Epoch 104/400 train_mse_scaled=0.014605 val_mae=84.710 val_rmse=113.785 test_mae=122.858 test_rmse=165.644 tf=0.79lr=1.5625e-05
Epoch 105/400 train_mse_scaled=0.014412 val_mae=84.254 val_rmse=113.787 test_mae=122.007 test_rmse=165.195 tf=0.79lr=1.5625e-05
Epoch 106/400 train_mse_scaled=0.015269 val_mae=83.759 val_rmse=112.893 test_mae=122.196 test_rmse=165.457 tf=0.79lr=1.5625e-05
Epoch 107/400 train_mse_scaled=0.014610 val_mae=83.920 val_rmse=112.792 test_mae=122.420 test_rmse=165.597 tf=0.79lr=1.5625e-05
Epoch 108/400 train_mse_scaled=0.015017 val_mae=83.810 val_rmse=113.326 test_mae=122.452 test_rmse=165.931 tf=0.78lr=1.5625e-05
Epoch 109/400 train_mse_scaled=0.015052 val_mae=83.318 val_rmse=112.360 test_mae=122.468 test_rmse=166.068 tf=0.78lr=1.5625e-05
Epoch 110/400 train_mse_scaled=0.014932 val_mae=83.730 val_rmse=113.125 test_mae=123.267 test_rmse=166.953 tf=0.78lr=1.5625e-05
Epoch 111/400 train_mse_scaled=0.015063 val_mae=83.460 val_rmse=112.385 test_mae=122.742 test_rmse=166.369 tf=0.78lr=1.5625e-05
Epoch 112/400 train_mse_scaled=0.014431 val_mae=83.826 val_rmse=113.356 test_mae=122.977 test_rmse=166.849 tf=0.78lr=1.5625e-05
Epoch 113/400 train_mse_scaled=0.014899 val_mae=83.816 val_rmse=112.702 test_mae=123.082 test_rmse=166.775 tf=0.77lr=1.5625e-05
Epoch 114/400 train_mse_scaled=0.015352 val_mae=83.498 val_rmse=112.491 test_mae=122.755 test_rmse=166.520 tf=0.77lr=7.8125e-06
Epoch 115/400 train_mse_scaled=0.015386 val_mae=83.466 val_rmse=112.471 test_mae=122.543 test_rmse=166.163 tf=0.77lr=7.8125e-06
Epoch 116/400 train_mse_scaled=0.015165 val_mae=83.259 val_rmse=112.468 test_mae=122.155 test_rmse=165.891 tf=0.77lr=7.8125e-06
Epoch 117/400 train_mse_scaled=0.015375 val_mae=82.884 val_rmse=111.991 test_mae=121.887 test_rmse=165.714 tf=0.77lr=7.8125e-06
Epoch 118/400 train_mse_scaled=0.014584 val_mae=83.412 val_rmse=112.297 test_mae=122.412 test_rmse=165.908 tf=0.76lr=7.8125e-06
Epoch 119/400 train_mse_scaled=0.015591 val_mae=83.184 val_rmse=112.197 test_mae=122.265 test_rmse=166.076 tf=0.76lr=7.8125e-06
Epoch 120/400 train_mse_scaled=0.014983 val_mae=83.545 val_rmse=112.587 test_mae=122.671 test_rmse=166.335 tf=0.76lr=7.8125e-06
Epoch 121/400 train_mse_scaled=0.015317 val_mae=83.193 val_rmse=112.377 test_mae=122.192 test_rmse=166.267 tf=0.76lr=7.8125e-06
Epoch 122/400 train_mse_scaled=0.014554 val_mae=83.181 val_rmse=112.454 test_mae=122.334 test_rmse=166.363 tf=0.76lr=3.90625e-06
Epoch 123/400 train_mse_scaled=0.015700 val_mae=82.986 val_rmse=111.921 test_mae=122.141 test_rmse=165.761 tf=0.75lr=3.90625e-06
Epoch 124/400 train_mse_scaled=0.015712 val_mae=82.744 val_rmse=111.772 test_mae=121.880 test_rmse=165.643 tf=0.75lr=3.90625e-06
Epoch 125/400 train_mse_scaled=0.015344 val_mae=82.603 val_rmse=111.807 test_mae=121.611 test_rmse=165.619 tf=0.75lr=3.90625e-06
Epoch 126/400 train_mse_scaled=0.015840 val_mae=82.573 val_rmse=111.612 test_mae=121.933 test_rmse=165.819 tf=0.75lr=3.90625e-06
Epoch 127/400 train_mse_scaled=0.016343 val_mae=82.467 val_rmse=111.595 test_mae=121.991 test_rmse=165.879 tf=0.75lr=3.90625e-06
Epoch 128/400 train_mse_scaled=0.015813 val_mae=83.079 val_rmse=111.914 test_mae=122.705 test_rmse=166.215 tf=0.74lr=3.90625e-06
Epoch 129/400 train_mse_scaled=0.015237 val_mae=82.588 val_rmse=111.785 test_mae=122.133 test_rmse=165.986 tf=0.74lr=3.90625e-06
Epoch 130/400 train_mse_scaled=0.015967 val_mae=82.580 val_rmse=111.477 test_mae=122.022 test_rmse=165.660 tf=0.74lr=3.90625e-06
Epoch 131/400 train_mse_scaled=0.015698 val_mae=82.444 val_rmse=111.450 test_mae=121.847 test_rmse=165.672 tf=0.74lr=3.90625e-06
Epoch 132/400 train_mse_scaled=0.015983 val_mae=82.553 val_rmse=111.411 test_mae=122.141 test_rmse=165.706 tf=0.74lr=3.90625e-06
Epoch 133/400 train_mse_scaled=0.015960 val_mae=82.653 val_rmse=111.627 test_mae=122.457 test_rmse=166.197 tf=0.73lr=3.90625e-06
Epoch 134/400 train_mse_scaled=0.016239 val_mae=82.094 val_rmse=111.201 test_mae=121.832 test_rmse=165.842 tf=0.73lr=3.90625e-06
Epoch 135/400 train_mse_scaled=0.015700 val_mae=82.490 val_rmse=111.279 test_mae=122.262 test_rmse=166.047 tf=0.73lr=3.90625e-06
Epoch 136/400 train_mse_scaled=0.015944 val_mae=82.255 val_rmse=111.239 test_mae=121.813 test_rmse=165.650 tf=0.73lr=3.90625e-06
Epoch 137/400 train_mse_scaled=0.015817 val_mae=82.398 val_rmse=111.275 test_mae=122.260 test_rmse=166.067 tf=0.73lr=3.90625e-06
Epoch 138/400 train_mse_scaled=0.016001 val_mae=81.970 val_rmse=110.943 test_mae=121.671 test_rmse=165.582 tf=0.72lr=3.90625e-06
Epoch 139/400 train_mse_scaled=0.016017 val_mae=82.215 val_rmse=111.021 test_mae=122.075 test_rmse=165.909 tf=0.72lr=3.90625e-06
Epoch 140/400 train_mse_scaled=0.016451 val_mae=82.034 val_rmse=111.041 test_mae=122.031 test_rmse=165.980 tf=0.72lr=3.90625e-06
Epoch 141/400 train_mse_scaled=0.016983 val_mae=82.183 val_rmse=110.820 test_mae=121.986 test_rmse=165.483 tf=0.72lr=3.90625e-06
Epoch 142/400 train_mse_scaled=0.016871 val_mae=81.893 val_rmse=110.918 test_mae=122.064 test_rmse=166.046 tf=0.72lr=3.90625e-06
Epoch 143/400 train_mse_scaled=0.016089 val_mae=81.728 val_rmse=111.068 test_mae=121.837 test_rmse=166.099 tf=0.71lr=3.90625e-06
Epoch 144/400 train_mse_scaled=0.016357 val_mae=81.894 val_rmse=110.851 test_mae=121.856 test_rmse=165.711 tf=0.71lr=3.90625e-06
Epoch 145/400 train_mse_scaled=0.016447 val_mae=81.629 val_rmse=110.562 test_mae=121.451 test_rmse=165.428 tf=0.71lr=3.90625e-06
Epoch 146/400 train_mse_scaled=0.016381 val_mae=81.916 val_rmse=110.859 test_mae=122.119 test_rmse=166.177 tf=0.71lr=3.90625e-06
Epoch 147/400 train_mse_scaled=0.016608 val_mae=81.951 val_rmse=110.938 test_mae=122.242 test_rmse=166.320 tf=0.71lr=3.90625e-06
Epoch 148/400 train_mse_scaled=0.016200 val_mae=81.867 val_rmse=110.862 test_mae=122.253 test_rmse=166.364 tf=0.70lr=3.90625e-06
Epoch 149/400 train_mse_scaled=0.016928 val_mae=82.241 val_rmse=111.005 test_mae=122.671 test_rmse=166.450 tf=0.70lr=3.90625e-06
Epoch 150/400 train_mse_scaled=0.016513 val_mae=81.912 val_rmse=110.863 test_mae=122.383 test_rmse=166.484 tf=0.70lr=1.95313e-06
Epoch 151/400 train_mse_scaled=0.016952 val_mae=81.723 val_rmse=110.643 test_mae=122.110 test_rmse=166.255 tf=0.70lr=1.95313e-06
Epoch 152/400 train_mse_scaled=0.017018 val_mae=81.556 val_rmse=110.510 test_mae=121.955 test_rmse=166.195 tf=0.70lr=1.95313e-06
Epoch 153/400 train_mse_scaled=0.017354 val_mae=81.418 val_rmse=110.249 test_mae=121.805 test_rmse=165.976 tf=0.69lr=1.95313e-06
Epoch 154/400 train_mse_scaled=0.017830 val_mae=81.295 val_rmse=110.152 test_mae=121.862 test_rmse=166.007 tf=0.69lr=1.95313e-06
Epoch 155/400 train_mse_scaled=0.016891 val_mae=81.230 val_rmse=110.157 test_mae=121.785 test_rmse=165.994 tf=0.69lr=1.95313e-06
Epoch 156/400 train_mse_scaled=0.017120 val_mae=81.185 val_rmse=110.183 test_mae=121.855 test_rmse=166.185 tf=0.69lr=1.95313e-06
Epoch 157/400 train_mse_scaled=0.017010 val_mae=81.258 val_rmse=110.129 test_mae=121.862 test_rmse=166.077 tf=0.69lr=1.95313e-06
Epoch 158/400 train_mse_scaled=0.017168 val_mae=81.153 val_rmse=110.003 test_mae=121.759 test_rmse=165.907 tf=0.68lr=1.95313e-06
Epoch 159/400 train_mse_scaled=0.017462 val_mae=81.089 val_rmse=109.984 test_mae=121.787 test_rmse=166.009 tf=0.68lr=1.95313e-06
Epoch 160/400 train_mse_scaled=0.016907 val_mae=81.001 val_rmse=109.946 test_mae=121.590 test_rmse=165.868 tf=0.68lr=1.95313e-06
Epoch 161/400 train_mse_scaled=0.017296 val_mae=81.063 val_rmse=109.931 test_mae=121.609 test_rmse=165.813 tf=0.68lr=1.95313e-06
Epoch 162/400 train_mse_scaled=0.017057 val_mae=81.299 val_rmse=110.042 test_mae=122.046 test_rmse=166.121 tf=0.68lr=1.95313e-06
Epoch 163/400 train_mse_scaled=0.017273 val_mae=81.072 val_rmse=109.908 test_mae=121.893 test_rmse=166.058 tf=0.67lr=1.95313e-06
Epoch 164/400 train_mse_scaled=0.017671 val_mae=80.780 val_rmse=109.733 test_mae=121.551 test_rmse=165.907 tf=0.67lr=1.95313e-06
Epoch 165/400 train_mse_scaled=0.017791 val_mae=81.013 val_rmse=109.799 test_mae=121.806 test_rmse=165.967 tf=0.67lr=1.95313e-06
Epoch 166/400 train_mse_scaled=0.017969 val_mae=80.790 val_rmse=109.617 test_mae=121.554 test_rmse=165.768 tf=0.67lr=1.95313e-06
Epoch 167/400 train_mse_scaled=0.017582 val_mae=80.832 val_rmse=109.752 test_mae=121.575 test_rmse=165.786 tf=0.67lr=1.95313e-06
Epoch 168/400 train_mse_scaled=0.017764 val_mae=80.676 val_rmse=109.717 test_mae=121.615 test_rmse=166.067 tf=0.66lr=1.95313e-06
Epoch 169/400 train_mse_scaled=0.017973 val_mae=80.648 val_rmse=109.516 test_mae=121.614 test_rmse=165.930 tf=0.66lr=1.95313e-06
Epoch 170/400 train_mse_scaled=0.017795 val_mae=80.927 val_rmse=109.783 test_mae=122.004 test_rmse=166.181 tf=0.66lr=1.95313e-06
Epoch 171/400 train_mse_scaled=0.017943 val_mae=80.539 val_rmse=109.540 test_mae=121.457 test_rmse=165.939 tf=0.66lr=1.95313e-06
Epoch 172/400 train_mse_scaled=0.017977 val_mae=80.509 val_rmse=109.411 test_mae=121.314 test_rmse=165.751 tf=0.66lr=1.95313e-06
Epoch 173/400 train_mse_scaled=0.018028 val_mae=80.643 val_rmse=109.494 test_mae=121.704 test_rmse=166.047 tf=0.65lr=1.95313e-06
Epoch 174/400 train_mse_scaled=0.017888 val_mae=80.520 val_rmse=109.439 test_mae=121.618 test_rmse=166.056 tf=0.65lr=1.95313e-06
Epoch 175/400 train_mse_scaled=0.017992 val_mae=80.522 val_rmse=109.440 test_mae=121.533 test_rmse=165.954 tf=0.65lr=1.95313e-06
Epoch 176/400 train_mse_scaled=0.018449 val_mae=80.549 val_rmse=109.387 test_mae=121.839 test_rmse=166.210 tf=0.65lr=1.95313e-06
Epoch 177/400 train_mse_scaled=0.018398 val_mae=80.663 val_rmse=109.458 test_mae=121.977 test_rmse=166.279 tf=0.65lr=1.95313e-06
Epoch 178/400 train_mse_scaled=0.017748 val_mae=80.531 val_rmse=109.359 test_mae=121.912 test_rmse=166.268 tf=0.64lr=1.95313e-06
Epoch 179/400 train_mse_scaled=0.018217 val_mae=80.623 val_rmse=109.460 test_mae=122.064 test_rmse=166.420 tf=0.64lr=1.95313e-06
Epoch 180/400 train_mse_scaled=0.018342 val_mae=80.518 val_rmse=109.286 test_mae=121.776 test_rmse=166.101 tf=0.64lr=1.95313e-06
Epoch 181/400 train_mse_scaled=0.018897 val_mae=80.403 val_rmse=109.191 test_mae=121.630 test_rmse=166.023 tf=0.64lr=1.95313e-06
Epoch 182/400 train_mse_scaled=0.018135 val_mae=80.217 val_rmse=109.117 test_mae=121.473 test_rmse=165.972 tf=0.64lr=1.95313e-06
Epoch 183/400 train_mse_scaled=0.017958 val_mae=80.110 val_rmse=109.026 test_mae=121.463 test_rmse=165.991 tf=0.63lr=1.95313e-06
Epoch 184/400 train_mse_scaled=0.018669 val_mae=80.112 val_rmse=108.981 test_mae=121.553 test_rmse=166.027 tf=0.63lr=1.95313e-06
Epoch 185/400 train_mse_scaled=0.018310 val_mae=80.257 val_rmse=109.110 test_mae=121.805 test_rmse=166.272 tf=0.63lr=1.95313e-06
Epoch 186/400 train_mse_scaled=0.018685 val_mae=80.153 val_rmse=109.042 test_mae=121.743 test_rmse=166.281 tf=0.63lr=1.95313e-06
Epoch 187/400 train_mse_scaled=0.018894 val_mae=80.138 val_rmse=108.919 test_mae=121.716 test_rmse=166.175 tf=0.63lr=1.95313e-06
Epoch 188/400 train_mse_scaled=0.018216 val_mae=80.178 val_rmse=108.931 test_mae=121.855 test_rmse=166.307 tf=0.62lr=1.95313e-06
Epoch 189/400 train_mse_scaled=0.018826 val_mae=80.060 val_rmse=108.935 test_mae=121.727 test_rmse=166.326 tf=0.62lr=1.95313e-06
Epoch 190/400 train_mse_scaled=0.018716 val_mae=80.218 val_rmse=109.008 test_mae=122.035 test_rmse=166.572 tf=0.62lr=1.95313e-06
Epoch 191/400 train_mse_scaled=0.018700 val_mae=80.138 val_rmse=108.972 test_mae=121.893 test_rmse=166.494 tf=0.62lr=1.95313e-06
Epoch 192/400 train_mse_scaled=0.018453 val_mae=79.953 val_rmse=108.963 test_mae=121.688 test_rmse=166.440 tf=0.62lr=9.76563e-07
Epoch 193/400 train_mse_scaled=0.018466 val_mae=80.101 val_rmse=108.967 test_mae=121.966 test_rmse=166.556 tf=0.61lr=9.76563e-07
Epoch 194/400 train_mse_scaled=0.018919 val_mae=80.027 val_rmse=108.886 test_mae=121.910 test_rmse=166.483 tf=0.61lr=9.76563e-07
Epoch 195/400 train_mse_scaled=0.018407 val_mae=79.972 val_rmse=108.852 test_mae=121.796 test_rmse=166.403 tf=0.61lr=9.76563e-07
Epoch 196/400 train_mse_scaled=0.019036 val_mae=79.884 val_rmse=108.773 test_mae=121.698 test_rmse=166.304 tf=0.61lr=9.76563e-07
Epoch 197/400 train_mse_scaled=0.019332 val_mae=79.958 val_rmse=108.836 test_mae=121.799 test_rmse=166.345 tf=0.61lr=9.76563e-07
Epoch 198/400 train_mse_scaled=0.019254 val_mae=79.967 val_rmse=108.799 test_mae=121.771 test_rmse=166.303 tf=0.60lr=9.76563e-07
Epoch 199/400 train_mse_scaled=0.018396 val_mae=79.985 val_rmse=108.851 test_mae=121.819 test_rmse=166.389 tf=0.60lr=9.76563e-07
Epoch 200/400 train_mse_scaled=0.019334 val_mae=79.931 val_rmse=108.798 test_mae=121.705 test_rmse=166.295 tf=0.60lr=9.76563e-07
Epoch 201/400 train_mse_scaled=0.019234 val_mae=79.936 val_rmse=108.787 test_mae=121.744 test_rmse=166.324 tf=0.60lr=4.88281e-07
Epoch 202/400 train_mse_scaled=0.019493 val_mae=79.835 val_rmse=108.716 test_mae=121.644 test_rmse=166.257 tf=0.60lr=4.88281e-07
Epoch 203/400 train_mse_scaled=0.018598 val_mae=79.813 val_rmse=108.678 test_mae=121.623 test_rmse=166.236 tf=0.59lr=4.88281e-07
Epoch 204/400 train_mse_scaled=0.019085 val_mae=79.836 val_rmse=108.704 test_mae=121.680 test_rmse=166.269 tf=0.59lr=4.88281e-07
Epoch 205/400 train_mse_scaled=0.019489 val_mae=79.874 val_rmse=108.644 test_mae=121.734 test_rmse=166.250 tf=0.59lr=4.88281e-07
Epoch 206/400 train_mse_scaled=0.018953 val_mae=79.732 val_rmse=108.595 test_mae=121.579 test_rmse=166.173 tf=0.59lr=4.88281e-07
Epoch 207/400 train_mse_scaled=0.019120 val_mae=79.770 val_rmse=108.625 test_mae=121.584 test_rmse=166.155 tf=0.59lr=4.88281e-07
Epoch 208/400 train_mse_scaled=0.019960 val_mae=79.786 val_rmse=108.582 test_mae=121.611 test_rmse=166.138 tf=0.58lr=4.88281e-07
Epoch 209/400 train_mse_scaled=0.019273 val_mae=79.701 val_rmse=108.566 test_mae=121.503 test_rmse=166.112 tf=0.58lr=4.88281e-07
Epoch 210/400 train_mse_scaled=0.019850 val_mae=79.838 val_rmse=108.596 test_mae=121.718 test_rmse=166.212 tf=0.58lr=4.88281e-07
Epoch 211/400 train_mse_scaled=0.020016 val_mae=79.762 val_rmse=108.533 test_mae=121.657 test_rmse=166.178 tf=0.58lr=4.88281e-07
Epoch 212/400 train_mse_scaled=0.019951 val_mae=79.714 val_rmse=108.501 test_mae=121.587 test_rmse=166.112 tf=0.58lr=4.88281e-07
Epoch 213/400 train_mse_scaled=0.019577 val_mae=79.724 val_rmse=108.512 test_mae=121.586 test_rmse=166.107 tf=0.57lr=4.88281e-07
Epoch 214/400 train_mse_scaled=0.019233 val_mae=79.689 val_rmse=108.473 test_mae=121.607 test_rmse=166.165 tf=0.57lr=4.88281e-07
Epoch 215/400 train_mse_scaled=0.020124 val_mae=79.678 val_rmse=108.414 test_mae=121.568 test_rmse=166.091 tf=0.57lr=4.88281e-07
Epoch 216/400 train_mse_scaled=0.019897 val_mae=79.620 val_rmse=108.383 test_mae=121.535 test_rmse=166.082 tf=0.57lr=4.88281e-07
Epoch 217/400 train_mse_scaled=0.019268 val_mae=79.559 val_rmse=108.334 test_mae=121.579 test_rmse=166.186 tf=0.57lr=4.88281e-07
Epoch 218/400 train_mse_scaled=0.020419 val_mae=79.619 val_rmse=108.346 test_mae=121.565 test_rmse=166.094 tf=0.56lr=4.88281e-07
Epoch 219/400 train_mse_scaled=0.020205 val_mae=79.579 val_rmse=108.310 test_mae=121.525 test_rmse=166.058 tf=0.56lr=4.88281e-07
Epoch 220/400 train_mse_scaled=0.020263 val_mae=79.653 val_rmse=108.351 test_mae=121.619 test_rmse=166.104 tf=0.56lr=4.88281e-07
Epoch 221/400 train_mse_scaled=0.020097 val_mae=79.634 val_rmse=108.337 test_mae=121.586 test_rmse=166.072 tf=0.56lr=4.88281e-07
Epoch 222/400 train_mse_scaled=0.020231 val_mae=79.549 val_rmse=108.297 test_mae=121.511 test_rmse=166.052 tf=0.56lr=4.88281e-07
Epoch 223/400 train_mse_scaled=0.021008 val_mae=79.574 val_rmse=108.316 test_mae=121.511 test_rmse=166.034 tf=0.55lr=4.88281e-07
Epoch 224/400 train_mse_scaled=0.020040 val_mae=79.534 val_rmse=108.277 test_mae=121.560 test_rmse=166.100 tf=0.55lr=4.88281e-07
Epoch 225/400 train_mse_scaled=0.020451 val_mae=79.534 val_rmse=108.279 test_mae=121.571 test_rmse=166.139 tf=0.55lr=4.88281e-07
Epoch 226/400 train_mse_scaled=0.020642 val_mae=79.483 val_rmse=108.257 test_mae=121.556 test_rmse=166.143 tf=0.55lr=4.88281e-07
Epoch 227/400 train_mse_scaled=0.020945 val_mae=79.517 val_rmse=108.232 test_mae=121.550 test_rmse=166.058 tf=0.55lr=4.88281e-07
Epoch 228/400 train_mse_scaled=0.019809 val_mae=79.450 val_rmse=108.238 test_mae=121.504 test_rmse=166.106 tf=0.54lr=4.88281e-07
Epoch 229/400 train_mse_scaled=0.020514 val_mae=79.502 val_rmse=108.262 test_mae=121.638 test_rmse=166.192 tf=0.54lr=4.88281e-07
Epoch 230/400 train_mse_scaled=0.020783 val_mae=79.484 val_rmse=108.227 test_mae=121.608 test_rmse=166.126 tf=0.54lr=4.88281e-07
Epoch 231/400 train_mse_scaled=0.020335 val_mae=79.442 val_rmse=108.202 test_mae=121.570 test_rmse=166.096 tf=0.54lr=4.88281e-07
Epoch 232/400 train_mse_scaled=0.021004 val_mae=79.427 val_rmse=108.177 test_mae=121.613 test_rmse=166.138 tf=0.54lr=4.88281e-07
Epoch 233/400 train_mse_scaled=0.020643 val_mae=79.427 val_rmse=108.161 test_mae=121.584 test_rmse=166.098 tf=0.53lr=4.88281e-07
Epoch 234/400 train_mse_scaled=0.021326 val_mae=79.380 val_rmse=108.080 test_mae=121.519 test_rmse=166.000 tf=0.53lr=4.88281e-07
Epoch 235/400 train_mse_scaled=0.020912 val_mae=79.346 val_rmse=108.063 test_mae=121.516 test_rmse=166.014 tf=0.53lr=4.88281e-07
Epoch 236/400 train_mse_scaled=0.021261 val_mae=79.341 val_rmse=108.023 test_mae=121.523 test_rmse=166.004 tf=0.53lr=4.88281e-07
Epoch 237/400 train_mse_scaled=0.020440 val_mae=79.239 val_rmse=107.975 test_mae=121.383 test_rmse=165.940 tf=0.53lr=4.88281e-07
Epoch 238/400 train_mse_scaled=0.021048 val_mae=79.323 val_rmse=108.006 test_mae=121.526 test_rmse=166.040 tf=0.52lr=4.88281e-07
Epoch 239/400 train_mse_scaled=0.021244 val_mae=79.267 val_rmse=107.958 test_mae=121.466 test_rmse=165.969 tf=0.52lr=4.88281e-07
Epoch 240/400 train_mse_scaled=0.021068 val_mae=79.236 val_rmse=107.962 test_mae=121.432 test_rmse=165.958 tf=0.52lr=4.88281e-07
Epoch 241/400 train_mse_scaled=0.021164 val_mae=79.197 val_rmse=107.898 test_mae=121.402 test_rmse=165.916 tf=0.52lr=4.88281e-07
Epoch 242/400 train_mse_scaled=0.020901 val_mae=79.169 val_rmse=107.878 test_mae=121.393 test_rmse=165.933 tf=0.52lr=4.88281e-07
Epoch 243/400 train_mse_scaled=0.021315 val_mae=79.160 val_rmse=107.866 test_mae=121.409 test_rmse=165.939 tf=0.51lr=4.88281e-07
Epoch 244/400 train_mse_scaled=0.020763 val_mae=79.164 val_rmse=107.862 test_mae=121.482 test_rmse=166.024 tf=0.51lr=4.88281e-07
Epoch 245/400 train_mse_scaled=0.021953 val_mae=79.224 val_rmse=107.871 test_mae=121.521 test_rmse=166.004 tf=0.51lr=4.88281e-07
Epoch 246/400 train_mse_scaled=0.021444 val_mae=79.124 val_rmse=107.803 test_mae=121.447 test_rmse=165.966 tf=0.51lr=4.88281e-07
Epoch 247/400 train_mse_scaled=0.021643 val_mae=79.104 val_rmse=107.767 test_mae=121.448 test_rmse=165.976 tf=0.51lr=4.88281e-07
Epoch 248/400 train_mse_scaled=0.021323 val_mae=79.046 val_rmse=107.744 test_mae=121.393 test_rmse=165.962 tf=0.50lr=4.88281e-07
Epoch 249/400 train_mse_scaled=0.021464 val_mae=79.025 val_rmse=107.751 test_mae=121.432 test_rmse=166.033 tf=0.50lr=4.88281e-07
Epoch 250/400 train_mse_scaled=0.021398 val_mae=79.038 val_rmse=107.762 test_mae=121.446 test_rmse=166.040 tf=0.50lr=4.88281e-07
Epoch 251/400 train_mse_scaled=0.020966 val_mae=79.022 val_rmse=107.792 test_mae=121.447 test_rmse=166.087 tf=0.50lr=4.88281e-07
Epoch 252/400 train_mse_scaled=0.021142 val_mae=79.067 val_rmse=107.802 test_mae=121.509 test_rmse=166.128 tf=0.50lr=4.88281e-07
Epoch 253/400 train_mse_scaled=0.021623 val_mae=79.097 val_rmse=107.822 test_mae=121.555 test_rmse=166.157 tf=0.49lr=2.44141e-07
Epoch 254/400 train_mse_scaled=0.021739 val_mae=79.093 val_rmse=107.810 test_mae=121.546 test_rmse=166.130 tf=0.49lr=2.44141e-07
Epoch 255/400 train_mse_scaled=0.021527 val_mae=79.136 val_rmse=107.814 test_mae=121.583 test_rmse=166.132 tf=0.49lr=2.44141e-07
Epoch 256/400 train_mse_scaled=0.021497 val_mae=79.107 val_rmse=107.792 test_mae=121.568 test_rmse=166.130 tf=0.49lr=2.44141e-07
Epoch 257/400 train_mse_scaled=0.021562 val_mae=79.091 val_rmse=107.782 test_mae=121.561 test_rmse=166.130 tf=0.49lr=1.2207e-07
Epoch 258/400 train_mse_scaled=0.021204 val_mae=79.084 val_rmse=107.783 test_mae=121.569 test_rmse=166.147 tf=0.48lr=1.2207e-07
Epoch 259/400 train_mse_scaled=0.021377 val_mae=79.062 val_rmse=107.775 test_mae=121.555 test_rmse=166.148 tf=0.48lr=1.2207e-07
Epoch 260/400 train_mse_scaled=0.021695 val_mae=79.072 val_rmse=107.778 test_mae=121.560 test_rmse=166.143 tf=0.48lr=1.2207e-07
Epoch 261/400 train_mse_scaled=0.021407 val_mae=79.068 val_rmse=107.773 test_mae=121.555 test_rmse=166.138 tf=0.48lr=6.10352e-08
Epoch 262/400 train_mse_scaled=0.021973 val_mae=79.080 val_rmse=107.773 test_mae=121.572 test_rmse=166.144 tf=0.48lr=6.10352e-08
Epoch 263/400 train_mse_scaled=0.021347 val_mae=79.073 val_rmse=107.766 test_mae=121.560 test_rmse=166.128 tf=0.47lr=6.10352e-08
Epoch 264/400 train_mse_scaled=0.021677 val_mae=79.072 val_rmse=107.764 test_mae=121.563 test_rmse=166.132 tf=0.47lr=6.10352e-08
Epoch 265/400 train_mse_scaled=0.021907 val_mae=79.075 val_rmse=107.763 test_mae=121.570 test_rmse=166.135 tf=0.47lr=3.05176e-08
Epoch 266/400 train_mse_scaled=0.022133 val_mae=79.072 val_rmse=107.760 test_mae=121.571 test_rmse=166.134 tf=0.47lr=3.05176e-08
Epoch 267/400 train_mse_scaled=0.021607 val_mae=79.067 val_rmse=107.756 test_mae=121.563 test_rmse=166.125 tf=0.47lr=3.05176e-08
Epoch 268/400 train_mse_scaled=0.022343 val_mae=79.071 val_rmse=107.754 test_mae=121.567 test_rmse=166.123 tf=0.46lr=3.05176e-08
Epoch 269/400 train_mse_scaled=0.022522 val_mae=79.072 val_rmse=107.754 test_mae=121.569 test_rmse=166.123 tf=0.46lr=1.52588e-08
Epoch 270/400 train_mse_scaled=0.021714 val_mae=79.072 val_rmse=107.752 test_mae=121.572 test_rmse=166.124 tf=0.46lr=1.52588e-08
Epoch 271/400 train_mse_scaled=0.022117 val_mae=79.073 val_rmse=107.751 test_mae=121.575 test_rmse=166.124 tf=0.46lr=1.52588e-08
Epoch 272/400 train_mse_scaled=0.022996 val_mae=79.074 val_rmse=107.750 test_mae=121.575 test_rmse=166.122 tf=0.46lr=1.52588e-08
Epoch 273/400 train_mse_scaled=0.022904 val_mae=79.079 val_rmse=107.750 test_mae=121.581 test_rmse=166.123 tf=0.45lr=1.52588e-08
Epoch 274/400 train_mse_scaled=0.022498 val_mae=79.077 val_rmse=107.747 test_mae=121.577 test_rmse=166.120 tf=0.45lr=1.52588e-08
Epoch 275/400 train_mse_scaled=0.023050 val_mae=79.081 val_rmse=107.747 test_mae=121.580 test_rmse=166.117 tf=0.45lr=1.52588e-08
Epoch 276/400 train_mse_scaled=0.023104 val_mae=79.083 val_rmse=107.746 test_mae=121.580 test_rmse=166.115 tf=0.45lr=1.52588e-08
Epoch 277/400 train_mse_scaled=0.022897 val_mae=79.088 val_rmse=107.746 test_mae=121.586 test_rmse=166.116 tf=0.45lr=1.52588e-08
Epoch 278/400 train_mse_scaled=0.022205 val_mae=79.085 val_rmse=107.744 test_mae=121.583 test_rmse=166.113 tf=0.44lr=1.52588e-08
Epoch 279/400 train_mse_scaled=0.022926 val_mae=79.086 val_rmse=107.743 test_mae=121.584 test_rmse=166.111 tf=0.44lr=1.52588e-08
Epoch 280/400 train_mse_scaled=0.022439 val_mae=79.086 val_rmse=107.741 test_mae=121.582 test_rmse=166.109 tf=0.44lr=1.52588e-08
Epoch 281/400 train_mse_scaled=0.023096 val_mae=79.092 val_rmse=107.743 test_mae=121.587 test_rmse=166.110 tf=0.44lr=1.52588e-08
Epoch 282/400 train_mse_scaled=0.022696 val_mae=79.094 val_rmse=107.742 test_mae=121.590 test_rmse=166.109 tf=0.44lr=1.52588e-08
Epoch 283/400 train_mse_scaled=0.022860 val_mae=79.097 val_rmse=107.741 test_mae=121.593 test_rmse=166.108 tf=0.43lr=1.52588e-08
Epoch 284/400 train_mse_scaled=0.022902 val_mae=79.096 val_rmse=107.740 test_mae=121.593 test_rmse=166.107 tf=0.43lr=1.52588e-08
Epoch 285/400 train_mse_scaled=0.022801 val_mae=79.097 val_rmse=107.739 test_mae=121.595 test_rmse=166.108 tf=0.43lr=1.52588e-08
Epoch 286/400 train_mse_scaled=0.022902 val_mae=79.098 val_rmse=107.738 test_mae=121.596 test_rmse=166.108 tf=0.43lr=1.52588e-08
Epoch 287/400 train_mse_scaled=0.023633 val_mae=79.103 val_rmse=107.739 test_mae=121.602 test_rmse=166.110 tf=0.43lr=1.52588e-08
Epoch 288/400 train_mse_scaled=0.023462 val_mae=79.105 val_rmse=107.738 test_mae=121.606 test_rmse=166.110 tf=0.42lr=1.52588e-08
Epoch 289/400 train_mse_scaled=0.023009 val_mae=79.109 val_rmse=107.738 test_mae=121.609 test_rmse=166.110 tf=0.42lr=1.52588e-08
Epoch 290/400 train_mse_scaled=0.023685 val_mae=79.109 val_rmse=107.735 test_mae=121.610 test_rmse=166.107 tf=0.42lr=1.52588e-08
Epoch 291/400 train_mse_scaled=0.023383 val_mae=79.115 val_rmse=107.735 test_mae=121.617 test_rmse=166.108 tf=0.42lr=1.52588e-08
Epoch 292/400 train_mse_scaled=0.023058 val_mae=79.115 val_rmse=107.733 test_mae=121.615 test_rmse=166.104 tf=0.42lr=1.52588e-08
Epoch 293/400 train_mse_scaled=0.023419 val_mae=79.120 val_rmse=107.733 test_mae=121.621 test_rmse=166.104 tf=0.41lr=1.52588e-08
Epoch 294/400 train_mse_scaled=0.024267 val_mae=79.122 val_rmse=107.732 test_mae=121.620 test_rmse=166.099 tf=0.41lr=1.52588e-08
Epoch 295/400 train_mse_scaled=0.023224 val_mae=79.120 val_rmse=107.729 test_mae=121.617 test_rmse=166.096 tf=0.41lr=1.52588e-08
Epoch 296/400 train_mse_scaled=0.024048 val_mae=79.125 val_rmse=107.729 test_mae=121.622 test_rmse=166.096 tf=0.41lr=1.52588e-08
Epoch 297/400 train_mse_scaled=0.023618 val_mae=79.125 val_rmse=107.727 test_mae=121.623 test_rmse=166.095 tf=0.41lr=1.52588e-08
Epoch 298/400 train_mse_scaled=0.024313 val_mae=79.125 val_rmse=107.725 test_mae=121.622 test_rmse=166.091 tf=0.40lr=1.52588e-08
Epoch 299/400 train_mse_scaled=0.023623 val_mae=79.126 val_rmse=107.723 test_mae=121.622 test_rmse=166.089 tf=0.40lr=1.52588e-08
Epoch 300/400 train_mse_scaled=0.023283 val_mae=79.126 val_rmse=107.720 test_mae=121.624 test_rmse=166.087 tf=0.40lr=1.52588e-08
Epoch 301/400 train_mse_scaled=0.024271 val_mae=79.125 val_rmse=107.716 test_mae=121.621 test_rmse=166.082 tf=0.40lr=1.52588e-08
Epoch 302/400 train_mse_scaled=0.023698 val_mae=79.122 val_rmse=107.711 test_mae=121.617 test_rmse=166.077 tf=0.39lr=1.52588e-08
Epoch 303/400 train_mse_scaled=0.024103 val_mae=79.125 val_rmse=107.711 test_mae=121.619 test_rmse=166.075 tf=0.39lr=1.52588e-08
Epoch 304/400 train_mse_scaled=0.023672 val_mae=79.123 val_rmse=107.708 test_mae=121.617 test_rmse=166.072 tf=0.39lr=1.52588e-08
Epoch 305/400 train_mse_scaled=0.024439 val_mae=79.126 val_rmse=107.706 test_mae=121.616 test_rmse=166.066 tf=0.39lr=1.52588e-08
Epoch 306/400 train_mse_scaled=0.024593 val_mae=79.126 val_rmse=107.703 test_mae=121.612 test_rmse=166.060 tf=0.39lr=1.52588e-08
Epoch 307/400 train_mse_scaled=0.024078 val_mae=79.127 val_rmse=107.700 test_mae=121.614 test_rmse=166.058 tf=0.38lr=1.52588e-08
Epoch 308/400 train_mse_scaled=0.025077 val_mae=79.128 val_rmse=107.696 test_mae=121.616 test_rmse=166.052 tf=0.38lr=1.52588e-08
Epoch 309/400 train_mse_scaled=0.024742 val_mae=79.132 val_rmse=107.694 test_mae=121.618 test_rmse=166.050 tf=0.38lr=1.52588e-08
Epoch 310/400 train_mse_scaled=0.023681 val_mae=79.133 val_rmse=107.693 test_mae=121.620 test_rmse=166.050 tf=0.38lr=1.52588e-08
Epoch 311/400 train_mse_scaled=0.024149 val_mae=79.138 val_rmse=107.692 test_mae=121.627 test_rmse=166.051 tf=0.38lr=1.52588e-08
Epoch 312/400 train_mse_scaled=0.023851 val_mae=79.136 val_rmse=107.689 test_mae=121.623 test_rmse=166.045 tf=0.37lr=1.52588e-08
Epoch 313/400 train_mse_scaled=0.024712 val_mae=79.136 val_rmse=107.686 test_mae=121.617 test_rmse=166.037 tf=0.37lr=1.52588e-08
Epoch 314/400 train_mse_scaled=0.024049 val_mae=79.136 val_rmse=107.684 test_mae=121.617 test_rmse=166.035 tf=0.37lr=1.52588e-08
Epoch 315/400 train_mse_scaled=0.024601 val_mae=79.139 val_rmse=107.683 test_mae=121.620 test_rmse=166.032 tf=0.37lr=1.52588e-08
Epoch 316/400 train_mse_scaled=0.024768 val_mae=79.137 val_rmse=107.679 test_mae=121.617 test_rmse=166.028 tf=0.37lr=1.52588e-08
Epoch 317/400 train_mse_scaled=0.025051 val_mae=79.143 val_rmse=107.679 test_mae=121.623 test_rmse=166.029 tf=0.36lr=1.52588e-08
Epoch 318/400 train_mse_scaled=0.024514 val_mae=79.147 val_rmse=107.679 test_mae=121.629 test_rmse=166.031 tf=0.36lr=1.52588e-08
Epoch 319/400 train_mse_scaled=0.025200 val_mae=79.149 val_rmse=107.678 test_mae=121.632 test_rmse=166.029 tf=0.36lr=1.52588e-08
Epoch 320/400 train_mse_scaled=0.024738 val_mae=79.151 val_rmse=107.676 test_mae=121.632 test_rmse=166.025 tf=0.36lr=1.52588e-08
Epoch 321/400 train_mse_scaled=0.024997 val_mae=79.152 val_rmse=107.674 test_mae=121.630 test_rmse=166.020 tf=0.36lr=1.52588e-08
Epoch 322/400 train_mse_scaled=0.025061 val_mae=79.154 val_rmse=107.671 test_mae=121.629 test_rmse=166.015 tf=0.35lr=1.52588e-08
Epoch 323/400 train_mse_scaled=0.024895 val_mae=79.155 val_rmse=107.668 test_mae=121.630 test_rmse=166.011 tf=0.35lr=1.52588e-08
Epoch 324/400 train_mse_scaled=0.024529 val_mae=79.153 val_rmse=107.665 test_mae=121.627 test_rmse=166.007 tf=0.35lr=1.52588e-08
Epoch 325/400 train_mse_scaled=0.025851 val_mae=79.152 val_rmse=107.659 test_mae=121.625 test_rmse=166.001 tf=0.35lr=1.52588e-08
Epoch 326/400 train_mse_scaled=0.025811 val_mae=79.155 val_rmse=107.657 test_mae=121.627 test_rmse=165.999 tf=0.35lr=1.52588e-08
Epoch 327/400 train_mse_scaled=0.024895 val_mae=79.155 val_rmse=107.654 test_mae=121.629 test_rmse=165.997 tf=0.34lr=1.52588e-08
Epoch 328/400 train_mse_scaled=0.025548 val_mae=79.158 val_rmse=107.652 test_mae=121.632 test_rmse=165.995 tf=0.34lr=1.52588e-08
Epoch 329/400 train_mse_scaled=0.025347 val_mae=79.161 val_rmse=107.651 test_mae=121.632 test_rmse=165.991 tf=0.34lr=1.52588e-08
Epoch 330/400 train_mse_scaled=0.024765 val_mae=79.163 val_rmse=107.649 test_mae=121.635 test_rmse=165.989 tf=0.34lr=1.52588e-08
Epoch 331/400 train_mse_scaled=0.025226 val_mae=79.161 val_rmse=107.646 test_mae=121.632 test_rmse=165.985 tf=0.34lr=1.52588e-08
Epoch 332/400 train_mse_scaled=0.024966 val_mae=79.160 val_rmse=107.643 test_mae=121.630 test_rmse=165.981 tf=0.33lr=1.52588e-08
Epoch 333/400 train_mse_scaled=0.025437 val_mae=79.160 val_rmse=107.639 test_mae=121.627 test_rmse=165.975 tf=0.33lr=1.52588e-08
Epoch 334/400 train_mse_scaled=0.025681 val_mae=79.159 val_rmse=107.635 test_mae=121.623 test_rmse=165.967 tf=0.33lr=1.52588e-08
Epoch 335/400 train_mse_scaled=0.025531 val_mae=79.161 val_rmse=107.633 test_mae=121.623 test_rmse=165.963 tf=0.33lr=1.52588e-08
Epoch 336/400 train_mse_scaled=0.025565 val_mae=79.163 val_rmse=107.630 test_mae=121.624 test_rmse=165.959 tf=0.33lr=1.52588e-08
Epoch 337/400 train_mse_scaled=0.025656 val_mae=79.164 val_rmse=107.627 test_mae=121.624 test_rmse=165.957 tf=0.32lr=1.52588e-08
Epoch 338/400 train_mse_scaled=0.025639 val_mae=79.163 val_rmse=107.623 test_mae=121.622 test_rmse=165.952 tf=0.32lr=1.52588e-08
Epoch 339/400 train_mse_scaled=0.025788 val_mae=79.161 val_rmse=107.620 test_mae=121.619 test_rmse=165.947 tf=0.32lr=1.52588e-08
Epoch 340/400 train_mse_scaled=0.026150 val_mae=79.161 val_rmse=107.617 test_mae=121.618 test_rmse=165.943 tf=0.32lr=1.52588e-08
Epoch 341/400 train_mse_scaled=0.026144 val_mae=79.161 val_rmse=107.613 test_mae=121.616 test_rmse=165.938 tf=0.32lr=1.52588e-08
Epoch 342/400 train_mse_scaled=0.026017 val_mae=79.163 val_rmse=107.611 test_mae=121.615 test_rmse=165.933 tf=0.31lr=1.52588e-08
Epoch 343/400 train_mse_scaled=0.025971 val_mae=79.159 val_rmse=107.606 test_mae=121.611 test_rmse=165.927 tf=0.31lr=1.52588e-08
Epoch 344/400 train_mse_scaled=0.026231 val_mae=79.162 val_rmse=107.603 test_mae=121.615 test_rmse=165.927 tf=0.31lr=1.52588e-08
Epoch 345/400 train_mse_scaled=0.025889 val_mae=79.159 val_rmse=107.598 test_mae=121.611 test_rmse=165.920 tf=0.31lr=1.52588e-08
Epoch 346/400 train_mse_scaled=0.025674 val_mae=79.154 val_rmse=107.593 test_mae=121.605 test_rmse=165.914 tf=0.31lr=1.52588e-08
Epoch 347/400 train_mse_scaled=0.025793 val_mae=79.153 val_rmse=107.590 test_mae=121.602 test_rmse=165.909 tf=0.30lr=1.52588e-08
Epoch 348/400 train_mse_scaled=0.026126 val_mae=79.153 val_rmse=107.586 test_mae=121.602 test_rmse=165.906 tf=0.30lr=1.52588e-08
Epoch 349/400 train_mse_scaled=0.026088 val_mae=79.149 val_rmse=107.581 test_mae=121.596 test_rmse=165.899 tf=0.30lr=1.52588e-08
Epoch 350/400 train_mse_scaled=0.026942 val_mae=79.148 val_rmse=107.577 test_mae=121.593 test_rmse=165.893 tf=0.30lr=1.52588e-08
Epoch 351/400 train_mse_scaled=0.025673 val_mae=79.149 val_rmse=107.575 test_mae=121.594 test_rmse=165.891 tf=0.30lr=1.52588e-08
Epoch 352/400 train_mse_scaled=0.026881 val_mae=79.148 val_rmse=107.570 test_mae=121.592 test_rmse=165.885 tf=0.29lr=1.52588e-08
Epoch 353/400 train_mse_scaled=0.025831 val_mae=79.147 val_rmse=107.567 test_mae=121.590 test_rmse=165.881 tf=0.29lr=1.52588e-08
Epoch 354/400 train_mse_scaled=0.026334 val_mae=79.141 val_rmse=107.560 test_mae=121.581 test_rmse=165.873 tf=0.29lr=1.52588e-08
Epoch 355/400 train_mse_scaled=0.027012 val_mae=79.148 val_rmse=107.559 test_mae=121.587 test_rmse=165.871 tf=0.29lr=1.52588e-08
Epoch 356/400 train_mse_scaled=0.026200 val_mae=79.146 val_rmse=107.555 test_mae=121.586 test_rmse=165.867 tf=0.29lr=1.52588e-08
Epoch 357/400 train_mse_scaled=0.026106 val_mae=79.145 val_rmse=107.551 test_mae=121.584 test_rmse=165.863 tf=0.28lr=1.52588e-08
Epoch 358/400 train_mse_scaled=0.026524 val_mae=79.142 val_rmse=107.546 test_mae=121.580 test_rmse=165.858 tf=0.28lr=1.52588e-08
Epoch 359/400 train_mse_scaled=0.027111 val_mae=79.140 val_rmse=107.541 test_mae=121.577 test_rmse=165.852 tf=0.28lr=1.52588e-08
Epoch 360/400 train_mse_scaled=0.025841 val_mae=79.139 val_rmse=107.538 test_mae=121.575 test_rmse=165.847 tf=0.28lr=1.52588e-08
Epoch 361/400 train_mse_scaled=0.027061 val_mae=79.139 val_rmse=107.534 test_mae=121.574 test_rmse=165.842 tf=0.28lr=1.52588e-08
Epoch 362/400 train_mse_scaled=0.027218 val_mae=79.140 val_rmse=107.531 test_mae=121.574 test_rmse=165.837 tf=0.27lr=1.52588e-08
Epoch 363/400 train_mse_scaled=0.027321 val_mae=79.147 val_rmse=107.531 test_mae=121.581 test_rmse=165.835 tf=0.27lr=1.52588e-08
Epoch 364/400 train_mse_scaled=0.026752 val_mae=79.146 val_rmse=107.528 test_mae=121.578 test_rmse=165.831 tf=0.27lr=1.52588e-08
Epoch 365/400 train_mse_scaled=0.026988 val_mae=79.146 val_rmse=107.527 test_mae=121.579 test_rmse=165.829 tf=0.27lr=1.52588e-08
Epoch 366/400 train_mse_scaled=0.027628 val_mae=79.145 val_rmse=107.523 test_mae=121.577 test_rmse=165.823 tf=0.27lr=1.52588e-08
Epoch 367/400 train_mse_scaled=0.027235 val_mae=79.150 val_rmse=107.521 test_mae=121.579 test_rmse=165.820 tf=0.26lr=1.52588e-08
Epoch 368/400 train_mse_scaled=0.027579 val_mae=79.152 val_rmse=107.518 test_mae=121.580 test_rmse=165.815 tf=0.26lr=1.52588e-08
Epoch 369/400 train_mse_scaled=0.027256 val_mae=79.154 val_rmse=107.516 test_mae=121.582 test_rmse=165.814 tf=0.26lr=1.52588e-08
Epoch 370/400 train_mse_scaled=0.027667 val_mae=79.155 val_rmse=107.513 test_mae=121.584 test_rmse=165.811 tf=0.26lr=1.52588e-08
Epoch 371/400 train_mse_scaled=0.027068 val_mae=79.158 val_rmse=107.511 test_mae=121.586 test_rmse=165.807 tf=0.26lr=1.52588e-08
Epoch 372/400 train_mse_scaled=0.027667 val_mae=79.160 val_rmse=107.508 test_mae=121.586 test_rmse=165.803 tf=0.25lr=1.52588e-08
Epoch 373/400 train_mse_scaled=0.027199 val_mae=79.155 val_rmse=107.503 test_mae=121.580 test_rmse=165.797 tf=0.25lr=1.52588e-08
Epoch 374/400 train_mse_scaled=0.027664 val_mae=79.155 val_rmse=107.498 test_mae=121.579 test_rmse=165.793 tf=0.25lr=1.52588e-08
Epoch 375/400 train_mse_scaled=0.028083 val_mae=79.155 val_rmse=107.494 test_mae=121.579 test_rmse=165.787 tf=0.25lr=1.52588e-08
Epoch 376/400 train_mse_scaled=0.027362 val_mae=79.155 val_rmse=107.491 test_mae=121.579 test_rmse=165.785 tf=0.25lr=1.52588e-08
Epoch 377/400 train_mse_scaled=0.027796 val_mae=79.158 val_rmse=107.489 test_mae=121.582 test_rmse=165.784 tf=0.24lr=1.52588e-08
Epoch 378/400 train_mse_scaled=0.028104 val_mae=79.158 val_rmse=107.486 test_mae=121.581 test_rmse=165.780 tf=0.24lr=1.52588e-08
Epoch 379/400 train_mse_scaled=0.028172 val_mae=79.157 val_rmse=107.482 test_mae=121.580 test_rmse=165.776 tf=0.24lr=1.52588e-08
Epoch 380/400 train_mse_scaled=0.028010 val_mae=79.158 val_rmse=107.479 test_mae=121.579 test_rmse=165.770 tf=0.24lr=1.52588e-08
Epoch 381/400 train_mse_scaled=0.027788 val_mae=79.158 val_rmse=107.475 test_mae=121.579 test_rmse=165.766 tf=0.24lr=1.52588e-08
Epoch 382/400 train_mse_scaled=0.028685 val_mae=79.161 val_rmse=107.472 test_mae=121.580 test_rmse=165.761 tf=0.23lr=1.52588e-08
Epoch 383/400 train_mse_scaled=0.026928 val_mae=79.159 val_rmse=107.468 test_mae=121.577 test_rmse=165.758 tf=0.23lr=1.52588e-08
Epoch 384/400 train_mse_scaled=0.027847 val_mae=79.159 val_rmse=107.465 test_mae=121.577 test_rmse=165.755 tf=0.23lr=1.52588e-08
Epoch 385/400 train_mse_scaled=0.028406 val_mae=79.160 val_rmse=107.463 test_mae=121.577 test_rmse=165.752 tf=0.23lr=1.52588e-08
Epoch 386/400 train_mse_scaled=0.027539 val_mae=79.157 val_rmse=107.459 test_mae=121.574 test_rmse=165.747 tf=0.23lr=1.52588e-08
Epoch 387/400 train_mse_scaled=0.028081 val_mae=79.156 val_rmse=107.455 test_mae=121.573 test_rmse=165.743 tf=0.22lr=1.52588e-08
Epoch 388/400 train_mse_scaled=0.028233 val_mae=79.160 val_rmse=107.453 test_mae=121.576 test_rmse=165.740 tf=0.22lr=1.52588e-08
Epoch 389/400 train_mse_scaled=0.028783 val_mae=79.162 val_rmse=107.450 test_mae=121.578 test_rmse=165.737 tf=0.22lr=1.52588e-08
Epoch 390/400 train_mse_scaled=0.028326 val_mae=79.159 val_rmse=107.443 test_mae=121.575 test_rmse=165.730 tf=0.22lr=1.52588e-08
Epoch 391/400 train_mse_scaled=0.028123 val_mae=79.157 val_rmse=107.438 test_mae=121.571 test_rmse=165.722 tf=0.22lr=1.52588e-08
Epoch 392/400 train_mse_scaled=0.028542 val_mae=79.154 val_rmse=107.432 test_mae=121.568 test_rmse=165.717 tf=0.21lr=1.52588e-08
Epoch 393/400 train_mse_scaled=0.028111 val_mae=79.154 val_rmse=107.429 test_mae=121.565 test_rmse=165.711 tf=0.21lr=1.52588e-08
Epoch 394/400 train_mse_scaled=0.028415 val_mae=79.152 val_rmse=107.426 test_mae=121.562 test_rmse=165.706 tf=0.21lr=1.52588e-08
Epoch 395/400 train_mse_scaled=0.028407 val_mae=79.150 val_rmse=107.421 test_mae=121.559 test_rmse=165.701 tf=0.21lr=1.52588e-08
Epoch 396/400 train_mse_scaled=0.028034 val_mae=79.145 val_rmse=107.416 test_mae=121.556 test_rmse=165.697 tf=0.21lr=1.52588e-08
Epoch 397/400 train_mse_scaled=0.028362 val_mae=79.142 val_rmse=107.411 test_mae=121.550 test_rmse=165.690 tf=0.20lr=1.52588e-08
Epoch 398/400 train_mse_scaled=0.029120 val_mae=79.142 val_rmse=107.407 test_mae=121.548 test_rmse=165.684 tf=0.20lr=1.52588e-08
Epoch 399/400 train_mse_scaled=0.028783 val_mae=79.139 val_rmse=107.402 test_mae=121.542 test_rmse=165.677 tf=0.20lr=1.52588e-08
Epoch 400/400 train_mse_scaled=0.028575 val_mae=79.139 val_rmse=107.398 test_mae=121.540 test_rmse=165.672 tf=0.20lr=1.52588e-08
Training complete. Best checkpoint at: v2/results/checkpoints/seq2seq/best.pth
