Cleaned data: 787920 -> 609679 rows. Saved: v2/results/cleaned.csv
Samples -> train: 47900, val: 5988, test: 6059

Train samples (show 5):
  [0] TurbID=1, start_idx=2745, hist=(2020-05-21 08:00:00~2020-05-22 07:00:00), pred=(2020-05-22 08:00:00~2020-05-23 07:00:00)
  [1] TurbID=1, start_idx=3980, hist=(2020-08-01 17:00:00~2020-08-02 16:00:00), pred=(2020-08-02 17:00:00~2020-08-03 16:00:00)
  [2] TurbID=1, start_idx=3038, hist=(2020-06-04 18:00:00~2020-06-05 17:00:00), pred=(2020-06-05 18:00:00~2020-06-06 17:00:00)
  [3] TurbID=1, start_idx=307, hist=(2020-01-17 08:00:00~2020-01-18 07:00:00), pred=(2020-01-18 08:00:00~2020-01-19 07:00:00)
  [4] TurbID=1, start_idx=4413, hist=(2020-08-29 16:00:00~2020-08-30 15:00:00), pred=(2020-08-30 16:00:00~2020-08-31 15:00:00)

Val samples (show 5):
  [0] TurbID=1, start_idx=3666, hist=(2020-07-16 02:00:00~2020-07-17 01:00:00), pred=(2020-07-17 02:00:00~2020-07-18 01:00:00)
  [1] TurbID=1, start_idx=46, hist=(2020-01-03 00:00:00~2020-01-03 23:00:00), pred=(2020-01-04 00:00:00~2020-01-04 23:00:00)
  [2] TurbID=1, start_idx=2727, hist=(2020-05-20 14:00:00~2020-05-21 13:00:00), pred=(2020-05-21 14:00:00~2020-05-22 13:00:00)
  [3] TurbID=1, start_idx=2705, hist=(2020-05-19 16:00:00~2020-05-20 15:00:00), pred=(2020-05-20 16:00:00~2020-05-21 15:00:00)
  [4] TurbID=1, start_idx=2917, hist=(2020-05-29 14:00:00~2020-05-30 13:00:00), pred=(2020-05-30 14:00:00~2020-05-31 13:00:00)

Test samples (show 5):
  [0] TurbID=1, start_idx=3769, hist=(2020-07-21 10:00:00~2020-07-22 09:00:00), pred=(2020-07-22 10:00:00~2020-07-23 09:00:00)
  [1] TurbID=1, start_idx=293, hist=(2020-01-16 18:00:00~2020-01-17 17:00:00), pred=(2020-01-17 18:00:00~2020-01-18 17:00:00)
  [2] TurbID=1, start_idx=2751, hist=(2020-05-21 14:00:00~2020-05-22 13:00:00), pred=(2020-05-22 14:00:00~2020-05-23 13:00:00)
  [3] TurbID=1, start_idx=3823, hist=(2020-07-23 16:00:00~2020-07-24 15:00:00), pred=(2020-07-24 16:00:00~2020-07-25 15:00:00)
  [4] TurbID=1, start_idx=1108, hist=(2020-02-25 17:00:00~2020-02-26 16:00:00), pred=(2020-02-26 17:00:00~2020-02-27 16:00:00)
Epoch 1/400 train_mse_scaled=0.227585 val_mae=114.589 val_rmse=165.914 tf=0.00lr=0.001
Epoch 2/400 train_mse_scaled=0.132235 val_mae=101.305 val_rmse=143.955 tf=0.00lr=0.001
Epoch 3/400 train_mse_scaled=0.108430 val_mae=91.985 val_rmse=130.507 tf=0.00lr=0.001
